<?xml version="1.0" encoding="utf-8"?>
<TestRun id="f69f5ee0-5508-43cd-8ea8-187d827737ed" name="@kens 2025-08-16 15:29:28" xmlns="http://microsoft.com/schemas/VisualStudio/TeamTest/2010">
  <Times creation="2025-08-16T15:29:28.5060740-07:00" queuing="2025-08-16T15:29:28.5060740-07:00" start="2025-08-16T15:29:27.8753590-07:00" finish="2025-08-16T15:29:28.5066250-07:00" />
  <TestSettings name="default" id="80d24432-fd74-4274-ad38-5fb2e1ca8341">
    <Deployment runDeploymentRoot="_kens_2025-08-16_15_29_28" />
  </TestSettings>
  <TestLists>
    <TestList name="Results Not in a List" id="8c84fa94-04c1-424b-9868-57a2d4851a1d" />
    <TestList name="All Loaded Results" id="19431567-8539-422a-85d7-44ee4e166bda" />
  </TestLists>
  <ResultSummary outcome="Completed">
    <Counters total="0" executed="0" passed="0" failed="0" error="0" timeout="0" aborted="0" inconclusive="0" passedButRunAborted="0" notRunnable="0" notExecuted="0" disconnected="0" warning="0" completed="0" inProgress="0" pending="0" />
    <Output>
      <StdOut>[xUnit.net 00:00:00.00] xUnit.net VSTest Adapter v2.8.2+699d445a1a (64-bit .NET 8.0.14)
[xUnit.net 00:00:00.06]   Discovering: AppInfraCdkV1.Tests
[xUnit.net 00:00:00.12]   Discovered:  AppInfraCdkV1.Tests
[xUnit.net 00:00:00.13]   Starting:    AppInfraCdkV1.Tests
[xUnit.net 00:00:00.14]   Finished:    AppInfraCdkV1.Tests
</StdOut>
    </Output>
    <RunInfos>
      <RunInfo computerName="kens" outcome="Warning" timestamp="2025-08-16T15:29:28.4526900-07:00">
        <Text>No test matches the given testcase filter `Name~ShowNamesOnly` in /Users/ken/code/AppInfraCdkV1/AppInfraCdkV1.Tests/bin/Debug/net8.0/AppInfraCdkV1.Tests.dll</Text>
      </RunInfo>
    </RunInfos>
  </ResultSummary>
</TestRun>