<?xml version="1.0" encoding="utf-8"?>
<TestRun id="0440da07-16f8-408c-be6c-9586d5cee70c" name="@kens 2025-08-16 15:26:47" xmlns="http://microsoft.com/schemas/VisualStudio/TeamTest/2010">
  <Times creation="2025-08-16T15:26:47.7692160-07:00" queuing="2025-08-16T15:26:47.7692160-07:00" start="2025-08-16T15:26:47.3078790-07:00" finish="2025-08-16T15:26:50.4613100-07:00" />
  <TestSettings name="default" id="d9da1bb9-3789-4b8d-bc56-77b736889595">
    <Deployment runDeploymentRoot="_kens_2025-08-16_15_26_47" />
  </TestSettings>
  <Results>
    <UnitTestResult executionId="080ef24f-3910-490e-84eb-a338063de8a9" testId="65b927e8-217d-5930-a45f-c6fb30fffe55" testName="AppInfraCdkV1.Tests.Unit.ResourceSizingTests.GetSizingForEnvironment_ShouldReturnDifferentInstancesForDifferentAccountTypes" computerName="kens" duration="00:00:00.0000254" startTime="2025-08-16T15:26:47.7639100-07:00" endTime="2025-08-16T15:26:47.7639100-07:00" testType="13cdc9d9-ddb5-4fa4-a97d-d965ccfc6d4b" outcome="Passed" testListId="8c84fa94-04c1-424b-9868-57a2d4851a1d" relativeResultsDirectory="080ef24f-3910-490e-84eb-a338063de8a9" />
    <UnitTestResult executionId="d445cf6e-5270-415e-adc2-b508f0ffc373" testId="3a5f02bb-e377-963f-cb10-b64d86a9050d" testName="AppInfraCdkV1.Tests.Unit.SecurityConfigTests.AllowedCidrBlocks_ShouldAllowSetAndGet" computerName="kens" duration="00:00:00.0001797" startTime="2025-08-16T15:26:47.7506910-07:00" endTime="2025-08-16T15:26:47.7506910-07:00" testType="13cdc9d9-ddb5-4fa4-a97d-d965ccfc6d4b" outcome="Passed" testListId="8c84fa94-04c1-424b-9868-57a2d4851a1d" relativeResultsDirectory="d445cf6e-5270-415e-adc2-b508f0ffc373" />
    <UnitTestResult executionId="65189d4f-eb07-4ebe-85eb-63a5dc8614b6" testId="faed1658-2622-ac88-a928-7d9babff97b9" testName="AppInfraCdkV1.Tests.Unit.TrialMatchConfigurationLoaderTests.ValidateConfiguration_WithEmptyTaskDefinitionList_ShouldThrow" computerName="kens" duration="00:00:00.0001094" startTime="2025-08-16T15:26:47.7957980-07:00" endTime="2025-08-16T15:26:47.7957980-07:00" testType="13cdc9d9-ddb5-4fa4-a97d-d965ccfc6d4b" outcome="Passed" testListId="8c84fa94-04c1-424b-9868-57a2d4851a1d" relativeResultsDirectory="65189d4f-eb07-4ebe-85eb-63a5dc8614b6" />
    <UnitTestResult executionId="29c4163e-1645-4fec-944a-dc1cfd5cf538" testId="0df7bed1-f053-e24a-8833-1fbf20e0c2fb" testName="AppInfraCdkV1.Tests.Unit.EnvironmentConfigTests.EnvironmentConfig_ShouldAcceptVariousValidValues(name: &quot;Development&quot;, accountId: &quot;123456789012&quot;, region: &quot;us-east-1&quot;, accountType: NonProduction)" computerName="kens" duration="00:00:00.0001115" startTime="2025-08-16T15:26:47.7678420-07:00" endTime="2025-08-16T15:26:47.7678420-07:00" testType="13cdc9d9-ddb5-4fa4-a97d-d965ccfc6d4b" outcome="Passed" testListId="8c84fa94-04c1-424b-9868-57a2d4851a1d" relativeResultsDirectory="29c4163e-1645-4fec-944a-dc1cfd5cf538" />
    <UnitTestResult executionId="42b45295-707a-46c0-b892-0c87901ec561" testId="8c1748b1-ff74-4025-e335-650e3fdcdfe9" testName="AppInfraCdkV1.Tests.Unit.TrialMatchConfigTests.GetConfigWithStagingEnvironmentReturnsStagingConfig(environment: &quot;Staging&quot;)" computerName="kens" duration="00:00:00.0038307" startTime="2025-08-16T15:26:47.7504260-07:00" endTime="2025-08-16T15:26:47.7504260-07:00" testType="13cdc9d9-ddb5-4fa4-a97d-d965ccfc6d4b" outcome="Passed" testListId="8c84fa94-04c1-424b-9868-57a2d4851a1d" relativeResultsDirectory="42b45295-707a-46c0-b892-0c87901ec561" />
    <UnitTestResult executionId="f3765fcf-a33f-4f89-95f8-2651ffaaf598" testId="2432ccb0-5522-032e-ab71-83d4cfef709e" testName="AppInfraCdkV1.Tests.Unit.NamingConventionTests.GenerateResourceNameWithDevelopmentEnvironmentReturnsCorrectFormat" computerName="kens" duration="00:00:00.0578724" startTime="2025-08-16T15:26:47.7504470-07:00" endTime="2025-08-16T15:26:47.7504470-07:00" testType="13cdc9d9-ddb5-4fa4-a97d-d965ccfc6d4b" outcome="Passed" testListId="8c84fa94-04c1-424b-9868-57a2d4851a1d" relativeResultsDirectory="f3765fcf-a33f-4f89-95f8-2651ffaaf598" />
    <UnitTestResult executionId="9b490b76-5804-4930-a84b-1dcf803d183e" testId="04055d55-2e17-6ea5-1646-2b7f75f6125b" testName="AppInfraCdkV1.Tests.Integration.ShowNamesOnlyIntegrationTests.ShowNamesOnly_WithInvalidEnvironment_FailsWithError" computerName="kens" duration="00:00:00.0882772" startTime="2025-08-16T15:26:49.4769530-07:00" endTime="2025-08-16T15:26:49.4769530-07:00" testType="13cdc9d9-ddb5-4fa4-a97d-d965ccfc6d4b" outcome="Failed" testListId="8c84fa94-04c1-424b-9868-57a2d4851a1d" relativeResultsDirectory="9b490b76-5804-4930-a84b-1dcf803d183e">
      <Output>
        <ErrorInfo>
          <Message>Shouldly.ShouldAssertException : result.ExitCode&#xD;
    should not be&#xD;
0&#xD;
    but was&#xD;
&#xD;
Additional Info:&#xD;
    Command should fail with invalid environment</Message>
          <StackTrace>   at AppInfraCdkV1.Tests.Integration.ShowNamesOnlyIntegrationTests.ShowNamesOnly_WithInvalidEnvironment_FailsWithError() in /Users/ken/code/AppInfraCdkV1/AppInfraCdkV1.Tests/Integration/ShowNamesOnlyIntegrationTests.cs:line 182
   at System.Runtime.ExceptionServices.ExceptionDispatchInfo.Throw()
   at System.Runtime.CompilerServices.TaskAwaiter.ThrowForNonSuccess(Task task)
   at System.Runtime.CompilerServices.TaskAwaiter.HandleNonSuccessAndDebuggerNotification(Task task, ConfigureAwaitOptions options)
--- End of stack trace from previous location ---
   at System.Runtime.ExceptionServices.ExceptionDispatchInfo.Throw()
   at System.Runtime.CompilerServices.TaskAwaiter.ThrowForNonSuccess(Task task)
   at System.Runtime.CompilerServices.TaskAwaiter.HandleNonSuccessAndDebuggerNotification(Task task, ConfigureAwaitOptions options)
   at System.Runtime.ExceptionServices.ExceptionDispatchInfo.Throw()
   at System.Runtime.CompilerServices.TaskAwaiter.ThrowForNonSuccess(Task task)
   at System.Runtime.CompilerServices.TaskAwaiter.HandleNonSuccessAndDebuggerNotification(Task task, ConfigureAwaitOptions options)</StackTrace>
        </ErrorInfo>
      </Output>
    </UnitTestResult>
    <UnitTestResult executionId="53fbb260-6a5f-4ed5-a035-a4cb20610165" testId="67a16af1-4c17-55ee-c9f6-7f2205885c69" testName="AppInfraCdkV1.Tests.Integration.ShowNamesOnlyIntegrationTests.ShowNamesOnly_WithValidEnvironmentAndApp_ExecutesSuccessfully(environment: &quot;Production&quot;, application: &quot;TrialFinderV2&quot;)" computerName="kens" duration="00:00:00.1167508" startTime="2025-08-16T15:26:48.4844130-07:00" endTime="2025-08-16T15:26:48.4844130-07:00" testType="13cdc9d9-ddb5-4fa4-a97d-d965ccfc6d4b" outcome="Passed" testListId="8c84fa94-04c1-424b-9868-57a2d4851a1d" relativeResultsDirectory="53fbb260-6a5f-4ed5-a035-a4cb20610165" />
    <UnitTestResult executionId="0babd63e-1efd-4e8a-8e5c-3b3c3161bb49" testId="729fedc1-be3c-314c-b08c-5ee361ff7230" testName="AppInfraCdkV1.Tests.Integration.NamingValidationIntegrationTests.ValidateCognitoResourceLimits_WithValidEnvironmentAndApp_ShouldRespectAwsLimits(environment: &quot;Production&quot;, application: &quot;TrialFinderV2&quot;)" computerName="kens" duration="00:00:00.0010906" startTime="2025-08-16T15:26:47.7658050-07:00" endTime="2025-08-16T15:26:47.7658050-07:00" testType="13cdc9d9-ddb5-4fa4-a97d-d965ccfc6d4b" outcome="Passed" testListId="8c84fa94-04c1-424b-9868-57a2d4851a1d" relativeResultsDirectory="0babd63e-1efd-4e8a-8e5c-3b3c3161bb49" />
    <UnitTestResult executionId="6d4d23e4-f53e-42e2-b028-5a12dec5f84c" testId="82eae5c4-102e-933d-90e5-26ad07332b03" testName="AppInfraCdkV1.Tests.Unit.TrialFinderV2ConfigTests.GetConfigWithUnknownEnvironmentThrowsArgumentException" computerName="kens" duration="00:00:00.0004245" startTime="2025-08-16T15:26:47.7538530-07:00" endTime="2025-08-16T15:26:47.7538530-07:00" testType="13cdc9d9-ddb5-4fa4-a97d-d965ccfc6d4b" outcome="Passed" testListId="8c84fa94-04c1-424b-9868-57a2d4851a1d" relativeResultsDirectory="6d4d23e4-f53e-42e2-b028-5a12dec5f84c" />
    <UnitTestResult executionId="2d3d8b9a-315f-4944-94b4-8960ffafacac" testId="cb858960-a987-c156-bdc1-757dac9aa521" testName="AppInfraCdkV1.Tests.Unit.TrialFinderV2ConfigTests.GetConfigEnvironmentOverridesConfiguresEnhancedMonitoring(environment: &quot;Production&quot;, expectedAccountType: Production, expectedMonitoring: True)" computerName="kens" duration="00:00:00.0001256" startTime="2025-08-16T15:26:47.7538960-07:00" endTime="2025-08-16T15:26:47.7538970-07:00" testType="13cdc9d9-ddb5-4fa4-a97d-d965ccfc6d4b" outcome="Passed" testListId="8c84fa94-04c1-424b-9868-57a2d4851a1d" relativeResultsDirectory="2d3d8b9a-315f-4944-94b4-8960ffafacac" />
    <UnitTestResult executionId="cc9b9ea8-6873-43fe-93fd-03972eb67e9e" testId="98081ce8-0cf9-6dd4-5e03-6c3daac7879e" testName="AppInfraCdkV1.Tests.Unit.NamingConventionTests.GenerateResourceNameWithProductionEnvironmentReturnsCorrectFormat" computerName="kens" duration="00:00:00.0001118" startTime="2025-08-16T15:26:47.7504790-07:00" endTime="2025-08-16T15:26:47.7504790-07:00" testType="13cdc9d9-ddb5-4fa4-a97d-d965ccfc6d4b" outcome="Passed" testListId="8c84fa94-04c1-424b-9868-57a2d4851a1d" relativeResultsDirectory="cc9b9ea8-6873-43fe-93fd-03972eb67e9e" />
    <UnitTestResult executionId="43e9b6e6-80d9-416c-b256-53f219d76b4a" testId="157c392d-b8a8-417c-6d66-2d4f8cf432d3" testName="AppInfraCdkV1.Tests.Unit.TrialMatchConfigTests.GetConfigWithDevelopmentEnvironmentReturnsDevelopmentConfig(environment: &quot;Integration&quot;)" computerName="kens" duration="00:00:00.0005923" startTime="2025-08-16T15:26:47.7508690-07:00" endTime="2025-08-16T15:26:47.7508700-07:00" testType="13cdc9d9-ddb5-4fa4-a97d-d965ccfc6d4b" outcome="Passed" testListId="8c84fa94-04c1-424b-9868-57a2d4851a1d" relativeResultsDirectory="43e9b6e6-80d9-416c-b256-53f219d76b4a" />
    <UnitTestResult executionId="1fabbda4-ce5c-4c6b-809e-e373f417c715" testId="206cf464-647e-ae84-7afb-8ff6fa1cd82e" testName="AppInfraCdkV1.Tests.Unit.SecurityConfigTests.Constructor_ShouldInitializeWithDefaultValues" computerName="kens" duration="00:00:00.0008378" startTime="2025-08-16T15:26:47.7502650-07:00" endTime="2025-08-16T15:26:47.7502650-07:00" testType="13cdc9d9-ddb5-4fa4-a97d-d965ccfc6d4b" outcome="Passed" testListId="8c84fa94-04c1-424b-9868-57a2d4851a1d" relativeResultsDirectory="1fabbda4-ce5c-4c6b-809e-e373f417c715" />
    <UnitTestResult executionId="12043864-380f-4526-b56d-577d3f0cc53e" testId="ddc1d960-c078-a060-10a1-0a884ac521d5" testName="AppInfraCdkV1.Tests.Unit.ResourceNamerTests.ResourceNamer_WithDifferentEnvironments_ShouldUseCorrectPrefix(environment: &quot;Production&quot;, expectedPrefix: &quot;prod&quot;)" computerName="kens" duration="00:00:00.0000889" startTime="2025-08-16T15:26:47.7484750-07:00" endTime="2025-08-16T15:26:47.7484750-07:00" testType="13cdc9d9-ddb5-4fa4-a97d-d965ccfc6d4b" outcome="Passed" testListId="8c84fa94-04c1-424b-9868-57a2d4851a1d" relativeResultsDirectory="12043864-380f-4526-b56d-577d3f0cc53e" />
    <UnitTestResult executionId="20277dea-1d4e-4c01-bd6d-b3d623e20744" testId="39f67a30-2e97-e34f-ad20-b8c25c7184c5" testName="AppInfraCdkV1.Tests.Unit.TrialMatchConfigTests.GetConfigWithIntegrationConfiguresDevelopmentClassSettings" computerName="kens" duration="00:00:00.0001102" startTime="2025-08-16T15:26:47.7524670-07:00" endTime="2025-08-16T15:26:47.7524670-07:00" testType="13cdc9d9-ddb5-4fa4-a97d-d965ccfc6d4b" outcome="Passed" testListId="8c84fa94-04c1-424b-9868-57a2d4851a1d" relativeResultsDirectory="20277dea-1d4e-4c01-bd6d-b3d623e20744" />
    <UnitTestResult executionId="d45477cc-9efa-49f1-be50-6b413104e555" testId="a7c7e835-94a6-a223-3874-f54b7b5943e0" testName="AppInfraCdkV1.Tests.Unit.SecurityConfigTests.GetSecurityConfigForAccountType_ShouldReturnNewInstanceEachTime" computerName="kens" duration="00:00:00.0001759" startTime="2025-08-16T15:26:47.7505270-07:00" endTime="2025-08-16T15:26:47.7505270-07:00" testType="13cdc9d9-ddb5-4fa4-a97d-d965ccfc6d4b" outcome="Passed" testListId="8c84fa94-04c1-424b-9868-57a2d4851a1d" relativeResultsDirectory="d45477cc-9efa-49f1-be50-6b413104e555" />
    <UnitTestResult executionId="9f26da16-baf0-4a79-aab8-0bfde5c9a198" testId="fff27c6f-cfe0-151d-3062-6c85817bff9f" testName="AppInfraCdkV1.Tests.Integration.ShowNamesOnlyIntegrationTests.ShowNamesOnly_GeneratesCorrectNamingPrefix(environment: &quot;Development&quot;, application: &quot;TrialFinderV2&quot;, expectedPrefix: &quot;dev&quot;)" computerName="kens" duration="00:00:00.1002775" startTime="2025-08-16T15:26:50.1089890-07:00" endTime="2025-08-16T15:26:50.1089890-07:00" testType="13cdc9d9-ddb5-4fa4-a97d-d965ccfc6d4b" outcome="Passed" testListId="8c84fa94-04c1-424b-9868-57a2d4851a1d" relativeResultsDirectory="9f26da16-baf0-4a79-aab8-0bfde5c9a198" />
    <UnitTestResult executionId="592bb38f-1300-4cc3-bd35-b786af129078" testId="bcea77de-3b02-dbbd-23f4-a46a7816ee69" testName="AppInfraCdkV1.Tests.Unit.TrialMatchConfigurationLoaderTests.ValidateConfiguration_WithMissingTaskDefinitionName_ShouldThrow" computerName="kens" duration="00:00:00.0001184" startTime="2025-08-16T15:26:47.7962290-07:00" endTime="2025-08-16T15:26:47.7962290-07:00" testType="13cdc9d9-ddb5-4fa4-a97d-d965ccfc6d4b" outcome="Passed" testListId="8c84fa94-04c1-424b-9868-57a2d4851a1d" relativeResultsDirectory="592bb38f-1300-4cc3-bd35-b786af129078" />
    <UnitTestResult executionId="06d615a9-1744-4c40-8cc6-b76af7ae4467" testId="af918255-b647-c312-ae13-b0545178490a" testName="AppInfraCdkV1.Tests.Unit.ResourceNamerTests.SecurityGroupForEcs_WithPurpose_ShouldGenerateCorrectName" computerName="kens" duration="00:00:00.0000960" startTime="2025-08-16T15:26:47.7469520-07:00" endTime="2025-08-16T15:26:47.7469520-07:00" testType="13cdc9d9-ddb5-4fa4-a97d-d965ccfc6d4b" outcome="Passed" testListId="8c84fa94-04c1-424b-9868-57a2d4851a1d" relativeResultsDirectory="06d615a9-1744-4c40-8cc6-b76af7ae4467" />
    <UnitTestResult executionId="e8f0864c-f86d-418e-9aa7-3d9526763db0" testId="3c9e2f51-8069-cc3f-5a2c-7d91d489efb8" testName="AppInfraCdkV1.Tests.Unit.ConfigurationModelsTests.ContainerDefinitionConfig_WithSecrets_ShouldIncludeSecrets" computerName="kens" duration="00:00:00.0001290" startTime="2025-08-16T15:26:47.7521220-07:00" endTime="2025-08-16T15:26:47.7521220-07:00" testType="13cdc9d9-ddb5-4fa4-a97d-d965ccfc6d4b" outcome="Passed" testListId="8c84fa94-04c1-424b-9868-57a2d4851a1d" relativeResultsDirectory="e8f0864c-f86d-418e-9aa7-3d9526763db0" />
    <UnitTestResult executionId="536f4376-0af4-40ee-9b81-846abeffe089" testId="c01c12ab-f245-fe40-18fc-bd11c298ebfa" testName="AppInfraCdkV1.Tests.Unit.TrialMatchConfigurationLoaderTests.ValidateConfiguration_WithDuplicateServiceNames_ShouldThrow" computerName="kens" duration="00:00:00.0001666" startTime="2025-08-16T15:26:47.7942750-07:00" endTime="2025-08-16T15:26:47.7942750-07:00" testType="13cdc9d9-ddb5-4fa4-a97d-d965ccfc6d4b" outcome="Passed" testListId="8c84fa94-04c1-424b-9868-57a2d4851a1d" relativeResultsDirectory="536f4376-0af4-40ee-9b81-846abeffe089" />
    <UnitTestResult executionId="740e25f5-6bdb-422f-9843-3add51021e3a" testId="ade8c863-5c9b-3041-d40f-4841d1235e01" testName="AppInfraCdkV1.Tests.Integration.NamingValidationIntegrationTests.GenerateIamRoleNames_WithValidEnvironmentAndApp_ShouldFollowConventions(environment: &quot;Production&quot;, application: &quot;TrialFinderV2&quot;)" computerName="kens" duration="00:00:00.0001677" startTime="2025-08-16T15:26:47.7655320-07:00" endTime="2025-08-16T15:26:47.7655320-07:00" testType="13cdc9d9-ddb5-4fa4-a97d-d965ccfc6d4b" outcome="Passed" testListId="8c84fa94-04c1-424b-9868-57a2d4851a1d" relativeResultsDirectory="740e25f5-6bdb-422f-9843-3add51021e3a" />
    <UnitTestResult executionId="9c41d677-443f-42a1-bf29-32564050cb08" testId="b4231fc7-6b5b-6da6-69c9-a8099c7f80a8" testName="AppInfraCdkV1.Tests.Integration.ShowNamesOnlyIntegrationTests.ShowNamesOnly_WithValidEnvironmentAndApp_ContainsAccountContext(environment: &quot;Production&quot;, application: &quot;TrialFinderV2&quot;)" computerName="kens" duration="00:00:00.1036300" startTime="2025-08-16T15:26:49.1011730-07:00" endTime="2025-08-16T15:26:49.1011730-07:00" testType="13cdc9d9-ddb5-4fa4-a97d-d965ccfc6d4b" outcome="Failed" testListId="8c84fa94-04c1-424b-9868-57a2d4851a1d" relativeResultsDirectory="9c41d677-443f-42a1-bf29-32564050cb08">
      <Output>
        <ErrorInfo>
          <Message>Shouldly.ShouldAssertException : result.StandardOutput&#xD;
    should contain (case insensitive comparison)&#xD;
"Environment: Production"&#xD;
    but was actually&#xD;
"\ud83d\ude80 Starting CDK deployment for TrialFinderV2 in Development
\ud83d\udd0d Validating naming conventions...
✅ Na..."</Message>
          <StackTrace>   at AppInfraCdkV1.Tests.Integration.ShowNamesOnlyIntegrationTests.ShowNamesOnly_WithValidEnvironmentAndApp_ContainsAccountContext(String environment, String application) in /Users/ken/code/AppInfraCdkV1/AppInfraCdkV1.Tests/Integration/ShowNamesOnlyIntegrationTests.cs:line 141
   at System.Runtime.ExceptionServices.ExceptionDispatchInfo.Throw()
   at System.Runtime.CompilerServices.TaskAwaiter.ThrowForNonSuccess(Task task)
   at System.Runtime.CompilerServices.TaskAwaiter.HandleNonSuccessAndDebuggerNotification(Task task, ConfigureAwaitOptions options)
--- End of stack trace from previous location ---
   at System.Runtime.ExceptionServices.ExceptionDispatchInfo.Throw()
   at System.Runtime.CompilerServices.TaskAwaiter.ThrowForNonSuccess(Task task)
   at System.Runtime.CompilerServices.TaskAwaiter.HandleNonSuccessAndDebuggerNotification(Task task, ConfigureAwaitOptions options)
   at System.Runtime.ExceptionServices.ExceptionDispatchInfo.Throw()
   at System.Runtime.CompilerServices.TaskAwaiter.ThrowForNonSuccess(Task task)
   at System.Runtime.CompilerServices.TaskAwaiter.HandleNonSuccessAndDebuggerNotification(Task task, ConfigureAwaitOptions options)</StackTrace>
        </ErrorInfo>
      </Output>
    </UnitTestResult>
    <UnitTestResult executionId="1ec4b5cb-8a2c-454c-bb36-0a553b602e44" testId="538daea4-b62e-c511-9611-cda03ff71c04" testName="AppInfraCdkV1.Tests.Unit.NamingConventionTests.GetEnvironmentPrefixWithValidEnvironmentReturnsCorrectPrefix(environment: &quot;Production&quot;, expectedPrefix: &quot;prod&quot;)" computerName="kens" duration="00:00:00.0000049" startTime="2025-08-16T15:26:47.7507090-07:00" endTime="2025-08-16T15:26:47.7507090-07:00" testType="13cdc9d9-ddb5-4fa4-a97d-d965ccfc6d4b" outcome="Passed" testListId="8c84fa94-04c1-424b-9868-57a2d4851a1d" relativeResultsDirectory="1ec4b5cb-8a2c-454c-bb36-0a553b602e44" />
    <UnitTestResult executionId="ecd4b086-9b49-4576-b9f4-f4a3eebe2796" testId="279c57c8-bf8c-6114-4546-dcdc79a30c7a" testName="AppInfraCdkV1.Tests.Unit.TrialMatchConfigurationLoaderTests.ValidateConfiguration_WithInvalidContainerName_ShouldThrow" computerName="kens" duration="00:00:00.0011581" startTime="2025-08-16T15:26:47.7934670-07:00" endTime="2025-08-16T15:26:47.7934680-07:00" testType="13cdc9d9-ddb5-4fa4-a97d-d965ccfc6d4b" outcome="Passed" testListId="8c84fa94-04c1-424b-9868-57a2d4851a1d" relativeResultsDirectory="ecd4b086-9b49-4576-b9f4-f4a3eebe2796" />
    <UnitTestResult executionId="9335b832-8c90-447d-83bc-011d91ec9b55" testId="cc7f8e41-72c7-db1a-28bc-ca4543b1768c" testName="AppInfraCdkV1.Tests.Unit.TrialMatchConfigurationLoaderTests.ValidateConfiguration_WithValidConfig_ShouldNotThrow" computerName="kens" duration="00:00:00.0001212" startTime="2025-08-16T15:26:47.7961810-07:00" endTime="2025-08-16T15:26:47.7961810-07:00" testType="13cdc9d9-ddb5-4fa4-a97d-d965ccfc6d4b" outcome="Passed" testListId="8c84fa94-04c1-424b-9868-57a2d4851a1d" relativeResultsDirectory="9335b832-8c90-447d-83bc-011d91ec9b55" />
    <UnitTestResult executionId="f271b93a-9355-460d-96cd-13e142e05e67" testId="48ee271c-d0f3-79bf-5620-2be0c1d98479" testName="AppInfraCdkV1.Tests.Integration.NamingValidationIntegrationTests.ValidateMultiEnvironmentSetup_WithValidEnvironment_ShouldDetectCorrectContext(environment: &quot;Production&quot;, application: &quot;TrialFinderV2&quot;)" computerName="kens" duration="00:00:00.0002332" startTime="2025-08-16T15:26:47.7685870-07:00" endTime="2025-08-16T15:26:47.7685870-07:00" testType="13cdc9d9-ddb5-4fa4-a97d-d965ccfc6d4b" outcome="Passed" testListId="8c84fa94-04c1-424b-9868-57a2d4851a1d" relativeResultsDirectory="f271b93a-9355-460d-96cd-13e142e05e67" />
    <UnitTestResult executionId="5a2c20a4-a0e4-4065-a898-b90be54b9162" testId="9fc8ee1a-90b3-2b06-f318-6ddb345e1a50" testName="AppInfraCdkV1.Tests.Integration.NamingValidationIntegrationTests.ValidateMultiEnvironmentSetup_WithValidEnvironment_ShouldDetectCorrectContext(environment: &quot;Development&quot;, application: &quot;TrialMatch&quot;)" computerName="kens" duration="00:00:00.0010213" startTime="2025-08-16T15:26:47.7683890-07:00" endTime="2025-08-16T15:26:47.7683890-07:00" testType="13cdc9d9-ddb5-4fa4-a97d-d965ccfc6d4b" outcome="Passed" testListId="8c84fa94-04c1-424b-9868-57a2d4851a1d" relativeResultsDirectory="5a2c20a4-a0e4-4065-a898-b90be54b9162" />
    <UnitTestResult executionId="ccf4bfb2-027b-454e-90c1-3e45e49a8007" testId="82824d7e-3c1b-fa52-a6eb-4ba428eefd04" testName="AppInfraCdkV1.Tests.Unit.ConfigurationModelsTests.EnvironmentVariable_WithValidData_ShouldCreateInstance" computerName="kens" duration="00:00:00.0000935" startTime="2025-08-16T15:26:49.1540750-07:00" endTime="2025-08-16T15:26:49.1540750-07:00" testType="13cdc9d9-ddb5-4fa4-a97d-d965ccfc6d4b" outcome="Passed" testListId="8c84fa94-04c1-424b-9868-57a2d4851a1d" relativeResultsDirectory="ccf4bfb2-027b-454e-90c1-3e45e49a8007" />
    <UnitTestResult executionId="0811ed16-f912-474b-a20c-8b82519eac44" testId="1862e1ab-3383-9182-1f1a-95d4733d9461" testName="AppInfraCdkV1.Tests.Unit.ResourceNamerTests.SecretsManager_WithPurpose_ShouldGenerateCorrectName" computerName="kens" duration="00:00:00.0000545" startTime="2025-08-16T15:26:47.7515660-07:00" endTime="2025-08-16T15:26:47.7515660-07:00" testType="13cdc9d9-ddb5-4fa4-a97d-d965ccfc6d4b" outcome="Passed" testListId="8c84fa94-04c1-424b-9868-57a2d4851a1d" relativeResultsDirectory="0811ed16-f912-474b-a20c-8b82519eac44" />
    <UnitTestResult executionId="e91a1609-d33a-42a5-b72b-4d0eee73cb44" testId="b2d12299-a39f-a3bc-8547-e2f0bfa50130" testName="AppInfraCdkV1.Tests.Unit.ResourceNamerTests.Vpc_WithDefaultPurpose_ShouldGenerateCorrectName" computerName="kens" duration="00:00:00.0000907" startTime="2025-08-16T15:26:47.7500050-07:00" endTime="2025-08-16T15:26:47.7500050-07:00" testType="13cdc9d9-ddb5-4fa4-a97d-d965ccfc6d4b" outcome="Passed" testListId="8c84fa94-04c1-424b-9868-57a2d4851a1d" relativeResultsDirectory="e91a1609-d33a-42a5-b72b-4d0eee73cb44" />
    <UnitTestResult executionId="eb87bb08-43ee-43c2-9213-699024b36e62" testId="dc74c56f-b7c8-34a1-f17f-007870d9857c" testName="AppInfraCdkV1.Tests.Unit.TrialMatchConfigurationLoaderTests.ValidateConfiguration_WithInvalidPortMapping_ShouldThrow" computerName="kens" duration="00:00:00.0003860" startTime="2025-08-16T15:26:47.7922690-07:00" endTime="2025-08-16T15:26:47.7922690-07:00" testType="13cdc9d9-ddb5-4fa4-a97d-d965ccfc6d4b" outcome="Passed" testListId="8c84fa94-04c1-424b-9868-57a2d4851a1d" relativeResultsDirectory="eb87bb08-43ee-43c2-9213-699024b36e62" />
    <UnitTestResult executionId="bff76ea2-58c3-4f80-af3f-34c6a84198e9" testId="60318b48-cc58-b1f1-7c6f-d0733743a554" testName="AppInfraCdkV1.Tests.Unit.TrialMatchConfigurationLoaderTests.ValidateConfiguration_WithInvalidProtocol_ShouldThrow" computerName="kens" duration="00:00:00.0012622" startTime="2025-08-16T15:26:47.7953460-07:00" endTime="2025-08-16T15:26:47.7953460-07:00" testType="13cdc9d9-ddb5-4fa4-a97d-d965ccfc6d4b" outcome="Passed" testListId="8c84fa94-04c1-424b-9868-57a2d4851a1d" relativeResultsDirectory="bff76ea2-58c3-4f80-af3f-34c6a84198e9" />
    <UnitTestResult executionId="be006ba9-2a2e-4bea-9eed-b32b44decc72" testId="fba13e19-771d-552a-8eeb-394726a3ddb1" testName="AppInfraCdkV1.Tests.Integration.ShowNamesOnlyIntegrationTests.ShowNamesOnly_ForTrialFinderV2_ContainsTrialFinderSpecificResources(environment: &quot;Development&quot;, application: &quot;TrialFinderV2&quot;)" computerName="kens" duration="00:00:00.0903726" startTime="2025-08-16T15:26:49.2880920-07:00" endTime="2025-08-16T15:26:49.2880930-07:00" testType="13cdc9d9-ddb5-4fa4-a97d-d965ccfc6d4b" outcome="Passed" testListId="8c84fa94-04c1-424b-9868-57a2d4851a1d" relativeResultsDirectory="be006ba9-2a2e-4bea-9eed-b32b44decc72" />
    <UnitTestResult executionId="a5f24450-a64c-4649-ab9a-0ec82ad203f5" testId="e3b9be4e-fe0d-b388-9042-c64f16a61d73" testName="AppInfraCdkV1.Tests.Unit.ConfigurationLoaderTests.GetConfig_WithProductionEnvironment_ShouldSupportCognitoDeployment" computerName="kens" duration="00:00:00.0008473" startTime="2025-08-16T15:26:47.7944770-07:00" endTime="2025-08-16T15:26:47.7944770-07:00" testType="13cdc9d9-ddb5-4fa4-a97d-d965ccfc6d4b" outcome="Passed" testListId="8c84fa94-04c1-424b-9868-57a2d4851a1d" relativeResultsDirectory="a5f24450-a64c-4649-ab9a-0ec82ad203f5" />
    <UnitTestResult executionId="7e322518-80bc-42f9-8a05-ae79dea2178d" testId="1ce7fe40-9607-a56a-c81f-2343ee4ccac8" testName="AppInfraCdkV1.Tests.Unit.TrialFinderEcrRepositoryTests.ConfigurationLoader_ShouldLoadRepositoryConfiguration" computerName="kens" duration="00:00:00.0650338" startTime="2025-08-16T15:26:47.7938240-07:00" endTime="2025-08-16T15:26:47.7938240-07:00" testType="13cdc9d9-ddb5-4fa4-a97d-d965ccfc6d4b" outcome="Passed" testListId="8c84fa94-04c1-424b-9868-57a2d4851a1d" relativeResultsDirectory="7e322518-80bc-42f9-8a05-ae79dea2178d" />
    <UnitTestResult executionId="9d013e46-8f8a-4a47-9361-2439f590fb06" testId="2a08cda5-e096-b62f-3665-b41b1f2c900c" testName="AppInfraCdkV1.Tests.Unit.DeploymentContextTests.GetCommonTagsWithNullEnvironmentTagsThrowsException" computerName="kens" duration="00:00:00.0002306" startTime="2025-08-16T15:26:47.7644970-07:00" endTime="2025-08-16T15:26:47.7644970-07:00" testType="13cdc9d9-ddb5-4fa4-a97d-d965ccfc6d4b" outcome="Passed" testListId="8c84fa94-04c1-424b-9868-57a2d4851a1d" relativeResultsDirectory="9d013e46-8f8a-4a47-9361-2439f590fb06" />
    <UnitTestResult executionId="f671f86e-6f87-4da3-8a63-48ce87ecd02a" testId="04add20c-d0df-6095-e8d4-f2dd8233b009" testName="AppInfraCdkV1.Tests.Unit.SecurityConfigTests.GetSecurityConfigForAccountType_ProductionVsDevelopment_ShouldHaveDifferentSettings" computerName="kens" duration="00:00:00.0006290" startTime="2025-08-16T15:26:47.7504970-07:00" endTime="2025-08-16T15:26:47.7504970-07:00" testType="13cdc9d9-ddb5-4fa4-a97d-d965ccfc6d4b" outcome="Passed" testListId="8c84fa94-04c1-424b-9868-57a2d4851a1d" relativeResultsDirectory="f671f86e-6f87-4da3-8a63-48ce87ecd02a" />
    <UnitTestResult executionId="9b84ca1d-a71a-4ac7-9760-699d63aab3e4" testId="94750618-4780-2779-0c78-39f8bf09cc05" testName="AppInfraCdkV1.Tests.Unit.ResourceNamerTests.EcsTaskDefinition_WithPurpose_ShouldGenerateCorrectName" computerName="kens" duration="00:00:00.0000480" startTime="2025-08-16T15:26:47.7497050-07:00" endTime="2025-08-16T15:26:47.7497050-07:00" testType="13cdc9d9-ddb5-4fa4-a97d-d965ccfc6d4b" outcome="Passed" testListId="8c84fa94-04c1-424b-9868-57a2d4851a1d" relativeResultsDirectory="9b84ca1d-a71a-4ac7-9760-699d63aab3e4" />
    <UnitTestResult executionId="940614a7-2683-45df-85f0-3515aa3a6ce2" testId="c523c322-bd3b-3c6a-8a51-2e60524390d4" testName="AppInfraCdkV1.Tests.Unit.TrialMatchConfigurationLoaderTests.ValidateConfiguration_WithMissingServiceName_ShouldThrow" computerName="kens" duration="00:00:00.0001276" startTime="2025-08-16T15:26:47.7956760-07:00" endTime="2025-08-16T15:26:47.7956760-07:00" testType="13cdc9d9-ddb5-4fa4-a97d-d965ccfc6d4b" outcome="Passed" testListId="8c84fa94-04c1-424b-9868-57a2d4851a1d" relativeResultsDirectory="940614a7-2683-45df-85f0-3515aa3a6ce2" />
    <UnitTestResult executionId="cb6960ad-904a-4ceb-9eba-07ec4f5f28ea" testId="a08d4a5e-25b8-725c-18ab-5ba364015c78" testName="AppInfraCdkV1.Tests.Unit.ResourceNamerTests.ElastiCache_WithPurpose_ShouldGenerateCorrectName(purpose: Session, expectedString: &quot;session&quot;)" computerName="kens" duration="00:00:00.0001084" startTime="2025-08-16T15:26:47.7499710-07:00" endTime="2025-08-16T15:26:47.7499710-07:00" testType="13cdc9d9-ddb5-4fa4-a97d-d965ccfc6d4b" outcome="Passed" testListId="8c84fa94-04c1-424b-9868-57a2d4851a1d" relativeResultsDirectory="cb6960ad-904a-4ceb-9eba-07ec4f5f28ea" />
    <UnitTestResult executionId="59f761c0-3c96-4e9c-9ea7-a60f3c5c4773" testId="9c073da1-f895-ee31-7b35-b3c4dc86283e" testName="AppInfraCdkV1.Tests.Integration.ShowNamesOnlyIntegrationTests.ShowNamesOnly_WithValidEnvironmentAndApp_PassesValidation(environment: &quot;Development&quot;, application: &quot;TrialMatch&quot;)" computerName="kens" duration="00:00:00.1738042" startTime="2025-08-16T15:26:47.9001460-07:00" endTime="2025-08-16T15:26:47.9001460-07:00" testType="13cdc9d9-ddb5-4fa4-a97d-d965ccfc6d4b" outcome="Failed" testListId="8c84fa94-04c1-424b-9868-57a2d4851a1d" relativeResultsDirectory="59f761c0-3c96-4e9c-9ea7-a60f3c5c4773">
      <Output>
        <ErrorInfo>
          <Message>Shouldly.ShouldAssertException : result.StandardOutput&#xD;
    should contain (case insensitive comparison)&#xD;
"Account-level uniqueness validated"&#xD;
    but was actually&#xD;
"\ud83d\ude80 Starting CDK deployment for TrialFinderV2 in Development
\ud83d\udd0d Validating naming conventions...
✅ Na..."</Message>
          <StackTrace>   at AppInfraCdkV1.Tests.Integration.ShowNamesOnlyIntegrationTests.ShowNamesOnly_WithValidEnvironmentAndApp_PassesValidation(String environment, String application) in /Users/ken/code/AppInfraCdkV1/AppInfraCdkV1.Tests/Integration/ShowNamesOnlyIntegrationTests.cs:line 169
   at System.Runtime.ExceptionServices.ExceptionDispatchInfo.Throw()
   at System.Runtime.CompilerServices.TaskAwaiter.ThrowForNonSuccess(Task task)
   at System.Runtime.CompilerServices.TaskAwaiter.HandleNonSuccessAndDebuggerNotification(Task task, ConfigureAwaitOptions options)
--- End of stack trace from previous location ---
   at System.Runtime.ExceptionServices.ExceptionDispatchInfo.Throw()
   at System.Runtime.CompilerServices.TaskAwaiter.ThrowForNonSuccess(Task task)
   at System.Runtime.CompilerServices.TaskAwaiter.HandleNonSuccessAndDebuggerNotification(Task task, ConfigureAwaitOptions options)
   at System.Runtime.ExceptionServices.ExceptionDispatchInfo.Throw()
   at System.Runtime.CompilerServices.TaskAwaiter.ThrowForNonSuccess(Task task)
   at System.Runtime.CompilerServices.TaskAwaiter.HandleNonSuccessAndDebuggerNotification(Task task, ConfigureAwaitOptions options)</StackTrace>
        </ErrorInfo>
      </Output>
    </UnitTestResult>
    <UnitTestResult executionId="33e025c1-8aa3-4461-8cda-dd7050658423" testId="87095920-2130-f1f2-efd9-ac22f2305353" testName="AppInfraCdkV1.Tests.Integration.NamingValidationIntegrationTests.ValidateCognitoUrlGeneration_WithValidEnvironmentAndApp_ShouldGenerateCorrectUrls(environment: &quot;Development&quot;, application: &quot;TrialFinderV2&quot;)" computerName="kens" duration="00:00:00.0009550" startTime="2025-08-16T15:26:47.7670310-07:00" endTime="2025-08-16T15:26:47.7670310-07:00" testType="13cdc9d9-ddb5-4fa4-a97d-d965ccfc6d4b" outcome="Passed" testListId="8c84fa94-04c1-424b-9868-57a2d4851a1d" relativeResultsDirectory="33e025c1-8aa3-4461-8cda-dd7050658423" />
    <UnitTestResult executionId="72c9f44c-4dee-4e97-9a71-0af9a6fa2892" testId="a4c203ff-0bd2-270d-e5b7-d3b8c0c8583a" testName="AppInfraCdkV1.Tests.Unit.ConfigurationLoaderTests.ValidateConfiguration_WithValidConfig_ShouldNotThrow" computerName="kens" duration="00:00:00.0004151" startTime="2025-08-16T15:26:47.7949810-07:00" endTime="2025-08-16T15:26:47.7949820-07:00" testType="13cdc9d9-ddb5-4fa4-a97d-d965ccfc6d4b" outcome="Passed" testListId="8c84fa94-04c1-424b-9868-57a2d4851a1d" relativeResultsDirectory="72c9f44c-4dee-4e97-9a71-0af9a6fa2892" />
    <UnitTestResult executionId="0512e7a7-fba1-4a59-9f7f-2782b8e5970b" testId="1880baaf-3855-c23d-a241-252b918c799a" testName="AppInfraCdkV1.Tests.Integration.ShowNamesOnlyIntegrationTests.ShowNamesOnly_CompletesWithinReasonableTime" computerName="kens" duration="00:00:00.1505409" startTime="2025-08-16T15:26:48.3672370-07:00" endTime="2025-08-16T15:26:48.3672380-07:00" testType="13cdc9d9-ddb5-4fa4-a97d-d965ccfc6d4b" outcome="Passed" testListId="8c84fa94-04c1-424b-9868-57a2d4851a1d" relativeResultsDirectory="0512e7a7-fba1-4a59-9f7f-2782b8e5970b" />
    <UnitTestResult executionId="10ab5f18-a089-40ce-ab39-cf4499e051e4" testId="1f9f3049-7a16-b892-3004-47fb577a36b3" testName="AppInfraCdkV1.Tests.Unit.DeploymentContextTests.DeploymentIdPropertySetterAssignsValue" computerName="kens" duration="00:00:00.0000260" startTime="2025-08-16T15:26:47.7645950-07:00" endTime="2025-08-16T15:26:47.7645950-07:00" testType="13cdc9d9-ddb5-4fa4-a97d-d965ccfc6d4b" outcome="Passed" testListId="8c84fa94-04c1-424b-9868-57a2d4851a1d" relativeResultsDirectory="10ab5f18-a089-40ce-ab39-cf4499e051e4" />
    <UnitTestResult executionId="5fa391f8-0dae-428e-af21-70602f0301f5" testId="91821697-5231-6763-a77d-f1779a0c6fee" testName="AppInfraCdkV1.Tests.Unit.DeploymentContextTests.ApplicationPropertySetterAssignsValue" computerName="kens" duration="00:00:00.0000616" startTime="2025-08-16T15:26:47.7551930-07:00" endTime="2025-08-16T15:26:47.7551930-07:00" testType="13cdc9d9-ddb5-4fa4-a97d-d965ccfc6d4b" outcome="Passed" testListId="8c84fa94-04c1-424b-9868-57a2d4851a1d" relativeResultsDirectory="5fa391f8-0dae-428e-af21-70602f0301f5" />
    <UnitTestResult executionId="8d34d2de-c0fd-404f-a98a-57a60f1a9c1e" testId="6d62222d-7c8e-46f3-fe88-a19d2f4c2e88" testName="AppInfraCdkV1.Tests.Unit.ConfigurationModelsTests.PortMapping_WithValidData_ShouldCreateInstance" computerName="kens" duration="00:00:00.0002528" startTime="2025-08-16T15:26:49.1576940-07:00" endTime="2025-08-16T15:26:49.1576940-07:00" testType="13cdc9d9-ddb5-4fa4-a97d-d965ccfc6d4b" outcome="Passed" testListId="8c84fa94-04c1-424b-9868-57a2d4851a1d" relativeResultsDirectory="8d34d2de-c0fd-404f-a98a-57a60f1a9c1e" />
    <UnitTestResult executionId="2a773260-2745-48ae-be91-525f0d008664" testId="cb16c258-e211-2373-097f-665a4b21e361" testName="AppInfraCdkV1.Tests.Unit.ConfigurationLoaderTests.ValidateConfiguration_WithNullSecrets_ShouldNotThrow" computerName="kens" duration="00:00:00.0006383" startTime="2025-08-16T15:26:47.7611780-07:00" endTime="2025-08-16T15:26:47.7611780-07:00" testType="13cdc9d9-ddb5-4fa4-a97d-d965ccfc6d4b" outcome="Passed" testListId="8c84fa94-04c1-424b-9868-57a2d4851a1d" relativeResultsDirectory="2a773260-2745-48ae-be91-525f0d008664" />
    <UnitTestResult executionId="bb972ad4-7d27-4692-8329-eef8983ce893" testId="1b3068bf-5b90-318f-bba7-617033879179" testName="AppInfraCdkV1.Tests.Unit.ResourceNamerTests.Lambda_WithPurpose_ShouldGenerateCorrectName" computerName="kens" duration="00:00:00.0502745" startTime="2025-08-16T15:26:47.7445880-07:00" endTime="2025-08-16T15:26:47.7445880-07:00" testType="13cdc9d9-ddb5-4fa4-a97d-d965ccfc6d4b" outcome="Passed" testListId="8c84fa94-04c1-424b-9868-57a2d4851a1d" relativeResultsDirectory="bb972ad4-7d27-4692-8329-eef8983ce893" />
    <UnitTestResult executionId="fcf024a4-e647-4172-bc79-a76c1fe0262f" testId="c096dda4-5a94-c8d5-2c7f-7d372fadf9cb" testName="AppInfraCdkV1.Tests.Integration.NamingValidationIntegrationTests.ValidateCognitoUrlGeneration_WithValidEnvironmentAndApp_ShouldGenerateCorrectUrls(environment: &quot;Production&quot;, application: &quot;TrialFinderV2&quot;)" computerName="kens" duration="00:00:00.0009177" startTime="2025-08-16T15:26:47.7670630-07:00" endTime="2025-08-16T15:26:47.7670630-07:00" testType="13cdc9d9-ddb5-4fa4-a97d-d965ccfc6d4b" outcome="Passed" testListId="8c84fa94-04c1-424b-9868-57a2d4851a1d" relativeResultsDirectory="fcf024a4-e647-4172-bc79-a76c1fe0262f" />
    <UnitTestResult executionId="4c6332d3-e9da-47d3-9924-1915ce70b902" testId="d00c998d-2318-8621-6d29-c84fe308ef69" testName="AppInfraCdkV1.Tests.Unit.SecurityConfigTests.EnableWaf_ShouldAllowSetAndGet(enableWaf: True)" computerName="kens" duration="00:00:00.0001246" startTime="2025-08-16T15:26:47.7500680-07:00" endTime="2025-08-16T15:26:47.7500680-07:00" testType="13cdc9d9-ddb5-4fa4-a97d-d965ccfc6d4b" outcome="Passed" testListId="8c84fa94-04c1-424b-9868-57a2d4851a1d" relativeResultsDirectory="4c6332d3-e9da-47d3-9924-1915ce70b902" />
    <UnitTestResult executionId="c99a0569-439d-446b-8949-e7750012e666" testId="05c11a85-2c43-bd2a-d029-8f6f6c672e70" testName="AppInfraCdkV1.Tests.Unit.NamingConventionTests.GetEnvironmentPrefixWithValidEnumReturnsCorrectPrefix(environment: Development, expectedPrefix: &quot;dev&quot;)" computerName="kens" duration="00:00:00.0000885" startTime="2025-08-16T15:26:47.7616320-07:00" endTime="2025-08-16T15:26:47.7616320-07:00" testType="13cdc9d9-ddb5-4fa4-a97d-d965ccfc6d4b" outcome="Passed" testListId="8c84fa94-04c1-424b-9868-57a2d4851a1d" relativeResultsDirectory="c99a0569-439d-446b-8949-e7750012e666" />
    <UnitTestResult executionId="e506ff1d-c282-4a7f-990a-fc4521ca08b4" testId="3892c15b-a23b-04bd-ac5c-2743b5ee6604" testName="AppInfraCdkV1.Tests.Unit.TrialMatchConfigTests.GetConfigWithUnknownEnvironmentThrowsArgumentException" computerName="kens" duration="00:00:00.0001876" startTime="2025-08-16T15:26:47.7514820-07:00" endTime="2025-08-16T15:26:47.7514820-07:00" testType="13cdc9d9-ddb5-4fa4-a97d-d965ccfc6d4b" outcome="Passed" testListId="8c84fa94-04c1-424b-9868-57a2d4851a1d" relativeResultsDirectory="e506ff1d-c282-4a7f-990a-fc4521ca08b4" />
    <UnitTestResult executionId="a113d3f2-a991-4c79-9cd4-bb151f463cad" testId="ecca130a-155a-60f8-2ca3-188d6d632f3a" testName="AppInfraCdkV1.Tests.Unit.NamingConventionTests.GenerateVpcNameWithCustomPurposeReturnsCorrectFormat" computerName="kens" duration="00:00:00.0000246" startTime="2025-08-16T15:26:47.7623920-07:00" endTime="2025-08-16T15:26:47.7623920-07:00" testType="13cdc9d9-ddb5-4fa4-a97d-d965ccfc6d4b" outcome="Passed" testListId="8c84fa94-04c1-424b-9868-57a2d4851a1d" relativeResultsDirectory="a113d3f2-a991-4c79-9cd4-bb151f463cad" />
    <UnitTestResult executionId="833426d6-7f0d-49ee-94cf-2fda24922af0" testId="1bf363a5-6313-81c8-8b99-39abe181caeb" testName="AppInfraCdkV1.Tests.Unit.ResourceNamerTests.Custom_WithResourceTypeAndPurpose_ShouldGenerateCorrectName" computerName="kens" duration="00:00:00.0001382" startTime="2025-08-16T15:26:47.7500420-07:00" endTime="2025-08-16T15:26:47.7500420-07:00" testType="13cdc9d9-ddb5-4fa4-a97d-d965ccfc6d4b" outcome="Passed" testListId="8c84fa94-04c1-424b-9868-57a2d4851a1d" relativeResultsDirectory="833426d6-7f0d-49ee-94cf-2fda24922af0" />
    <UnitTestResult executionId="7eba49d4-d8da-4bfb-ab74-3029d558172f" testId="a82f74f5-4cd4-e6e9-0719-f0e0561b708b" testName="AppInfraCdkV1.Tests.Unit.ResourceNamerTests.ResourceNamer_WithDifferentEnvironments_ShouldUseCorrectPrefix(environment: &quot;Staging&quot;, expectedPrefix: &quot;stg&quot;)" computerName="kens" duration="00:00:00.0000038" startTime="2025-08-16T15:26:47.7485070-07:00" endTime="2025-08-16T15:26:47.7485070-07:00" testType="13cdc9d9-ddb5-4fa4-a97d-d965ccfc6d4b" outcome="Passed" testListId="8c84fa94-04c1-424b-9868-57a2d4851a1d" relativeResultsDirectory="7eba49d4-d8da-4bfb-ab74-3029d558172f" />
    <UnitTestResult executionId="31e0094a-e612-48b3-bbb3-d1e37096661c" testId="454340d9-e3c3-e56d-473d-e059b1d3a9ef" testName="AppInfraCdkV1.Tests.Integration.ShowNamesOnlyIntegrationTests.ShowNamesOnly_WithValidEnvironmentAndApp_ContainsAccountContext(environment: &quot;Development&quot;, application: &quot;TrialFinderV2&quot;)" computerName="kens" duration="00:00:00.0973002" startTime="2025-08-16T15:26:49.1973740-07:00" endTime="2025-08-16T15:26:49.1973740-07:00" testType="13cdc9d9-ddb5-4fa4-a97d-d965ccfc6d4b" outcome="Passed" testListId="8c84fa94-04c1-424b-9868-57a2d4851a1d" relativeResultsDirectory="31e0094a-e612-48b3-bbb3-d1e37096661c" />
    <UnitTestResult executionId="d26fc094-3421-47f5-af79-01e336dc5cf7" testId="e45aec2b-3c4d-a9d7-00ac-fa1e3db4a33c" testName="AppInfraCdkV1.Tests.Unit.ConfigurationLoaderTests.ValidateConfiguration_WithEmptyTaskDefinitionList_ShouldThrow" computerName="kens" duration="00:00:00.0014923" startTime="2025-08-16T15:26:47.7553050-07:00" endTime="2025-08-16T15:26:47.7553050-07:00" testType="13cdc9d9-ddb5-4fa4-a97d-d965ccfc6d4b" outcome="Passed" testListId="8c84fa94-04c1-424b-9868-57a2d4851a1d" relativeResultsDirectory="d26fc094-3421-47f5-af79-01e336dc5cf7" />
    <UnitTestResult executionId="4ae4f765-e343-4238-90c9-558b5cdff4b6" testId="df2c6e81-727c-bfbd-9d6f-bad82a8ef8ee" testName="AppInfraCdkV1.Tests.Unit.DeploymentContextTests.DeployedAtPropertySetterAssignsValue" computerName="kens" duration="00:00:00.0016775" startTime="2025-08-16T15:26:47.7533370-07:00" endTime="2025-08-16T15:26:47.7533370-07:00" testType="13cdc9d9-ddb5-4fa4-a97d-d965ccfc6d4b" outcome="Passed" testListId="8c84fa94-04c1-424b-9868-57a2d4851a1d" relativeResultsDirectory="4ae4f765-e343-4238-90c9-558b5cdff4b6" />
    <UnitTestResult executionId="56fbd242-66ae-4cf1-b458-1cc7d7141ba8" testId="dd8ae47e-6c50-3331-bf7d-d37fc9b93a41" testName="AppInfraCdkV1.Tests.Unit.ConfigurationModelsTests.TaskDefinitionConfig_WithValidData_ShouldCreateInstance" computerName="kens" duration="00:00:00.0001741" startTime="2025-08-16T15:26:47.7529470-07:00" endTime="2025-08-16T15:26:47.7529470-07:00" testType="13cdc9d9-ddb5-4fa4-a97d-d965ccfc6d4b" outcome="Passed" testListId="8c84fa94-04c1-424b-9868-57a2d4851a1d" relativeResultsDirectory="56fbd242-66ae-4cf1-b458-1cc7d7141ba8" />
    <UnitTestResult executionId="279129c9-1241-4edb-a25b-f34736d4ba3e" testId="ad059f7f-207f-6a7c-7be3-bd7197b7f871" testName="AppInfraCdkV1.Tests.Unit.TrialMatchConfigurationLoaderTests.SubstituteVariables_WithValidVariables_ShouldReplaceCorrectly" computerName="kens" duration="00:00:00.0771226" startTime="2025-08-16T15:26:47.7918600-07:00" endTime="2025-08-16T15:26:47.7918600-07:00" testType="13cdc9d9-ddb5-4fa4-a97d-d965ccfc6d4b" outcome="Passed" testListId="8c84fa94-04c1-424b-9868-57a2d4851a1d" relativeResultsDirectory="279129c9-1241-4edb-a25b-f34736d4ba3e" />
    <UnitTestResult executionId="0757f162-edc8-4a22-904c-5b6b71d71c54" testId="e9d2b691-8bce-87bb-07b5-e0165eadd757" testName="AppInfraCdkV1.Tests.Unit.TrialFinderV2ConfigTests.GetConfigEnvironmentOverridesConfiguresEnhancedMonitoring(environment: &quot;Staging&quot;, expectedAccountType: Production, expectedMonitoring: True)" computerName="kens" duration="00:00:00.0003070" startTime="2025-08-16T15:26:47.7539360-07:00" endTime="2025-08-16T15:26:47.7539360-07:00" testType="13cdc9d9-ddb5-4fa4-a97d-d965ccfc6d4b" outcome="Passed" testListId="8c84fa94-04c1-424b-9868-57a2d4851a1d" relativeResultsDirectory="0757f162-edc8-4a22-904c-5b6b71d71c54" />
    <UnitTestResult executionId="bc74638e-f368-4fdd-84da-c1a84896c02d" testId="65b6a4b0-992f-83b6-c4d7-f86505cb5564" testName="AppInfraCdkV1.Tests.Integration.NamingValidationIntegrationTests.ValidateCognitoResourcePurpose_WithValidEnvironmentAndApp_ShouldHaveCorrectPurpose(environment: &quot;Development&quot;, application: &quot;TrialFinderV2&quot;)" computerName="kens" duration="00:00:00.0002887" startTime="2025-08-16T15:26:47.7709800-07:00" endTime="2025-08-16T15:26:47.7709800-07:00" testType="13cdc9d9-ddb5-4fa4-a97d-d965ccfc6d4b" outcome="Passed" testListId="8c84fa94-04c1-424b-9868-57a2d4851a1d" relativeResultsDirectory="bc74638e-f368-4fdd-84da-c1a84896c02d" />
    <UnitTestResult executionId="73025290-a046-41ff-8791-58bb702c7d30" testId="65c35f0e-940e-e858-fdae-4853db06d2c0" testName="AppInfraCdkV1.Tests.Unit.TrialFinderV2ConfigTests.GetConfigWithProductionEnvironmentReturnsProductionConfig(environment: &quot;Production&quot;)" computerName="kens" duration="00:00:00.0011734" startTime="2025-08-16T15:26:47.7532490-07:00" endTime="2025-08-16T15:26:47.7532490-07:00" testType="13cdc9d9-ddb5-4fa4-a97d-d965ccfc6d4b" outcome="Passed" testListId="8c84fa94-04c1-424b-9868-57a2d4851a1d" relativeResultsDirectory="73025290-a046-41ff-8791-58bb702c7d30" />
    <UnitTestResult executionId="a6d1ab7c-d71d-4c28-8dc3-e35e6044d95f" testId="9bccf0b6-f522-b0d2-2c35-ece3fab4c8f8" testName="AppInfraCdkV1.Tests.Unit.NamingConventionTests.GetApplicationCodeWithValidEnumReturnsCorrectCode(application: TrialFinderV2, expectedCode: &quot;tfv2&quot;)" computerName="kens" duration="00:00:00.0000211" startTime="2025-08-16T15:26:47.7621460-07:00" endTime="2025-08-16T15:26:47.7621460-07:00" testType="13cdc9d9-ddb5-4fa4-a97d-d965ccfc6d4b" outcome="Passed" testListId="8c84fa94-04c1-424b-9868-57a2d4851a1d" relativeResultsDirectory="a6d1ab7c-d71d-4c28-8dc3-e35e6044d95f" />
    <UnitTestResult executionId="eb40e6f2-d283-4b0f-995f-946f479e3a57" testId="a2d51cb0-9761-e155-fe15-2956febf9979" testName="AppInfraCdkV1.Tests.Unit.NamingConventionTests.GetApplicationCodeWithValidApplicationReturnsCorrectCode(application: &quot;Cdk&quot;, expectedCode: &quot;cdk&quot;)" computerName="kens" duration="00:00:00.0000188" startTime="2025-08-16T15:26:47.7622530-07:00" endTime="2025-08-16T15:26:47.7622530-07:00" testType="13cdc9d9-ddb5-4fa4-a97d-d965ccfc6d4b" outcome="Passed" testListId="8c84fa94-04c1-424b-9868-57a2d4851a1d" relativeResultsDirectory="eb40e6f2-d283-4b0f-995f-946f479e3a57" />
    <UnitTestResult executionId="cd493631-5d71-4348-a8af-b3b6c4b49cf4" testId="75cec38b-c20e-2c0a-c5df-4fe009633be6" testName="AppInfraCdkV1.Tests.Unit.TrialMatchConfigTests.GetConfigWithDevelopmentConfiguresMultiEnvironmentCorrectly" computerName="kens" duration="00:00:00.0499909" startTime="2025-08-16T15:26:47.7446160-07:00" endTime="2025-08-16T15:26:47.7446160-07:00" testType="13cdc9d9-ddb5-4fa4-a97d-d965ccfc6d4b" outcome="Passed" testListId="8c84fa94-04c1-424b-9868-57a2d4851a1d" relativeResultsDirectory="cd493631-5d71-4348-a8af-b3b6c4b49cf4" />
    <UnitTestResult executionId="f90bea30-ebf3-42c6-b7cf-1507003ce24f" testId="4080334d-d867-8958-80b6-1706c11fbd88" testName="AppInfraCdkV1.Tests.Unit.NamingConventionTests.GenerateS3BucketNameWithValidContextReturnsCorrectFormat" computerName="kens" duration="00:00:00.0000344" startTime="2025-08-16T15:26:47.7623490-07:00" endTime="2025-08-16T15:26:47.7623490-07:00" testType="13cdc9d9-ddb5-4fa4-a97d-d965ccfc6d4b" outcome="Passed" testListId="8c84fa94-04c1-424b-9868-57a2d4851a1d" relativeResultsDirectory="f90bea30-ebf3-42c6-b7cf-1507003ce24f" />
    <UnitTestResult executionId="11a4c36f-60ea-4401-b261-e76273f0f089" testId="f4fef808-6382-f0a2-2016-13a8b1cb0a0a" testName="AppInfraCdkV1.Tests.Unit.ConfigurationModelsTests.EcsTaskConfiguration_WithMultipleServices_ShouldHandleMultipleServices" computerName="kens" duration="00:00:00.0001716" startTime="2025-08-16T15:26:49.1528100-07:00" endTime="2025-08-16T15:26:49.1528100-07:00" testType="13cdc9d9-ddb5-4fa4-a97d-d965ccfc6d4b" outcome="Passed" testListId="8c84fa94-04c1-424b-9868-57a2d4851a1d" relativeResultsDirectory="11a4c36f-60ea-4401-b261-e76273f0f089" />
    <UnitTestResult executionId="d691b2b7-698a-46c8-8fa0-e7ed9d3be24e" testId="9f84caae-7acd-4d0d-dda2-2216ebdab2ac" testName="AppInfraCdkV1.Tests.Unit.NamingConventionTests.GetEnvironmentsInSameAccountWithProductionReturnsProductionEnvironments" computerName="kens" duration="00:00:00.0001214" startTime="2025-08-16T15:26:47.7625270-07:00" endTime="2025-08-16T15:26:47.7625270-07:00" testType="13cdc9d9-ddb5-4fa4-a97d-d965ccfc6d4b" outcome="Passed" testListId="8c84fa94-04c1-424b-9868-57a2d4851a1d" relativeResultsDirectory="d691b2b7-698a-46c8-8fa0-e7ed9d3be24e" />
    <UnitTestResult executionId="c637a5f2-89d8-4818-bb56-e694787accff" testId="29a9493e-51eb-94f1-d233-3c73f914b9a7" testName="AppInfraCdkV1.Tests.Unit.DeploymentContextTests.GetCommonTagsIncludesEnvironmentTags" computerName="kens" duration="00:00:00.0010735" startTime="2025-08-16T15:26:47.7548370-07:00" endTime="2025-08-16T15:26:47.7548370-07:00" testType="13cdc9d9-ddb5-4fa4-a97d-d965ccfc6d4b" outcome="Passed" testListId="8c84fa94-04c1-424b-9868-57a2d4851a1d" relativeResultsDirectory="c637a5f2-89d8-4818-bb56-e694787accff" />
    <UnitTestResult executionId="1bc4aec1-dfa0-4fe0-91ea-c412737d2743" testId="57cd0d12-4a47-017c-53e0-7a767ffeb7e2" testName="AppInfraCdkV1.Tests.Unit.ConfigurationModelsTests.TaskDefinitionConfig_WithMultipleContainers_ShouldHandleMultipleContainers" computerName="kens" duration="00:00:00.0000820" startTime="2025-08-16T15:26:49.1533860-07:00" endTime="2025-08-16T15:26:49.1533860-07:00" testType="13cdc9d9-ddb5-4fa4-a97d-d965ccfc6d4b" outcome="Passed" testListId="8c84fa94-04c1-424b-9868-57a2d4851a1d" relativeResultsDirectory="1bc4aec1-dfa0-4fe0-91ea-c412737d2743" />
    <UnitTestResult executionId="73730cd9-3f6d-4c2c-9796-98d84148e322" testId="9a4c07cb-16ad-3b07-8c90-026095b6e7dc" testName="AppInfraCdkV1.Tests.Unit.ResourceSizingTests.GetSizingForEnvironment_ShouldReturnNewInstanceEachTime" computerName="kens" duration="00:00:00.0000643" startTime="2025-08-16T15:26:47.7630790-07:00" endTime="2025-08-16T15:26:47.7630790-07:00" testType="13cdc9d9-ddb5-4fa4-a97d-d965ccfc6d4b" outcome="Passed" testListId="8c84fa94-04c1-424b-9868-57a2d4851a1d" relativeResultsDirectory="73730cd9-3f6d-4c2c-9796-98d84148e322" />
    <UnitTestResult executionId="1229d738-64ac-47e0-8a33-29f8f1bcaff8" testId="a97676de-c59c-85ab-4413-21c071390b9e" testName="AppInfraCdkV1.Tests.Unit.DeploymentContextTests.NamerPropertyInitializationCreatesResourceNamerInstance" computerName="kens" duration="00:00:00.0000834" startTime="2025-08-16T15:26:47.7558050-07:00" endTime="2025-08-16T15:26:47.7558050-07:00" testType="13cdc9d9-ddb5-4fa4-a97d-d965ccfc6d4b" outcome="Passed" testListId="8c84fa94-04c1-424b-9868-57a2d4851a1d" relativeResultsDirectory="1229d738-64ac-47e0-8a33-29f8f1bcaff8" />
    <UnitTestResult executionId="70bd1308-f53c-44ea-8dfd-7acc2b65b05e" testId="26641051-f1f4-96eb-e3d4-fae5a51163b7" testName="AppInfraCdkV1.Tests.Unit.DeploymentContextTests.NamerPropertyAccessReturnsSameInstance" computerName="kens" duration="00:00:00.0004191" startTime="2025-08-16T15:26:47.7538060-07:00" endTime="2025-08-16T15:26:47.7538060-07:00" testType="13cdc9d9-ddb5-4fa4-a97d-d965ccfc6d4b" outcome="Passed" testListId="8c84fa94-04c1-424b-9868-57a2d4851a1d" relativeResultsDirectory="70bd1308-f53c-44ea-8dfd-7acc2b65b05e" />
    <UnitTestResult executionId="1f8679e6-9aee-4ff4-b679-3d95e75444dd" testId="269b88e2-58d3-53c4-161c-e248e203dccd" testName="AppInfraCdkV1.Tests.Unit.TrialMatchConfigurationLoaderTests.ValidateConfiguration_WithEmptySecrets_ShouldNotThrow" computerName="kens" duration="00:00:00.0001101" startTime="2025-08-16T15:26:47.7962660-07:00" endTime="2025-08-16T15:26:47.7962660-07:00" testType="13cdc9d9-ddb5-4fa4-a97d-d965ccfc6d4b" outcome="Passed" testListId="8c84fa94-04c1-424b-9868-57a2d4851a1d" relativeResultsDirectory="1f8679e6-9aee-4ff4-b679-3d95e75444dd" />
    <UnitTestResult executionId="830cf894-9103-458e-ad5a-da2d2d2203fb" testId="871ada24-92cf-ccb7-ca75-a645d5b5d865" testName="AppInfraCdkV1.Tests.Unit.TrialMatchConfigTests.GetConfigWithProductionEnvironmentReturnsProductionConfig(environment: &quot;Production&quot;)" computerName="kens" duration="00:00:00.0000434" startTime="2025-08-16T15:26:47.7523790-07:00" endTime="2025-08-16T15:26:47.7523790-07:00" testType="13cdc9d9-ddb5-4fa4-a97d-d965ccfc6d4b" outcome="Passed" testListId="8c84fa94-04c1-424b-9868-57a2d4851a1d" relativeResultsDirectory="830cf894-9103-458e-ad5a-da2d2d2203fb" />
    <UnitTestResult executionId="3fa80bcd-3ee7-468e-8752-8ff3746e05f3" testId="d318b249-3101-692f-3a89-12f2a1ee5d63" testName="AppInfraCdkV1.Tests.Integration.NamingValidationIntegrationTests.GenerateResourceNames_WithValidEnvironmentAndApp_ShouldProduceCorrectNames(environment: &quot;Production&quot;, application: &quot;TrialMatch&quot;)" computerName="kens" duration="00:00:00.0009586" startTime="2025-08-16T15:26:47.7646830-07:00" endTime="2025-08-16T15:26:47.7646830-07:00" testType="13cdc9d9-ddb5-4fa4-a97d-d965ccfc6d4b" outcome="Passed" testListId="8c84fa94-04c1-424b-9868-57a2d4851a1d" relativeResultsDirectory="3fa80bcd-3ee7-468e-8752-8ff3746e05f3" />
    <UnitTestResult executionId="f01d68f5-d8c7-4917-93e8-b71ae6e2fb60" testId="3dd0d884-abef-c93d-5cc5-b995b85cb5fa" testName="AppInfraCdkV1.Tests.Unit.SecurityConfigTests.GetSecurityConfigForAccountType_WithNonProductionAccountType_ShouldReturnDevelopmentConfig" computerName="kens" duration="00:00:00.0011285" startTime="2025-08-16T15:26:47.7502490-07:00" endTime="2025-08-16T15:26:47.7502490-07:00" testType="13cdc9d9-ddb5-4fa4-a97d-d965ccfc6d4b" outcome="Passed" testListId="8c84fa94-04c1-424b-9868-57a2d4851a1d" relativeResultsDirectory="f01d68f5-d8c7-4917-93e8-b71ae6e2fb60" />
    <UnitTestResult executionId="a151d5c4-51ed-4525-b578-136b37946c7a" testId="1ee62d75-7f6f-f681-2bef-2abaef58e091" testName="AppInfraCdkV1.Tests.Unit.TrialFinderEcrImageTests.EnvironmentVariables_ShouldIncludeImageSource_ForEcrDeployment" computerName="kens" duration="00:00:00.0001829" startTime="2025-08-16T15:26:47.7531460-07:00" endTime="2025-08-16T15:26:47.7531460-07:00" testType="13cdc9d9-ddb5-4fa4-a97d-d965ccfc6d4b" outcome="Passed" testListId="8c84fa94-04c1-424b-9868-57a2d4851a1d" relativeResultsDirectory="a151d5c4-51ed-4525-b578-136b37946c7a" />
    <UnitTestResult executionId="99f7709f-2129-4c06-9df8-2eb11911a924" testId="b273c523-45d3-7f2b-0dce-a40fa9228a55" testName="AppInfraCdkV1.Tests.Unit.TrialMatchConfigTests.GetConfigWithDevelopmentConfiguresNonProductionSettings" computerName="kens" duration="00:00:00.0003537" startTime="2025-08-16T15:26:47.7521720-07:00" endTime="2025-08-16T15:26:47.7521720-07:00" testType="13cdc9d9-ddb5-4fa4-a97d-d965ccfc6d4b" outcome="Passed" testListId="8c84fa94-04c1-424b-9868-57a2d4851a1d" relativeResultsDirectory="99f7709f-2129-4c06-9df8-2eb11911a924" />
    <UnitTestResult executionId="c29d44b1-3b11-4e96-9d60-a0f4f88fa541" testId="84fb2efc-c292-ced6-c97a-3ab7a77a072f" testName="AppInfraCdkV1.Tests.Unit.EnvironmentConfigTests.Constructor_ShouldInitializeWithDefaultValues" computerName="kens" duration="00:00:00.0003238" startTime="2025-08-16T15:26:47.7684200-07:00" endTime="2025-08-16T15:26:47.7684200-07:00" testType="13cdc9d9-ddb5-4fa4-a97d-d965ccfc6d4b" outcome="Passed" testListId="8c84fa94-04c1-424b-9868-57a2d4851a1d" relativeResultsDirectory="c29d44b1-3b11-4e96-9d60-a0f4f88fa541" />
    <UnitTestResult executionId="417ef90d-fc98-4508-8c05-d31c17359a11" testId="c79a9be8-5ab1-cbc9-4aad-765504709b1e" testName="AppInfraCdkV1.Tests.Integration.ShowNamesOnlyIntegrationTests.ShowNamesOnly_WithValidEnvironmentAndApp_ContainsExpectedResourceNames(environment: &quot;Production&quot;, application: &quot;TrialFinderV2&quot;)" computerName="kens" duration="00:00:00.0857027" startTime="2025-08-16T15:26:49.6473580-07:00" endTime="2025-08-16T15:26:49.6473590-07:00" testType="13cdc9d9-ddb5-4fa4-a97d-d965ccfc6d4b" outcome="Passed" testListId="8c84fa94-04c1-424b-9868-57a2d4851a1d" relativeResultsDirectory="417ef90d-fc98-4508-8c05-d31c17359a11" />
    <UnitTestResult executionId="707ce08b-30f5-45fa-9fb6-e537877f0462" testId="38d1236d-7ba2-290d-0c41-2142ee4e3e9e" testName="AppInfraCdkV1.Tests.Unit.TrialMatchConfigurationLoaderTests.ValidateConfiguration_WithMissingProtocol_ShouldThrow" computerName="kens" duration="00:00:00.0001874" startTime="2025-08-16T15:26:47.7955330-07:00" endTime="2025-08-16T15:26:47.7955330-07:00" testType="13cdc9d9-ddb5-4fa4-a97d-d965ccfc6d4b" outcome="Passed" testListId="8c84fa94-04c1-424b-9868-57a2d4851a1d" relativeResultsDirectory="707ce08b-30f5-45fa-9fb6-e537877f0462" />
    <UnitTestResult executionId="9cc4cd05-af7b-4945-8096-06abd3a31f81" testId="482afe8e-5709-4825-ef53-67791dfe61f8" testName="AppInfraCdkV1.Tests.Integration.ShowNamesOnlyIntegrationTests.ShowNamesOnly_WithValidEnvironmentAndApp_ContainsExpectedResourceNames(environment: &quot;Development&quot;, application: &quot;TrialFinderV2&quot;)" computerName="kens" duration="00:00:00.0850183" startTime="2025-08-16T15:26:49.5614190-07:00" endTime="2025-08-16T15:26:49.5614190-07:00" testType="13cdc9d9-ddb5-4fa4-a97d-d965ccfc6d4b" outcome="Passed" testListId="8c84fa94-04c1-424b-9868-57a2d4851a1d" relativeResultsDirectory="9cc4cd05-af7b-4945-8096-06abd3a31f81" />
    <UnitTestResult executionId="c71850ad-fa27-4a81-a3c1-68bbffaa46f6" testId="9f56cca0-082c-7870-34ce-f3b95e2513b2" testName="AppInfraCdkV1.Tests.Integration.NamingValidationIntegrationTests.GenerateResourceNames_WithValidEnvironmentAndApp_ShouldProduceCorrectNames(environment: &quot;Development&quot;, application: &quot;TrialMatch&quot;)" computerName="kens" duration="00:00:00.0732297" startTime="2025-08-16T15:26:47.7630410-07:00" endTime="2025-08-16T15:26:47.7630410-07:00" testType="13cdc9d9-ddb5-4fa4-a97d-d965ccfc6d4b" outcome="Passed" testListId="8c84fa94-04c1-424b-9868-57a2d4851a1d" relativeResultsDirectory="c71850ad-fa27-4a81-a3c1-68bbffaa46f6" />
    <UnitTestResult executionId="ab6cede4-3642-4a55-adf0-03c76d5f9fe6" testId="63ccfd3e-0908-6c9b-ca2a-6492c112e38d" testName="AppInfraCdkV1.Tests.Unit.NamingConventionTests.GenerateLogGroupNameWithValidContextReturnsCorrectFormat" computerName="kens" duration="00:00:00.0000940" startTime="2025-08-16T15:26:47.7630490-07:00" endTime="2025-08-16T15:26:47.7630490-07:00" testType="13cdc9d9-ddb5-4fa4-a97d-d965ccfc6d4b" outcome="Passed" testListId="8c84fa94-04c1-424b-9868-57a2d4851a1d" relativeResultsDirectory="ab6cede4-3642-4a55-adf0-03c76d5f9fe6" />
    <UnitTestResult executionId="a5164f8c-eb5e-4e94-98b5-f524f2891356" testId="7c46aaa2-53ab-822a-d4ef-4dddb9302d06" testName="AppInfraCdkV1.Tests.Unit.ResourceNamerTests.RdsInstance_WithPurpose_ShouldGenerateCorrectName" computerName="kens" duration="00:00:00.0000707" startTime="2025-08-16T15:26:47.7486330-07:00" endTime="2025-08-16T15:26:47.7486330-07:00" testType="13cdc9d9-ddb5-4fa4-a97d-d965ccfc6d4b" outcome="Passed" testListId="8c84fa94-04c1-424b-9868-57a2d4851a1d" relativeResultsDirectory="a5164f8c-eb5e-4e94-98b5-f524f2891356" />
    <UnitTestResult executionId="98b59cc6-4251-49d0-9e09-bd9a144ae55d" testId="a4a28a05-176b-45f9-8edb-44c286242df0" testName="AppInfraCdkV1.Tests.Unit.DeploymentContextTests.GetCommonTagsWithCustomDeployedAtFormatUsesCorrectDateFormat" computerName="kens" duration="00:00:00.0001243" startTime="2025-08-16T15:26:47.7557200-07:00" endTime="2025-08-16T15:26:47.7557200-07:00" testType="13cdc9d9-ddb5-4fa4-a97d-d965ccfc6d4b" outcome="Passed" testListId="8c84fa94-04c1-424b-9868-57a2d4851a1d" relativeResultsDirectory="98b59cc6-4251-49d0-9e09-bd9a144ae55d" />
    <UnitTestResult executionId="c9bef6cc-d6d6-4366-8173-0e17144fde7e" testId="4b9a4dd6-d1bd-0939-3508-8c0c99501a0a" testName="AppInfraCdkV1.Tests.Unit.ConfigurationModelsTests.ContainerDefinitionConfig_WithEnvironmentVariables_ShouldIncludeEnvironmentVariables" computerName="kens" duration="00:00:00.0000931" startTime="2025-08-16T15:26:49.1532940-07:00" endTime="2025-08-16T15:26:49.1532940-07:00" testType="13cdc9d9-ddb5-4fa4-a97d-d965ccfc6d4b" outcome="Passed" testListId="8c84fa94-04c1-424b-9868-57a2d4851a1d" relativeResultsDirectory="c9bef6cc-d6d6-4366-8173-0e17144fde7e" />
    <UnitTestResult executionId="cd3bf516-46cc-4c9e-91bb-684b3b8f0378" testId="3effb325-2340-5453-a684-5d133c11bf45" testName="AppInfraCdkV1.Tests.Integration.ShowNamesOnlyIntegrationTests.ShowNamesOnly_GeneratesCorrectNamingPrefix(environment: &quot;Development&quot;, application: &quot;TrialMatch&quot;, expectedPrefix: &quot;dev&quot;)" computerName="kens" duration="00:00:00.0889398" startTime="2025-08-16T15:26:50.0090870-07:00" endTime="2025-08-16T15:26:50.0090870-07:00" testType="13cdc9d9-ddb5-4fa4-a97d-d965ccfc6d4b" outcome="Failed" testListId="8c84fa94-04c1-424b-9868-57a2d4851a1d" relativeResultsDirectory="cd3bf516-46cc-4c9e-91bb-684b3b8f0378">
      <Output>
        <ErrorInfo>
          <Message>Shouldly.ShouldAssertException : result.StandardOutput&#xD;
    should contain (case insensitive comparison)&#xD;
"dev-tm-"&#xD;
    but was actually&#xD;
"\ud83d\ude80 Starting CDK deployment for TrialFinderV2 in Development
\ud83d\udd0d Validating naming conventions...
✅ Na..."</Message>
          <StackTrace>   at AppInfraCdkV1.Tests.Integration.ShowNamesOnlyIntegrationTests.ShowNamesOnly_GeneratesCorrectNamingPrefix(String environment, String application, String expectedPrefix) in /Users/ken/code/AppInfraCdkV1/AppInfraCdkV1.Tests/Integration/ShowNamesOnlyIntegrationTests.cs:line 218
   at System.Runtime.ExceptionServices.ExceptionDispatchInfo.Throw()
   at System.Runtime.CompilerServices.TaskAwaiter.ThrowForNonSuccess(Task task)
   at System.Runtime.CompilerServices.TaskAwaiter.HandleNonSuccessAndDebuggerNotification(Task task, ConfigureAwaitOptions options)
--- End of stack trace from previous location ---
   at System.Runtime.ExceptionServices.ExceptionDispatchInfo.Throw()
   at System.Runtime.CompilerServices.TaskAwaiter.ThrowForNonSuccess(Task task)
   at System.Runtime.CompilerServices.TaskAwaiter.HandleNonSuccessAndDebuggerNotification(Task task, ConfigureAwaitOptions options)
   at System.Runtime.ExceptionServices.ExceptionDispatchInfo.Throw()
   at System.Runtime.CompilerServices.TaskAwaiter.ThrowForNonSuccess(Task task)
   at System.Runtime.CompilerServices.TaskAwaiter.HandleNonSuccessAndDebuggerNotification(Task task, ConfigureAwaitOptions options)</StackTrace>
        </ErrorInfo>
      </Output>
    </UnitTestResult>
    <UnitTestResult executionId="aa869303-c208-4099-82e1-75955218f783" testId="04481468-df9c-ab27-ec4f-e6161c59edf6" testName="AppInfraCdkV1.Tests.Unit.ConfigurationModelsTests.HealthCheckConfig_WithValidData_ShouldCreateInstance" computerName="kens" duration="00:00:00.0002412" startTime="2025-08-16T15:26:49.1531900-07:00" endTime="2025-08-16T15:26:49.1531900-07:00" testType="13cdc9d9-ddb5-4fa4-a97d-d965ccfc6d4b" outcome="Passed" testListId="8c84fa94-04c1-424b-9868-57a2d4851a1d" relativeResultsDirectory="aa869303-c208-4099-82e1-75955218f783" />
    <UnitTestResult executionId="7b3210d1-c807-4d7f-a73c-3d56f75b2752" testId="b79089b4-8f49-6da6-4f08-ba4dac1c81b4" testName="AppInfraCdkV1.Tests.Unit.TrialFinderV2ConfigTests.GetConfigWithStagingConfiguresProductionClassSettings" computerName="kens" duration="00:00:00.0001843" startTime="2025-08-16T15:26:47.7545390-07:00" endTime="2025-08-16T15:26:47.7545390-07:00" testType="13cdc9d9-ddb5-4fa4-a97d-d965ccfc6d4b" outcome="Passed" testListId="8c84fa94-04c1-424b-9868-57a2d4851a1d" relativeResultsDirectory="7b3210d1-c807-4d7f-a73c-3d56f75b2752" />
    <UnitTestResult executionId="eeeddc3a-941d-418f-ae86-07e66b969e9b" testId="f880f0fd-3563-7b23-7d78-99d4495af0bf" testName="AppInfraCdkV1.Tests.Unit.EnvironmentConfigTests.Region_ShouldAllowSetAndGet" computerName="kens" duration="00:00:00.0000464" startTime="2025-08-16T15:26:47.7683430-07:00" endTime="2025-08-16T15:26:47.7683430-07:00" testType="13cdc9d9-ddb5-4fa4-a97d-d965ccfc6d4b" outcome="Passed" testListId="8c84fa94-04c1-424b-9868-57a2d4851a1d" relativeResultsDirectory="eeeddc3a-941d-418f-ae86-07e66b969e9b" />
    <UnitTestResult executionId="dca1b71b-d176-434d-afc6-c7f7dfe37cc7" testId="f99a5784-faac-9ebe-1d6d-da1d5052ce44" testName="AppInfraCdkV1.Tests.Unit.TrialFinderEcrRepositoryTests.ResourceNamer_ShouldGenerateCorrectEcrRepositoryNames" computerName="kens" duration="00:00:00.0000805" startTime="2025-08-16T15:26:47.7963280-07:00" endTime="2025-08-16T15:26:47.7963280-07:00" testType="13cdc9d9-ddb5-4fa4-a97d-d965ccfc6d4b" outcome="Passed" testListId="8c84fa94-04c1-424b-9868-57a2d4851a1d" relativeResultsDirectory="dca1b71b-d176-434d-afc6-c7f7dfe37cc7" />
    <UnitTestResult executionId="d5c7eb2e-1740-4b9d-9384-8cc16b9fe094" testId="8bc4d3e5-43b7-d203-b89d-f08e18e8b3a9" testName="AppInfraCdkV1.Tests.Unit.TrialFinderV2ConfigTests.GetConfigWithStagingEnvironmentReturnsStagingConfig(environment: &quot;Staging&quot;)" computerName="kens" duration="00:00:00.0001540" startTime="2025-08-16T15:26:47.7540350-07:00" endTime="2025-08-16T15:26:47.7540350-07:00" testType="13cdc9d9-ddb5-4fa4-a97d-d965ccfc6d4b" outcome="Passed" testListId="8c84fa94-04c1-424b-9868-57a2d4851a1d" relativeResultsDirectory="d5c7eb2e-1740-4b9d-9384-8cc16b9fe094" />
    <UnitTestResult executionId="bd7150a6-4147-44d2-86c4-64d532f5fab8" testId="d3df8c98-e18d-b2e4-8707-34ca0fd3df29" testName="AppInfraCdkV1.Tests.Unit.ConfigurationLoaderTests.GetConfig_WithDevelopmentEnvironment_ShouldIncludeCognitoSettings" computerName="kens" duration="00:00:00.0001159" startTime="2025-08-16T15:26:47.7932100-07:00" endTime="2025-08-16T15:26:47.7932100-07:00" testType="13cdc9d9-ddb5-4fa4-a97d-d965ccfc6d4b" outcome="Passed" testListId="8c84fa94-04c1-424b-9868-57a2d4851a1d" relativeResultsDirectory="bd7150a6-4147-44d2-86c4-64d532f5fab8" />
    <UnitTestResult executionId="9476cd8d-d3a7-4997-b215-18c0d649fdde" testId="b84845b9-3aff-e6f7-3a4f-07dfdfe37646" testName="AppInfraCdkV1.Tests.Unit.NamingConventionTests.GetRegionCodeWithValidEnumReturnsCorrectCode(region: UsWest2, expectedCode: &quot;uw2&quot;)" computerName="kens" duration="00:00:00.0000760" startTime="2025-08-16T15:26:47.7506510-07:00" endTime="2025-08-16T15:26:47.7506510-07:00" testType="13cdc9d9-ddb5-4fa4-a97d-d965ccfc6d4b" outcome="Passed" testListId="8c84fa94-04c1-424b-9868-57a2d4851a1d" relativeResultsDirectory="9476cd8d-d3a7-4997-b215-18c0d649fdde" />
    <UnitTestResult executionId="070313a8-45a4-4ac9-b000-801e93d26786" testId="9634e898-010e-5db8-7a0e-4ef1560e8d19" testName="AppInfraCdkV1.Tests.Integration.ShowNamesOnlyBasicTest.ShowNamesOnly_BasicExecution_ReturnsExpectedOutput(application: &quot;TrialMatch&quot;)" computerName="kens" duration="00:00:00.1733187" startTime="2025-08-16T15:26:47.9005610-07:00" endTime="2025-08-16T15:26:47.9005610-07:00" testType="13cdc9d9-ddb5-4fa4-a97d-d965ccfc6d4b" outcome="Failed" testListId="8c84fa94-04c1-424b-9868-57a2d4851a1d" relativeResultsDirectory="070313a8-45a4-4ac9-b000-801e93d26786">
      <Output>
        <ErrorInfo>
          <Message>Shouldly.ShouldAssertException : output&#xD;
    should contain (case insensitive comparison)&#xD;
"Starting CDK deployment for TrialMatch in Development"&#xD;
    but was actually&#xD;
"\ud83d\ude80 Starting CDK deployment for TrialFinderV2 in Development
\ud83d\udd0d Validating naming conventions...
✅ Na..."</Message>
          <StackTrace>   at AppInfraCdkV1.Tests.Integration.ShowNamesOnlyBasicTest.ShowNamesOnly_BasicExecution_ReturnsExpectedOutput(String application) in /Users/ken/code/AppInfraCdkV1/AppInfraCdkV1.Tests/Integration/ShowNamesOnlyBasicTest.cs:line 48
   at System.Runtime.ExceptionServices.ExceptionDispatchInfo.Throw()
   at System.Runtime.CompilerServices.TaskAwaiter.ThrowForNonSuccess(Task task)
   at System.Runtime.CompilerServices.TaskAwaiter.HandleNonSuccessAndDebuggerNotification(Task task, ConfigureAwaitOptions options)
--- End of stack trace from previous location ---
   at System.Runtime.ExceptionServices.ExceptionDispatchInfo.Throw()
   at System.Runtime.CompilerServices.TaskAwaiter.ThrowForNonSuccess(Task task)
   at System.Runtime.CompilerServices.TaskAwaiter.HandleNonSuccessAndDebuggerNotification(Task task, ConfigureAwaitOptions options)
   at System.Runtime.ExceptionServices.ExceptionDispatchInfo.Throw()
   at System.Runtime.CompilerServices.TaskAwaiter.ThrowForNonSuccess(Task task)
   at System.Runtime.CompilerServices.TaskAwaiter.HandleNonSuccessAndDebuggerNotification(Task task, ConfigureAwaitOptions options)</StackTrace>
        </ErrorInfo>
      </Output>
    </UnitTestResult>
    <UnitTestResult executionId="e56dc465-b03b-4ab0-be10-2324efb83277" testId="58675811-9b39-782b-62f3-228464b47670" testName="AppInfraCdkV1.Tests.Integration.ShowNamesOnlyIntegrationTests.ShowNamesOnly_WithInvalidApplication_FailsWithError" computerName="kens" duration="00:00:00.0942962" startTime="2025-08-16T15:26:50.4195950-07:00" endTime="2025-08-16T15:26:50.4195950-07:00" testType="13cdc9d9-ddb5-4fa4-a97d-d965ccfc6d4b" outcome="Failed" testListId="8c84fa94-04c1-424b-9868-57a2d4851a1d" relativeResultsDirectory="e56dc465-b03b-4ab0-be10-2324efb83277">
      <Output>
        <ErrorInfo>
          <Message>Shouldly.ShouldAssertException : result.ExitCode&#xD;
    should not be&#xD;
0&#xD;
    but was&#xD;
&#xD;
Additional Info:&#xD;
    Command should fail with invalid application</Message>
          <StackTrace>   at AppInfraCdkV1.Tests.Integration.ShowNamesOnlyIntegrationTests.ShowNamesOnly_WithInvalidApplication_FailsWithError() in /Users/ken/code/AppInfraCdkV1/AppInfraCdkV1.Tests/Integration/ShowNamesOnlyIntegrationTests.cs:line 196
   at System.Runtime.ExceptionServices.ExceptionDispatchInfo.Throw()
   at System.Runtime.CompilerServices.TaskAwaiter.ThrowForNonSuccess(Task task)
   at System.Runtime.CompilerServices.TaskAwaiter.HandleNonSuccessAndDebuggerNotification(Task task, ConfigureAwaitOptions options)
--- End of stack trace from previous location ---
   at System.Runtime.ExceptionServices.ExceptionDispatchInfo.Throw()
   at System.Runtime.CompilerServices.TaskAwaiter.ThrowForNonSuccess(Task task)
   at System.Runtime.CompilerServices.TaskAwaiter.HandleNonSuccessAndDebuggerNotification(Task task, ConfigureAwaitOptions options)
   at System.Runtime.ExceptionServices.ExceptionDispatchInfo.Throw()
   at System.Runtime.CompilerServices.TaskAwaiter.ThrowForNonSuccess(Task task)
   at System.Runtime.CompilerServices.TaskAwaiter.HandleNonSuccessAndDebuggerNotification(Task task, ConfigureAwaitOptions options)</StackTrace>
        </ErrorInfo>
      </Output>
    </UnitTestResult>
    <UnitTestResult executionId="4b2f38d6-f608-418e-9168-7d7891b2a3c2" testId="66cceddd-38a4-e63d-66f0-149789fa8fb7" testName="AppInfraCdkV1.Tests.Unit.ResourceNamerTests.EcsCluster_WithCustomPurpose_ShouldGenerateCorrectName" computerName="kens" duration="00:00:00.0000393" startTime="2025-08-16T15:26:47.7486510-07:00" endTime="2025-08-16T15:26:47.7486510-07:00" testType="13cdc9d9-ddb5-4fa4-a97d-d965ccfc6d4b" outcome="Passed" testListId="8c84fa94-04c1-424b-9868-57a2d4851a1d" relativeResultsDirectory="4b2f38d6-f608-418e-9168-7d7891b2a3c2" />
    <UnitTestResult executionId="2f389e9e-aab0-453d-be42-448245e0e1f3" testId="a2d73722-d0e6-6ac9-9be0-7255bd0b7b2b" testName="AppInfraCdkV1.Tests.Unit.NamingConventionTests.GetAccountTypeWithValidEnumReturnsCorrectType(environment: Development, expectedType: NonProduction)" computerName="kens" duration="00:00:00.0000571" startTime="2025-08-16T15:26:47.7617570-07:00" endTime="2025-08-16T15:26:47.7617570-07:00" testType="13cdc9d9-ddb5-4fa4-a97d-d965ccfc6d4b" outcome="Passed" testListId="8c84fa94-04c1-424b-9868-57a2d4851a1d" relativeResultsDirectory="2f389e9e-aab0-453d-be42-448245e0e1f3" />
    <UnitTestResult executionId="2f15dcc8-3704-4881-9a53-eadb84aa5e0e" testId="b5cc78bf-b9be-b00b-a2ab-6b7d7eba6579" testName="AppInfraCdkV1.Tests.Unit.TrialMatchConfigTests.GetConfigEnvironmentOverridesConfiguresEnhancedMonitoring(environment: &quot;Integration&quot;, expectedAccountType: NonProduction, expectedMonitoring: False)" computerName="kens" duration="00:00:00.0006479" startTime="2025-08-16T15:26:47.7494810-07:00" endTime="2025-08-16T15:26:47.7494810-07:00" testType="13cdc9d9-ddb5-4fa4-a97d-d965ccfc6d4b" outcome="Passed" testListId="8c84fa94-04c1-424b-9868-57a2d4851a1d" relativeResultsDirectory="2f15dcc8-3704-4881-9a53-eadb84aa5e0e" />
    <UnitTestResult executionId="26ff8674-f3c3-4776-9e7b-90de685c18e3" testId="f6873326-47b1-9778-bd4a-b92ba025e798" testName="AppInfraCdkV1.Tests.Unit.TrialFinderV2ConfigTests.GetConfigWithDevelopmentConfiguresNonProductionSettings" computerName="kens" duration="00:00:00.0000967" startTime="2025-08-16T15:26:47.7547480-07:00" endTime="2025-08-16T15:26:47.7547480-07:00" testType="13cdc9d9-ddb5-4fa4-a97d-d965ccfc6d4b" outcome="Passed" testListId="8c84fa94-04c1-424b-9868-57a2d4851a1d" relativeResultsDirectory="26ff8674-f3c3-4776-9e7b-90de685c18e3" />
    <UnitTestResult executionId="91200796-182a-415f-8c59-cff99fc76b98" testId="0cf4d66e-472d-5d8d-7ed4-c8b76bfb0ed5" testName="AppInfraCdkV1.Tests.Unit.ConfigurationLoaderTests.ValidateConfiguration_WithEmptySecrets_ShouldNotThrow" computerName="kens" duration="00:00:00.0001546" startTime="2025-08-16T15:26:47.7931900-07:00" endTime="2025-08-16T15:26:47.7931900-07:00" testType="13cdc9d9-ddb5-4fa4-a97d-d965ccfc6d4b" outcome="Passed" testListId="8c84fa94-04c1-424b-9868-57a2d4851a1d" relativeResultsDirectory="91200796-182a-415f-8c59-cff99fc76b98" />
    <UnitTestResult executionId="9212e2ea-89c4-4f56-b658-50e9510f0429" testId="3699ed39-43b2-e909-c4c3-0ec7d2e73f55" testName="AppInfraCdkV1.Tests.Integration.NamingValidationIntegrationTests.ValidateCognitoResourceLimits_WithValidEnvironmentAndApp_ShouldRespectAwsLimits(environment: &quot;Development&quot;, application: &quot;TrialFinderV2&quot;)" computerName="kens" duration="00:00:00.0010610" startTime="2025-08-16T15:26:47.7657660-07:00" endTime="2025-08-16T15:26:47.7657660-07:00" testType="13cdc9d9-ddb5-4fa4-a97d-d965ccfc6d4b" outcome="Passed" testListId="8c84fa94-04c1-424b-9868-57a2d4851a1d" relativeResultsDirectory="9212e2ea-89c4-4f56-b658-50e9510f0429" />
    <UnitTestResult executionId="367edbe2-a5cf-4a08-a1eb-d0a7c4d893d1" testId="402ee0a5-87d1-572f-f418-e32d6a57200b" testName="AppInfraCdkV1.Tests.Unit.EnvironmentConfigTests.EnvironmentConfig_ShouldHandleNullTagsAssignment" computerName="kens" duration="00:00:00.0000996" startTime="2025-08-16T15:26:47.7684570-07:00" endTime="2025-08-16T15:26:47.7684580-07:00" testType="13cdc9d9-ddb5-4fa4-a97d-d965ccfc6d4b" outcome="Passed" testListId="8c84fa94-04c1-424b-9868-57a2d4851a1d" relativeResultsDirectory="367edbe2-a5cf-4a08-a1eb-d0a7c4d893d1" />
    <UnitTestResult executionId="17a157b8-3064-45f2-83d0-d01de957c018" testId="269d3612-0cdd-8798-1ac9-169562731369" testName="AppInfraCdkV1.Tests.Unit.ResourceNamerTests.IamPolicy_WithPurpose_ShouldGenerateCorrectName" computerName="kens" duration="00:00:00.0001031" startTime="2025-08-16T15:26:47.7486170-07:00" endTime="2025-08-16T15:26:47.7486170-07:00" testType="13cdc9d9-ddb5-4fa4-a97d-d965ccfc6d4b" outcome="Passed" testListId="8c84fa94-04c1-424b-9868-57a2d4851a1d" relativeResultsDirectory="17a157b8-3064-45f2-83d0-d01de957c018" />
    <UnitTestResult executionId="4cfd2bdf-3047-4062-b0dc-42298e09794d" testId="75e94279-821b-7a3d-06c9-6671288a3165" testName="AppInfraCdkV1.Tests.Integration.NamingValidationIntegrationTests.ValidateNamingConventions_WithValidEnvironmentAndApp_ShouldSucceed(environment: &quot;Development&quot;, application: &quot;TrialFinderV2&quot;)" computerName="kens" duration="00:00:00.0005676" startTime="2025-08-16T15:26:47.7672780-07:00" endTime="2025-08-16T15:26:47.7672780-07:00" testType="13cdc9d9-ddb5-4fa4-a97d-d965ccfc6d4b" outcome="Passed" testListId="8c84fa94-04c1-424b-9868-57a2d4851a1d" relativeResultsDirectory="4cfd2bdf-3047-4062-b0dc-42298e09794d" />
    <UnitTestResult executionId="ad0e0098-d0f6-4acb-8bb3-ae9932abf01e" testId="3f1c3aef-9aab-6b7e-5734-fb2e727eb197" testName="AppInfraCdkV1.Tests.Integration.NamingValidationIntegrationTests.ValidateCognitoResourceUniqueness_WithValidEnvironmentAndApp_ShouldBeUnique(environment: &quot;Development&quot;, application: &quot;TrialFinderV2&quot;)" computerName="kens" duration="00:00:00.0011695" startTime="2025-08-16T15:26:47.7693160-07:00" endTime="2025-08-16T15:26:47.7693160-07:00" testType="13cdc9d9-ddb5-4fa4-a97d-d965ccfc6d4b" outcome="Passed" testListId="8c84fa94-04c1-424b-9868-57a2d4851a1d" relativeResultsDirectory="ad0e0098-d0f6-4acb-8bb3-ae9932abf01e" />
    <UnitTestResult executionId="d9ea8ab1-84c7-4b51-9d6b-4c7c2da5c09b" testId="7044d863-9103-a865-4456-b79911109b5d" testName="AppInfraCdkV1.Tests.Unit.NamingConventionTests.GetEnvironmentPrefixWithValidEnumReturnsCorrectPrefix(environment: Integration, expectedPrefix: &quot;int&quot;)" computerName="kens" duration="00:00:00.0000035" startTime="2025-08-16T15:26:47.7616910-07:00" endTime="2025-08-16T15:26:47.7616910-07:00" testType="13cdc9d9-ddb5-4fa4-a97d-d965ccfc6d4b" outcome="Passed" testListId="8c84fa94-04c1-424b-9868-57a2d4851a1d" relativeResultsDirectory="d9ea8ab1-84c7-4b51-9d6b-4c7c2da5c09b" />
    <UnitTestResult executionId="b91e39b7-47e2-4652-8111-daf46557eb62" testId="7837c567-0fb0-f6bc-07e4-ddc058dbad82" testName="AppInfraCdkV1.Tests.Unit.EnvironmentConfigTests.IsProductionClass_WithProductionAccountType_ShouldReturnTrue" computerName="kens" duration="00:00:00.0000227" startTime="2025-08-16T15:26:47.7685320-07:00" endTime="2025-08-16T15:26:47.7685320-07:00" testType="13cdc9d9-ddb5-4fa4-a97d-d965ccfc6d4b" outcome="Passed" testListId="8c84fa94-04c1-424b-9868-57a2d4851a1d" relativeResultsDirectory="b91e39b7-47e2-4652-8111-daf46557eb62" />
    <UnitTestResult executionId="7b21731f-e555-4753-b840-b2d5e171c05c" testId="4cf3de97-d85b-e0c8-4323-d938738cf79b" testName="AppInfraCdkV1.Tests.Unit.ResourceNamerTests.EcsCluster_WithDefaultPurpose_ShouldGenerateCorrectName" computerName="kens" duration="00:00:00.0003006" startTime="2025-08-16T15:26:47.7515240-07:00" endTime="2025-08-16T15:26:47.7515240-07:00" testType="13cdc9d9-ddb5-4fa4-a97d-d965ccfc6d4b" outcome="Passed" testListId="8c84fa94-04c1-424b-9868-57a2d4851a1d" relativeResultsDirectory="7b21731f-e555-4753-b840-b2d5e171c05c" />
    <UnitTestResult executionId="bfa9a18d-54ac-4398-8c00-a3fae815c7b8" testId="0af66935-b2ab-72fc-e2c7-eede6d8e757c" testName="AppInfraCdkV1.Tests.Integration.NamingValidationIntegrationTests.ValidateCognitoResourcePurpose_WithValidEnvironmentAndApp_ShouldHaveCorrectPurpose(environment: &quot;Production&quot;, application: &quot;TrialFinderV2&quot;)" computerName="kens" duration="00:00:00.0009368" startTime="2025-08-16T15:26:47.7705420-07:00" endTime="2025-08-16T15:26:47.7705420-07:00" testType="13cdc9d9-ddb5-4fa4-a97d-d965ccfc6d4b" outcome="Passed" testListId="8c84fa94-04c1-424b-9868-57a2d4851a1d" relativeResultsDirectory="bfa9a18d-54ac-4398-8c00-a3fae815c7b8" />
    <UnitTestResult executionId="bc736930-ea2f-481a-afe3-af5d4bf1f266" testId="482c10eb-0c3a-c582-0595-9e35d741fbb7" testName="AppInfraCdkV1.Tests.Unit.DeploymentContextTests.DeployedAtDefaultValueIsRecentUtcTime" computerName="kens" duration="00:00:00.0021886" startTime="2025-08-16T15:26:47.7656300-07:00" endTime="2025-08-16T15:26:47.7656300-07:00" testType="13cdc9d9-ddb5-4fa4-a97d-d965ccfc6d4b" outcome="Passed" testListId="8c84fa94-04c1-424b-9868-57a2d4851a1d" relativeResultsDirectory="bc736930-ea2f-481a-afe3-af5d4bf1f266" />
    <UnitTestResult executionId="9861e1a6-7298-4381-ae37-89c7435bb681" testId="61bfe640-3ebb-4938-3b70-2e91690f7ea2" testName="AppInfraCdkV1.Tests.Unit.EnvironmentConfigTests.IsProductionClass_WithNonProductionAccountType_ShouldReturnFalse" computerName="kens" duration="00:00:00.0000773" startTime="2025-08-16T15:26:47.7679390-07:00" endTime="2025-08-16T15:26:47.7679390-07:00" testType="13cdc9d9-ddb5-4fa4-a97d-d965ccfc6d4b" outcome="Passed" testListId="8c84fa94-04c1-424b-9868-57a2d4851a1d" relativeResultsDirectory="9861e1a6-7298-4381-ae37-89c7435bb681" />
    <UnitTestResult executionId="72fbfd09-99c5-4378-a428-42780cc61d17" testId="ee266587-9819-80c2-0582-ad1fd616d814" testName="AppInfraCdkV1.Tests.Integration.NamingValidationIntegrationTests.ValidateNamingConventions_WithValidEnvironmentAndApp_ShouldSucceed(environment: &quot;Production&quot;, application: &quot;TrialMatch&quot;)" computerName="kens" duration="00:00:00.0009410" startTime="2025-08-16T15:26:47.7670810-07:00" endTime="2025-08-16T15:26:47.7670810-07:00" testType="13cdc9d9-ddb5-4fa4-a97d-d965ccfc6d4b" outcome="Passed" testListId="8c84fa94-04c1-424b-9868-57a2d4851a1d" relativeResultsDirectory="72fbfd09-99c5-4378-a428-42780cc61d17" />
    <UnitTestResult executionId="d6c0fa74-19a4-4362-bef2-e164b4123ce1" testId="0c8bb2f3-624c-739a-858c-3aa62ff71eee" testName="AppInfraCdkV1.Tests.Unit.ConfigurationModelsTests.HealthCheckBuilder_GetStandardHealthCheck_ShouldApplyDefaultValues" computerName="kens" duration="00:00:01.4255737" startTime="2025-08-16T15:26:49.1526060-07:00" endTime="2025-08-16T15:26:49.1526060-07:00" testType="13cdc9d9-ddb5-4fa4-a97d-d965ccfc6d4b" outcome="Passed" testListId="8c84fa94-04c1-424b-9868-57a2d4851a1d" relativeResultsDirectory="d6c0fa74-19a4-4362-bef2-e164b4123ce1" />
    <UnitTestResult executionId="924b9c0d-4e47-403b-9459-0f03df383271" testId="74262a95-9e47-7cb8-da3f-d7f71d22b6d8" testName="AppInfraCdkV1.Tests.Unit.DeploymentContextTests.ValidateNamingContextWithInvalidEnvironmentThrowsInvalidOperationException" computerName="kens" duration="00:00:00.0001719" startTime="2025-08-16T15:26:47.7644090-07:00" endTime="2025-08-16T15:26:47.7644090-07:00" testType="13cdc9d9-ddb5-4fa4-a97d-d965ccfc6d4b" outcome="Passed" testListId="8c84fa94-04c1-424b-9868-57a2d4851a1d" relativeResultsDirectory="924b9c0d-4e47-403b-9459-0f03df383271" />
    <UnitTestResult executionId="8f2fd6df-87ef-4225-a8a5-5bdd38d46dab" testId="92e07ea9-b705-90e9-015f-94328f905200" testName="AppInfraCdkV1.Tests.Unit.NamingConventionTests.GetEnvironmentsInSameAccountWithDevelopmentReturnsNonProductionEnvironments" computerName="kens" duration="00:00:00.0112331" startTime="2025-08-16T15:26:47.7563730-07:00" endTime="2025-08-16T15:26:47.7563730-07:00" testType="13cdc9d9-ddb5-4fa4-a97d-d965ccfc6d4b" outcome="Passed" testListId="8c84fa94-04c1-424b-9868-57a2d4851a1d" relativeResultsDirectory="8f2fd6df-87ef-4225-a8a5-5bdd38d46dab" />
    <UnitTestResult executionId="88ffd8a7-7cf8-42f1-adb1-c549fc5d5f2d" testId="3037f748-af90-e37a-0787-52d107419ba1" testName="AppInfraCdkV1.Tests.Unit.TrialFinderEcrRepositoryTests.ContainerRepositoryConfig_ShouldDeserializeCorrectly" computerName="kens" duration="00:00:00.0024120" startTime="2025-08-16T15:26:47.7962910-07:00" endTime="2025-08-16T15:26:47.7962920-07:00" testType="13cdc9d9-ddb5-4fa4-a97d-d965ccfc6d4b" outcome="Passed" testListId="8c84fa94-04c1-424b-9868-57a2d4851a1d" relativeResultsDirectory="88ffd8a7-7cf8-42f1-adb1-c549fc5d5f2d" />
    <UnitTestResult executionId="8b149e83-3955-4540-aa48-06c5e309452f" testId="8c9ac980-e404-7350-3b69-811f666e05f4" testName="AppInfraCdkV1.Tests.Integration.ShowNamesOnlyIntegrationTests.ShowNamesOnly_WithoutArguments_UsesDefaultEnvironmentAndApp" computerName="kens" duration="00:00:00.1042751" startTime="2025-08-16T15:26:50.3246860-07:00" endTime="2025-08-16T15:26:50.3246860-07:00" testType="13cdc9d9-ddb5-4fa4-a97d-d965ccfc6d4b" outcome="Passed" testListId="8c84fa94-04c1-424b-9868-57a2d4851a1d" relativeResultsDirectory="8b149e83-3955-4540-aa48-06c5e309452f" />
    <UnitTestResult executionId="bfb3ebb7-21a2-46b6-b57e-912d3b74538e" testId="e16de9e3-b46e-c720-3061-ea50d506853b" testName="AppInfraCdkV1.Tests.Unit.ConfigurationLoaderTests.ValidateConfiguration_WithInvalidContainerName_ShouldThrow" computerName="kens" duration="00:00:00.0003552" startTime="2025-08-16T15:26:47.7615450-07:00" endTime="2025-08-16T15:26:47.7615450-07:00" testType="13cdc9d9-ddb5-4fa4-a97d-d965ccfc6d4b" outcome="Passed" testListId="8c84fa94-04c1-424b-9868-57a2d4851a1d" relativeResultsDirectory="bfb3ebb7-21a2-46b6-b57e-912d3b74538e" />
    <UnitTestResult executionId="0c46091e-4084-4df3-83b5-fdf2adfd461c" testId="e94c94b3-1be0-332c-5d7b-32ac6173fee5" testName="AppInfraCdkV1.Tests.Unit.ResourceNamerTests.NetworkLoadBalancer_WithPurpose_ShouldGenerateCorrectName" computerName="kens" duration="00:00:00.0000890" startTime="2025-08-16T15:26:47.7499870-07:00" endTime="2025-08-16T15:26:47.7499870-07:00" testType="13cdc9d9-ddb5-4fa4-a97d-d965ccfc6d4b" outcome="Passed" testListId="8c84fa94-04c1-424b-9868-57a2d4851a1d" relativeResultsDirectory="0c46091e-4084-4df3-83b5-fdf2adfd461c" />
    <UnitTestResult executionId="9c1a4022-0415-4c16-af82-34b227352b1a" testId="08698740-5df6-c85e-0d83-5f9c8485658e" testName="AppInfraCdkV1.Tests.Unit.ResourceNamerTests.EcsService_WithPurpose_ShouldGenerateCorrectName" computerName="kens" duration="00:00:00.0001852" startTime="2025-08-16T15:26:47.7485970-07:00" endTime="2025-08-16T15:26:47.7485970-07:00" testType="13cdc9d9-ddb5-4fa4-a97d-d965ccfc6d4b" outcome="Passed" testListId="8c84fa94-04c1-424b-9868-57a2d4851a1d" relativeResultsDirectory="9c1a4022-0415-4c16-af82-34b227352b1a" />
    <UnitTestResult executionId="d6b5cbbf-5529-4f57-9efb-cd6c0cb672d2" testId="11953b3d-f834-fc31-fba0-40c711e9cca2" testName="AppInfraCdkV1.Tests.Unit.ResourceNamerTests.S3Bucket_WithPurpose_ShouldGenerateCorrectName" computerName="kens" duration="00:00:00.0006110" startTime="2025-08-16T15:26:47.7467330-07:00" endTime="2025-08-16T15:26:47.7467330-07:00" testType="13cdc9d9-ddb5-4fa4-a97d-d965ccfc6d4b" outcome="Passed" testListId="8c84fa94-04c1-424b-9868-57a2d4851a1d" relativeResultsDirectory="d6b5cbbf-5529-4f57-9efb-cd6c0cb672d2" />
    <UnitTestResult executionId="ccd3d6dc-ccbf-47ac-88c9-1049e7a23e5e" testId="5f551f33-8bdd-f75f-9321-d8d0c0a48d97" testName="AppInfraCdkV1.Tests.Unit.ResourceNamerTests.ResourceNamer_WithDifferentEnvironments_ShouldUseCorrectPrefix(environment: &quot;Development&quot;, expectedPrefix: &quot;dev&quot;)" computerName="kens" duration="00:00:00.0000579" startTime="2025-08-16T15:26:47.7470680-07:00" endTime="2025-08-16T15:26:47.7470680-07:00" testType="13cdc9d9-ddb5-4fa4-a97d-d965ccfc6d4b" outcome="Passed" testListId="8c84fa94-04c1-424b-9868-57a2d4851a1d" relativeResultsDirectory="ccd3d6dc-ccbf-47ac-88c9-1049e7a23e5e" />
    <UnitTestResult executionId="a8181a6f-31ce-4f71-963a-10e8dffbe8a7" testId="1ab9bf40-9adb-cf1e-6328-055735b9fd92" testName="AppInfraCdkV1.Tests.Unit.DeploymentContextTests.ValidateNamingContextWithNullRegionThrowsInvalidOperationException" computerName="kens" duration="00:00:00.0001576" startTime="2025-08-16T15:26:47.7646340-07:00" endTime="2025-08-16T15:26:47.7646340-07:00" testType="13cdc9d9-ddb5-4fa4-a97d-d965ccfc6d4b" outcome="Passed" testListId="8c84fa94-04c1-424b-9868-57a2d4851a1d" relativeResultsDirectory="a8181a6f-31ce-4f71-963a-10e8dffbe8a7" />
    <UnitTestResult executionId="4ce9108c-aedf-451a-aa71-bcbc78e0f106" testId="ade9a49e-e23e-6689-cf4b-5c0ebb97ec9b" testName="AppInfraCdkV1.Tests.Integration.ShowNamesOnlyIntegrationTests.ShowNamesOnly_WithValidEnvironmentAndApp_ExecutesSuccessfully(environment: &quot;Development&quot;, application: &quot;TrialMatch&quot;)" computerName="kens" duration="00:00:00.0987480" startTime="2025-08-16T15:26:48.6766990-07:00" endTime="2025-08-16T15:26:48.6766990-07:00" testType="13cdc9d9-ddb5-4fa4-a97d-d965ccfc6d4b" outcome="Passed" testListId="8c84fa94-04c1-424b-9868-57a2d4851a1d" relativeResultsDirectory="4ce9108c-aedf-451a-aa71-bcbc78e0f106" />
    <UnitTestResult executionId="6da6abfb-2edc-4b29-b22b-dde4c2de6ca9" testId="d2754fc5-e1ad-97df-5360-703b4518ff08" testName="AppInfraCdkV1.Tests.Unit.EnvironmentConfigTests.Name_ShouldAllowSetAndGet" computerName="kens" duration="00:00:00.0000289" startTime="2025-08-16T15:26:47.7684940-07:00" endTime="2025-08-16T15:26:47.7684940-07:00" testType="13cdc9d9-ddb5-4fa4-a97d-d965ccfc6d4b" outcome="Passed" testListId="8c84fa94-04c1-424b-9868-57a2d4851a1d" relativeResultsDirectory="6da6abfb-2edc-4b29-b22b-dde4c2de6ca9" />
    <UnitTestResult executionId="7d6a8d03-1531-4df1-89c5-e83d3c1279eb" testId="62cf86a1-77b2-e5ba-f6aa-085c0cd2dd1c" testName="AppInfraCdkV1.Tests.Unit.ResourceSizingTests.GetSizingForEnvironment_WithProductionAccountType_ShouldReturnProductionSizing(accountType: Production)" computerName="kens" duration="00:00:00.0000580" startTime="2025-08-16T15:26:47.7638370-07:00" endTime="2025-08-16T15:26:47.7638370-07:00" testType="13cdc9d9-ddb5-4fa4-a97d-d965ccfc6d4b" outcome="Passed" testListId="8c84fa94-04c1-424b-9868-57a2d4851a1d" relativeResultsDirectory="7d6a8d03-1531-4df1-89c5-e83d3c1279eb" />
    <UnitTestResult executionId="5e029430-2268-4558-81cb-c6c5db3b88b7" testId="7fb23c69-a8a5-aa03-86be-4550dc1cc406" testName="AppInfraCdkV1.Tests.Unit.DeploymentContextTests.ValidateNamingContextWithValidCombinationsDoesNotThrow(environment: &quot;Production&quot;, application: &quot;TrialFinderV2&quot;, region: &quot;us-east-1&quot;)" computerName="kens" duration="00:00:00.0001271" startTime="2025-08-16T15:26:47.7558430-07:00" endTime="2025-08-16T15:26:47.7558430-07:00" testType="13cdc9d9-ddb5-4fa4-a97d-d965ccfc6d4b" outcome="Passed" testListId="8c84fa94-04c1-424b-9868-57a2d4851a1d" relativeResultsDirectory="5e029430-2268-4558-81cb-c6c5db3b88b7" />
    <UnitTestResult executionId="6c6d7cda-8c6c-47f6-bca1-0409e8c5df42" testId="7235959a-4616-f052-4985-0f0337a8cc59" testName="AppInfraCdkV1.Tests.Unit.SecurityConfigTests.GetSecurityConfigForAccountType_WithProductionAccountType_ShouldReturnProductionConfig" computerName="kens" duration="00:00:00.0000791" startTime="2025-08-16T15:26:47.7514610-07:00" endTime="2025-08-16T15:26:47.7514610-07:00" testType="13cdc9d9-ddb5-4fa4-a97d-d965ccfc6d4b" outcome="Passed" testListId="8c84fa94-04c1-424b-9868-57a2d4851a1d" relativeResultsDirectory="6c6d7cda-8c6c-47f6-bca1-0409e8c5df42" />
    <UnitTestResult executionId="31d2ab8f-f409-4f62-b79f-0b001dcb3fbc" testId="d83f95f7-8c2b-08ad-54a3-1e72983d0562" testName="AppInfraCdkV1.Tests.Integration.ShowNamesOnlyIntegrationTests.ShowNamesOnly_WithValidEnvironmentAndApp_ContainsAccountContext(environment: &quot;Development&quot;, application: &quot;TrialMatch&quot;)" computerName="kens" duration="00:00:00.1106670" startTime="2025-08-16T15:26:48.8821060-07:00" endTime="2025-08-16T15:26:48.8821060-07:00" testType="13cdc9d9-ddb5-4fa4-a97d-d965ccfc6d4b" outcome="Passed" testListId="8c84fa94-04c1-424b-9868-57a2d4851a1d" relativeResultsDirectory="31d2ab8f-f409-4f62-b79f-0b001dcb3fbc" />
    <UnitTestResult executionId="a8a6a154-e99d-4ece-afdd-68c950fd096c" testId="db468e18-8d05-a243-ee25-a7cdf64e56cd" testName="AppInfraCdkV1.Tests.Integration.NamingValidationIntegrationTests.GenerateSecurityGroupNames_WithValidEnvironmentAndApp_ShouldFollowConventions(environment: &quot;Production&quot;, application: &quot;TrialFinderV2&quot;)" computerName="kens" duration="00:00:00.0003106" startTime="2025-08-16T15:26:47.7689810-07:00" endTime="2025-08-16T15:26:47.7689810-07:00" testType="13cdc9d9-ddb5-4fa4-a97d-d965ccfc6d4b" outcome="Passed" testListId="8c84fa94-04c1-424b-9868-57a2d4851a1d" relativeResultsDirectory="a8a6a154-e99d-4ece-afdd-68c950fd096c" />
    <UnitTestResult executionId="f9a0863b-63bb-4e6b-bedc-07d46c11589f" testId="acedbd59-41d0-44dc-19a9-3cfdca0798a8" testName="AppInfraCdkV1.Tests.Unit.DeploymentContextTests.DeploymentIdDefaultValueIsValidFormat" computerName="kens" duration="00:00:00.0004452" startTime="2025-08-16T15:26:47.7552680-07:00" endTime="2025-08-16T15:26:47.7552680-07:00" testType="13cdc9d9-ddb5-4fa4-a97d-d965ccfc6d4b" outcome="Passed" testListId="8c84fa94-04c1-424b-9868-57a2d4851a1d" relativeResultsDirectory="f9a0863b-63bb-4e6b-bedc-07d46c11589f" />
    <UnitTestResult executionId="8989ac31-65a6-4a66-90c2-7dba7c0110b1" testId="cac78efe-6b4a-b7c3-277d-b519fb2d58aa" testName="AppInfraCdkV1.Tests.Unit.TrialMatchConfigTests.GetConfigAllEnvironmentsHaveValidApplicationName" computerName="kens" duration="00:00:00.0000819" startTime="2025-08-16T15:26:47.7525140-07:00" endTime="2025-08-16T15:26:47.7525140-07:00" testType="13cdc9d9-ddb5-4fa4-a97d-d965ccfc6d4b" outcome="Passed" testListId="8c84fa94-04c1-424b-9868-57a2d4851a1d" relativeResultsDirectory="8989ac31-65a6-4a66-90c2-7dba7c0110b1" />
    <UnitTestResult executionId="1dc745d0-ecc7-43e3-a968-f00b9bbc4a8c" testId="60612c2c-347d-0e22-1119-b3d5c7e85b2b" testName="AppInfraCdkV1.Tests.Unit.ResourceSizingTests.GetDevelopmentSizing_ShouldReturnNewInstanceEachTime" computerName="kens" duration="00:00:00.0000190" startTime="2025-08-16T15:26:47.7631110-07:00" endTime="2025-08-16T15:26:47.7631110-07:00" testType="13cdc9d9-ddb5-4fa4-a97d-d965ccfc6d4b" outcome="Passed" testListId="8c84fa94-04c1-424b-9868-57a2d4851a1d" relativeResultsDirectory="1dc745d0-ecc7-43e3-a968-f00b9bbc4a8c" />
    <UnitTestResult executionId="790d23cb-b893-48ce-af84-32e495d2df6d" testId="64bc228b-92b2-6337-d58f-f8b6547dd745" testName="AppInfraCdkV1.Tests.Unit.ResourceNamerTests.ElastiCache_WithPurpose_ShouldGenerateCorrectName(purpose: Cache, expectedString: &quot;cache&quot;)" computerName="kens" duration="00:00:00.0001822" startTime="2025-08-16T15:26:47.7499580-07:00" endTime="2025-08-16T15:26:47.7499580-07:00" testType="13cdc9d9-ddb5-4fa4-a97d-d965ccfc6d4b" outcome="Passed" testListId="8c84fa94-04c1-424b-9868-57a2d4851a1d" relativeResultsDirectory="790d23cb-b893-48ce-af84-32e495d2df6d" />
    <UnitTestResult executionId="84890cd0-3b59-47c7-9fb8-9c2b88418b48" testId="bb0cb526-10fc-2838-cb54-41a1114fb75f" testName="AppInfraCdkV1.Tests.Unit.SecurityConfigTests.CertificateArn_ShouldAllowSetAndGet" computerName="kens" duration="00:00:00.0000946" startTime="2025-08-16T15:26:47.7502790-07:00" endTime="2025-08-16T15:26:47.7502790-07:00" testType="13cdc9d9-ddb5-4fa4-a97d-d965ccfc6d4b" outcome="Passed" testListId="8c84fa94-04c1-424b-9868-57a2d4851a1d" relativeResultsDirectory="84890cd0-3b59-47c7-9fb8-9c2b88418b48" />
    <UnitTestResult executionId="854cd11c-e66c-4353-8d78-006759ca8170" testId="b86fad5b-eca6-b621-778f-3f611cc63715" testName="AppInfraCdkV1.Tests.Integration.ShowNamesOnlyIntegrationTests.ShowNamesOnly_WithValidEnvironmentAndApp_ContainsAccountContext(environment: &quot;Production&quot;, application: &quot;TrialMatch&quot;)" computerName="kens" duration="00:00:00.1127092" startTime="2025-08-16T15:26:48.9961490-07:00" endTime="2025-08-16T15:26:48.9961490-07:00" testType="13cdc9d9-ddb5-4fa4-a97d-d965ccfc6d4b" outcome="Failed" testListId="8c84fa94-04c1-424b-9868-57a2d4851a1d" relativeResultsDirectory="854cd11c-e66c-4353-8d78-006759ca8170">
      <Output>
        <ErrorInfo>
          <Message>Shouldly.ShouldAssertException : result.StandardOutput&#xD;
    should contain (case insensitive comparison)&#xD;
"Environment: Production"&#xD;
    but was actually&#xD;
"\ud83d\ude80 Starting CDK deployment for TrialFinderV2 in Development
\ud83d\udd0d Validating naming conventions...
✅ Na..."</Message>
          <StackTrace>   at AppInfraCdkV1.Tests.Integration.ShowNamesOnlyIntegrationTests.ShowNamesOnly_WithValidEnvironmentAndApp_ContainsAccountContext(String environment, String application) in /Users/ken/code/AppInfraCdkV1/AppInfraCdkV1.Tests/Integration/ShowNamesOnlyIntegrationTests.cs:line 141
   at System.Runtime.ExceptionServices.ExceptionDispatchInfo.Throw()
   at System.Runtime.CompilerServices.TaskAwaiter.ThrowForNonSuccess(Task task)
   at System.Runtime.CompilerServices.TaskAwaiter.HandleNonSuccessAndDebuggerNotification(Task task, ConfigureAwaitOptions options)
--- End of stack trace from previous location ---
   at System.Runtime.ExceptionServices.ExceptionDispatchInfo.Throw()
   at System.Runtime.CompilerServices.TaskAwaiter.ThrowForNonSuccess(Task task)
   at System.Runtime.CompilerServices.TaskAwaiter.HandleNonSuccessAndDebuggerNotification(Task task, ConfigureAwaitOptions options)
   at System.Runtime.ExceptionServices.ExceptionDispatchInfo.Throw()
   at System.Runtime.CompilerServices.TaskAwaiter.ThrowForNonSuccess(Task task)
   at System.Runtime.CompilerServices.TaskAwaiter.HandleNonSuccessAndDebuggerNotification(Task task, ConfigureAwaitOptions options)</StackTrace>
        </ErrorInfo>
      </Output>
    </UnitTestResult>
    <UnitTestResult executionId="bac45024-ba95-4fd8-bf37-30d6ba7739c4" testId="56eaa9d2-85dc-f84e-7f69-850d6c9f438a" testName="AppInfraCdkV1.Tests.Unit.ConfigurationLoaderTests.ValidateConfiguration_WithMissingTaskDefinitionName_ShouldThrow" computerName="kens" duration="00:00:00.0003582" startTime="2025-08-16T15:26:47.7558760-07:00" endTime="2025-08-16T15:26:47.7558760-07:00" testType="13cdc9d9-ddb5-4fa4-a97d-d965ccfc6d4b" outcome="Passed" testListId="8c84fa94-04c1-424b-9868-57a2d4851a1d" relativeResultsDirectory="bac45024-ba95-4fd8-bf37-30d6ba7739c4" />
    <UnitTestResult executionId="97ad8307-9464-411c-b20a-f9d45f8408bd" testId="45c60a14-5b7f-354d-7271-0f46d0e5819e" testName="AppInfraCdkV1.Tests.Unit.ResourceNamerTests.SqsQueue_WithPurpose_ShouldGenerateCorrectName" computerName="kens" duration="00:00:00.0005254" startTime="2025-08-16T15:26:47.7496150-07:00" endTime="2025-08-16T15:26:47.7496150-07:00" testType="13cdc9d9-ddb5-4fa4-a97d-d965ccfc6d4b" outcome="Passed" testListId="8c84fa94-04c1-424b-9868-57a2d4851a1d" relativeResultsDirectory="97ad8307-9464-411c-b20a-f9d45f8408bd" />
    <UnitTestResult executionId="0ab7a6a4-42b7-4f2d-a169-9912dbcb5b3e" testId="d18da01c-4b7d-b825-db96-868414c2e547" testName="AppInfraCdkV1.Tests.Unit.NamingConventionTests.RegisterEnvironmentWithDuplicateEnvironmentThrowsInvalidOperationException" computerName="kens" duration="00:00:00.0008503" startTime="2025-08-16T15:26:47.7624660-07:00" endTime="2025-08-16T15:26:47.7624660-07:00" testType="13cdc9d9-ddb5-4fa4-a97d-d965ccfc6d4b" outcome="Passed" testListId="8c84fa94-04c1-424b-9868-57a2d4851a1d" relativeResultsDirectory="0ab7a6a4-42b7-4f2d-a169-9912dbcb5b3e" />
    <UnitTestResult executionId="10794dc9-9c58-43cf-8d82-5359e04c7a8a" testId="9f1887ce-7fb4-69c1-87bc-39a9c872e2fc" testName="AppInfraCdkV1.Tests.Unit.ConfigurationModelsTests.ContainerDefinitionConfig_WithValidData_ShouldCreateInstance" computerName="kens" duration="00:00:00.0102140" startTime="2025-08-16T15:26:47.7515860-07:00" endTime="2025-08-16T15:26:47.7515860-07:00" testType="13cdc9d9-ddb5-4fa4-a97d-d965ccfc6d4b" outcome="Passed" testListId="8c84fa94-04c1-424b-9868-57a2d4851a1d" relativeResultsDirectory="10794dc9-9c58-43cf-8d82-5359e04c7a8a" />
    <UnitTestResult executionId="7283b2d0-60f1-400c-85d4-63f47b385214" testId="4aa926d0-ca88-6164-34e1-b01a33f3269a" testName="AppInfraCdkV1.Tests.Unit.TrialMatchConfigTests.GetConfigWithDevelopmentEnvironmentReturnsDevelopmentConfig(environment: &quot;Development&quot;)" computerName="kens" duration="00:00:00.0000898" startTime="2025-08-16T15:26:47.7504850-07:00" endTime="2025-08-16T15:26:47.7504850-07:00" testType="13cdc9d9-ddb5-4fa4-a97d-d965ccfc6d4b" outcome="Passed" testListId="8c84fa94-04c1-424b-9868-57a2d4851a1d" relativeResultsDirectory="7283b2d0-60f1-400c-85d4-63f47b385214" />
    <UnitTestResult executionId="a0540f1c-891b-464f-9ba9-cec8207de73c" testId="ad3ddcac-61d4-3d1a-5ba7-0e2a68569afa" testName="AppInfraCdkV1.Tests.Unit.ConfigurationModelsTests.ContainerDefinitionConfig_WithPortMappings_ShouldIncludePortMappings" computerName="kens" duration="00:00:00.0487361" startTime="2025-08-16T15:26:47.7445700-07:00" endTime="2025-08-16T15:26:47.7445700-07:00" testType="13cdc9d9-ddb5-4fa4-a97d-d965ccfc6d4b" outcome="Passed" testListId="8c84fa94-04c1-424b-9868-57a2d4851a1d" relativeResultsDirectory="a0540f1c-891b-464f-9ba9-cec8207de73c" />
    <UnitTestResult executionId="d1076453-a6ad-4eac-a999-de7244169c2e" testId="e2a0e180-3d67-27b1-e52a-12a61e88dd56" testName="AppInfraCdkV1.Tests.Unit.NamingConventionTests.GetEnvironmentPrefixWithValidEnvironmentReturnsCorrectPrefix(environment: &quot;Staging&quot;, expectedPrefix: &quot;stg&quot;)" computerName="kens" duration="00:00:00.0000225" startTime="2025-08-16T15:26:47.7506710-07:00" endTime="2025-08-16T15:26:47.7506710-07:00" testType="13cdc9d9-ddb5-4fa4-a97d-d965ccfc6d4b" outcome="Passed" testListId="8c84fa94-04c1-424b-9868-57a2d4851a1d" relativeResultsDirectory="d1076453-a6ad-4eac-a999-de7244169c2e" />
    <UnitTestResult executionId="b4866204-4dfc-4c7f-91e5-1dd82267586b" testId="2cb036d8-796f-0387-6ff4-3a5cd293cc4f" testName="AppInfraCdkV1.Tests.Unit.TrialFinderV2ConfigTests.GetConfigWithProductionConfiguresProductionSettings" computerName="kens" duration="00:00:00.0001098" startTime="2025-08-16T15:26:47.7546730-07:00" endTime="2025-08-16T15:26:47.7546730-07:00" testType="13cdc9d9-ddb5-4fa4-a97d-d965ccfc6d4b" outcome="Passed" testListId="8c84fa94-04c1-424b-9868-57a2d4851a1d" relativeResultsDirectory="b4866204-4dfc-4c7f-91e5-1dd82267586b" />
    <UnitTestResult executionId="66a19d25-a683-41df-8606-cae79abce05c" testId="98f20855-3a5e-5ae4-bbe6-7d151b4cea58" testName="AppInfraCdkV1.Tests.Unit.ConfigurationLoaderTests.ValidateConfiguration_WithDuplicateContainerNames_ShouldThrow" computerName="kens" duration="00:00:00.0006127" startTime="2025-08-16T15:26:47.7928610-07:00" endTime="2025-08-16T15:26:47.7928610-07:00" testType="13cdc9d9-ddb5-4fa4-a97d-d965ccfc6d4b" outcome="Passed" testListId="8c84fa94-04c1-424b-9868-57a2d4851a1d" relativeResultsDirectory="66a19d25-a683-41df-8606-cae79abce05c" />
    <UnitTestResult executionId="8bb51afa-69f0-4870-8874-b8d8554cb69d" testId="4038986b-74f8-b7ec-b95c-df155c9647a6" testName="AppInfraCdkV1.Tests.Integration.NamingValidationIntegrationTests.GenerateIamRoleNames_WithValidEnvironmentAndApp_ShouldFollowConventions(environment: &quot;Development&quot;, application: &quot;TrialMatch&quot;)" computerName="kens" duration="00:00:00.0001525" startTime="2025-08-16T15:26:47.7655630-07:00" endTime="2025-08-16T15:26:47.7655640-07:00" testType="13cdc9d9-ddb5-4fa4-a97d-d965ccfc6d4b" outcome="Passed" testListId="8c84fa94-04c1-424b-9868-57a2d4851a1d" relativeResultsDirectory="8bb51afa-69f0-4870-8874-b8d8554cb69d" />
    <UnitTestResult executionId="2e94a0b3-6d3a-4d9d-8f88-b26e9a96e723" testId="ef6bc487-f8ae-8e30-63bd-f5232b6588eb" testName="AppInfraCdkV1.Tests.Unit.ResourceSizingTests.Constructor_ShouldCreateInstanceSuccessfully" computerName="kens" duration="00:00:00.0000208" startTime="2025-08-16T15:26:47.7630950-07:00" endTime="2025-08-16T15:26:47.7630950-07:00" testType="13cdc9d9-ddb5-4fa4-a97d-d965ccfc6d4b" outcome="Passed" testListId="8c84fa94-04c1-424b-9868-57a2d4851a1d" relativeResultsDirectory="2e94a0b3-6d3a-4d9d-8f88-b26e9a96e723" />
    <UnitTestResult executionId="ec8c37a6-98b0-4f0b-9b90-dfec6525b002" testId="3a468aa5-a7e3-7a41-2ecc-e7d9591d7e44" testName="AppInfraCdkV1.Tests.Unit.ResourceNamerTests.ParameterStore_WithPurpose_ShouldGenerateCorrectName" computerName="kens" duration="00:00:00.0000620" startTime="2025-08-16T15:26:47.7468430-07:00" endTime="2025-08-16T15:26:47.7468430-07:00" testType="13cdc9d9-ddb5-4fa4-a97d-d965ccfc6d4b" outcome="Passed" testListId="8c84fa94-04c1-424b-9868-57a2d4851a1d" relativeResultsDirectory="ec8c37a6-98b0-4f0b-9b90-dfec6525b002" />
    <UnitTestResult executionId="2c2f84c4-75c2-4e0c-b440-196b479ee0ea" testId="5b1feb91-cd9e-0848-2667-3953ff9352cf" testName="AppInfraCdkV1.Tests.Unit.NamingConventionTests.GenerateVpcNameWithDefaultPurposeReturnsCorrectFormat" computerName="kens" duration="00:00:00.0001118" startTime="2025-08-16T15:26:47.7610620-07:00" endTime="2025-08-16T15:26:47.7610620-07:00" testType="13cdc9d9-ddb5-4fa4-a97d-d965ccfc6d4b" outcome="Passed" testListId="8c84fa94-04c1-424b-9868-57a2d4851a1d" relativeResultsDirectory="2c2f84c4-75c2-4e0c-b440-196b479ee0ea" />
    <UnitTestResult executionId="f08640e4-d66c-4e25-a165-4e74275a0448" testId="77e9e6b7-c520-3b5f-369c-4aea428d6576" testName="AppInfraCdkV1.Tests.Unit.ResourceNamerTests.IamRole_WithPurpose_ShouldGenerateCorrectName" computerName="kens" duration="00:00:00.0001092" startTime="2025-08-16T15:26:47.7497590-07:00" endTime="2025-08-16T15:26:47.7497590-07:00" testType="13cdc9d9-ddb5-4fa4-a97d-d965ccfc6d4b" outcome="Passed" testListId="8c84fa94-04c1-424b-9868-57a2d4851a1d" relativeResultsDirectory="f08640e4-d66c-4e25-a165-4e74275a0448" />
    <UnitTestResult executionId="0df1eae9-a07d-4de7-af14-090cfdc2d68d" testId="a4bf2b2b-7438-1545-ee07-2a389648c312" testName="AppInfraCdkV1.Tests.Integration.ShowNamesOnlyIntegrationTests.ShowNamesOnly_GeneratesCorrectNamingPrefix(environment: &quot;Production&quot;, application: &quot;TrialFinderV2&quot;, expectedPrefix: &quot;prod&quot;)" computerName="kens" duration="00:00:00.1105837" startTime="2025-08-16T15:26:50.2205840-07:00" endTime="2025-08-16T15:26:50.2205840-07:00" testType="13cdc9d9-ddb5-4fa4-a97d-d965ccfc6d4b" outcome="Failed" testListId="8c84fa94-04c1-424b-9868-57a2d4851a1d" relativeResultsDirectory="0df1eae9-a07d-4de7-af14-090cfdc2d68d">
      <Output>
        <ErrorInfo>
          <Message>Shouldly.ShouldAssertException : result.StandardOutput&#xD;
    should contain (case insensitive comparison)&#xD;
"prod-tfv2-"&#xD;
    but was actually&#xD;
"\ud83d\ude80 Starting CDK deployment for TrialFinderV2 in Development
\ud83d\udd0d Validating naming conventions...
✅ Na..."</Message>
          <StackTrace>   at AppInfraCdkV1.Tests.Integration.ShowNamesOnlyIntegrationTests.ShowNamesOnly_GeneratesCorrectNamingPrefix(String environment, String application, String expectedPrefix) in /Users/ken/code/AppInfraCdkV1/AppInfraCdkV1.Tests/Integration/ShowNamesOnlyIntegrationTests.cs:line 218
   at System.Runtime.ExceptionServices.ExceptionDispatchInfo.Throw()
   at System.Runtime.CompilerServices.TaskAwaiter.ThrowForNonSuccess(Task task)
   at System.Runtime.CompilerServices.TaskAwaiter.HandleNonSuccessAndDebuggerNotification(Task task, ConfigureAwaitOptions options)
--- End of stack trace from previous location ---
   at System.Runtime.ExceptionServices.ExceptionDispatchInfo.Throw()
   at System.Runtime.CompilerServices.TaskAwaiter.ThrowForNonSuccess(Task task)
   at System.Runtime.CompilerServices.TaskAwaiter.HandleNonSuccessAndDebuggerNotification(Task task, ConfigureAwaitOptions options)
   at System.Runtime.ExceptionServices.ExceptionDispatchInfo.Throw()
   at System.Runtime.CompilerServices.TaskAwaiter.ThrowForNonSuccess(Task task)
   at System.Runtime.CompilerServices.TaskAwaiter.HandleNonSuccessAndDebuggerNotification(Task task, ConfigureAwaitOptions options)</StackTrace>
        </ErrorInfo>
      </Output>
    </UnitTestResult>
    <UnitTestResult executionId="b2b57c78-4c6a-42fc-a2aa-c938e51e671c" testId="157e30f7-9b9f-3e5a-ad00-030612e79754" testName="AppInfraCdkV1.Tests.Unit.NamingConventionTests.GetRegionCodeWithValidRegionReturnsCorrectCode(region: &quot;us-west-2&quot;, expectedCode: &quot;uw2&quot;)" computerName="kens" duration="00:00:00.0000317" startTime="2025-08-16T15:26:47.7617940-07:00" endTime="2025-08-16T15:26:47.7617940-07:00" testType="13cdc9d9-ddb5-4fa4-a97d-d965ccfc6d4b" outcome="Passed" testListId="8c84fa94-04c1-424b-9868-57a2d4851a1d" relativeResultsDirectory="b2b57c78-4c6a-42fc-a2aa-c938e51e671c" />
    <UnitTestResult executionId="44e050d2-9a19-45e0-b5de-a00c022e002e" testId="bbf8ecf0-fce8-ad05-8ade-7aa98fcac370" testName="AppInfraCdkV1.Tests.Unit.DeploymentContextTests.GetCommonTagsWithEmptyEnvironmentTagsReturnsSystemTagsOnly" computerName="kens" duration="00:00:00.0000722" startTime="2025-08-16T15:26:47.7644580-07:00" endTime="2025-08-16T15:26:47.7644580-07:00" testType="13cdc9d9-ddb5-4fa4-a97d-d965ccfc6d4b" outcome="Passed" testListId="8c84fa94-04c1-424b-9868-57a2d4851a1d" relativeResultsDirectory="44e050d2-9a19-45e0-b5de-a00c022e002e" />
    <UnitTestResult executionId="91dad776-a72e-4d1e-ac26-df9caab82579" testId="e91af2b2-2c57-ad3c-fc36-5d5d4e055b36" testName="AppInfraCdkV1.Tests.Unit.TrialFinderEcrImageTests.EcrRepository_ShouldBeAccessible_ForImageChecking" computerName="kens" duration="00:00:00.0000839" startTime="2025-08-16T15:26:47.7531850-07:00" endTime="2025-08-16T15:26:47.7531850-07:00" testType="13cdc9d9-ddb5-4fa4-a97d-d965ccfc6d4b" outcome="Passed" testListId="8c84fa94-04c1-424b-9868-57a2d4851a1d" relativeResultsDirectory="91dad776-a72e-4d1e-ac26-df9caab82579" />
    <UnitTestResult executionId="94aed83b-f6b5-4a72-882e-ef61f145cf90" testId="3a7c713b-ac80-8a94-5df1-4d7e0fbad90e" testName="AppInfraCdkV1.Tests.Unit.TrialMatchConfigurationLoaderTests.ValidateConfiguration_WithPortExceedingMaxValue_ShouldThrow" computerName="kens" duration="00:00:00.0014557" startTime="2025-08-16T15:26:47.7445510-07:00" endTime="2025-08-16T15:26:47.7445510-07:00" testType="13cdc9d9-ddb5-4fa4-a97d-d965ccfc6d4b" outcome="Passed" testListId="8c84fa94-04c1-424b-9868-57a2d4851a1d" relativeResultsDirectory="94aed83b-f6b5-4a72-882e-ef61f145cf90" />
    <UnitTestResult executionId="0b6314c2-7235-4b8f-83f8-cc5269ad65b8" testId="8f00163d-e523-020e-f008-385c43545d01" testName="AppInfraCdkV1.Tests.Unit.NamingConventionTests.RegisterApplicationWithDuplicateApplicationThrowsInvalidOperationException" computerName="kens" duration="00:00:00.0009875" startTime="2025-08-16T15:26:47.7615930-07:00" endTime="2025-08-16T15:26:47.7615930-07:00" testType="13cdc9d9-ddb5-4fa4-a97d-d965ccfc6d4b" outcome="Passed" testListId="8c84fa94-04c1-424b-9868-57a2d4851a1d" relativeResultsDirectory="0b6314c2-7235-4b8f-83f8-cc5269ad65b8" />
    <UnitTestResult executionId="5d5e8595-e6bb-4994-8dfd-96fd843c3bd0" testId="22b327aa-d9f7-6359-d929-cfcf0c6f2e82" testName="AppInfraCdkV1.Tests.Unit.DeploymentContextTests.NamerConcurrentAccessReturnsSameInstance" computerName="kens" duration="00:00:00.0016577" startTime="2025-08-16T15:26:47.7632640-07:00" endTime="2025-08-16T15:26:47.7632640-07:00" testType="13cdc9d9-ddb5-4fa4-a97d-d965ccfc6d4b" outcome="Passed" testListId="8c84fa94-04c1-424b-9868-57a2d4851a1d" relativeResultsDirectory="5d5e8595-e6bb-4994-8dfd-96fd843c3bd0" />
    <UnitTestResult executionId="31cba622-2a8e-46dc-bb0e-69231d6c17f2" testId="fd21b23e-b65a-72fa-abc9-2657d2f4a0c9" testName="AppInfraCdkV1.Tests.Integration.NamingValidationIntegrationTests.ValidateAwsLimits_WithValidEnvironmentAndApp_ShouldRespectLimits(environment: &quot;Development&quot;, application: &quot;TrialFinderV2&quot;)" computerName="kens" duration="00:00:00.0002077" startTime="2025-08-16T15:26:47.7673770-07:00" endTime="2025-08-16T15:26:47.7673770-07:00" testType="13cdc9d9-ddb5-4fa4-a97d-d965ccfc6d4b" outcome="Passed" testListId="8c84fa94-04c1-424b-9868-57a2d4851a1d" relativeResultsDirectory="31cba622-2a8e-46dc-bb0e-69231d6c17f2" />
    <UnitTestResult executionId="81be2b73-22c9-4e86-a7a2-689204d0b8a0" testId="b79d3636-bfeb-ad69-d009-a91a1e67ffe1" testName="AppInfraCdkV1.Tests.Unit.ConfigurationLoaderTests.ValidateConfiguration_WithSecrets_ShouldNotThrow" computerName="kens" duration="00:00:00.0001207" startTime="2025-08-16T15:26:47.7932570-07:00" endTime="2025-08-16T15:26:47.7932570-07:00" testType="13cdc9d9-ddb5-4fa4-a97d-d965ccfc6d4b" outcome="Passed" testListId="8c84fa94-04c1-424b-9868-57a2d4851a1d" relativeResultsDirectory="81be2b73-22c9-4e86-a7a2-689204d0b8a0" />
    <UnitTestResult executionId="32782dff-628f-4106-b6f1-db8c7959838e" testId="263276bf-d01d-53a8-8c21-0dc08e7a3fe9" testName="AppInfraCdkV1.Tests.Unit.EnvironmentConfigTests.EnvironmentConfig_ShouldAcceptVariousValidValues(name: &quot;Staging&quot;, accountId: &quot;555666777888&quot;, region: &quot;us-east-2&quot;, accountType: Production)" computerName="kens" duration="00:00:00.0000166" startTime="2025-08-16T15:26:47.7679020-07:00" endTime="2025-08-16T15:26:47.7679020-07:00" testType="13cdc9d9-ddb5-4fa4-a97d-d965ccfc6d4b" outcome="Passed" testListId="8c84fa94-04c1-424b-9868-57a2d4851a1d" relativeResultsDirectory="32782dff-628f-4106-b6f1-db8c7959838e" />
    <UnitTestResult executionId="4742d4b8-3e19-4d34-8cff-6c31629aa0e3" testId="4bfc2f27-f671-28e1-e80d-aed397b42d89" testName="AppInfraCdkV1.Tests.Unit.DeploymentContextTests.EnvironmentPropertySetterAssignsValue" computerName="kens" duration="00:00:00.0000554" startTime="2025-08-16T15:26:47.7640390-07:00" endTime="2025-08-16T15:26:47.7640400-07:00" testType="13cdc9d9-ddb5-4fa4-a97d-d965ccfc6d4b" outcome="Passed" testListId="8c84fa94-04c1-424b-9868-57a2d4851a1d" relativeResultsDirectory="4742d4b8-3e19-4d34-8cff-6c31629aa0e3" />
    <UnitTestResult executionId="2893c188-6bae-4dfd-ad10-86a776c5db7d" testId="14232363-2d1a-2c87-2b86-2dc787c040a0" testName="AppInfraCdkV1.Tests.Unit.ResourceNamerTests.LogGroup_WithServiceTypeAndPurpose_ShouldGenerateCorrectName" computerName="kens" duration="00:00:00.0002808" startTime="2025-08-16T15:26:47.7502110-07:00" endTime="2025-08-16T15:26:47.7502110-07:00" testType="13cdc9d9-ddb5-4fa4-a97d-d965ccfc6d4b" outcome="Passed" testListId="8c84fa94-04c1-424b-9868-57a2d4851a1d" relativeResultsDirectory="2893c188-6bae-4dfd-ad10-86a776c5db7d" />
    <UnitTestResult executionId="c972c87a-bbc9-4484-8286-6046ea9cd310" testId="7de0ecc3-6494-9b84-39ad-8950d6363b1d" testName="AppInfraCdkV1.Tests.Unit.TrialMatchConfigTests.GetConfigEnvironmentOverridesConfiguresEnhancedMonitoring(environment: &quot;Staging&quot;, expectedAccountType: Production, expectedMonitoring: True)" computerName="kens" duration="00:00:00.0001883" startTime="2025-08-16T15:26:47.7497360-07:00" endTime="2025-08-16T15:26:47.7497360-07:00" testType="13cdc9d9-ddb5-4fa4-a97d-d965ccfc6d4b" outcome="Passed" testListId="8c84fa94-04c1-424b-9868-57a2d4851a1d" relativeResultsDirectory="c972c87a-bbc9-4484-8286-6046ea9cd310" />
    <UnitTestResult executionId="77340d51-a36e-4643-b7e3-d50d58fb237e" testId="1d496b7f-4d85-3442-baf6-746eab3f3ae6" testName="AppInfraCdkV1.Tests.Unit.DeploymentContextTests.ValidateNamingContextWithNullApplicationNameThrowsInvalidOperationException" computerName="kens" duration="00:00:00.0002765" startTime="2025-08-16T15:26:47.7611220-07:00" endTime="2025-08-16T15:26:47.7611220-07:00" testType="13cdc9d9-ddb5-4fa4-a97d-d965ccfc6d4b" outcome="Passed" testListId="8c84fa94-04c1-424b-9868-57a2d4851a1d" relativeResultsDirectory="77340d51-a36e-4643-b7e3-d50d58fb237e" />
    <UnitTestResult executionId="8aa4cd29-d06a-4307-96db-28cd1ced3b0f" testId="2e55ef14-5b70-b014-46b6-8b165bbaa379" testName="AppInfraCdkV1.Tests.Unit.ResourceSizingTests.GetProductionSizing_ShouldReturnNewInstanceEachTime" computerName="kens" duration="00:00:00.0001721" startTime="2025-08-16T15:26:47.7637410-07:00" endTime="2025-08-16T15:26:47.7637410-07:00" testType="13cdc9d9-ddb5-4fa4-a97d-d965ccfc6d4b" outcome="Passed" testListId="8c84fa94-04c1-424b-9868-57a2d4851a1d" relativeResultsDirectory="8aa4cd29-d06a-4307-96db-28cd1ced3b0f" />
    <UnitTestResult executionId="c0bdebb9-d630-48a3-b705-6287bf99a8d4" testId="29af7ac2-2490-ac69-a8cd-d994a32a59ab" testName="AppInfraCdkV1.Tests.Unit.SecurityConfigTests.SecurityConfig_ShouldHandleNullAllowedCidrBlocksAssignment" computerName="kens" duration="00:00:00.0001089" startTime="2025-08-16T15:26:47.7503130-07:00" endTime="2025-08-16T15:26:47.7503130-07:00" testType="13cdc9d9-ddb5-4fa4-a97d-d965ccfc6d4b" outcome="Passed" testListId="8c84fa94-04c1-424b-9868-57a2d4851a1d" relativeResultsDirectory="c0bdebb9-d630-48a3-b705-6287bf99a8d4" />
    <UnitTestResult executionId="e6d87ab6-8877-4608-bde0-ce5f21e83460" testId="51c94613-48c1-18e9-52e3-e737394a365a" testName="AppInfraCdkV1.Tests.Unit.TrialMatchConfigTests.GetConfigEnvironmentOverridesConfiguresEnhancedMonitoring(environment: &quot;Production&quot;, expectedAccountType: Production, expectedMonitoring: True)" computerName="kens" duration="00:00:00.0000113" startTime="2025-08-16T15:26:47.7497500-07:00" endTime="2025-08-16T15:26:47.7497500-07:00" testType="13cdc9d9-ddb5-4fa4-a97d-d965ccfc6d4b" outcome="Passed" testListId="8c84fa94-04c1-424b-9868-57a2d4851a1d" relativeResultsDirectory="e6d87ab6-8877-4608-bde0-ce5f21e83460" />
    <UnitTestResult executionId="c0bb5a1e-3b0b-45ac-9528-d1ff761f394c" testId="7cef259f-84a2-33c2-3755-0729e8348c11" testName="AppInfraCdkV1.Tests.Unit.ResourceNamerTests.SnsTopics_WithPurpose_ShouldGenerateCorrectName" computerName="kens" duration="00:00:00.0001065" startTime="2025-08-16T15:26:47.7493200-07:00" endTime="2025-08-16T15:26:47.7493200-07:00" testType="13cdc9d9-ddb5-4fa4-a97d-d965ccfc6d4b" outcome="Passed" testListId="8c84fa94-04c1-424b-9868-57a2d4851a1d" relativeResultsDirectory="c0bb5a1e-3b0b-45ac-9528-d1ff761f394c" />
    <UnitTestResult executionId="4cd4fb6a-23ec-46be-9f31-923e1d790fe5" testId="b5350439-f92c-7842-9b0a-fc7a7f730339" testName="AppInfraCdkV1.Tests.Unit.TrialMatchConfigurationLoaderTests.ValidateConfiguration_WithDuplicateContainerNames_ShouldThrow" computerName="kens" duration="00:00:00.0001870" startTime="2025-08-16T15:26:47.7936350-07:00" endTime="2025-08-16T15:26:47.7936350-07:00" testType="13cdc9d9-ddb5-4fa4-a97d-d965ccfc6d4b" outcome="Passed" testListId="8c84fa94-04c1-424b-9868-57a2d4851a1d" relativeResultsDirectory="4cd4fb6a-23ec-46be-9f31-923e1d790fe5" />
    <UnitTestResult executionId="549e7d65-5162-4c4b-95b1-140ac27e07c0" testId="2c066e57-11f3-e106-95c4-cea91f6b3c9d" testName="AppInfraCdkV1.Tests.Unit.EnvironmentConfigTests.GetAccountSiblingEnvironments_ShouldCallNamingConvention" computerName="kens" duration="00:00:00.0123842" startTime="2025-08-16T15:26:47.7562880-07:00" endTime="2025-08-16T15:26:47.7562880-07:00" testType="13cdc9d9-ddb5-4fa4-a97d-d965ccfc6d4b" outcome="Passed" testListId="8c84fa94-04c1-424b-9868-57a2d4851a1d" relativeResultsDirectory="549e7d65-5162-4c4b-95b1-140ac27e07c0" />
    <UnitTestResult executionId="4962a0ad-fdac-471b-8b91-6c003617e9af" testId="904da68a-0ee6-0965-ae91-0b0a49902b4c" testName="AppInfraCdkV1.Tests.Unit.ConfigurationLoaderTests.GetConfig_WithStagingEnvironment_ShouldSupportCognitoResources" computerName="kens" duration="00:00:00.0001864" startTime="2025-08-16T15:26:47.7557640-07:00" endTime="2025-08-16T15:26:47.7557640-07:00" testType="13cdc9d9-ddb5-4fa4-a97d-d965ccfc6d4b" outcome="Passed" testListId="8c84fa94-04c1-424b-9868-57a2d4851a1d" relativeResultsDirectory="4962a0ad-fdac-471b-8b91-6c003617e9af" />
    <UnitTestResult executionId="bb5e04a7-caa9-4149-b917-3fe6a5d6de33" testId="36c72acc-3940-d399-93ee-a018b640f8ae" testName="AppInfraCdkV1.Tests.Integration.ShowNamesOnlyIntegrationTests.ShowNamesOnly_WithValidEnvironmentAndApp_ContainsExpectedResourceNames(environment: &quot;Production&quot;, application: &quot;TrialMatch&quot;)" computerName="kens" duration="00:00:00.0935278" startTime="2025-08-16T15:26:49.7414490-07:00" endTime="2025-08-16T15:26:49.7414490-07:00" testType="13cdc9d9-ddb5-4fa4-a97d-d965ccfc6d4b" outcome="Failed" testListId="8c84fa94-04c1-424b-9868-57a2d4851a1d" relativeResultsDirectory="bb5e04a7-caa9-4149-b917-3fe6a5d6de33">
      <Output>
        <ErrorInfo>
          <Message>Shouldly.ShouldAssertException : result.StandardOutput&#xD;
    should contain (case insensitive comparison)&#xD;
"API Service:"&#xD;
    but was actually&#xD;
"\ud83d\ude80 Starting CDK deployment for TrialFinderV2 in Development
\ud83d\udd0d Validating naming conventions...
✅ Na..."</Message>
          <StackTrace>   at AppInfraCdkV1.Tests.Integration.ShowNamesOnlyIntegrationTests.ShowNamesOnly_WithValidEnvironmentAndApp_ContainsExpectedResourceNames(String environment, String application) in /Users/ken/code/AppInfraCdkV1/AppInfraCdkV1.Tests/Integration/ShowNamesOnlyIntegrationTests.cs:line 93
   at System.Runtime.ExceptionServices.ExceptionDispatchInfo.Throw()
   at System.Runtime.CompilerServices.TaskAwaiter.ThrowForNonSuccess(Task task)
   at System.Runtime.CompilerServices.TaskAwaiter.HandleNonSuccessAndDebuggerNotification(Task task, ConfigureAwaitOptions options)
--- End of stack trace from previous location ---
   at System.Runtime.ExceptionServices.ExceptionDispatchInfo.Throw()
   at System.Runtime.CompilerServices.TaskAwaiter.ThrowForNonSuccess(Task task)
   at System.Runtime.CompilerServices.TaskAwaiter.HandleNonSuccessAndDebuggerNotification(Task task, ConfigureAwaitOptions options)
   at System.Runtime.ExceptionServices.ExceptionDispatchInfo.Throw()
   at System.Runtime.CompilerServices.TaskAwaiter.ThrowForNonSuccess(Task task)
   at System.Runtime.CompilerServices.TaskAwaiter.HandleNonSuccessAndDebuggerNotification(Task task, ConfigureAwaitOptions options)</StackTrace>
        </ErrorInfo>
      </Output>
    </UnitTestResult>
    <UnitTestResult executionId="9faaea8c-425d-4709-95d0-ad5b9249fb9e" testId="6a37bb1e-bfb7-486b-ed4d-20ebe0d184e4" testName="AppInfraCdkV1.Tests.Unit.TrialMatchConfigurationLoaderTests.ValidateConfiguration_WithSecrets_ShouldNotThrow" computerName="kens" duration="00:00:00.0426264" startTime="2025-08-16T15:26:47.7148350-07:00" endTime="2025-08-16T15:26:47.7148520-07:00" testType="13cdc9d9-ddb5-4fa4-a97d-d965ccfc6d4b" outcome="Passed" testListId="8c84fa94-04c1-424b-9868-57a2d4851a1d" relativeResultsDirectory="9faaea8c-425d-4709-95d0-ad5b9249fb9e" />
    <UnitTestResult executionId="2228edc7-bce4-4336-b39e-a2f6f4e5b09c" testId="badd024c-2b63-31cb-6f95-52d7ee68a56b" testName="AppInfraCdkV1.Tests.Integration.NamingValidationIntegrationTests.ValidateNamingConventions_WithValidEnvironmentAndApp_ShouldSucceed(environment: &quot;Development&quot;, application: &quot;TrialMatch&quot;)" computerName="kens" duration="00:00:00.0008514" startTime="2025-08-16T15:26:47.7672370-07:00" endTime="2025-08-16T15:26:47.7672370-07:00" testType="13cdc9d9-ddb5-4fa4-a97d-d965ccfc6d4b" outcome="Passed" testListId="8c84fa94-04c1-424b-9868-57a2d4851a1d" relativeResultsDirectory="2228edc7-bce4-4336-b39e-a2f6f4e5b09c" />
    <UnitTestResult executionId="ba4a31b3-3751-4768-aa99-754db71dd79a" testId="00702a5c-632e-8f8b-cd49-5d1561b7a48a" testName="AppInfraCdkV1.Tests.Unit.EnvironmentConfigTests.IsProd_ShouldMatchIsProductionClass" computerName="kens" duration="00:00:00.0026480" startTime="2025-08-16T15:26:47.7466480-07:00" endTime="2025-08-16T15:26:47.7466480-07:00" testType="13cdc9d9-ddb5-4fa4-a97d-d965ccfc6d4b" outcome="Passed" testListId="8c84fa94-04c1-424b-9868-57a2d4851a1d" relativeResultsDirectory="ba4a31b3-3751-4768-aa99-754db71dd79a" />
    <UnitTestResult executionId="24afd801-e98c-4e9f-8026-5fd13a3ae639" testId="77ba3fd0-2f65-064d-333b-1f0fab113ce4" testName="AppInfraCdkV1.Tests.Unit.EnvironmentConfigTests.ToAwsEnvironment_ShouldReturnCorrectCdkEnvironment" computerName="kens" duration="00:00:00.0000911" startTime="2025-08-16T15:26:47.7679760-07:00" endTime="2025-08-16T15:26:47.7679760-07:00" testType="13cdc9d9-ddb5-4fa4-a97d-d965ccfc6d4b" outcome="Passed" testListId="8c84fa94-04c1-424b-9868-57a2d4851a1d" relativeResultsDirectory="24afd801-e98c-4e9f-8026-5fd13a3ae639" />
    <UnitTestResult executionId="0db9afd0-88d1-4241-889f-f5a2bda556dd" testId="f39325e9-1b54-0a99-d5c0-41f9dab04866" testName="AppInfraCdkV1.Tests.Unit.ResourceSizingTests.GetDevelopmentSizing_ShouldReturnResourceSizingInstance" computerName="kens" duration="00:00:00.0000391" startTime="2025-08-16T15:26:47.7632050-07:00" endTime="2025-08-16T15:26:47.7632060-07:00" testType="13cdc9d9-ddb5-4fa4-a97d-d965ccfc6d4b" outcome="Passed" testListId="8c84fa94-04c1-424b-9868-57a2d4851a1d" relativeResultsDirectory="0db9afd0-88d1-4241-889f-f5a2bda556dd" />
    <UnitTestResult executionId="c478b5bb-5686-4e97-8b50-b459b50a7fb6" testId="4c9e5b11-2f51-cfc5-dbb3-086f145ee30e" testName="AppInfraCdkV1.Tests.Unit.TrialMatchConfigurationLoaderTests.ValidateConfiguration_WithNullSecrets_ShouldNotThrow" computerName="kens" duration="00:00:00.0001287" startTime="2025-08-16T15:26:47.7937750-07:00" endTime="2025-08-16T15:26:47.7937750-07:00" testType="13cdc9d9-ddb5-4fa4-a97d-d965ccfc6d4b" outcome="Passed" testListId="8c84fa94-04c1-424b-9868-57a2d4851a1d" relativeResultsDirectory="c478b5bb-5686-4e97-8b50-b459b50a7fb6" />
    <UnitTestResult executionId="44cbf788-dc86-4261-a994-0f54df85c8fa" testId="c8e42e47-c2f6-4806-521c-3f755fc89f48" testName="AppInfraCdkV1.Tests.Integration.NamingValidationIntegrationTests.ValidateMultiEnvironmentSetup_WithValidEnvironment_ShouldDetectCorrectContext(environment: &quot;Development&quot;, application: &quot;TrialFinderV2&quot;)" computerName="kens" duration="00:00:00.0003241" startTime="2025-08-16T15:26:47.7686170-07:00" endTime="2025-08-16T15:26:47.7686170-07:00" testType="13cdc9d9-ddb5-4fa4-a97d-d965ccfc6d4b" outcome="Passed" testListId="8c84fa94-04c1-424b-9868-57a2d4851a1d" relativeResultsDirectory="44cbf788-dc86-4261-a994-0f54df85c8fa" />
    <UnitTestResult executionId="b886e7a0-37b7-4373-b6f8-97d8425e2d8c" testId="860d7bb2-3463-4384-9b7f-8010a7f8904e" testName="AppInfraCdkV1.Tests.Integration.ShowNamesOnlyIntegrationTests.ShowNamesOnly_WithValidEnvironmentAndApp_ContainsExpectedResourceNames(environment: &quot;Development&quot;, application: &quot;TrialMatch&quot;)" computerName="kens" duration="00:00:00.0872706" startTime="2025-08-16T15:26:49.8291350-07:00" endTime="2025-08-16T15:26:49.8291350-07:00" testType="13cdc9d9-ddb5-4fa4-a97d-d965ccfc6d4b" outcome="Failed" testListId="8c84fa94-04c1-424b-9868-57a2d4851a1d" relativeResultsDirectory="b886e7a0-37b7-4373-b6f8-97d8425e2d8c">
      <Output>
        <ErrorInfo>
          <Message>Shouldly.ShouldAssertException : result.StandardOutput&#xD;
    should contain (case insensitive comparison)&#xD;
"API Service:"&#xD;
    but was actually&#xD;
"\ud83d\ude80 Starting CDK deployment for TrialFinderV2 in Development
\ud83d\udd0d Validating naming conventions...
✅ Na..."</Message>
          <StackTrace>   at AppInfraCdkV1.Tests.Integration.ShowNamesOnlyIntegrationTests.ShowNamesOnly_WithValidEnvironmentAndApp_ContainsExpectedResourceNames(String environment, String application) in /Users/ken/code/AppInfraCdkV1/AppInfraCdkV1.Tests/Integration/ShowNamesOnlyIntegrationTests.cs:line 93
   at System.Runtime.ExceptionServices.ExceptionDispatchInfo.Throw()
   at System.Runtime.CompilerServices.TaskAwaiter.ThrowForNonSuccess(Task task)
   at System.Runtime.CompilerServices.TaskAwaiter.HandleNonSuccessAndDebuggerNotification(Task task, ConfigureAwaitOptions options)
--- End of stack trace from previous location ---
   at System.Runtime.ExceptionServices.ExceptionDispatchInfo.Throw()
   at System.Runtime.CompilerServices.TaskAwaiter.ThrowForNonSuccess(Task task)
   at System.Runtime.CompilerServices.TaskAwaiter.HandleNonSuccessAndDebuggerNotification(Task task, ConfigureAwaitOptions options)
   at System.Runtime.ExceptionServices.ExceptionDispatchInfo.Throw()
   at System.Runtime.CompilerServices.TaskAwaiter.ThrowForNonSuccess(Task task)
   at System.Runtime.CompilerServices.TaskAwaiter.HandleNonSuccessAndDebuggerNotification(Task task, ConfigureAwaitOptions options)</StackTrace>
        </ErrorInfo>
      </Output>
    </UnitTestResult>
    <UnitTestResult executionId="d21fdb50-d885-4cf2-92e7-b3e362d3e7da" testId="d82668d0-5b5c-ae20-02c7-7a9f766908bf" testName="AppInfraCdkV1.Tests.Integration.NamingValidationIntegrationTests.ValidateAccountLevelUniqueness_WithDifferentResourceTypes_ShouldNotConflict" computerName="kens" duration="00:00:00.0020989" startTime="2025-08-16T15:26:47.7658430-07:00" endTime="2025-08-16T15:26:47.7658430-07:00" testType="13cdc9d9-ddb5-4fa4-a97d-d965ccfc6d4b" outcome="Passed" testListId="8c84fa94-04c1-424b-9868-57a2d4851a1d" relativeResultsDirectory="d21fdb50-d885-4cf2-92e7-b3e362d3e7da" />
    <UnitTestResult executionId="2129d003-0898-4b9c-82f0-55c76c46ad9b" testId="5ad043f0-11ee-d875-48f8-de7a5a9a1058" testName="AppInfraCdkV1.Tests.Unit.DeploymentContextTests.GetCommonTagsWithTagKeyCollisionSystemTagsOverrideEnvironmentTags" computerName="kens" duration="00:00:00.0000768" startTime="2025-08-16T15:26:47.7645350-07:00" endTime="2025-08-16T15:26:47.7645350-07:00" testType="13cdc9d9-ddb5-4fa4-a97d-d965ccfc6d4b" outcome="Passed" testListId="8c84fa94-04c1-424b-9868-57a2d4851a1d" relativeResultsDirectory="2129d003-0898-4b9c-82f0-55c76c46ad9b" />
    <UnitTestResult executionId="d5bcfe02-203e-4d4c-b527-3bfc064add5e" testId="ea86ad74-b228-0552-482d-9c66a6024782" testName="AppInfraCdkV1.Tests.Integration.NamingValidationIntegrationTests.GenerateCognitoResourceNames_WithValidEnvironmentAndApp_ShouldFollowConventions(environment: &quot;Development&quot;, application: &quot;TrialFinderV2&quot;)" computerName="kens" duration="00:00:00.0005248" startTime="2025-08-16T15:26:47.7656010-07:00" endTime="2025-08-16T15:26:47.7656010-07:00" testType="13cdc9d9-ddb5-4fa4-a97d-d965ccfc6d4b" outcome="Passed" testListId="8c84fa94-04c1-424b-9868-57a2d4851a1d" relativeResultsDirectory="d5bcfe02-203e-4d4c-b527-3bfc064add5e" />
    <UnitTestResult executionId="62e56a3a-3acd-429d-b70e-29617a3044b6" testId="d9a78181-bdb6-de6b-ddf1-afdf792c8013" testName="AppInfraCdkV1.Tests.Unit.ResourceNamerTests.SecurityGroupForBastion_WithDefaultPurpose_ShouldGenerateCorrectName" computerName="kens" duration="00:00:00.0001041" startTime="2025-08-16T15:26:47.7502310-07:00" endTime="2025-08-16T15:26:47.7502310-07:00" testType="13cdc9d9-ddb5-4fa4-a97d-d965ccfc6d4b" outcome="Passed" testListId="8c84fa94-04c1-424b-9868-57a2d4851a1d" relativeResultsDirectory="62e56a3a-3acd-429d-b70e-29617a3044b6" />
    <UnitTestResult executionId="6e2a41f9-b839-4e3b-a42a-7d107952f1c0" testId="d69d243e-a6f7-0762-bce7-7c73fa82e6bd" testName="AppInfraCdkV1.Tests.Integration.ShowNamesOnlyIntegrationTests.ShowNamesOnly_WithValidEnvironmentAndApp_PassesValidation(environment: &quot;Development&quot;, application: &quot;TrialFinderV2&quot;)" computerName="kens" duration="00:00:00.1098027" startTime="2025-08-16T15:26:48.2590440-07:00" endTime="2025-08-16T15:26:48.2590450-07:00" testType="13cdc9d9-ddb5-4fa4-a97d-d965ccfc6d4b" outcome="Failed" testListId="8c84fa94-04c1-424b-9868-57a2d4851a1d" relativeResultsDirectory="6e2a41f9-b839-4e3b-a42a-7d107952f1c0">
      <Output>
        <ErrorInfo>
          <Message>Shouldly.ShouldAssertException : result.StandardOutput&#xD;
    should contain (case insensitive comparison)&#xD;
"Account-level uniqueness validated"&#xD;
    but was actually&#xD;
"\ud83d\ude80 Starting CDK deployment for TrialFinderV2 in Development
\ud83d\udd0d Validating naming conventions...
✅ Na..."</Message>
          <StackTrace>   at AppInfraCdkV1.Tests.Integration.ShowNamesOnlyIntegrationTests.ShowNamesOnly_WithValidEnvironmentAndApp_PassesValidation(String environment, String application) in /Users/ken/code/AppInfraCdkV1/AppInfraCdkV1.Tests/Integration/ShowNamesOnlyIntegrationTests.cs:line 169
   at System.Runtime.ExceptionServices.ExceptionDispatchInfo.Throw()
   at System.Runtime.CompilerServices.TaskAwaiter.ThrowForNonSuccess(Task task)
   at System.Runtime.CompilerServices.TaskAwaiter.HandleNonSuccessAndDebuggerNotification(Task task, ConfigureAwaitOptions options)
--- End of stack trace from previous location ---
   at System.Runtime.ExceptionServices.ExceptionDispatchInfo.Throw()
   at System.Runtime.CompilerServices.TaskAwaiter.ThrowForNonSuccess(Task task)
   at System.Runtime.CompilerServices.TaskAwaiter.HandleNonSuccessAndDebuggerNotification(Task task, ConfigureAwaitOptions options)
   at System.Runtime.ExceptionServices.ExceptionDispatchInfo.Throw()
   at System.Runtime.CompilerServices.TaskAwaiter.ThrowForNonSuccess(Task task)
   at System.Runtime.CompilerServices.TaskAwaiter.HandleNonSuccessAndDebuggerNotification(Task task, ConfigureAwaitOptions options)</StackTrace>
        </ErrorInfo>
      </Output>
    </UnitTestResult>
    <UnitTestResult executionId="b2c3be5a-ddac-4398-8186-8a63409b7719" testId="ab5cd572-4c7a-a976-f99f-fd145e0c16f9" testName="AppInfraCdkV1.Tests.Unit.NamingConventionTests.GetEnvironmentPrefixWithValidEnumReturnsCorrectPrefix(environment: Production, expectedPrefix: &quot;prod&quot;)" computerName="kens" duration="00:00:00.0000808" startTime="2025-08-16T15:26:47.7616620-07:00" endTime="2025-08-16T15:26:47.7616620-07:00" testType="13cdc9d9-ddb5-4fa4-a97d-d965ccfc6d4b" outcome="Passed" testListId="8c84fa94-04c1-424b-9868-57a2d4851a1d" relativeResultsDirectory="b2c3be5a-ddac-4398-8186-8a63409b7719" />
    <UnitTestResult executionId="4ab5aeb0-00b9-425f-ade7-23394992caea" testId="5bd962ae-8c39-e81b-8211-5b8b50a24d18" testName="AppInfraCdkV1.Tests.Unit.NamingConventionTests.GenerateSecurityGroupNameWithValidContextReturnsCorrectFormat" computerName="kens" duration="00:00:00.0000254" startTime="2025-08-16T15:26:47.7624290-07:00" endTime="2025-08-16T15:26:47.7624290-07:00" testType="13cdc9d9-ddb5-4fa4-a97d-d965ccfc6d4b" outcome="Passed" testListId="8c84fa94-04c1-424b-9868-57a2d4851a1d" relativeResultsDirectory="4ab5aeb0-00b9-425f-ade7-23394992caea" />
    <UnitTestResult executionId="4021fb75-a91b-4939-a86a-bb3e4c321c5e" testId="04f876fc-a33e-134a-7809-c15e642cc469" testName="AppInfraCdkV1.Tests.Integration.NamingValidationIntegrationTests.ValidateCognitoResourceTypes_ShouldIncludeAllTypes" computerName="kens" duration="00:00:00.0000363" startTime="2025-08-16T15:26:47.7710640-07:00" endTime="2025-08-16T15:26:47.7710640-07:00" testType="13cdc9d9-ddb5-4fa4-a97d-d965ccfc6d4b" outcome="Passed" testListId="8c84fa94-04c1-424b-9868-57a2d4851a1d" relativeResultsDirectory="4021fb75-a91b-4939-a86a-bb3e4c321c5e" />
    <UnitTestResult executionId="b0213d81-6bd2-40c7-a864-e0c46ddfa131" testId="f1751abb-5097-b801-19cf-f4b933015964" testName="AppInfraCdkV1.Tests.Unit.NamingConventionTests.GetEnvironmentPrefixWithInvalidEnvironmentThrowsArgumentException" computerName="kens" duration="00:00:00.0002670" startTime="2025-08-16T15:26:47.7630090-07:00" endTime="2025-08-16T15:26:47.7630090-07:00" testType="13cdc9d9-ddb5-4fa4-a97d-d965ccfc6d4b" outcome="Passed" testListId="8c84fa94-04c1-424b-9868-57a2d4851a1d" relativeResultsDirectory="b0213d81-6bd2-40c7-a864-e0c46ddfa131" />
    <UnitTestResult executionId="1f6163fc-21a9-484e-a188-243aad48c3b1" testId="d3d9d8d1-9a8a-cf92-dc48-a4791daf5f02" testName="AppInfraCdkV1.Tests.Integration.ShowNamesOnlyIntegrationTests.ShowNamesOnly_WithValidEnvironmentAndApp_PassesValidation(environment: &quot;Production&quot;, application: &quot;TrialFinderV2&quot;)" computerName="kens" duration="00:00:00.1322933" startTime="2025-08-16T15:26:48.1063110-07:00" endTime="2025-08-16T15:26:48.1063110-07:00" testType="13cdc9d9-ddb5-4fa4-a97d-d965ccfc6d4b" outcome="Failed" testListId="8c84fa94-04c1-424b-9868-57a2d4851a1d" relativeResultsDirectory="1f6163fc-21a9-484e-a188-243aad48c3b1">
      <Output>
        <ErrorInfo>
          <Message>Shouldly.ShouldAssertException : result.StandardOutput&#xD;
    should contain (case insensitive comparison)&#xD;
"Account-level uniqueness validated"&#xD;
    but was actually&#xD;
"\ud83d\ude80 Starting CDK deployment for TrialFinderV2 in Development
\ud83d\udd0d Validating naming conventions...
✅ Na..."</Message>
          <StackTrace>   at AppInfraCdkV1.Tests.Integration.ShowNamesOnlyIntegrationTests.ShowNamesOnly_WithValidEnvironmentAndApp_PassesValidation(String environment, String application) in /Users/ken/code/AppInfraCdkV1/AppInfraCdkV1.Tests/Integration/ShowNamesOnlyIntegrationTests.cs:line 169
   at System.Runtime.ExceptionServices.ExceptionDispatchInfo.Throw()
   at System.Runtime.CompilerServices.TaskAwaiter.ThrowForNonSuccess(Task task)
   at System.Runtime.CompilerServices.TaskAwaiter.HandleNonSuccessAndDebuggerNotification(Task task, ConfigureAwaitOptions options)
--- End of stack trace from previous location ---
   at System.Runtime.ExceptionServices.ExceptionDispatchInfo.Throw()
   at System.Runtime.CompilerServices.TaskAwaiter.ThrowForNonSuccess(Task task)
   at System.Runtime.CompilerServices.TaskAwaiter.HandleNonSuccessAndDebuggerNotification(Task task, ConfigureAwaitOptions options)
   at System.Runtime.ExceptionServices.ExceptionDispatchInfo.Throw()
   at System.Runtime.CompilerServices.TaskAwaiter.ThrowForNonSuccess(Task task)
   at System.Runtime.CompilerServices.TaskAwaiter.HandleNonSuccessAndDebuggerNotification(Task task, ConfigureAwaitOptions options)</StackTrace>
        </ErrorInfo>
      </Output>
    </UnitTestResult>
    <UnitTestResult executionId="b0fa5c0e-baac-4e3d-ae24-29f0b10a5040" testId="4804714b-84f1-0698-5d25-a6c3e550d65b" testName="AppInfraCdkV1.Tests.Unit.EnvironmentConfigTests.ToAwsEnvironment_WithEmptyValues_ShouldReturnEnvironmentWithEmptyValues" computerName="kens" duration="00:00:00.0248561" startTime="2025-08-16T15:26:47.7677910-07:00" endTime="2025-08-16T15:26:47.7677910-07:00" testType="13cdc9d9-ddb5-4fa4-a97d-d965ccfc6d4b" outcome="Passed" testListId="8c84fa94-04c1-424b-9868-57a2d4851a1d" relativeResultsDirectory="b0fa5c0e-baac-4e3d-ae24-29f0b10a5040" />
    <UnitTestResult executionId="5a3be4e1-3ccc-4ae4-8f87-e309a532039e" testId="48592d01-ebe7-5e10-2849-8d21a78e9fa6" testName="AppInfraCdkV1.Tests.Unit.DeploymentContextTests.ValidateNamingContextWithInvalidRegionThrowsInvalidOperationException" computerName="kens" duration="00:00:00.0012317" startTime="2025-08-16T15:26:47.7553450-07:00" endTime="2025-08-16T15:26:47.7553450-07:00" testType="13cdc9d9-ddb5-4fa4-a97d-d965ccfc6d4b" outcome="Passed" testListId="8c84fa94-04c1-424b-9868-57a2d4851a1d" relativeResultsDirectory="5a3be4e1-3ccc-4ae4-8f87-e309a532039e" />
    <UnitTestResult executionId="9e7f273d-03f3-4f6f-9a64-36ac111349ad" testId="553c89a0-2c87-6214-ce26-bd694a129ade" testName="AppInfraCdkV1.Tests.Unit.DeploymentContextTests.ValidateNamingContextWithValidCombinationsDoesNotThrow(environment: &quot;Staging&quot;, application: &quot;TrialFinderV2&quot;, region: &quot;us-west-2&quot;)" computerName="kens" duration="00:00:00.0001228" startTime="2025-08-16T15:26:47.7559060-07:00" endTime="2025-08-16T15:26:47.7559060-07:00" testType="13cdc9d9-ddb5-4fa4-a97d-d965ccfc6d4b" outcome="Passed" testListId="8c84fa94-04c1-424b-9868-57a2d4851a1d" relativeResultsDirectory="9e7f273d-03f3-4f6f-9a64-36ac111349ad" />
    <UnitTestResult executionId="46c5dc64-30a3-4027-900a-b32900d28283" testId="099124f7-b1f1-fa7e-52e4-9a8ae7721c93" testName="AppInfraCdkV1.Tests.Unit.DeploymentContextTests.ValidateNamingContextWithInvalidApplicationThrowsInvalidOperationException" computerName="kens" duration="00:00:00.0005088" startTime="2025-08-16T15:26:47.7554220-07:00" endTime="2025-08-16T15:26:47.7554220-07:00" testType="13cdc9d9-ddb5-4fa4-a97d-d965ccfc6d4b" outcome="Passed" testListId="8c84fa94-04c1-424b-9868-57a2d4851a1d" relativeResultsDirectory="46c5dc64-30a3-4027-900a-b32900d28283" />
    <UnitTestResult executionId="a76120b6-2e80-4cc7-82b0-cec3dccd7141" testId="98285438-9029-fd47-319d-fd207276eb0f" testName="AppInfraCdkV1.Tests.Integration.NamingValidationIntegrationTests.GenerateIamRoleNames_WithValidEnvironmentAndApp_ShouldFollowConventions(environment: &quot;Development&quot;, application: &quot;TrialFinderV2&quot;)" computerName="kens" duration="00:00:00.0002804" startTime="2025-08-16T15:26:47.7654880-07:00" endTime="2025-08-16T15:26:47.7654880-07:00" testType="13cdc9d9-ddb5-4fa4-a97d-d965ccfc6d4b" outcome="Passed" testListId="8c84fa94-04c1-424b-9868-57a2d4851a1d" relativeResultsDirectory="a76120b6-2e80-4cc7-82b0-cec3dccd7141" />
    <UnitTestResult executionId="efd459db-1efb-45bd-bbaf-6fbb93820623" testId="3ff2fd07-e7d1-4e8b-5f3c-0b728df2a411" testName="AppInfraCdkV1.Tests.Unit.ConfigurationModelsTests.EcsTaskConfiguration_WithValidData_ShouldCreateInstance" computerName="kens" duration="00:00:00.0001055" startTime="2025-08-16T15:26:49.1529340-07:00" endTime="2025-08-16T15:26:49.1529340-07:00" testType="13cdc9d9-ddb5-4fa4-a97d-d965ccfc6d4b" outcome="Passed" testListId="8c84fa94-04c1-424b-9868-57a2d4851a1d" relativeResultsDirectory="efd459db-1efb-45bd-bbaf-6fbb93820623" />
    <UnitTestResult executionId="118e3a19-7ba8-4ed6-86eb-c8477b21fbd0" testId="0c517bae-10da-6d3d-0822-29e9eec25459" testName="AppInfraCdkV1.Tests.Unit.TrialMatchConfigTests.GetConfigEnvironmentOverridesConfiguresBackupRetention" computerName="kens" duration="00:00:00.0001280" startTime="2025-08-16T15:26:47.7522200-07:00" endTime="2025-08-16T15:26:47.7522200-07:00" testType="13cdc9d9-ddb5-4fa4-a97d-d965ccfc6d4b" outcome="Passed" testListId="8c84fa94-04c1-424b-9868-57a2d4851a1d" relativeResultsDirectory="118e3a19-7ba8-4ed6-86eb-c8477b21fbd0" />
    <UnitTestResult executionId="da7b96a6-56ee-4091-9ade-cc9c31bfc7fd" testId="79f50864-ae36-cd82-74d3-a77f8b01d5a6" testName="AppInfraCdkV1.Tests.Unit.NamingConventionTests.GetApplicationCodeWithValidApplicationReturnsCorrectCode(application: &quot;TrialFinderV2&quot;, expectedCode: &quot;tfv2&quot;)" computerName="kens" duration="00:00:00.0000282" startTime="2025-08-16T15:26:47.7622840-07:00" endTime="2025-08-16T15:26:47.7622840-07:00" testType="13cdc9d9-ddb5-4fa4-a97d-d965ccfc6d4b" outcome="Passed" testListId="8c84fa94-04c1-424b-9868-57a2d4851a1d" relativeResultsDirectory="da7b96a6-56ee-4091-9ade-cc9c31bfc7fd" />
    <UnitTestResult executionId="c7ac853b-f211-4dc4-b7a2-436cc21f841c" testId="0a44a036-5b80-d68b-0602-0244058856a0" testName="AppInfraCdkV1.Tests.Integration.ShowNamesOnlyIntegrationTests.VerifyTestSetup_SolutionAndProjectPathsExist" computerName="kens" duration="00:00:00.0003594" startTime="2025-08-16T15:26:49.3874740-07:00" endTime="2025-08-16T15:26:49.3874740-07:00" testType="13cdc9d9-ddb5-4fa4-a97d-d965ccfc6d4b" outcome="Passed" testListId="8c84fa94-04c1-424b-9868-57a2d4851a1d" relativeResultsDirectory="c7ac853b-f211-4dc4-b7a2-436cc21f841c" />
    <UnitTestResult executionId="ed3537da-845f-4cc8-a5f9-b925b7a3fd33" testId="77f3df85-9183-c087-6445-9975601a6edd" testName="AppInfraCdkV1.Tests.Unit.TrialFinderV2ConfigTests.GetConfigEnvironmentOverridesConfiguresEnhancedMonitoring(environment: &quot;Development&quot;, expectedAccountType: NonProduction, expectedMonitoring: False)" computerName="kens" duration="00:00:00.0000406" startTime="2025-08-16T15:26:47.7539830-07:00" endTime="2025-08-16T15:26:47.7539830-07:00" testType="13cdc9d9-ddb5-4fa4-a97d-d965ccfc6d4b" outcome="Passed" testListId="8c84fa94-04c1-424b-9868-57a2d4851a1d" relativeResultsDirectory="ed3537da-845f-4cc8-a5f9-b925b7a3fd33" />
    <UnitTestResult executionId="4e45bac3-e586-4187-ad14-826ac2a7d9dd" testId="43c32a25-5de0-32f1-35c1-785060623fd8" testName="AppInfraCdkV1.Tests.Unit.ResourceNamerTests.IamUser_WithPurpose_ShouldGenerateCorrectName" computerName="kens" duration="00:00:00.0002112" startTime="2025-08-16T15:26:47.7485250-07:00" endTime="2025-08-16T15:26:47.7485250-07:00" testType="13cdc9d9-ddb5-4fa4-a97d-d965ccfc6d4b" outcome="Passed" testListId="8c84fa94-04c1-424b-9868-57a2d4851a1d" relativeResultsDirectory="4e45bac3-e586-4187-ad14-826ac2a7d9dd" />
    <UnitTestResult executionId="4dbbfcc0-090e-4c86-8ac9-42c3f9ad291f" testId="3dd89de4-4973-f8b1-cc53-704a729ef17e" testName="AppInfraCdkV1.Tests.Unit.ResourceSizingTests.GetProductionSizing_ShouldReturnResourceSizingInstance" computerName="kens" duration="00:00:00.0000795" startTime="2025-08-16T15:26:47.7637970-07:00" endTime="2025-08-16T15:26:47.7637970-07:00" testType="13cdc9d9-ddb5-4fa4-a97d-d965ccfc6d4b" outcome="Passed" testListId="8c84fa94-04c1-424b-9868-57a2d4851a1d" relativeResultsDirectory="4dbbfcc0-090e-4c86-8ac9-42c3f9ad291f" />
    <UnitTestResult executionId="67468ef6-6984-4490-ae5e-08b1f505393b" testId="28d1a968-d97b-6474-e01e-3e15573aadb2" testName="AppInfraCdkV1.Tests.Unit.NamingConventionTests.GetAccountTypeWithValidEnumReturnsCorrectType(environment: Production, expectedType: Production)" computerName="kens" duration="00:00:00.0000349" startTime="2025-08-16T15:26:47.7617270-07:00" endTime="2025-08-16T15:26:47.7617270-07:00" testType="13cdc9d9-ddb5-4fa4-a97d-d965ccfc6d4b" outcome="Passed" testListId="8c84fa94-04c1-424b-9868-57a2d4851a1d" relativeResultsDirectory="67468ef6-6984-4490-ae5e-08b1f505393b" />
    <UnitTestResult executionId="a197f36a-53b8-4d52-91c0-20cfbe046871" testId="900d7cbb-b339-1632-4e7b-2609dc0d0b7d" testName="AppInfraCdkV1.Tests.Integration.ShowNamesOnlyIntegrationTests.ShowNamesOnly_GeneratesCorrectNamingPrefix(environment: &quot;Production&quot;, application: &quot;TrialMatch&quot;, expectedPrefix: &quot;prod&quot;)" computerName="kens" duration="00:00:00.0899379" startTime="2025-08-16T15:26:49.9193720-07:00" endTime="2025-08-16T15:26:49.9193720-07:00" testType="13cdc9d9-ddb5-4fa4-a97d-d965ccfc6d4b" outcome="Failed" testListId="8c84fa94-04c1-424b-9868-57a2d4851a1d" relativeResultsDirectory="a197f36a-53b8-4d52-91c0-20cfbe046871">
      <Output>
        <ErrorInfo>
          <Message>Shouldly.ShouldAssertException : result.StandardOutput&#xD;
    should contain (case insensitive comparison)&#xD;
"prod-tm-"&#xD;
    but was actually&#xD;
"\ud83d\ude80 Starting CDK deployment for TrialFinderV2 in Development
\ud83d\udd0d Validating naming conventions...
✅ Na..."</Message>
          <StackTrace>   at AppInfraCdkV1.Tests.Integration.ShowNamesOnlyIntegrationTests.ShowNamesOnly_GeneratesCorrectNamingPrefix(String environment, String application, String expectedPrefix) in /Users/ken/code/AppInfraCdkV1/AppInfraCdkV1.Tests/Integration/ShowNamesOnlyIntegrationTests.cs:line 218
   at System.Runtime.ExceptionServices.ExceptionDispatchInfo.Throw()
   at System.Runtime.CompilerServices.TaskAwaiter.ThrowForNonSuccess(Task task)
   at System.Runtime.CompilerServices.TaskAwaiter.HandleNonSuccessAndDebuggerNotification(Task task, ConfigureAwaitOptions options)
--- End of stack trace from previous location ---
   at System.Runtime.ExceptionServices.ExceptionDispatchInfo.Throw()
   at System.Runtime.CompilerServices.TaskAwaiter.ThrowForNonSuccess(Task task)
   at System.Runtime.CompilerServices.TaskAwaiter.HandleNonSuccessAndDebuggerNotification(Task task, ConfigureAwaitOptions options)
   at System.Runtime.ExceptionServices.ExceptionDispatchInfo.Throw()
   at System.Runtime.CompilerServices.TaskAwaiter.ThrowForNonSuccess(Task task)
   at System.Runtime.CompilerServices.TaskAwaiter.HandleNonSuccessAndDebuggerNotification(Task task, ConfigureAwaitOptions options)</StackTrace>
        </ErrorInfo>
      </Output>
    </UnitTestResult>
    <UnitTestResult executionId="34b4c2b5-2d16-4acd-b663-0efb08c0857a" testId="987d1d61-aece-7194-185a-07fd8c0f2e50" testName="AppInfraCdkV1.Tests.Integration.ShowNamesOnlyIntegrationTests.ShowNamesOnly_WithValidEnvironmentAndApp_ExecutesSuccessfully(environment: &quot;Development&quot;, application: &quot;TrialFinderV2&quot;)" computerName="kens" duration="00:00:00.0940629" startTime="2025-08-16T15:26:48.7710800-07:00" endTime="2025-08-16T15:26:48.7710800-07:00" testType="13cdc9d9-ddb5-4fa4-a97d-d965ccfc6d4b" outcome="Passed" testListId="8c84fa94-04c1-424b-9868-57a2d4851a1d" relativeResultsDirectory="34b4c2b5-2d16-4acd-b663-0efb08c0857a" />
    <UnitTestResult executionId="1eb7ccc6-738d-4725-b2c5-6be622759d78" testId="f9439033-7c01-9418-a042-51eb8cecc6c9" testName="AppInfraCdkV1.Tests.Unit.EnvironmentConfigTests.AccountId_ShouldAllowSetAndGet" computerName="kens" duration="00:00:00.0000514" startTime="2025-08-16T15:26:47.7680130-07:00" endTime="2025-08-16T15:26:47.7680130-07:00" testType="13cdc9d9-ddb5-4fa4-a97d-d965ccfc6d4b" outcome="Passed" testListId="8c84fa94-04c1-424b-9868-57a2d4851a1d" relativeResultsDirectory="1eb7ccc6-738d-4725-b2c5-6be622759d78" />
    <UnitTestResult executionId="33af8da9-8b96-409a-91d2-31042e88ad56" testId="6858eb63-5804-9396-1ad2-78381b617c72" testName="AppInfraCdkV1.Tests.Unit.ResourceNamerTests.IamRole_WithPurpose_ShouldGenerateCorrectNameAndPrintToConsole" computerName="kens" duration="00:00:00.0033049" startTime="2025-08-16T15:26:47.7512990-07:00" endTime="2025-08-16T15:26:47.7512990-07:00" testType="13cdc9d9-ddb5-4fa4-a97d-d965ccfc6d4b" outcome="Passed" testListId="8c84fa94-04c1-424b-9868-57a2d4851a1d" relativeResultsDirectory="33af8da9-8b96-409a-91d2-31042e88ad56" />
    <UnitTestResult executionId="7e389964-13ca-4eb1-9756-e7f03a1031ab" testId="5a096ea9-7528-77e6-25e0-7cae0f2ba908" testName="AppInfraCdkV1.Tests.Unit.ResourceNamerTests.Constructor_WithNullContext_ShouldThrowArgumentNullException" computerName="kens" duration="00:00:00.0002804" startTime="2025-08-16T15:26:47.7500210-07:00" endTime="2025-08-16T15:26:47.7500210-07:00" testType="13cdc9d9-ddb5-4fa4-a97d-d965ccfc6d4b" outcome="Passed" testListId="8c84fa94-04c1-424b-9868-57a2d4851a1d" relativeResultsDirectory="7e389964-13ca-4eb1-9756-e7f03a1031ab" />
    <UnitTestResult executionId="f0a07fe6-7f66-47e4-9c84-a1878abee462" testId="f37eea7e-5edf-8c64-2686-d391a982c7a7" testName="AppInfraCdkV1.Tests.Unit.TrialMatchConfigTests.GetConfigAllEnvironmentsHaveNonNullSizing" computerName="kens" duration="00:00:00.0001890" startTime="2025-08-16T15:26:47.7524290-07:00" endTime="2025-08-16T15:26:47.7524290-07:00" testType="13cdc9d9-ddb5-4fa4-a97d-d965ccfc6d4b" outcome="Passed" testListId="8c84fa94-04c1-424b-9868-57a2d4851a1d" relativeResultsDirectory="f0a07fe6-7f66-47e4-9c84-a1878abee462" />
    <UnitTestResult executionId="4b351e2c-2f57-4936-a358-d8fb5b1c8e09" testId="589d78b9-d2a6-037d-8127-89ed661fed16" testName="AppInfraCdkV1.Tests.Unit.NamingConventionTests.GetRegionCodeWithValidRegionReturnsCorrectCode(region: &quot;us-east-1&quot;, expectedCode: &quot;ue1&quot;)" computerName="kens" duration="00:00:00.0000341" startTime="2025-08-16T15:26:47.7620820-07:00" endTime="2025-08-16T15:26:47.7620820-07:00" testType="13cdc9d9-ddb5-4fa4-a97d-d965ccfc6d4b" outcome="Passed" testListId="8c84fa94-04c1-424b-9868-57a2d4851a1d" relativeResultsDirectory="4b351e2c-2f57-4936-a358-d8fb5b1c8e09" />
    <UnitTestResult executionId="2ac52325-b98f-48a9-b78e-3aefc6013cc3" testId="b27c3d52-b9f6-5845-2327-123b82ed05a3" testName="AppInfraCdkV1.Tests.Unit.ResourceSizingTests.GetSizingForEnvironment_WithNonProductionAccountType_ShouldReturnDevelopmentSizing(accountType: NonProduction)" computerName="kens" duration="00:00:00.0000581" startTime="2025-08-16T15:26:47.7638740-07:00" endTime="2025-08-16T15:26:47.7638740-07:00" testType="13cdc9d9-ddb5-4fa4-a97d-d965ccfc6d4b" outcome="Passed" testListId="8c84fa94-04c1-424b-9868-57a2d4851a1d" relativeResultsDirectory="2ac52325-b98f-48a9-b78e-3aefc6013cc3" />
    <UnitTestResult executionId="0ea9f698-80a8-48ff-818b-7b96023446b6" testId="50d17cb8-9512-6be0-63b0-c3033c5be1ac" testName="AppInfraCdkV1.Tests.Integration.NamingValidationIntegrationTests.GenerateLogGroupNames_WithValidEnvironmentAndApp_ShouldFollowAwsConventions(environment: &quot;Production&quot;, application: &quot;TrialMatch&quot;)" computerName="kens" duration="00:00:00.0006746" startTime="2025-08-16T15:26:47.7691810-07:00" endTime="2025-08-16T15:26:47.7691810-07:00" testType="13cdc9d9-ddb5-4fa4-a97d-d965ccfc6d4b" outcome="Passed" testListId="8c84fa94-04c1-424b-9868-57a2d4851a1d" relativeResultsDirectory="0ea9f698-80a8-48ff-818b-7b96023446b6" />
    <UnitTestResult executionId="9b3a34c2-20fe-4619-a8ee-668acde4087a" testId="b2a3552e-409e-d69f-c9bc-f30c9804bee9" testName="AppInfraCdkV1.Tests.Unit.ResourceNamerTests.SecurityGroupForAlb_WithPurpose_ShouldGenerateCorrectName" computerName="kens" duration="00:00:00.0004480" startTime="2025-08-16T15:26:47.7469930-07:00" endTime="2025-08-16T15:26:47.7469930-07:00" testType="13cdc9d9-ddb5-4fa4-a97d-d965ccfc6d4b" outcome="Passed" testListId="8c84fa94-04c1-424b-9868-57a2d4851a1d" relativeResultsDirectory="9b3a34c2-20fe-4619-a8ee-668acde4087a" />
    <UnitTestResult executionId="0d98d315-b01b-4818-ae2d-c3edc21f10ea" testId="a244f1fa-f2d4-0f7c-d11a-fe8d31db0ba9" testName="AppInfraCdkV1.Tests.Unit.TrialMatchConfigurationLoaderTests.ValidateConfiguration_WithEmptyServicesList_ShouldThrow" computerName="kens" duration="00:00:00.0000972" startTime="2025-08-16T15:26:47.7943260-07:00" endTime="2025-08-16T15:26:47.7943260-07:00" testType="13cdc9d9-ddb5-4fa4-a97d-d965ccfc6d4b" outcome="Passed" testListId="8c84fa94-04c1-424b-9868-57a2d4851a1d" relativeResultsDirectory="0d98d315-b01b-4818-ae2d-c3edc21f10ea" />
    <UnitTestResult executionId="abacaa06-ab09-4c0f-bd73-703d58d3c334" testId="4decabc3-01fc-fb98-3574-761c737d7717" testName="AppInfraCdkV1.Tests.Unit.ResourceNamerTests.ApplicationLoadBalancer_WithPurpose_ShouldGenerateCorrectName" computerName="kens" duration="00:00:00.0001595" startTime="2025-08-16T15:26:47.7467810-07:00" endTime="2025-08-16T15:26:47.7467810-07:00" testType="13cdc9d9-ddb5-4fa4-a97d-d965ccfc6d4b" outcome="Passed" testListId="8c84fa94-04c1-424b-9868-57a2d4851a1d" relativeResultsDirectory="abacaa06-ab09-4c0f-bd73-703d58d3c334" />
    <UnitTestResult executionId="f88a54bd-7e95-40bb-8072-25fd32f485fc" testId="680d59a9-b13c-e7f6-5a4e-d015462e1744" testName="AppInfraCdkV1.Tests.Unit.TrialFinderV2ConfigTests.GetConfigWithDevelopmentEnvironmentReturnsDevelopmentConfig(environment: &quot;Development&quot;)" computerName="kens" duration="00:00:00.0000687" startTime="2025-08-16T15:26:47.7545930-07:00" endTime="2025-08-16T15:26:47.7545930-07:00" testType="13cdc9d9-ddb5-4fa4-a97d-d965ccfc6d4b" outcome="Passed" testListId="8c84fa94-04c1-424b-9868-57a2d4851a1d" relativeResultsDirectory="f88a54bd-7e95-40bb-8072-25fd32f485fc" />
    <UnitTestResult executionId="5bb62605-5542-4e62-b252-2de105c6161a" testId="760982e5-2898-2031-5333-1708d75b7598" testName="AppInfraCdkV1.Tests.Unit.EnvironmentConfigTests.AccountType_ShouldAllowSetAndGet(expectedAccountType: NonProduction)" computerName="kens" duration="00:00:00.0471747" startTime="2025-08-16T15:26:47.7434280-07:00" endTime="2025-08-16T15:26:47.7434280-07:00" testType="13cdc9d9-ddb5-4fa4-a97d-d965ccfc6d4b" outcome="Passed" testListId="8c84fa94-04c1-424b-9868-57a2d4851a1d" relativeResultsDirectory="5bb62605-5542-4e62-b252-2de105c6161a" />
    <UnitTestResult executionId="8a0efd3a-2a4d-4261-bac2-3855a293e246" testId="ebaaa583-48d4-2e26-aee9-c128991e45c1" testName="AppInfraCdkV1.Tests.Unit.DeploymentContextTests.GetCommonTagsWithValidContextReturnsAllRequiredTags" computerName="kens" duration="00:00:00.0003444" startTime="2025-08-16T15:26:47.7551470-07:00" endTime="2025-08-16T15:26:47.7551470-07:00" testType="13cdc9d9-ddb5-4fa4-a97d-d965ccfc6d4b" outcome="Passed" testListId="8c84fa94-04c1-424b-9868-57a2d4851a1d" relativeResultsDirectory="8a0efd3a-2a4d-4261-bac2-3855a293e246" />
    <UnitTestResult executionId="53719561-806c-4a11-a3ec-250c59094ca0" testId="838ec2c3-dd4c-857d-8ea2-451004edd07b" testName="AppInfraCdkV1.Tests.Unit.EnvironmentConfigTests.AccountType_ShouldAllowSetAndGet(expectedAccountType: Production)" computerName="kens" duration="00:00:00.0001604" startTime="2025-08-16T15:26:47.7445230-07:00" endTime="2025-08-16T15:26:47.7445230-07:00" testType="13cdc9d9-ddb5-4fa4-a97d-d965ccfc6d4b" outcome="Passed" testListId="8c84fa94-04c1-424b-9868-57a2d4851a1d" relativeResultsDirectory="53719561-806c-4a11-a3ec-250c59094ca0" />
    <UnitTestResult executionId="8e36ad11-8e17-4bad-ac05-11d5fb4f50c8" testId="7fba6649-c381-010b-037f-f346e8022c8d" testName="AppInfraCdkV1.Tests.Unit.TrialMatchConfigTests.GetConfigWithStagingConfiguresProductionClassSettings" computerName="kens" duration="00:00:00.0002384" startTime="2025-08-16T15:26:47.7504640-07:00" endTime="2025-08-16T15:26:47.7504640-07:00" testType="13cdc9d9-ddb5-4fa4-a97d-d965ccfc6d4b" outcome="Passed" testListId="8c84fa94-04c1-424b-9868-57a2d4851a1d" relativeResultsDirectory="8e36ad11-8e17-4bad-ac05-11d5fb4f50c8" />
    <UnitTestResult executionId="181680ce-9b39-4db8-b87e-871bc2675cd6" testId="8b825928-c1c9-a70c-9ad5-443b8b96d8ee" testName="AppInfraCdkV1.Tests.Unit.ConfigurationModelsTests.ServiceConfig_WithValidData_ShouldCreateInstance" computerName="kens" duration="00:00:00.0001640" startTime="2025-08-16T15:26:47.7522490-07:00" endTime="2025-08-16T15:26:47.7522490-07:00" testType="13cdc9d9-ddb5-4fa4-a97d-d965ccfc6d4b" outcome="Passed" testListId="8c84fa94-04c1-424b-9868-57a2d4851a1d" relativeResultsDirectory="181680ce-9b39-4db8-b87e-871bc2675cd6" />
    <UnitTestResult executionId="2c53a126-756c-49eb-b6f8-779a1f8aab56" testId="e48234b7-bde5-df9d-454b-b5bdd363b116" testName="AppInfraCdkV1.Tests.Integration.NamingValidationIntegrationTests.ValidateAwsLimits_WithValidEnvironmentAndApp_ShouldRespectLimits(environment: &quot;Production&quot;, application: &quot;TrialMatch&quot;)" computerName="kens" duration="00:00:00.0001896" startTime="2025-08-16T15:26:47.7677510-07:00" endTime="2025-08-16T15:26:47.7677510-07:00" testType="13cdc9d9-ddb5-4fa4-a97d-d965ccfc6d4b" outcome="Passed" testListId="8c84fa94-04c1-424b-9868-57a2d4851a1d" relativeResultsDirectory="2c53a126-756c-49eb-b6f8-779a1f8aab56" />
    <UnitTestResult executionId="c449d9ff-8b7a-40ec-a65f-bc108e0d73a1" testId="9dea66ef-1325-d800-a20c-3f5024b0ee24" testName="AppInfraCdkV1.Tests.Integration.NamingValidationIntegrationTests.ValidateAwsLimits_WithValidEnvironmentAndApp_ShouldRespectLimits(environment: &quot;Development&quot;, application: &quot;TrialMatch&quot;)" computerName="kens" duration="00:00:00.0003011" startTime="2025-08-16T15:26:47.7673460-07:00" endTime="2025-08-16T15:26:47.7673460-07:00" testType="13cdc9d9-ddb5-4fa4-a97d-d965ccfc6d4b" outcome="Passed" testListId="8c84fa94-04c1-424b-9868-57a2d4851a1d" relativeResultsDirectory="c449d9ff-8b7a-40ec-a65f-bc108e0d73a1" />
    <UnitTestResult executionId="146bc32c-6d76-46f7-97ab-d2de77838f80" testId="12461229-0216-5c32-3832-1c88257cc8f9" testName="AppInfraCdkV1.Tests.Unit.NamingConventionTests.GetEnvironmentPrefixWithValidEnvironmentReturnsCorrectPrefix(environment: &quot;Development&quot;, expectedPrefix: &quot;dev&quot;)" computerName="kens" duration="00:00:00.0000706" startTime="2025-08-16T15:26:47.7506830-07:00" endTime="2025-08-16T15:26:47.7506830-07:00" testType="13cdc9d9-ddb5-4fa4-a97d-d965ccfc6d4b" outcome="Passed" testListId="8c84fa94-04c1-424b-9868-57a2d4851a1d" relativeResultsDirectory="146bc32c-6d76-46f7-97ab-d2de77838f80" />
    <UnitTestResult executionId="f6b952fb-ef3e-4edc-83a4-ad8d0905bc59" testId="3da11b83-b9e5-5ce4-7a37-ba8584ee11eb" testName="AppInfraCdkV1.Tests.Unit.ConfigurationLoaderTests.ValidateConfiguration_WithMissingProtocol_ShouldThrow" computerName="kens" duration="00:00:00.0014881" startTime="2025-08-16T15:26:47.7553860-07:00" endTime="2025-08-16T15:26:47.7553860-07:00" testType="13cdc9d9-ddb5-4fa4-a97d-d965ccfc6d4b" outcome="Passed" testListId="8c84fa94-04c1-424b-9868-57a2d4851a1d" relativeResultsDirectory="f6b952fb-ef3e-4edc-83a4-ad8d0905bc59" />
    <UnitTestResult executionId="2be9963a-f85d-4527-8578-0634db1b3296" testId="de3b71e6-36fa-acaf-e908-edbe3540305e" testName="AppInfraCdkV1.Tests.Integration.ShowNamesOnlyIntegrationTests.ShowNamesOnly_ForTrialFinderV2_ContainsTrialFinderSpecificResources(environment: &quot;Production&quot;, application: &quot;TrialFinderV2&quot;)" computerName="kens" duration="00:00:00.0986601" startTime="2025-08-16T15:26:49.3869710-07:00" endTime="2025-08-16T15:26:49.3869710-07:00" testType="13cdc9d9-ddb5-4fa4-a97d-d965ccfc6d4b" outcome="Passed" testListId="8c84fa94-04c1-424b-9868-57a2d4851a1d" relativeResultsDirectory="2be9963a-f85d-4527-8578-0634db1b3296" />
    <UnitTestResult executionId="d992805b-4898-45fd-a068-5d9208ded2cb" testId="761e6684-2b88-4e0a-f485-2dc8a1aafc81" testName="AppInfraCdkV1.Tests.Unit.ConfigurationModelsTests.HealthCheckBuilder_CreateCustomHealthCheck_ShouldUseProvidedValues" computerName="kens" duration="00:00:00.0029169" startTime="2025-08-16T15:26:49.1573810-07:00" endTime="2025-08-16T15:26:49.1573810-07:00" testType="13cdc9d9-ddb5-4fa4-a97d-d965ccfc6d4b" outcome="Passed" testListId="8c84fa94-04c1-424b-9868-57a2d4851a1d" relativeResultsDirectory="d992805b-4898-45fd-a068-5d9208ded2cb" />
    <UnitTestResult executionId="d91aa9f6-64bf-45e4-a964-97387a2a8ac2" testId="aa3750ec-02ed-6439-193c-1b03b0e8f043" testName="AppInfraCdkV1.Tests.Integration.NamingValidationIntegrationTests.GenerateSecurityGroupNames_WithValidEnvironmentAndApp_ShouldFollowConventions(environment: &quot;Development&quot;, application: &quot;TrialFinderV2&quot;)" computerName="kens" duration="00:00:00.0007883" startTime="2025-08-16T15:26:47.7691020-07:00" endTime="2025-08-16T15:26:47.7691020-07:00" testType="13cdc9d9-ddb5-4fa4-a97d-d965ccfc6d4b" outcome="Passed" testListId="8c84fa94-04c1-424b-9868-57a2d4851a1d" relativeResultsDirectory="d91aa9f6-64bf-45e4-a964-97387a2a8ac2" />
    <UnitTestResult executionId="542fa23f-d406-430e-93bb-d5e07d85f924" testId="1f3bc677-d9cd-b457-ba8c-ba80eeaf9ec8" testName="AppInfraCdkV1.Tests.Integration.NamingValidationIntegrationTests.ValidateAwsLimits_WithValidEnvironmentAndApp_ShouldRespectLimits(environment: &quot;Production&quot;, application: &quot;TrialFinderV2&quot;)" computerName="kens" duration="00:00:00.0004995" startTime="2025-08-16T15:26:47.7673170-07:00" endTime="2025-08-16T15:26:47.7673170-07:00" testType="13cdc9d9-ddb5-4fa4-a97d-d965ccfc6d4b" outcome="Passed" testListId="8c84fa94-04c1-424b-9868-57a2d4851a1d" relativeResultsDirectory="542fa23f-d406-430e-93bb-d5e07d85f924" />
    <UnitTestResult executionId="ffa9e9bb-8751-49b8-b796-1a0ebde716b1" testId="38c38080-b550-349b-993c-3664be744fac" testName="AppInfraCdkV1.Tests.Integration.NamingValidationIntegrationTests.ValidateNamingConventions_WithValidEnvironmentAndApp_ShouldSucceed(environment: &quot;Production&quot;, application: &quot;TrialFinderV2&quot;)" computerName="kens" duration="00:00:00.0008174" startTime="2025-08-16T15:26:47.7670950-07:00" endTime="2025-08-16T15:26:47.7670950-07:00" testType="13cdc9d9-ddb5-4fa4-a97d-d965ccfc6d4b" outcome="Passed" testListId="8c84fa94-04c1-424b-9868-57a2d4851a1d" relativeResultsDirectory="ffa9e9bb-8751-49b8-b796-1a0ebde716b1" />
    <UnitTestResult executionId="b54eea84-1aec-4b33-8896-735f24722e2d" testId="329b7fae-508d-1708-3ba9-cd90d2c6729a" testName="AppInfraCdkV1.Tests.Integration.NamingValidationIntegrationTests.GenerateLogGroupNames_WithValidEnvironmentAndApp_ShouldFollowAwsConventions(environment: &quot;Development&quot;, application: &quot;TrialMatch&quot;)" computerName="kens" duration="00:00:00.0005857" startTime="2025-08-16T15:26:47.7692160-07:00" endTime="2025-08-16T15:26:47.7692160-07:00" testType="13cdc9d9-ddb5-4fa4-a97d-d965ccfc6d4b" outcome="Passed" testListId="8c84fa94-04c1-424b-9868-57a2d4851a1d" relativeResultsDirectory="b54eea84-1aec-4b33-8896-735f24722e2d" />
    <UnitTestResult executionId="e33d274d-f2c2-4826-82a5-6bcee193f422" testId="d55edd33-df70-765a-402c-898f06e535b3" testName="AppInfraCdkV1.Tests.Unit.TrialFinderV2ConfigTests.GetConfigAllEnvironmentsHaveNonNullSizing" computerName="kens" duration="00:00:00.0002082" startTime="2025-08-16T15:26:47.7533120-07:00" endTime="2025-08-16T15:26:47.7533120-07:00" testType="13cdc9d9-ddb5-4fa4-a97d-d965ccfc6d4b" outcome="Passed" testListId="8c84fa94-04c1-424b-9868-57a2d4851a1d" relativeResultsDirectory="e33d274d-f2c2-4826-82a5-6bcee193f422" />
    <UnitTestResult executionId="49859057-a403-49b2-8bd1-03b9f43cb368" testId="9044bee7-c48d-de00-9294-9d3883a510dd" testName="AppInfraCdkV1.Tests.Unit.TrialMatchConfigTests.GetConfigEnvironmentOverridesConfiguresEnhancedMonitoring(environment: &quot;Development&quot;, expectedAccountType: NonProduction, expectedMonitoring: False)" computerName="kens" duration="00:00:00.0002890" startTime="2025-08-16T15:26:47.7495700-07:00" endTime="2025-08-16T15:26:47.7495700-07:00" testType="13cdc9d9-ddb5-4fa4-a97d-d965ccfc6d4b" outcome="Passed" testListId="8c84fa94-04c1-424b-9868-57a2d4851a1d" relativeResultsDirectory="49859057-a403-49b2-8bd1-03b9f43cb368" />
    <UnitTestResult executionId="5e0a3557-ca3d-4df8-bd19-84c4327c6c0a" testId="75c80a4d-b417-1625-7fdb-3e02871f7940" testName="AppInfraCdkV1.Tests.Unit.TrialFinderEcrImageTests.EcrImageUri_ShouldFollowCorrectFormat_WhenLatestImageExists" computerName="kens" duration="00:00:00.0003174" startTime="2025-08-16T15:26:47.7531020-07:00" endTime="2025-08-16T15:26:47.7531020-07:00" testType="13cdc9d9-ddb5-4fa4-a97d-d965ccfc6d4b" outcome="Passed" testListId="8c84fa94-04c1-424b-9868-57a2d4851a1d" relativeResultsDirectory="5e0a3557-ca3d-4df8-bd19-84c4327c6c0a" />
    <UnitTestResult executionId="aeea43fb-ccb8-4484-a045-66f61cfe308e" testId="7bfa861d-0e3f-991f-caa1-9c00c5c4d6f9" testName="AppInfraCdkV1.Tests.Unit.SecurityConfigTests.EnableWaf_ShouldAllowSetAndGet(enableWaf: False)" computerName="kens" duration="00:00:00.0001538" startTime="2025-08-16T15:26:47.7500800-07:00" endTime="2025-08-16T15:26:47.7500800-07:00" testType="13cdc9d9-ddb5-4fa4-a97d-d965ccfc6d4b" outcome="Passed" testListId="8c84fa94-04c1-424b-9868-57a2d4851a1d" relativeResultsDirectory="aeea43fb-ccb8-4484-a045-66f61cfe308e" />
    <UnitTestResult executionId="66d2f1df-eca2-4fbf-b3d4-da42a63e1570" testId="595ec452-9910-b54d-fe5d-056b15944d7d" testName="AppInfraCdkV1.Tests.Unit.ConfigurationModelsTests.HealthCheckConfig_WithPartialValues_ShouldSetOnlySpecifiedValues" computerName="kens" duration="00:00:00.0004626" startTime="2025-08-16T15:26:49.1541350-07:00" endTime="2025-08-16T15:26:49.1541350-07:00" testType="13cdc9d9-ddb5-4fa4-a97d-d965ccfc6d4b" outcome="Passed" testListId="8c84fa94-04c1-424b-9868-57a2d4851a1d" relativeResultsDirectory="66d2f1df-eca2-4fbf-b3d4-da42a63e1570" />
    <UnitTestResult executionId="5f0b367b-0da1-4ec6-a66e-140aec82565d" testId="4e7c13bc-5bad-4091-a766-ac5b9042eddf" testName="AppInfraCdkV1.Tests.Unit.ConfigurationLoaderTests.GetConfig_WithIntegrationEnvironment_ShouldSupportCognitoDevelopment" computerName="kens" duration="00:00:00.0000809" startTime="2025-08-16T15:26:47.7548010-07:00" endTime="2025-08-16T15:26:47.7548010-07:00" testType="13cdc9d9-ddb5-4fa4-a97d-d965ccfc6d4b" outcome="Passed" testListId="8c84fa94-04c1-424b-9868-57a2d4851a1d" relativeResultsDirectory="5f0b367b-0da1-4ec6-a66e-140aec82565d" />
    <UnitTestResult executionId="63d036ab-77c6-4f96-aa13-e2788058001d" testId="0593ea9d-f16a-d176-e389-17651104267d" testName="AppInfraCdkV1.Tests.Unit.DeploymentContextTests.GetCommonTagsWithEmptyStringsHandlesEmptyValues" computerName="kens" duration="00:00:00.0001045" startTime="2025-08-16T15:26:47.7559880-07:00" endTime="2025-08-16T15:26:47.7559880-07:00" testType="13cdc9d9-ddb5-4fa4-a97d-d965ccfc6d4b" outcome="Passed" testListId="8c84fa94-04c1-424b-9868-57a2d4851a1d" relativeResultsDirectory="63d036ab-77c6-4f96-aa13-e2788058001d" />
    <UnitTestResult executionId="c57f859e-dfb3-44fd-9c92-d40487817efb" testId="4636cdc1-1790-4fcd-567b-29a184c65a4f" testName="AppInfraCdkV1.Tests.Integration.NamingValidationIntegrationTests.GenerateSecurityGroupNames_WithValidEnvironmentAndApp_ShouldFollowConventions(environment: &quot;Production&quot;, application: &quot;TrialMatch&quot;)" computerName="kens" duration="00:00:00.0005876" startTime="2025-08-16T15:26:47.7691430-07:00" endTime="2025-08-16T15:26:47.7691430-07:00" testType="13cdc9d9-ddb5-4fa4-a97d-d965ccfc6d4b" outcome="Passed" testListId="8c84fa94-04c1-424b-9868-57a2d4851a1d" relativeResultsDirectory="c57f859e-dfb3-44fd-9c92-d40487817efb" />
    <UnitTestResult executionId="e2711398-0ada-4951-bdd0-dca0252974e5" testId="648ec507-3e40-65ae-7b08-82cd8a2d213d" testName="AppInfraCdkV1.Tests.Unit.ConfigurationModelsTests.EcsTaskConfiguration_WithValidData_ShouldValidateCorrectly" computerName="kens" duration="00:00:00.0009817" startTime="2025-08-16T15:26:47.7525340-07:00" endTime="2025-08-16T15:26:47.7525340-07:00" testType="13cdc9d9-ddb5-4fa4-a97d-d965ccfc6d4b" outcome="Passed" testListId="8c84fa94-04c1-424b-9868-57a2d4851a1d" relativeResultsDirectory="e2711398-0ada-4951-bdd0-dca0252974e5" />
    <UnitTestResult executionId="c76addc2-e171-4893-824f-bb23f68b8568" testId="053dfdd6-4008-cb96-42d3-f693f0342966" testName="AppInfraCdkV1.Tests.Unit.NamingConventionTests.GetRegionCodeWithValidEnumReturnsCorrectCode(region: UsEast1, expectedCode: &quot;ue1&quot;)" computerName="kens" duration="00:00:00.0000259" startTime="2025-08-16T15:26:47.7506320-07:00" endTime="2025-08-16T15:26:47.7506320-07:00" testType="13cdc9d9-ddb5-4fa4-a97d-d965ccfc6d4b" outcome="Passed" testListId="8c84fa94-04c1-424b-9868-57a2d4851a1d" relativeResultsDirectory="c76addc2-e171-4893-824f-bb23f68b8568" />
    <UnitTestResult executionId="2a882ed2-9a11-4dc4-bba7-786726d96dbb" testId="daf2a6d4-f13c-bd56-e4ff-1040263824a5" testName="AppInfraCdkV1.Tests.Unit.ResourceNamerTests.SecurityGroupForRds_WithPurpose_ShouldGenerateCorrectName" computerName="kens" duration="00:00:00.0005272" startTime="2025-08-16T15:26:47.7446080-07:00" endTime="2025-08-16T15:26:47.7446080-07:00" testType="13cdc9d9-ddb5-4fa4-a97d-d965ccfc6d4b" outcome="Passed" testListId="8c84fa94-04c1-424b-9868-57a2d4851a1d" relativeResultsDirectory="2a882ed2-9a11-4dc4-bba7-786726d96dbb" />
    <UnitTestResult executionId="3f6d1671-6395-4f4b-bdc7-843aaa1d1063" testId="2b4f7022-a5e9-a94e-1ede-8031580a8bd9" testName="AppInfraCdkV1.Tests.Unit.TrialFinderV2ConfigTests.GetConfigEnvironmentOverridesConfiguresBackupRetention" computerName="kens" duration="00:00:00.0000684" startTime="2025-08-16T15:26:47.7546360-07:00" endTime="2025-08-16T15:26:47.7546360-07:00" testType="13cdc9d9-ddb5-4fa4-a97d-d965ccfc6d4b" outcome="Passed" testListId="8c84fa94-04c1-424b-9868-57a2d4851a1d" relativeResultsDirectory="3f6d1671-6395-4f4b-bdc7-843aaa1d1063" />
    <UnitTestResult executionId="3550773f-80e6-44fb-b7a1-600f7d18f82f" testId="f636fd70-8b0c-af80-1b05-e9ac852ee44b" testName="AppInfraCdkV1.Tests.Unit.EnvironmentConfigTests.Tags_ShouldAllowModification" computerName="kens" duration="00:00:00.0000807" startTime="2025-08-16T15:26:47.7563350-07:00" endTime="2025-08-16T15:26:47.7563350-07:00" testType="13cdc9d9-ddb5-4fa4-a97d-d965ccfc6d4b" outcome="Passed" testListId="8c84fa94-04c1-424b-9868-57a2d4851a1d" relativeResultsDirectory="3550773f-80e6-44fb-b7a1-600f7d18f82f" />
    <UnitTestResult executionId="e3855f10-94c9-48fb-ac78-b8801b451335" testId="cb2b9d87-21fe-9e4c-5e8f-d5f09cfc938d" testName="AppInfraCdkV1.Tests.Integration.NamingValidationIntegrationTests.GenerateSecurityGroupNames_WithValidEnvironmentAndApp_ShouldFollowConventions(environment: &quot;Development&quot;, application: &quot;TrialMatch&quot;)" computerName="kens" duration="00:00:00.0002512" startTime="2025-08-16T15:26:47.7690200-07:00" endTime="2025-08-16T15:26:47.7690200-07:00" testType="13cdc9d9-ddb5-4fa4-a97d-d965ccfc6d4b" outcome="Passed" testListId="8c84fa94-04c1-424b-9868-57a2d4851a1d" relativeResultsDirectory="e3855f10-94c9-48fb-ac78-b8801b451335" />
    <UnitTestResult executionId="94c96e30-cbdc-42b9-9373-af80d74cd726" testId="cd9f0547-96e5-3fc9-a953-9a41f4239b7e" testName="AppInfraCdkV1.Tests.Integration.ShowNamesOnlyIntegrationTests.ShowNamesOnly_WithValidEnvironmentAndApp_PassesValidation(environment: &quot;Production&quot;, application: &quot;TrialMatch&quot;)" computerName="kens" duration="00:00:00.1277287" startTime="2025-08-16T15:26:47.9736040-07:00" endTime="2025-08-16T15:26:47.9736040-07:00" testType="13cdc9d9-ddb5-4fa4-a97d-d965ccfc6d4b" outcome="Failed" testListId="8c84fa94-04c1-424b-9868-57a2d4851a1d" relativeResultsDirectory="94c96e30-cbdc-42b9-9373-af80d74cd726">
      <Output>
        <ErrorInfo>
          <Message>Shouldly.ShouldAssertException : result.StandardOutput&#xD;
    should contain (case insensitive comparison)&#xD;
"Account-level uniqueness validated"&#xD;
    but was actually&#xD;
"\ud83d\ude80 Starting CDK deployment for TrialFinderV2 in Development
\ud83d\udd0d Validating naming conventions...
✅ Na..."</Message>
          <StackTrace>   at AppInfraCdkV1.Tests.Integration.ShowNamesOnlyIntegrationTests.ShowNamesOnly_WithValidEnvironmentAndApp_PassesValidation(String environment, String application) in /Users/ken/code/AppInfraCdkV1/AppInfraCdkV1.Tests/Integration/ShowNamesOnlyIntegrationTests.cs:line 169
   at System.Runtime.ExceptionServices.ExceptionDispatchInfo.Throw()
   at System.Runtime.CompilerServices.TaskAwaiter.ThrowForNonSuccess(Task task)
   at System.Runtime.CompilerServices.TaskAwaiter.HandleNonSuccessAndDebuggerNotification(Task task, ConfigureAwaitOptions options)
--- End of stack trace from previous location ---
   at System.Runtime.ExceptionServices.ExceptionDispatchInfo.Throw()
   at System.Runtime.CompilerServices.TaskAwaiter.ThrowForNonSuccess(Task task)
   at System.Runtime.CompilerServices.TaskAwaiter.HandleNonSuccessAndDebuggerNotification(Task task, ConfigureAwaitOptions options)
   at System.Runtime.ExceptionServices.ExceptionDispatchInfo.Throw()
   at System.Runtime.CompilerServices.TaskAwaiter.ThrowForNonSuccess(Task task)
   at System.Runtime.CompilerServices.TaskAwaiter.HandleNonSuccessAndDebuggerNotification(Task task, ConfigureAwaitOptions options)</StackTrace>
        </ErrorInfo>
      </Output>
    </UnitTestResult>
    <UnitTestResult executionId="7f91db6d-ac32-43bd-a1e7-d7c56e1e5f06" testId="a870ea4b-0bcc-1dc4-c660-8a0fc4c73005" testName="AppInfraCdkV1.Tests.Unit.ConfigurationLoaderTests.ValidateConfiguration_WithInvalidPortMapping_ShouldThrow" computerName="kens" duration="00:00:00.0002216" startTime="2025-08-16T15:26:47.7935420-07:00" endTime="2025-08-16T15:26:47.7935420-07:00" testType="13cdc9d9-ddb5-4fa4-a97d-d965ccfc6d4b" outcome="Passed" testListId="8c84fa94-04c1-424b-9868-57a2d4851a1d" relativeResultsDirectory="7f91db6d-ac32-43bd-a1e7-d7c56e1e5f06" />
    <UnitTestResult executionId="86ac52d8-076f-418d-93bd-77dbdb9509ee" testId="044c11b7-4783-6016-86e6-319c7f680bba" testName="AppInfraCdkV1.Tests.Unit.EnvironmentConfigTests.Tags_ShouldAllowSetAndGet" computerName="kens" duration="00:00:00.0073435" startTime="2025-08-16T15:26:47.7502970-07:00" endTime="2025-08-16T15:26:47.7502970-07:00" testType="13cdc9d9-ddb5-4fa4-a97d-d965ccfc6d4b" outcome="Passed" testListId="8c84fa94-04c1-424b-9868-57a2d4851a1d" relativeResultsDirectory="86ac52d8-076f-418d-93bd-77dbdb9509ee" />
    <UnitTestResult executionId="3a609278-470a-4480-b0ad-ac76bb9143d1" testId="69fa1047-0cf7-32fc-465e-f5d27df99174" testName="AppInfraCdkV1.Tests.Integration.NamingValidationIntegrationTests.GenerateLogGroupNames_WithValidEnvironmentAndApp_ShouldFollowAwsConventions(environment: &quot;Development&quot;, application: &quot;TrialFinderV2&quot;)" computerName="kens" duration="00:00:00.0001620" startTime="2025-08-16T15:26:47.7692750-07:00" endTime="2025-08-16T15:26:47.7692750-07:00" testType="13cdc9d9-ddb5-4fa4-a97d-d965ccfc6d4b" outcome="Passed" testListId="8c84fa94-04c1-424b-9868-57a2d4851a1d" relativeResultsDirectory="3a609278-470a-4480-b0ad-ac76bb9143d1" />
    <UnitTestResult executionId="dcbf5dc9-57bc-4449-9445-d0d6db7590cc" testId="e885e3fb-fdaf-aba5-f190-f6d1d1c0be56" testName="AppInfraCdkV1.Tests.Integration.NamingValidationIntegrationTests.GenerateCognitoResourceNames_WithValidEnvironmentAndApp_ShouldFollowConventions(environment: &quot;Production&quot;, application: &quot;TrialFinderV2&quot;)" computerName="kens" duration="00:00:00.0008468" startTime="2025-08-16T15:26:47.7656550-07:00" endTime="2025-08-16T15:26:47.7656550-07:00" testType="13cdc9d9-ddb5-4fa4-a97d-d965ccfc6d4b" outcome="Passed" testListId="8c84fa94-04c1-424b-9868-57a2d4851a1d" relativeResultsDirectory="dcbf5dc9-57bc-4449-9445-d0d6db7590cc" />
    <UnitTestResult executionId="7014c128-827b-4413-b261-ede525d314f1" testId="78834b78-ba09-85a3-9b43-a59bf2d13bb8" testName="AppInfraCdkV1.Tests.Integration.NamingValidationIntegrationTests.ValidateMultiEnvironmentSetup_WithValidEnvironment_ShouldDetectCorrectContext(environment: &quot;Production&quot;, application: &quot;TrialMatch&quot;)" computerName="kens" duration="00:00:00.0012259" startTime="2025-08-16T15:26:47.7685580-07:00" endTime="2025-08-16T15:26:47.7685580-07:00" testType="13cdc9d9-ddb5-4fa4-a97d-d965ccfc6d4b" outcome="Passed" testListId="8c84fa94-04c1-424b-9868-57a2d4851a1d" relativeResultsDirectory="7014c128-827b-4413-b261-ede525d314f1" />
    <UnitTestResult executionId="19386edd-f42e-4803-9548-12043c982d60" testId="f8b8bc45-b5ae-51b0-5b25-a5448e160cd6" testName="AppInfraCdkV1.Tests.Unit.DeploymentContextTests.ValidateNamingContextWithValidCombinationsDoesNotThrow(environment: &quot;Development&quot;, application: &quot;TrialFinderV2&quot;, region: &quot;us-east-2&quot;)" computerName="kens" duration="00:00:00.0000109" startTime="2025-08-16T15:26:47.7559510-07:00" endTime="2025-08-16T15:26:47.7559510-07:00" testType="13cdc9d9-ddb5-4fa4-a97d-d965ccfc6d4b" outcome="Passed" testListId="8c84fa94-04c1-424b-9868-57a2d4851a1d" relativeResultsDirectory="19386edd-f42e-4803-9548-12043c982d60" />
    <UnitTestResult executionId="07f69008-f786-41db-8604-2ec29bf488cf" testId="00956f6a-59ce-4d66-7979-54a3218f53cc" testName="AppInfraCdkV1.Tests.Unit.TrialFinderV2ConfigTests.GetConfigWithDevelopmentConfiguresMultiEnvironmentCorrectly" computerName="kens" duration="00:00:00.0000625" startTime="2025-08-16T15:26:47.7547080-07:00" endTime="2025-08-16T15:26:47.7547080-07:00" testType="13cdc9d9-ddb5-4fa4-a97d-d965ccfc6d4b" outcome="Passed" testListId="8c84fa94-04c1-424b-9868-57a2d4851a1d" relativeResultsDirectory="07f69008-f786-41db-8604-2ec29bf488cf" />
    <UnitTestResult executionId="b2ddaa0f-60b4-4c14-adaa-28e808d36460" testId="581f9c7e-d081-34fa-9f99-4b12fe52f802" testName="AppInfraCdkV1.Tests.Unit.NamingConventionTests.GetEnvironmentPrefixWithValidEnvironmentReturnsCorrectPrefix(environment: &quot;Integration&quot;, expectedPrefix: &quot;int&quot;)" computerName="kens" duration="00:00:00.0000085" startTime="2025-08-16T15:26:47.7513590-07:00" endTime="2025-08-16T15:26:47.7513590-07:00" testType="13cdc9d9-ddb5-4fa4-a97d-d965ccfc6d4b" outcome="Passed" testListId="8c84fa94-04c1-424b-9868-57a2d4851a1d" relativeResultsDirectory="b2ddaa0f-60b4-4c14-adaa-28e808d36460" />
    <UnitTestResult executionId="2139f3c1-847e-4d59-b11f-afc872143c23" testId="653d25fa-405a-af3a-9b44-0bbd20b78da1" testName="AppInfraCdkV1.Tests.Unit.ConfigurationLoaderTests.SubstituteVariables_WithValidVariables_ShouldReplaceCorrectly" computerName="kens" duration="00:00:00.0552134" startTime="2025-08-16T15:26:47.7921760-07:00" endTime="2025-08-16T15:26:47.7921760-07:00" testType="13cdc9d9-ddb5-4fa4-a97d-d965ccfc6d4b" outcome="Passed" testListId="8c84fa94-04c1-424b-9868-57a2d4851a1d" relativeResultsDirectory="2139f3c1-847e-4d59-b11f-afc872143c23" />
    <UnitTestResult executionId="f078b52a-ac33-48da-8745-cd22e9591270" testId="2d971e6e-1141-7539-a4ee-cea8b750ba0f" testName="AppInfraCdkV1.Tests.Unit.EnvironmentConfigTests.EnvironmentConfig_ShouldAcceptVariousValidValues(name: &quot;Production&quot;, accountId: &quot;987654321098&quot;, region: &quot;us-west-2&quot;, accountType: Production)" computerName="kens" duration="00:00:00.0004631" startTime="2025-08-16T15:26:47.7678730-07:00" endTime="2025-08-16T15:26:47.7678730-07:00" testType="13cdc9d9-ddb5-4fa4-a97d-d965ccfc6d4b" outcome="Passed" testListId="8c84fa94-04c1-424b-9868-57a2d4851a1d" relativeResultsDirectory="f078b52a-ac33-48da-8745-cd22e9591270" />
    <UnitTestResult executionId="32af0387-c899-412d-807e-b2efb1e06985" testId="f08bf83b-de88-ed10-acb6-38e08f644d73" testName="AppInfraCdkV1.Tests.Integration.NamingValidationIntegrationTests.ValidateCognitoResourceUniqueness_WithValidEnvironmentAndApp_ShouldBeUnique(environment: &quot;Production&quot;, application: &quot;TrialFinderV2&quot;)" computerName="kens" duration="00:00:00.0003333" startTime="2025-08-16T15:26:47.7696830-07:00" endTime="2025-08-16T15:26:47.7696830-07:00" testType="13cdc9d9-ddb5-4fa4-a97d-d965ccfc6d4b" outcome="Passed" testListId="8c84fa94-04c1-424b-9868-57a2d4851a1d" relativeResultsDirectory="32af0387-c899-412d-807e-b2efb1e06985" />
    <UnitTestResult executionId="e8e3a919-9a96-410c-a4c7-6cdccc8d74e1" testId="7aef322d-ec15-9532-fc7f-72091b47da47" testName="AppInfraCdkV1.Tests.Unit.DeploymentContextTests.ValidateNamingContextWithNullEnvironmentNameThrowsInvalidOperationException" computerName="kens" duration="00:00:00.0009601" startTime="2025-08-16T15:26:47.7540550-07:00" endTime="2025-08-16T15:26:47.7540550-07:00" testType="13cdc9d9-ddb5-4fa4-a97d-d965ccfc6d4b" outcome="Passed" testListId="8c84fa94-04c1-424b-9868-57a2d4851a1d" relativeResultsDirectory="e8e3a919-9a96-410c-a4c7-6cdccc8d74e1" />
    <UnitTestResult executionId="1cedce1a-3a8e-4297-abd4-b367f2c4334f" testId="f94ef4d3-912c-98e8-d91f-a8d6438a9fc7" testName="AppInfraCdkV1.Tests.Integration.NamingValidationIntegrationTests.GenerateIamRoleNames_WithValidEnvironmentAndApp_ShouldFollowConventions(environment: &quot;Production&quot;, application: &quot;TrialMatch&quot;)" computerName="kens" duration="00:00:00.0003435" startTime="2025-08-16T15:26:47.7647280-07:00" endTime="2025-08-16T15:26:47.7647280-07:00" testType="13cdc9d9-ddb5-4fa4-a97d-d965ccfc6d4b" outcome="Passed" testListId="8c84fa94-04c1-424b-9868-57a2d4851a1d" relativeResultsDirectory="1cedce1a-3a8e-4297-abd4-b367f2c4334f" />
    <UnitTestResult executionId="787ae9b1-ec0c-4d33-a7dc-ce8a689418af" testId="f14783b5-ed15-823a-71ed-940928e892af" testName="AppInfraCdkV1.Tests.Unit.DeploymentContextTests.ValidateNamingContextWithValidContextDoesNotThrow" computerName="kens" duration="00:00:00.0001027" startTime="2025-08-16T15:26:47.7552320-07:00" endTime="2025-08-16T15:26:47.7552320-07:00" testType="13cdc9d9-ddb5-4fa4-a97d-d965ccfc6d4b" outcome="Passed" testListId="8c84fa94-04c1-424b-9868-57a2d4851a1d" relativeResultsDirectory="787ae9b1-ec0c-4d33-a7dc-ce8a689418af" />
    <UnitTestResult executionId="0ce152ae-440e-4c21-b1d4-f74133d13713" testId="2796d8a9-eef3-faba-1b60-d74508f3bc2a" testName="AppInfraCdkV1.Tests.Integration.NamingValidationIntegrationTests.GenerateResourceNames_WithValidEnvironmentAndApp_ShouldProduceCorrectNames(environment: &quot;Production&quot;, application: &quot;TrialFinderV2&quot;)" computerName="kens" duration="00:00:00.0015609" startTime="2025-08-16T15:26:47.7639410-07:00" endTime="2025-08-16T15:26:47.7639410-07:00" testType="13cdc9d9-ddb5-4fa4-a97d-d965ccfc6d4b" outcome="Passed" testListId="8c84fa94-04c1-424b-9868-57a2d4851a1d" relativeResultsDirectory="0ce152ae-440e-4c21-b1d4-f74133d13713" />
    <UnitTestResult executionId="3162e49f-c664-4336-8868-b6fc19cb7d00" testId="e9de91da-3da9-4419-930c-5abb3aa3ecf5" testName="AppInfraCdkV1.Tests.Unit.SecurityConfigTests.AllowedCidrBlocks_ShouldAllowModification" computerName="kens" duration="00:00:00.0001260" startTime="2025-08-16T15:26:47.7514050-07:00" endTime="2025-08-16T15:26:47.7514050-07:00" testType="13cdc9d9-ddb5-4fa4-a97d-d965ccfc6d4b" outcome="Passed" testListId="8c84fa94-04c1-424b-9868-57a2d4851a1d" relativeResultsDirectory="3162e49f-c664-4336-8868-b6fc19cb7d00" />
    <UnitTestResult executionId="f7cb2f10-b86d-493d-b05d-7e8c24b6e278" testId="79448b31-c049-6866-5312-6ba1caf0b297" testName="AppInfraCdkV1.Tests.Integration.ShowNamesOnlyBasicTest.ShowNamesOnly_BasicExecution_ReturnsExpectedOutput(application: &quot;TrialFinderV2&quot;)" computerName="kens" duration="00:00:00.1618356" startTime="2025-08-16T15:26:48.0066520-07:00" endTime="2025-08-16T15:26:48.0066520-07:00" testType="13cdc9d9-ddb5-4fa4-a97d-d965ccfc6d4b" outcome="Passed" testListId="8c84fa94-04c1-424b-9868-57a2d4851a1d" relativeResultsDirectory="f7cb2f10-b86d-493d-b05d-7e8c24b6e278" />
    <UnitTestResult executionId="32618d33-b195-4e2f-9a4d-16798d5d1677" testId="62802696-dc58-01a9-b7e3-cf8b980ba959" testName="AppInfraCdkV1.Tests.Integration.NamingValidationIntegrationTests.GenerateResourceNames_WithValidEnvironmentAndApp_ShouldProduceCorrectNames(environment: &quot;Development&quot;, application: &quot;TrialFinderV2&quot;)" computerName="kens" duration="00:00:00.0006135" startTime="2025-08-16T15:26:47.7639740-07:00" endTime="2025-08-16T15:26:47.7639740-07:00" testType="13cdc9d9-ddb5-4fa4-a97d-d965ccfc6d4b" outcome="Passed" testListId="8c84fa94-04c1-424b-9868-57a2d4851a1d" relativeResultsDirectory="32618d33-b195-4e2f-9a4d-16798d5d1677" />
    <UnitTestResult executionId="c0c7aea4-dced-47d3-8403-097ce18495fc" testId="9ef3112e-25d1-e221-095c-024557710b7f" testName="AppInfraCdkV1.Tests.Unit.TrialMatchConfigTests.GetConfigWithProductionConfiguresProductionSettings" computerName="kens" duration="00:00:00.0024241" startTime="2025-08-16T15:26:47.7485470-07:00" endTime="2025-08-16T15:26:47.7485470-07:00" testType="13cdc9d9-ddb5-4fa4-a97d-d965ccfc6d4b" outcome="Passed" testListId="8c84fa94-04c1-424b-9868-57a2d4851a1d" relativeResultsDirectory="c0c7aea4-dced-47d3-8403-097ce18495fc" />
    <UnitTestResult executionId="3b9c390f-b391-4483-9a32-e6724d97f3af" testId="4e363a50-e598-f515-20a1-f4eb63dd8d31" testName="AppInfraCdkV1.Tests.Integration.ShowNamesOnlyIntegrationTests.ShowNamesOnly_WithValidEnvironmentAndApp_ExecutesSuccessfully(environment: &quot;Production&quot;, application: &quot;TrialMatch&quot;)" computerName="kens" duration="00:00:00.0928866" startTime="2025-08-16T15:26:48.5776580-07:00" endTime="2025-08-16T15:26:48.5776580-07:00" testType="13cdc9d9-ddb5-4fa4-a97d-d965ccfc6d4b" outcome="Passed" testListId="8c84fa94-04c1-424b-9868-57a2d4851a1d" relativeResultsDirectory="3b9c390f-b391-4483-9a32-e6724d97f3af" />
    <UnitTestResult executionId="ca0ec35b-8395-4d0d-9a32-d9d12ccc1516" testId="bcfb7d92-52a7-36d0-7b59-d2d7512e4994" testName="AppInfraCdkV1.Tests.Unit.TrialFinderV2ConfigTests.GetConfigAllEnvironmentsHaveValidApplicationName" computerName="kens" duration="00:00:00.0001683" startTime="2025-08-16T15:26:47.7537610-07:00" endTime="2025-08-16T15:26:47.7537610-07:00" testType="13cdc9d9-ddb5-4fa4-a97d-d965ccfc6d4b" outcome="Passed" testListId="8c84fa94-04c1-424b-9868-57a2d4851a1d" relativeResultsDirectory="ca0ec35b-8395-4d0d-9a32-d9d12ccc1516" />
    <UnitTestResult executionId="8c0f4ee2-a76c-45ad-a0f0-1d4e733f4ca5" testId="9dd1772e-c9d3-9fb4-d30a-98b9c640e03b" testName="AppInfraCdkV1.Tests.Unit.ConfigurationModelsTests.ServiceConfig_WithMultipleTaskDefinitions_ShouldHandleMultipleTaskDefinitions" computerName="kens" duration="00:00:00.0002816" startTime="2025-08-16T15:26:49.1543670-07:00" endTime="2025-08-16T15:26:49.1543670-07:00" testType="13cdc9d9-ddb5-4fa4-a97d-d965ccfc6d4b" outcome="Passed" testListId="8c84fa94-04c1-424b-9868-57a2d4851a1d" relativeResultsDirectory="8c0f4ee2-a76c-45ad-a0f0-1d4e733f4ca5" />
    <UnitTestResult executionId="c7b07d7e-f12d-4313-99fd-a9904aa6347c" testId="d08af2b3-ffd9-5196-7ce0-2b4d5efeb421" testName="AppInfraCdkV1.Tests.Integration.NamingValidationIntegrationTests.GenerateLogGroupNames_WithValidEnvironmentAndApp_ShouldFollowAwsConventions(environment: &quot;Production&quot;, application: &quot;TrialFinderV2&quot;)" computerName="kens" duration="00:00:00.0001944" startTime="2025-08-16T15:26:47.7692460-07:00" endTime="2025-08-16T15:26:47.7692460-07:00" testType="13cdc9d9-ddb5-4fa4-a97d-d965ccfc6d4b" outcome="Passed" testListId="8c84fa94-04c1-424b-9868-57a2d4851a1d" relativeResultsDirectory="c7b07d7e-f12d-4313-99fd-a9904aa6347c" />
  </Results>
  <TestDefinitions>
    <UnitTest name="AppInfraCdkV1.Tests.Unit.TrialMatchConfigurationLoaderTests.ValidateConfiguration_WithMissingServiceName_ShouldThrow" storage="/users/ken/code/appinfracdkv1/appinfracdkv1.tests/bin/debug/net8.0/appinfracdkv1.tests.dll" id="c523c322-bd3b-3c6a-8a51-2e60524390d4">
      <Execution id="940614a7-2683-45df-85f0-3515aa3a6ce2" />
      <TestMethod codeBase="/Users/ken/code/AppInfraCdkV1/AppInfraCdkV1.Tests/bin/Debug/net8.0/AppInfraCdkV1.Tests.dll" adapterTypeName="executor://xunit/VsTestRunner2/netcoreapp" className="AppInfraCdkV1.Tests.Unit.TrialMatchConfigurationLoaderTests" name="ValidateConfiguration_WithMissingServiceName_ShouldThrow" />
    </UnitTest>
    <UnitTest name="AppInfraCdkV1.Tests.Unit.DeploymentContextTests.NamerPropertyInitializationCreatesResourceNamerInstance" storage="/users/ken/code/appinfracdkv1/appinfracdkv1.tests/bin/debug/net8.0/appinfracdkv1.tests.dll" id="a97676de-c59c-85ab-4413-21c071390b9e">
      <Execution id="1229d738-64ac-47e0-8a33-29f8f1bcaff8" />
      <TestMethod codeBase="/Users/ken/code/AppInfraCdkV1/AppInfraCdkV1.Tests/bin/Debug/net8.0/AppInfraCdkV1.Tests.dll" adapterTypeName="executor://xunit/VsTestRunner2/netcoreapp" className="AppInfraCdkV1.Tests.Unit.DeploymentContextTests" name="NamerPropertyInitializationCreatesResourceNamerInstance" />
    </UnitTest>
    <UnitTest name="AppInfraCdkV1.Tests.Unit.ResourceNamerTests.Lambda_WithPurpose_ShouldGenerateCorrectName" storage="/users/ken/code/appinfracdkv1/appinfracdkv1.tests/bin/debug/net8.0/appinfracdkv1.tests.dll" id="1b3068bf-5b90-318f-bba7-617033879179">
      <Execution id="bb972ad4-7d27-4692-8329-eef8983ce893" />
      <TestMethod codeBase="/Users/ken/code/AppInfraCdkV1/AppInfraCdkV1.Tests/bin/Debug/net8.0/AppInfraCdkV1.Tests.dll" adapterTypeName="executor://xunit/VsTestRunner2/netcoreapp" className="AppInfraCdkV1.Tests.Unit.ResourceNamerTests" name="Lambda_WithPurpose_ShouldGenerateCorrectName" />
    </UnitTest>
    <UnitTest name="AppInfraCdkV1.Tests.Unit.ConfigurationModelsTests.HealthCheckConfig_WithValidData_ShouldCreateInstance" storage="/users/ken/code/appinfracdkv1/appinfracdkv1.tests/bin/debug/net8.0/appinfracdkv1.tests.dll" id="04481468-df9c-ab27-ec4f-e6161c59edf6">
      <Execution id="aa869303-c208-4099-82e1-75955218f783" />
      <TestMethod codeBase="/Users/ken/code/AppInfraCdkV1/AppInfraCdkV1.Tests/bin/Debug/net8.0/AppInfraCdkV1.Tests.dll" adapterTypeName="executor://xunit/VsTestRunner2/netcoreapp" className="AppInfraCdkV1.Tests.Unit.ConfigurationModelsTests" name="HealthCheckConfig_WithValidData_ShouldCreateInstance" />
    </UnitTest>
    <UnitTest name="AppInfraCdkV1.Tests.Unit.DeploymentContextTests.ValidateNamingContextWithValidCombinationsDoesNotThrow(environment: &quot;Staging&quot;, application: &quot;TrialFinderV2&quot;, region: &quot;us-west-2&quot;)" storage="/users/ken/code/appinfracdkv1/appinfracdkv1.tests/bin/debug/net8.0/appinfracdkv1.tests.dll" id="553c89a0-2c87-6214-ce26-bd694a129ade">
      <Execution id="9e7f273d-03f3-4f6f-9a64-36ac111349ad" />
      <TestMethod codeBase="/Users/ken/code/AppInfraCdkV1/AppInfraCdkV1.Tests/bin/Debug/net8.0/AppInfraCdkV1.Tests.dll" adapterTypeName="executor://xunit/VsTestRunner2/netcoreapp" className="AppInfraCdkV1.Tests.Unit.DeploymentContextTests" name="ValidateNamingContextWithValidCombinationsDoesNotThrow" />
    </UnitTest>
    <UnitTest name="AppInfraCdkV1.Tests.Unit.ConfigurationLoaderTests.GetConfig_WithDevelopmentEnvironment_ShouldIncludeCognitoSettings" storage="/users/ken/code/appinfracdkv1/appinfracdkv1.tests/bin/debug/net8.0/appinfracdkv1.tests.dll" id="d3df8c98-e18d-b2e4-8707-34ca0fd3df29">
      <Execution id="bd7150a6-4147-44d2-86c4-64d532f5fab8" />
      <TestMethod codeBase="/Users/ken/code/AppInfraCdkV1/AppInfraCdkV1.Tests/bin/Debug/net8.0/AppInfraCdkV1.Tests.dll" adapterTypeName="executor://xunit/VsTestRunner2/netcoreapp" className="AppInfraCdkV1.Tests.Unit.ConfigurationLoaderTests" name="GetConfig_WithDevelopmentEnvironment_ShouldIncludeCognitoSettings" />
    </UnitTest>
    <UnitTest name="AppInfraCdkV1.Tests.Integration.NamingValidationIntegrationTests.GenerateSecurityGroupNames_WithValidEnvironmentAndApp_ShouldFollowConventions(environment: &quot;Production&quot;, application: &quot;TrialMatch&quot;)" storage="/users/ken/code/appinfracdkv1/appinfracdkv1.tests/bin/debug/net8.0/appinfracdkv1.tests.dll" id="4636cdc1-1790-4fcd-567b-29a184c65a4f">
      <Execution id="c57f859e-dfb3-44fd-9c92-d40487817efb" />
      <TestMethod codeBase="/Users/ken/code/AppInfraCdkV1/AppInfraCdkV1.Tests/bin/Debug/net8.0/AppInfraCdkV1.Tests.dll" adapterTypeName="executor://xunit/VsTestRunner2/netcoreapp" className="AppInfraCdkV1.Tests.Integration.NamingValidationIntegrationTests" name="GenerateSecurityGroupNames_WithValidEnvironmentAndApp_ShouldFollowConventions" />
    </UnitTest>
    <UnitTest name="AppInfraCdkV1.Tests.Unit.EnvironmentConfigTests.AccountType_ShouldAllowSetAndGet(expectedAccountType: Production)" storage="/users/ken/code/appinfracdkv1/appinfracdkv1.tests/bin/debug/net8.0/appinfracdkv1.tests.dll" id="838ec2c3-dd4c-857d-8ea2-451004edd07b">
      <Execution id="53719561-806c-4a11-a3ec-250c59094ca0" />
      <TestMethod codeBase="/Users/ken/code/AppInfraCdkV1/AppInfraCdkV1.Tests/bin/Debug/net8.0/AppInfraCdkV1.Tests.dll" adapterTypeName="executor://xunit/VsTestRunner2/netcoreapp" className="AppInfraCdkV1.Tests.Unit.EnvironmentConfigTests" name="AccountType_ShouldAllowSetAndGet" />
    </UnitTest>
    <UnitTest name="AppInfraCdkV1.Tests.Unit.ConfigurationLoaderTests.GetConfig_WithIntegrationEnvironment_ShouldSupportCognitoDevelopment" storage="/users/ken/code/appinfracdkv1/appinfracdkv1.tests/bin/debug/net8.0/appinfracdkv1.tests.dll" id="4e7c13bc-5bad-4091-a766-ac5b9042eddf">
      <Execution id="5f0b367b-0da1-4ec6-a66e-140aec82565d" />
      <TestMethod codeBase="/Users/ken/code/AppInfraCdkV1/AppInfraCdkV1.Tests/bin/Debug/net8.0/AppInfraCdkV1.Tests.dll" adapterTypeName="executor://xunit/VsTestRunner2/netcoreapp" className="AppInfraCdkV1.Tests.Unit.ConfigurationLoaderTests" name="GetConfig_WithIntegrationEnvironment_ShouldSupportCognitoDevelopment" />
    </UnitTest>
    <UnitTest name="AppInfraCdkV1.Tests.Unit.ResourceNamerTests.ElastiCache_WithPurpose_ShouldGenerateCorrectName(purpose: Cache, expectedString: &quot;cache&quot;)" storage="/users/ken/code/appinfracdkv1/appinfracdkv1.tests/bin/debug/net8.0/appinfracdkv1.tests.dll" id="64bc228b-92b2-6337-d58f-f8b6547dd745">
      <Execution id="790d23cb-b893-48ce-af84-32e495d2df6d" />
      <TestMethod codeBase="/Users/ken/code/AppInfraCdkV1/AppInfraCdkV1.Tests/bin/Debug/net8.0/AppInfraCdkV1.Tests.dll" adapterTypeName="executor://xunit/VsTestRunner2/netcoreapp" className="AppInfraCdkV1.Tests.Unit.ResourceNamerTests" name="ElastiCache_WithPurpose_ShouldGenerateCorrectName" />
    </UnitTest>
    <UnitTest name="AppInfraCdkV1.Tests.Unit.NamingConventionTests.GetApplicationCodeWithValidEnumReturnsCorrectCode(application: TrialFinderV2, expectedCode: &quot;tfv2&quot;)" storage="/users/ken/code/appinfracdkv1/appinfracdkv1.tests/bin/debug/net8.0/appinfracdkv1.tests.dll" id="9bccf0b6-f522-b0d2-2c35-ece3fab4c8f8">
      <Execution id="a6d1ab7c-d71d-4c28-8dc3-e35e6044d95f" />
      <TestMethod codeBase="/Users/ken/code/AppInfraCdkV1/AppInfraCdkV1.Tests/bin/Debug/net8.0/AppInfraCdkV1.Tests.dll" adapterTypeName="executor://xunit/VsTestRunner2/netcoreapp" className="AppInfraCdkV1.Tests.Unit.NamingConventionTests" name="GetApplicationCodeWithValidEnumReturnsCorrectCode" />
    </UnitTest>
    <UnitTest name="AppInfraCdkV1.Tests.Unit.ResourceNamerTests.ResourceNamer_WithDifferentEnvironments_ShouldUseCorrectPrefix(environment: &quot;Staging&quot;, expectedPrefix: &quot;stg&quot;)" storage="/users/ken/code/appinfracdkv1/appinfracdkv1.tests/bin/debug/net8.0/appinfracdkv1.tests.dll" id="a82f74f5-4cd4-e6e9-0719-f0e0561b708b">
      <Execution id="7eba49d4-d8da-4bfb-ab74-3029d558172f" />
      <TestMethod codeBase="/Users/ken/code/AppInfraCdkV1/AppInfraCdkV1.Tests/bin/Debug/net8.0/AppInfraCdkV1.Tests.dll" adapterTypeName="executor://xunit/VsTestRunner2/netcoreapp" className="AppInfraCdkV1.Tests.Unit.ResourceNamerTests" name="ResourceNamer_WithDifferentEnvironments_ShouldUseCorrectPrefix" />
    </UnitTest>
    <UnitTest name="AppInfraCdkV1.Tests.Unit.TrialMatchConfigurationLoaderTests.ValidateConfiguration_WithEmptyTaskDefinitionList_ShouldThrow" storage="/users/ken/code/appinfracdkv1/appinfracdkv1.tests/bin/debug/net8.0/appinfracdkv1.tests.dll" id="faed1658-2622-ac88-a928-7d9babff97b9">
      <Execution id="65189d4f-eb07-4ebe-85eb-63a5dc8614b6" />
      <TestMethod codeBase="/Users/ken/code/AppInfraCdkV1/AppInfraCdkV1.Tests/bin/Debug/net8.0/AppInfraCdkV1.Tests.dll" adapterTypeName="executor://xunit/VsTestRunner2/netcoreapp" className="AppInfraCdkV1.Tests.Unit.TrialMatchConfigurationLoaderTests" name="ValidateConfiguration_WithEmptyTaskDefinitionList_ShouldThrow" />
    </UnitTest>
    <UnitTest name="AppInfraCdkV1.Tests.Unit.ResourceSizingTests.GetSizingForEnvironment_ShouldReturnNewInstanceEachTime" storage="/users/ken/code/appinfracdkv1/appinfracdkv1.tests/bin/debug/net8.0/appinfracdkv1.tests.dll" id="9a4c07cb-16ad-3b07-8c90-026095b6e7dc">
      <Execution id="73730cd9-3f6d-4c2c-9796-98d84148e322" />
      <TestMethod codeBase="/Users/ken/code/AppInfraCdkV1/AppInfraCdkV1.Tests/bin/Debug/net8.0/AppInfraCdkV1.Tests.dll" adapterTypeName="executor://xunit/VsTestRunner2/netcoreapp" className="AppInfraCdkV1.Tests.Unit.ResourceSizingTests" name="GetSizingForEnvironment_ShouldReturnNewInstanceEachTime" />
    </UnitTest>
    <UnitTest name="AppInfraCdkV1.Tests.Unit.TrialMatchConfigTests.GetConfigAllEnvironmentsHaveNonNullSizing" storage="/users/ken/code/appinfracdkv1/appinfracdkv1.tests/bin/debug/net8.0/appinfracdkv1.tests.dll" id="f37eea7e-5edf-8c64-2686-d391a982c7a7">
      <Execution id="f0a07fe6-7f66-47e4-9c84-a1878abee462" />
      <TestMethod codeBase="/Users/ken/code/AppInfraCdkV1/AppInfraCdkV1.Tests/bin/Debug/net8.0/AppInfraCdkV1.Tests.dll" adapterTypeName="executor://xunit/VsTestRunner2/netcoreapp" className="AppInfraCdkV1.Tests.Unit.TrialMatchConfigTests" name="GetConfigAllEnvironmentsHaveNonNullSizing" />
    </UnitTest>
    <UnitTest name="AppInfraCdkV1.Tests.Unit.EnvironmentConfigTests.Region_ShouldAllowSetAndGet" storage="/users/ken/code/appinfracdkv1/appinfracdkv1.tests/bin/debug/net8.0/appinfracdkv1.tests.dll" id="f880f0fd-3563-7b23-7d78-99d4495af0bf">
      <Execution id="eeeddc3a-941d-418f-ae86-07e66b969e9b" />
      <TestMethod codeBase="/Users/ken/code/AppInfraCdkV1/AppInfraCdkV1.Tests/bin/Debug/net8.0/AppInfraCdkV1.Tests.dll" adapterTypeName="executor://xunit/VsTestRunner2/netcoreapp" className="AppInfraCdkV1.Tests.Unit.EnvironmentConfigTests" name="Region_ShouldAllowSetAndGet" />
    </UnitTest>
    <UnitTest name="AppInfraCdkV1.Tests.Integration.NamingValidationIntegrationTests.ValidateCognitoResourceLimits_WithValidEnvironmentAndApp_ShouldRespectAwsLimits(environment: &quot;Production&quot;, application: &quot;TrialFinderV2&quot;)" storage="/users/ken/code/appinfracdkv1/appinfracdkv1.tests/bin/debug/net8.0/appinfracdkv1.tests.dll" id="729fedc1-be3c-314c-b08c-5ee361ff7230">
      <Execution id="0babd63e-1efd-4e8a-8e5c-3b3c3161bb49" />
      <TestMethod codeBase="/Users/ken/code/AppInfraCdkV1/AppInfraCdkV1.Tests/bin/Debug/net8.0/AppInfraCdkV1.Tests.dll" adapterTypeName="executor://xunit/VsTestRunner2/netcoreapp" className="AppInfraCdkV1.Tests.Integration.NamingValidationIntegrationTests" name="ValidateCognitoResourceLimits_WithValidEnvironmentAndApp_ShouldRespectAwsLimits" />
    </UnitTest>
    <UnitTest name="AppInfraCdkV1.Tests.Unit.DeploymentContextTests.GetCommonTagsWithEmptyEnvironmentTagsReturnsSystemTagsOnly" storage="/users/ken/code/appinfracdkv1/appinfracdkv1.tests/bin/debug/net8.0/appinfracdkv1.tests.dll" id="bbf8ecf0-fce8-ad05-8ade-7aa98fcac370">
      <Execution id="44e050d2-9a19-45e0-b5de-a00c022e002e" />
      <TestMethod codeBase="/Users/ken/code/AppInfraCdkV1/AppInfraCdkV1.Tests/bin/Debug/net8.0/AppInfraCdkV1.Tests.dll" adapterTypeName="executor://xunit/VsTestRunner2/netcoreapp" className="AppInfraCdkV1.Tests.Unit.DeploymentContextTests" name="GetCommonTagsWithEmptyEnvironmentTagsReturnsSystemTagsOnly" />
    </UnitTest>
    <UnitTest name="AppInfraCdkV1.Tests.Unit.TrialMatchConfigurationLoaderTests.ValidateConfiguration_WithEmptySecrets_ShouldNotThrow" storage="/users/ken/code/appinfracdkv1/appinfracdkv1.tests/bin/debug/net8.0/appinfracdkv1.tests.dll" id="269b88e2-58d3-53c4-161c-e248e203dccd">
      <Execution id="1f8679e6-9aee-4ff4-b679-3d95e75444dd" />
      <TestMethod codeBase="/Users/ken/code/AppInfraCdkV1/AppInfraCdkV1.Tests/bin/Debug/net8.0/AppInfraCdkV1.Tests.dll" adapterTypeName="executor://xunit/VsTestRunner2/netcoreapp" className="AppInfraCdkV1.Tests.Unit.TrialMatchConfigurationLoaderTests" name="ValidateConfiguration_WithEmptySecrets_ShouldNotThrow" />
    </UnitTest>
    <UnitTest name="AppInfraCdkV1.Tests.Unit.ConfigurationLoaderTests.GetConfig_WithStagingEnvironment_ShouldSupportCognitoResources" storage="/users/ken/code/appinfracdkv1/appinfracdkv1.tests/bin/debug/net8.0/appinfracdkv1.tests.dll" id="904da68a-0ee6-0965-ae91-0b0a49902b4c">
      <Execution id="4962a0ad-fdac-471b-8b91-6c003617e9af" />
      <TestMethod codeBase="/Users/ken/code/AppInfraCdkV1/AppInfraCdkV1.Tests/bin/Debug/net8.0/AppInfraCdkV1.Tests.dll" adapterTypeName="executor://xunit/VsTestRunner2/netcoreapp" className="AppInfraCdkV1.Tests.Unit.ConfigurationLoaderTests" name="GetConfig_WithStagingEnvironment_ShouldSupportCognitoResources" />
    </UnitTest>
    <UnitTest name="AppInfraCdkV1.Tests.Unit.TrialMatchConfigurationLoaderTests.ValidateConfiguration_WithInvalidContainerName_ShouldThrow" storage="/users/ken/code/appinfracdkv1/appinfracdkv1.tests/bin/debug/net8.0/appinfracdkv1.tests.dll" id="279c57c8-bf8c-6114-4546-dcdc79a30c7a">
      <Execution id="ecd4b086-9b49-4576-b9f4-f4a3eebe2796" />
      <TestMethod codeBase="/Users/ken/code/AppInfraCdkV1/AppInfraCdkV1.Tests/bin/Debug/net8.0/AppInfraCdkV1.Tests.dll" adapterTypeName="executor://xunit/VsTestRunner2/netcoreapp" className="AppInfraCdkV1.Tests.Unit.TrialMatchConfigurationLoaderTests" name="ValidateConfiguration_WithInvalidContainerName_ShouldThrow" />
    </UnitTest>
    <UnitTest name="AppInfraCdkV1.Tests.Integration.ShowNamesOnlyIntegrationTests.ShowNamesOnly_WithValidEnvironmentAndApp_ContainsExpectedResourceNames(environment: &quot;Development&quot;, application: &quot;TrialFinderV2&quot;)" storage="/users/ken/code/appinfracdkv1/appinfracdkv1.tests/bin/debug/net8.0/appinfracdkv1.tests.dll" id="482afe8e-5709-4825-ef53-67791dfe61f8">
      <Execution id="9cc4cd05-af7b-4945-8096-06abd3a31f81" />
      <TestMethod codeBase="/Users/ken/code/AppInfraCdkV1/AppInfraCdkV1.Tests/bin/Debug/net8.0/AppInfraCdkV1.Tests.dll" adapterTypeName="executor://xunit/VsTestRunner2/netcoreapp" className="AppInfraCdkV1.Tests.Integration.ShowNamesOnlyIntegrationTests" name="ShowNamesOnly_WithValidEnvironmentAndApp_ContainsExpectedResourceNames" />
    </UnitTest>
    <UnitTest name="AppInfraCdkV1.Tests.Integration.ShowNamesOnlyIntegrationTests.ShowNamesOnly_WithValidEnvironmentAndApp_PassesValidation(environment: &quot;Development&quot;, application: &quot;TrialFinderV2&quot;)" storage="/users/ken/code/appinfracdkv1/appinfracdkv1.tests/bin/debug/net8.0/appinfracdkv1.tests.dll" id="d69d243e-a6f7-0762-bce7-7c73fa82e6bd">
      <Execution id="6e2a41f9-b839-4e3b-a42a-7d107952f1c0" />
      <TestMethod codeBase="/Users/ken/code/AppInfraCdkV1/AppInfraCdkV1.Tests/bin/Debug/net8.0/AppInfraCdkV1.Tests.dll" adapterTypeName="executor://xunit/VsTestRunner2/netcoreapp" className="AppInfraCdkV1.Tests.Integration.ShowNamesOnlyIntegrationTests" name="ShowNamesOnly_WithValidEnvironmentAndApp_PassesValidation" />
    </UnitTest>
    <UnitTest name="AppInfraCdkV1.Tests.Unit.DeploymentContextTests.GetCommonTagsWithCustomDeployedAtFormatUsesCorrectDateFormat" storage="/users/ken/code/appinfracdkv1/appinfracdkv1.tests/bin/debug/net8.0/appinfracdkv1.tests.dll" id="a4a28a05-176b-45f9-8edb-44c286242df0">
      <Execution id="98b59cc6-4251-49d0-9e09-bd9a144ae55d" />
      <TestMethod codeBase="/Users/ken/code/AppInfraCdkV1/AppInfraCdkV1.Tests/bin/Debug/net8.0/AppInfraCdkV1.Tests.dll" adapterTypeName="executor://xunit/VsTestRunner2/netcoreapp" className="AppInfraCdkV1.Tests.Unit.DeploymentContextTests" name="GetCommonTagsWithCustomDeployedAtFormatUsesCorrectDateFormat" />
    </UnitTest>
    <UnitTest name="AppInfraCdkV1.Tests.Unit.ConfigurationModelsTests.EcsTaskConfiguration_WithValidData_ShouldValidateCorrectly" storage="/users/ken/code/appinfracdkv1/appinfracdkv1.tests/bin/debug/net8.0/appinfracdkv1.tests.dll" id="648ec507-3e40-65ae-7b08-82cd8a2d213d">
      <Execution id="e2711398-0ada-4951-bdd0-dca0252974e5" />
      <TestMethod codeBase="/Users/ken/code/AppInfraCdkV1/AppInfraCdkV1.Tests/bin/Debug/net8.0/AppInfraCdkV1.Tests.dll" adapterTypeName="executor://xunit/VsTestRunner2/netcoreapp" className="AppInfraCdkV1.Tests.Unit.ConfigurationModelsTests" name="EcsTaskConfiguration_WithValidData_ShouldValidateCorrectly" />
    </UnitTest>
    <UnitTest name="AppInfraCdkV1.Tests.Unit.TrialMatchConfigurationLoaderTests.ValidateConfiguration_WithEmptyServicesList_ShouldThrow" storage="/users/ken/code/appinfracdkv1/appinfracdkv1.tests/bin/debug/net8.0/appinfracdkv1.tests.dll" id="a244f1fa-f2d4-0f7c-d11a-fe8d31db0ba9">
      <Execution id="0d98d315-b01b-4818-ae2d-c3edc21f10ea" />
      <TestMethod codeBase="/Users/ken/code/AppInfraCdkV1/AppInfraCdkV1.Tests/bin/Debug/net8.0/AppInfraCdkV1.Tests.dll" adapterTypeName="executor://xunit/VsTestRunner2/netcoreapp" className="AppInfraCdkV1.Tests.Unit.TrialMatchConfigurationLoaderTests" name="ValidateConfiguration_WithEmptyServicesList_ShouldThrow" />
    </UnitTest>
    <UnitTest name="AppInfraCdkV1.Tests.Unit.TrialFinderV2ConfigTests.GetConfigWithStagingEnvironmentReturnsStagingConfig(environment: &quot;Staging&quot;)" storage="/users/ken/code/appinfracdkv1/appinfracdkv1.tests/bin/debug/net8.0/appinfracdkv1.tests.dll" id="8bc4d3e5-43b7-d203-b89d-f08e18e8b3a9">
      <Execution id="d5c7eb2e-1740-4b9d-9384-8cc16b9fe094" />
      <TestMethod codeBase="/Users/ken/code/AppInfraCdkV1/AppInfraCdkV1.Tests/bin/Debug/net8.0/AppInfraCdkV1.Tests.dll" adapterTypeName="executor://xunit/VsTestRunner2/netcoreapp" className="AppInfraCdkV1.Tests.Unit.TrialFinderV2ConfigTests" name="GetConfigWithStagingEnvironmentReturnsStagingConfig" />
    </UnitTest>
    <UnitTest name="AppInfraCdkV1.Tests.Unit.NamingConventionTests.GetEnvironmentPrefixWithValidEnumReturnsCorrectPrefix(environment: Production, expectedPrefix: &quot;prod&quot;)" storage="/users/ken/code/appinfracdkv1/appinfracdkv1.tests/bin/debug/net8.0/appinfracdkv1.tests.dll" id="ab5cd572-4c7a-a976-f99f-fd145e0c16f9">
      <Execution id="b2c3be5a-ddac-4398-8186-8a63409b7719" />
      <TestMethod codeBase="/Users/ken/code/AppInfraCdkV1/AppInfraCdkV1.Tests/bin/Debug/net8.0/AppInfraCdkV1.Tests.dll" adapterTypeName="executor://xunit/VsTestRunner2/netcoreapp" className="AppInfraCdkV1.Tests.Unit.NamingConventionTests" name="GetEnvironmentPrefixWithValidEnumReturnsCorrectPrefix" />
    </UnitTest>
    <UnitTest name="AppInfraCdkV1.Tests.Integration.NamingValidationIntegrationTests.ValidateMultiEnvironmentSetup_WithValidEnvironment_ShouldDetectCorrectContext(environment: &quot;Production&quot;, application: &quot;TrialMatch&quot;)" storage="/users/ken/code/appinfracdkv1/appinfracdkv1.tests/bin/debug/net8.0/appinfracdkv1.tests.dll" id="78834b78-ba09-85a3-9b43-a59bf2d13bb8">
      <Execution id="7014c128-827b-4413-b261-ede525d314f1" />
      <TestMethod codeBase="/Users/ken/code/AppInfraCdkV1/AppInfraCdkV1.Tests/bin/Debug/net8.0/AppInfraCdkV1.Tests.dll" adapterTypeName="executor://xunit/VsTestRunner2/netcoreapp" className="AppInfraCdkV1.Tests.Integration.NamingValidationIntegrationTests" name="ValidateMultiEnvironmentSetup_WithValidEnvironment_ShouldDetectCorrectContext" />
    </UnitTest>
    <UnitTest name="AppInfraCdkV1.Tests.Unit.TrialFinderV2ConfigTests.GetConfigWithDevelopmentEnvironmentReturnsDevelopmentConfig(environment: &quot;Development&quot;)" storage="/users/ken/code/appinfracdkv1/appinfracdkv1.tests/bin/debug/net8.0/appinfracdkv1.tests.dll" id="680d59a9-b13c-e7f6-5a4e-d015462e1744">
      <Execution id="f88a54bd-7e95-40bb-8072-25fd32f485fc" />
      <TestMethod codeBase="/Users/ken/code/AppInfraCdkV1/AppInfraCdkV1.Tests/bin/Debug/net8.0/AppInfraCdkV1.Tests.dll" adapterTypeName="executor://xunit/VsTestRunner2/netcoreapp" className="AppInfraCdkV1.Tests.Unit.TrialFinderV2ConfigTests" name="GetConfigWithDevelopmentEnvironmentReturnsDevelopmentConfig" />
    </UnitTest>
    <UnitTest name="AppInfraCdkV1.Tests.Unit.DeploymentContextTests.GetCommonTagsWithNullEnvironmentTagsThrowsException" storage="/users/ken/code/appinfracdkv1/appinfracdkv1.tests/bin/debug/net8.0/appinfracdkv1.tests.dll" id="2a08cda5-e096-b62f-3665-b41b1f2c900c">
      <Execution id="9d013e46-8f8a-4a47-9361-2439f590fb06" />
      <TestMethod codeBase="/Users/ken/code/AppInfraCdkV1/AppInfraCdkV1.Tests/bin/Debug/net8.0/AppInfraCdkV1.Tests.dll" adapterTypeName="executor://xunit/VsTestRunner2/netcoreapp" className="AppInfraCdkV1.Tests.Unit.DeploymentContextTests" name="GetCommonTagsWithNullEnvironmentTagsThrowsException" />
    </UnitTest>
    <UnitTest name="AppInfraCdkV1.Tests.Unit.DeploymentContextTests.GetCommonTagsIncludesEnvironmentTags" storage="/users/ken/code/appinfracdkv1/appinfracdkv1.tests/bin/debug/net8.0/appinfracdkv1.tests.dll" id="29a9493e-51eb-94f1-d233-3c73f914b9a7">
      <Execution id="c637a5f2-89d8-4818-bb56-e694787accff" />
      <TestMethod codeBase="/Users/ken/code/AppInfraCdkV1/AppInfraCdkV1.Tests/bin/Debug/net8.0/AppInfraCdkV1.Tests.dll" adapterTypeName="executor://xunit/VsTestRunner2/netcoreapp" className="AppInfraCdkV1.Tests.Unit.DeploymentContextTests" name="GetCommonTagsIncludesEnvironmentTags" />
    </UnitTest>
    <UnitTest name="AppInfraCdkV1.Tests.Integration.ShowNamesOnlyIntegrationTests.ShowNamesOnly_WithValidEnvironmentAndApp_ContainsAccountContext(environment: &quot;Production&quot;, application: &quot;TrialMatch&quot;)" storage="/users/ken/code/appinfracdkv1/appinfracdkv1.tests/bin/debug/net8.0/appinfracdkv1.tests.dll" id="b86fad5b-eca6-b621-778f-3f611cc63715">
      <Execution id="854cd11c-e66c-4353-8d78-006759ca8170" />
      <TestMethod codeBase="/Users/ken/code/AppInfraCdkV1/AppInfraCdkV1.Tests/bin/Debug/net8.0/AppInfraCdkV1.Tests.dll" adapterTypeName="executor://xunit/VsTestRunner2/netcoreapp" className="AppInfraCdkV1.Tests.Integration.ShowNamesOnlyIntegrationTests" name="ShowNamesOnly_WithValidEnvironmentAndApp_ContainsAccountContext" />
    </UnitTest>
    <UnitTest name="AppInfraCdkV1.Tests.Integration.NamingValidationIntegrationTests.ValidateAwsLimits_WithValidEnvironmentAndApp_ShouldRespectLimits(environment: &quot;Production&quot;, application: &quot;TrialFinderV2&quot;)" storage="/users/ken/code/appinfracdkv1/appinfracdkv1.tests/bin/debug/net8.0/appinfracdkv1.tests.dll" id="1f3bc677-d9cd-b457-ba8c-ba80eeaf9ec8">
      <Execution id="542fa23f-d406-430e-93bb-d5e07d85f924" />
      <TestMethod codeBase="/Users/ken/code/AppInfraCdkV1/AppInfraCdkV1.Tests/bin/Debug/net8.0/AppInfraCdkV1.Tests.dll" adapterTypeName="executor://xunit/VsTestRunner2/netcoreapp" className="AppInfraCdkV1.Tests.Integration.NamingValidationIntegrationTests" name="ValidateAwsLimits_WithValidEnvironmentAndApp_ShouldRespectLimits" />
    </UnitTest>
    <UnitTest name="AppInfraCdkV1.Tests.Unit.ConfigurationLoaderTests.ValidateConfiguration_WithEmptyTaskDefinitionList_ShouldThrow" storage="/users/ken/code/appinfracdkv1/appinfracdkv1.tests/bin/debug/net8.0/appinfracdkv1.tests.dll" id="e45aec2b-3c4d-a9d7-00ac-fa1e3db4a33c">
      <Execution id="d26fc094-3421-47f5-af79-01e336dc5cf7" />
      <TestMethod codeBase="/Users/ken/code/AppInfraCdkV1/AppInfraCdkV1.Tests/bin/Debug/net8.0/AppInfraCdkV1.Tests.dll" adapterTypeName="executor://xunit/VsTestRunner2/netcoreapp" className="AppInfraCdkV1.Tests.Unit.ConfigurationLoaderTests" name="ValidateConfiguration_WithEmptyTaskDefinitionList_ShouldThrow" />
    </UnitTest>
    <UnitTest name="AppInfraCdkV1.Tests.Unit.ResourceNamerTests.EcsService_WithPurpose_ShouldGenerateCorrectName" storage="/users/ken/code/appinfracdkv1/appinfracdkv1.tests/bin/debug/net8.0/appinfracdkv1.tests.dll" id="08698740-5df6-c85e-0d83-5f9c8485658e">
      <Execution id="9c1a4022-0415-4c16-af82-34b227352b1a" />
      <TestMethod codeBase="/Users/ken/code/AppInfraCdkV1/AppInfraCdkV1.Tests/bin/Debug/net8.0/AppInfraCdkV1.Tests.dll" adapterTypeName="executor://xunit/VsTestRunner2/netcoreapp" className="AppInfraCdkV1.Tests.Unit.ResourceNamerTests" name="EcsService_WithPurpose_ShouldGenerateCorrectName" />
    </UnitTest>
    <UnitTest name="AppInfraCdkV1.Tests.Unit.DeploymentContextTests.DeployedAtPropertySetterAssignsValue" storage="/users/ken/code/appinfracdkv1/appinfracdkv1.tests/bin/debug/net8.0/appinfracdkv1.tests.dll" id="df2c6e81-727c-bfbd-9d6f-bad82a8ef8ee">
      <Execution id="4ae4f765-e343-4238-90c9-558b5cdff4b6" />
      <TestMethod codeBase="/Users/ken/code/AppInfraCdkV1/AppInfraCdkV1.Tests/bin/Debug/net8.0/AppInfraCdkV1.Tests.dll" adapterTypeName="executor://xunit/VsTestRunner2/netcoreapp" className="AppInfraCdkV1.Tests.Unit.DeploymentContextTests" name="DeployedAtPropertySetterAssignsValue" />
    </UnitTest>
    <UnitTest name="AppInfraCdkV1.Tests.Integration.ShowNamesOnlyBasicTest.ShowNamesOnly_BasicExecution_ReturnsExpectedOutput(application: &quot;TrialMatch&quot;)" storage="/users/ken/code/appinfracdkv1/appinfracdkv1.tests/bin/debug/net8.0/appinfracdkv1.tests.dll" id="9634e898-010e-5db8-7a0e-4ef1560e8d19">
      <Execution id="070313a8-45a4-4ac9-b000-801e93d26786" />
      <TestMethod codeBase="/Users/ken/code/AppInfraCdkV1/AppInfraCdkV1.Tests/bin/Debug/net8.0/AppInfraCdkV1.Tests.dll" adapterTypeName="executor://xunit/VsTestRunner2/netcoreapp" className="AppInfraCdkV1.Tests.Integration.ShowNamesOnlyBasicTest" name="ShowNamesOnly_BasicExecution_ReturnsExpectedOutput" />
    </UnitTest>
    <UnitTest name="AppInfraCdkV1.Tests.Unit.SecurityConfigTests.GetSecurityConfigForAccountType_ProductionVsDevelopment_ShouldHaveDifferentSettings" storage="/users/ken/code/appinfracdkv1/appinfracdkv1.tests/bin/debug/net8.0/appinfracdkv1.tests.dll" id="04add20c-d0df-6095-e8d4-f2dd8233b009">
      <Execution id="f671f86e-6f87-4da3-8a63-48ce87ecd02a" />
      <TestMethod codeBase="/Users/ken/code/AppInfraCdkV1/AppInfraCdkV1.Tests/bin/Debug/net8.0/AppInfraCdkV1.Tests.dll" adapterTypeName="executor://xunit/VsTestRunner2/netcoreapp" className="AppInfraCdkV1.Tests.Unit.SecurityConfigTests" name="GetSecurityConfigForAccountType_ProductionVsDevelopment_ShouldHaveDifferentSettings" />
    </UnitTest>
    <UnitTest name="AppInfraCdkV1.Tests.Integration.NamingValidationIntegrationTests.ValidateCognitoUrlGeneration_WithValidEnvironmentAndApp_ShouldGenerateCorrectUrls(environment: &quot;Development&quot;, application: &quot;TrialFinderV2&quot;)" storage="/users/ken/code/appinfracdkv1/appinfracdkv1.tests/bin/debug/net8.0/appinfracdkv1.tests.dll" id="87095920-2130-f1f2-efd9-ac22f2305353">
      <Execution id="33e025c1-8aa3-4461-8cda-dd7050658423" />
      <TestMethod codeBase="/Users/ken/code/AppInfraCdkV1/AppInfraCdkV1.Tests/bin/Debug/net8.0/AppInfraCdkV1.Tests.dll" adapterTypeName="executor://xunit/VsTestRunner2/netcoreapp" className="AppInfraCdkV1.Tests.Integration.NamingValidationIntegrationTests" name="ValidateCognitoUrlGeneration_WithValidEnvironmentAndApp_ShouldGenerateCorrectUrls" />
    </UnitTest>
    <UnitTest name="AppInfraCdkV1.Tests.Integration.ShowNamesOnlyIntegrationTests.ShowNamesOnly_WithValidEnvironmentAndApp_ContainsExpectedResourceNames(environment: &quot;Production&quot;, application: &quot;TrialMatch&quot;)" storage="/users/ken/code/appinfracdkv1/appinfracdkv1.tests/bin/debug/net8.0/appinfracdkv1.tests.dll" id="36c72acc-3940-d399-93ee-a018b640f8ae">
      <Execution id="bb5e04a7-caa9-4149-b917-3fe6a5d6de33" />
      <TestMethod codeBase="/Users/ken/code/AppInfraCdkV1/AppInfraCdkV1.Tests/bin/Debug/net8.0/AppInfraCdkV1.Tests.dll" adapterTypeName="executor://xunit/VsTestRunner2/netcoreapp" className="AppInfraCdkV1.Tests.Integration.ShowNamesOnlyIntegrationTests" name="ShowNamesOnly_WithValidEnvironmentAndApp_ContainsExpectedResourceNames" />
    </UnitTest>
    <UnitTest name="AppInfraCdkV1.Tests.Unit.ConfigurationModelsTests.HealthCheckConfig_WithPartialValues_ShouldSetOnlySpecifiedValues" storage="/users/ken/code/appinfracdkv1/appinfracdkv1.tests/bin/debug/net8.0/appinfracdkv1.tests.dll" id="595ec452-9910-b54d-fe5d-056b15944d7d">
      <Execution id="66d2f1df-eca2-4fbf-b3d4-da42a63e1570" />
      <TestMethod codeBase="/Users/ken/code/AppInfraCdkV1/AppInfraCdkV1.Tests/bin/Debug/net8.0/AppInfraCdkV1.Tests.dll" adapterTypeName="executor://xunit/VsTestRunner2/netcoreapp" className="AppInfraCdkV1.Tests.Unit.ConfigurationModelsTests" name="HealthCheckConfig_WithPartialValues_ShouldSetOnlySpecifiedValues" />
    </UnitTest>
    <UnitTest name="AppInfraCdkV1.Tests.Integration.NamingValidationIntegrationTests.ValidateNamingConventions_WithValidEnvironmentAndApp_ShouldSucceed(environment: &quot;Development&quot;, application: &quot;TrialFinderV2&quot;)" storage="/users/ken/code/appinfracdkv1/appinfracdkv1.tests/bin/debug/net8.0/appinfracdkv1.tests.dll" id="75e94279-821b-7a3d-06c9-6671288a3165">
      <Execution id="4cfd2bdf-3047-4062-b0dc-42298e09794d" />
      <TestMethod codeBase="/Users/ken/code/AppInfraCdkV1/AppInfraCdkV1.Tests/bin/Debug/net8.0/AppInfraCdkV1.Tests.dll" adapterTypeName="executor://xunit/VsTestRunner2/netcoreapp" className="AppInfraCdkV1.Tests.Integration.NamingValidationIntegrationTests" name="ValidateNamingConventions_WithValidEnvironmentAndApp_ShouldSucceed" />
    </UnitTest>
    <UnitTest name="AppInfraCdkV1.Tests.Unit.ResourceNamerTests.SnsTopics_WithPurpose_ShouldGenerateCorrectName" storage="/users/ken/code/appinfracdkv1/appinfracdkv1.tests/bin/debug/net8.0/appinfracdkv1.tests.dll" id="7cef259f-84a2-33c2-3755-0729e8348c11">
      <Execution id="c0bb5a1e-3b0b-45ac-9528-d1ff761f394c" />
      <TestMethod codeBase="/Users/ken/code/AppInfraCdkV1/AppInfraCdkV1.Tests/bin/Debug/net8.0/AppInfraCdkV1.Tests.dll" adapterTypeName="executor://xunit/VsTestRunner2/netcoreapp" className="AppInfraCdkV1.Tests.Unit.ResourceNamerTests" name="SnsTopics_WithPurpose_ShouldGenerateCorrectName" />
    </UnitTest>
    <UnitTest name="AppInfraCdkV1.Tests.Unit.ConfigurationModelsTests.ContainerDefinitionConfig_WithEnvironmentVariables_ShouldIncludeEnvironmentVariables" storage="/users/ken/code/appinfracdkv1/appinfracdkv1.tests/bin/debug/net8.0/appinfracdkv1.tests.dll" id="4b9a4dd6-d1bd-0939-3508-8c0c99501a0a">
      <Execution id="c9bef6cc-d6d6-4366-8173-0e17144fde7e" />
      <TestMethod codeBase="/Users/ken/code/AppInfraCdkV1/AppInfraCdkV1.Tests/bin/Debug/net8.0/AppInfraCdkV1.Tests.dll" adapterTypeName="executor://xunit/VsTestRunner2/netcoreapp" className="AppInfraCdkV1.Tests.Unit.ConfigurationModelsTests" name="ContainerDefinitionConfig_WithEnvironmentVariables_ShouldIncludeEnvironmentVariables" />
    </UnitTest>
    <UnitTest name="AppInfraCdkV1.Tests.Unit.ConfigurationModelsTests.ServiceConfig_WithValidData_ShouldCreateInstance" storage="/users/ken/code/appinfracdkv1/appinfracdkv1.tests/bin/debug/net8.0/appinfracdkv1.tests.dll" id="8b825928-c1c9-a70c-9ad5-443b8b96d8ee">
      <Execution id="181680ce-9b39-4db8-b87e-871bc2675cd6" />
      <TestMethod codeBase="/Users/ken/code/AppInfraCdkV1/AppInfraCdkV1.Tests/bin/Debug/net8.0/AppInfraCdkV1.Tests.dll" adapterTypeName="executor://xunit/VsTestRunner2/netcoreapp" className="AppInfraCdkV1.Tests.Unit.ConfigurationModelsTests" name="ServiceConfig_WithValidData_ShouldCreateInstance" />
    </UnitTest>
    <UnitTest name="AppInfraCdkV1.Tests.Unit.TrialMatchConfigTests.GetConfigEnvironmentOverridesConfiguresBackupRetention" storage="/users/ken/code/appinfracdkv1/appinfracdkv1.tests/bin/debug/net8.0/appinfracdkv1.tests.dll" id="0c517bae-10da-6d3d-0822-29e9eec25459">
      <Execution id="118e3a19-7ba8-4ed6-86eb-c8477b21fbd0" />
      <TestMethod codeBase="/Users/ken/code/AppInfraCdkV1/AppInfraCdkV1.Tests/bin/Debug/net8.0/AppInfraCdkV1.Tests.dll" adapterTypeName="executor://xunit/VsTestRunner2/netcoreapp" className="AppInfraCdkV1.Tests.Unit.TrialMatchConfigTests" name="GetConfigEnvironmentOverridesConfiguresBackupRetention" />
    </UnitTest>
    <UnitTest name="AppInfraCdkV1.Tests.Unit.ResourceNamerTests.IamPolicy_WithPurpose_ShouldGenerateCorrectName" storage="/users/ken/code/appinfracdkv1/appinfracdkv1.tests/bin/debug/net8.0/appinfracdkv1.tests.dll" id="269d3612-0cdd-8798-1ac9-169562731369">
      <Execution id="17a157b8-3064-45f2-83d0-d01de957c018" />
      <TestMethod codeBase="/Users/ken/code/AppInfraCdkV1/AppInfraCdkV1.Tests/bin/Debug/net8.0/AppInfraCdkV1.Tests.dll" adapterTypeName="executor://xunit/VsTestRunner2/netcoreapp" className="AppInfraCdkV1.Tests.Unit.ResourceNamerTests" name="IamPolicy_WithPurpose_ShouldGenerateCorrectName" />
    </UnitTest>
    <UnitTest name="AppInfraCdkV1.Tests.Unit.ConfigurationLoaderTests.ValidateConfiguration_WithNullSecrets_ShouldNotThrow" storage="/users/ken/code/appinfracdkv1/appinfracdkv1.tests/bin/debug/net8.0/appinfracdkv1.tests.dll" id="cb16c258-e211-2373-097f-665a4b21e361">
      <Execution id="2a773260-2745-48ae-be91-525f0d008664" />
      <TestMethod codeBase="/Users/ken/code/AppInfraCdkV1/AppInfraCdkV1.Tests/bin/Debug/net8.0/AppInfraCdkV1.Tests.dll" adapterTypeName="executor://xunit/VsTestRunner2/netcoreapp" className="AppInfraCdkV1.Tests.Unit.ConfigurationLoaderTests" name="ValidateConfiguration_WithNullSecrets_ShouldNotThrow" />
    </UnitTest>
    <UnitTest name="AppInfraCdkV1.Tests.Unit.ResourceNamerTests.Vpc_WithDefaultPurpose_ShouldGenerateCorrectName" storage="/users/ken/code/appinfracdkv1/appinfracdkv1.tests/bin/debug/net8.0/appinfracdkv1.tests.dll" id="b2d12299-a39f-a3bc-8547-e2f0bfa50130">
      <Execution id="e91a1609-d33a-42a5-b72b-4d0eee73cb44" />
      <TestMethod codeBase="/Users/ken/code/AppInfraCdkV1/AppInfraCdkV1.Tests/bin/Debug/net8.0/AppInfraCdkV1.Tests.dll" adapterTypeName="executor://xunit/VsTestRunner2/netcoreapp" className="AppInfraCdkV1.Tests.Unit.ResourceNamerTests" name="Vpc_WithDefaultPurpose_ShouldGenerateCorrectName" />
    </UnitTest>
    <UnitTest name="AppInfraCdkV1.Tests.Integration.ShowNamesOnlyIntegrationTests.ShowNamesOnly_GeneratesCorrectNamingPrefix(environment: &quot;Development&quot;, application: &quot;TrialMatch&quot;, expectedPrefix: &quot;dev&quot;)" storage="/users/ken/code/appinfracdkv1/appinfracdkv1.tests/bin/debug/net8.0/appinfracdkv1.tests.dll" id="3effb325-2340-5453-a684-5d133c11bf45">
      <Execution id="cd3bf516-46cc-4c9e-91bb-684b3b8f0378" />
      <TestMethod codeBase="/Users/ken/code/AppInfraCdkV1/AppInfraCdkV1.Tests/bin/Debug/net8.0/AppInfraCdkV1.Tests.dll" adapterTypeName="executor://xunit/VsTestRunner2/netcoreapp" className="AppInfraCdkV1.Tests.Integration.ShowNamesOnlyIntegrationTests" name="ShowNamesOnly_GeneratesCorrectNamingPrefix" />
    </UnitTest>
    <UnitTest name="AppInfraCdkV1.Tests.Unit.TrialFinderV2ConfigTests.GetConfigEnvironmentOverridesConfiguresEnhancedMonitoring(environment: &quot;Staging&quot;, expectedAccountType: Production, expectedMonitoring: True)" storage="/users/ken/code/appinfracdkv1/appinfracdkv1.tests/bin/debug/net8.0/appinfracdkv1.tests.dll" id="e9d2b691-8bce-87bb-07b5-e0165eadd757">
      <Execution id="0757f162-edc8-4a22-904c-5b6b71d71c54" />
      <TestMethod codeBase="/Users/ken/code/AppInfraCdkV1/AppInfraCdkV1.Tests/bin/Debug/net8.0/AppInfraCdkV1.Tests.dll" adapterTypeName="executor://xunit/VsTestRunner2/netcoreapp" className="AppInfraCdkV1.Tests.Unit.TrialFinderV2ConfigTests" name="GetConfigEnvironmentOverridesConfiguresEnhancedMonitoring" />
    </UnitTest>
    <UnitTest name="AppInfraCdkV1.Tests.Unit.ConfigurationModelsTests.HealthCheckBuilder_CreateCustomHealthCheck_ShouldUseProvidedValues" storage="/users/ken/code/appinfracdkv1/appinfracdkv1.tests/bin/debug/net8.0/appinfracdkv1.tests.dll" id="761e6684-2b88-4e0a-f485-2dc8a1aafc81">
      <Execution id="d992805b-4898-45fd-a068-5d9208ded2cb" />
      <TestMethod codeBase="/Users/ken/code/AppInfraCdkV1/AppInfraCdkV1.Tests/bin/Debug/net8.0/AppInfraCdkV1.Tests.dll" adapterTypeName="executor://xunit/VsTestRunner2/netcoreapp" className="AppInfraCdkV1.Tests.Unit.ConfigurationModelsTests" name="HealthCheckBuilder_CreateCustomHealthCheck_ShouldUseProvidedValues" />
    </UnitTest>
    <UnitTest name="AppInfraCdkV1.Tests.Unit.NamingConventionTests.GetRegionCodeWithValidEnumReturnsCorrectCode(region: UsEast1, expectedCode: &quot;ue1&quot;)" storage="/users/ken/code/appinfracdkv1/appinfracdkv1.tests/bin/debug/net8.0/appinfracdkv1.tests.dll" id="053dfdd6-4008-cb96-42d3-f693f0342966">
      <Execution id="c76addc2-e171-4893-824f-bb23f68b8568" />
      <TestMethod codeBase="/Users/ken/code/AppInfraCdkV1/AppInfraCdkV1.Tests/bin/Debug/net8.0/AppInfraCdkV1.Tests.dll" adapterTypeName="executor://xunit/VsTestRunner2/netcoreapp" className="AppInfraCdkV1.Tests.Unit.NamingConventionTests" name="GetRegionCodeWithValidEnumReturnsCorrectCode" />
    </UnitTest>
    <UnitTest name="AppInfraCdkV1.Tests.Integration.ShowNamesOnlyIntegrationTests.ShowNamesOnly_CompletesWithinReasonableTime" storage="/users/ken/code/appinfracdkv1/appinfracdkv1.tests/bin/debug/net8.0/appinfracdkv1.tests.dll" id="1880baaf-3855-c23d-a241-252b918c799a">
      <Execution id="0512e7a7-fba1-4a59-9f7f-2782b8e5970b" />
      <TestMethod codeBase="/Users/ken/code/AppInfraCdkV1/AppInfraCdkV1.Tests/bin/Debug/net8.0/AppInfraCdkV1.Tests.dll" adapterTypeName="executor://xunit/VsTestRunner2/netcoreapp" className="AppInfraCdkV1.Tests.Integration.ShowNamesOnlyIntegrationTests" name="ShowNamesOnly_CompletesWithinReasonableTime" />
    </UnitTest>
    <UnitTest name="AppInfraCdkV1.Tests.Unit.ConfigurationModelsTests.PortMapping_WithValidData_ShouldCreateInstance" storage="/users/ken/code/appinfracdkv1/appinfracdkv1.tests/bin/debug/net8.0/appinfracdkv1.tests.dll" id="6d62222d-7c8e-46f3-fe88-a19d2f4c2e88">
      <Execution id="8d34d2de-c0fd-404f-a98a-57a60f1a9c1e" />
      <TestMethod codeBase="/Users/ken/code/AppInfraCdkV1/AppInfraCdkV1.Tests/bin/Debug/net8.0/AppInfraCdkV1.Tests.dll" adapterTypeName="executor://xunit/VsTestRunner2/netcoreapp" className="AppInfraCdkV1.Tests.Unit.ConfigurationModelsTests" name="PortMapping_WithValidData_ShouldCreateInstance" />
    </UnitTest>
    <UnitTest name="AppInfraCdkV1.Tests.Unit.TrialMatchConfigTests.GetConfigEnvironmentOverridesConfiguresEnhancedMonitoring(environment: &quot;Production&quot;, expectedAccountType: Production, expectedMonitoring: True)" storage="/users/ken/code/appinfracdkv1/appinfracdkv1.tests/bin/debug/net8.0/appinfracdkv1.tests.dll" id="51c94613-48c1-18e9-52e3-e737394a365a">
      <Execution id="e6d87ab6-8877-4608-bde0-ce5f21e83460" />
      <TestMethod codeBase="/Users/ken/code/AppInfraCdkV1/AppInfraCdkV1.Tests/bin/Debug/net8.0/AppInfraCdkV1.Tests.dll" adapterTypeName="executor://xunit/VsTestRunner2/netcoreapp" className="AppInfraCdkV1.Tests.Unit.TrialMatchConfigTests" name="GetConfigEnvironmentOverridesConfiguresEnhancedMonitoring" />
    </UnitTest>
    <UnitTest name="AppInfraCdkV1.Tests.Integration.NamingValidationIntegrationTests.GenerateLogGroupNames_WithValidEnvironmentAndApp_ShouldFollowAwsConventions(environment: &quot;Production&quot;, application: &quot;TrialFinderV2&quot;)" storage="/users/ken/code/appinfracdkv1/appinfracdkv1.tests/bin/debug/net8.0/appinfracdkv1.tests.dll" id="d08af2b3-ffd9-5196-7ce0-2b4d5efeb421">
      <Execution id="c7b07d7e-f12d-4313-99fd-a9904aa6347c" />
      <TestMethod codeBase="/Users/ken/code/AppInfraCdkV1/AppInfraCdkV1.Tests/bin/Debug/net8.0/AppInfraCdkV1.Tests.dll" adapterTypeName="executor://xunit/VsTestRunner2/netcoreapp" className="AppInfraCdkV1.Tests.Integration.NamingValidationIntegrationTests" name="GenerateLogGroupNames_WithValidEnvironmentAndApp_ShouldFollowAwsConventions" />
    </UnitTest>
    <UnitTest name="AppInfraCdkV1.Tests.Integration.NamingValidationIntegrationTests.ValidateAccountLevelUniqueness_WithDifferentResourceTypes_ShouldNotConflict" storage="/users/ken/code/appinfracdkv1/appinfracdkv1.tests/bin/debug/net8.0/appinfracdkv1.tests.dll" id="d82668d0-5b5c-ae20-02c7-7a9f766908bf">
      <Execution id="d21fdb50-d885-4cf2-92e7-b3e362d3e7da" />
      <TestMethod codeBase="/Users/ken/code/AppInfraCdkV1/AppInfraCdkV1.Tests/bin/Debug/net8.0/AppInfraCdkV1.Tests.dll" adapterTypeName="executor://xunit/VsTestRunner2/netcoreapp" className="AppInfraCdkV1.Tests.Integration.NamingValidationIntegrationTests" name="ValidateAccountLevelUniqueness_WithDifferentResourceTypes_ShouldNotConflict" />
    </UnitTest>
    <UnitTest name="AppInfraCdkV1.Tests.Unit.ConfigurationLoaderTests.ValidateConfiguration_WithInvalidContainerName_ShouldThrow" storage="/users/ken/code/appinfracdkv1/appinfracdkv1.tests/bin/debug/net8.0/appinfracdkv1.tests.dll" id="e16de9e3-b46e-c720-3061-ea50d506853b">
      <Execution id="bfb3ebb7-21a2-46b6-b57e-912d3b74538e" />
      <TestMethod codeBase="/Users/ken/code/AppInfraCdkV1/AppInfraCdkV1.Tests/bin/Debug/net8.0/AppInfraCdkV1.Tests.dll" adapterTypeName="executor://xunit/VsTestRunner2/netcoreapp" className="AppInfraCdkV1.Tests.Unit.ConfigurationLoaderTests" name="ValidateConfiguration_WithInvalidContainerName_ShouldThrow" />
    </UnitTest>
    <UnitTest name="AppInfraCdkV1.Tests.Unit.DeploymentContextTests.ApplicationPropertySetterAssignsValue" storage="/users/ken/code/appinfracdkv1/appinfracdkv1.tests/bin/debug/net8.0/appinfracdkv1.tests.dll" id="91821697-5231-6763-a77d-f1779a0c6fee">
      <Execution id="5fa391f8-0dae-428e-af21-70602f0301f5" />
      <TestMethod codeBase="/Users/ken/code/AppInfraCdkV1/AppInfraCdkV1.Tests/bin/Debug/net8.0/AppInfraCdkV1.Tests.dll" adapterTypeName="executor://xunit/VsTestRunner2/netcoreapp" className="AppInfraCdkV1.Tests.Unit.DeploymentContextTests" name="ApplicationPropertySetterAssignsValue" />
    </UnitTest>
    <UnitTest name="AppInfraCdkV1.Tests.Unit.ResourceNamerTests.ResourceNamer_WithDifferentEnvironments_ShouldUseCorrectPrefix(environment: &quot;Production&quot;, expectedPrefix: &quot;prod&quot;)" storage="/users/ken/code/appinfracdkv1/appinfracdkv1.tests/bin/debug/net8.0/appinfracdkv1.tests.dll" id="ddc1d960-c078-a060-10a1-0a884ac521d5">
      <Execution id="12043864-380f-4526-b56d-577d3f0cc53e" />
      <TestMethod codeBase="/Users/ken/code/AppInfraCdkV1/AppInfraCdkV1.Tests/bin/Debug/net8.0/AppInfraCdkV1.Tests.dll" adapterTypeName="executor://xunit/VsTestRunner2/netcoreapp" className="AppInfraCdkV1.Tests.Unit.ResourceNamerTests" name="ResourceNamer_WithDifferentEnvironments_ShouldUseCorrectPrefix" />
    </UnitTest>
    <UnitTest name="AppInfraCdkV1.Tests.Unit.ConfigurationModelsTests.EnvironmentVariable_WithValidData_ShouldCreateInstance" storage="/users/ken/code/appinfracdkv1/appinfracdkv1.tests/bin/debug/net8.0/appinfracdkv1.tests.dll" id="82824d7e-3c1b-fa52-a6eb-4ba428eefd04">
      <Execution id="ccf4bfb2-027b-454e-90c1-3e45e49a8007" />
      <TestMethod codeBase="/Users/ken/code/AppInfraCdkV1/AppInfraCdkV1.Tests/bin/Debug/net8.0/AppInfraCdkV1.Tests.dll" adapterTypeName="executor://xunit/VsTestRunner2/netcoreapp" className="AppInfraCdkV1.Tests.Unit.ConfigurationModelsTests" name="EnvironmentVariable_WithValidData_ShouldCreateInstance" />
    </UnitTest>
    <UnitTest name="AppInfraCdkV1.Tests.Integration.NamingValidationIntegrationTests.GenerateSecurityGroupNames_WithValidEnvironmentAndApp_ShouldFollowConventions(environment: &quot;Production&quot;, application: &quot;TrialFinderV2&quot;)" storage="/users/ken/code/appinfracdkv1/appinfracdkv1.tests/bin/debug/net8.0/appinfracdkv1.tests.dll" id="db468e18-8d05-a243-ee25-a7cdf64e56cd">
      <Execution id="a8a6a154-e99d-4ece-afdd-68c950fd096c" />
      <TestMethod codeBase="/Users/ken/code/AppInfraCdkV1/AppInfraCdkV1.Tests/bin/Debug/net8.0/AppInfraCdkV1.Tests.dll" adapterTypeName="executor://xunit/VsTestRunner2/netcoreapp" className="AppInfraCdkV1.Tests.Integration.NamingValidationIntegrationTests" name="GenerateSecurityGroupNames_WithValidEnvironmentAndApp_ShouldFollowConventions" />
    </UnitTest>
    <UnitTest name="AppInfraCdkV1.Tests.Unit.NamingConventionTests.GetAccountTypeWithValidEnumReturnsCorrectType(environment: Production, expectedType: Production)" storage="/users/ken/code/appinfracdkv1/appinfracdkv1.tests/bin/debug/net8.0/appinfracdkv1.tests.dll" id="28d1a968-d97b-6474-e01e-3e15573aadb2">
      <Execution id="67468ef6-6984-4490-ae5e-08b1f505393b" />
      <TestMethod codeBase="/Users/ken/code/AppInfraCdkV1/AppInfraCdkV1.Tests/bin/Debug/net8.0/AppInfraCdkV1.Tests.dll" adapterTypeName="executor://xunit/VsTestRunner2/netcoreapp" className="AppInfraCdkV1.Tests.Unit.NamingConventionTests" name="GetAccountTypeWithValidEnumReturnsCorrectType" />
    </UnitTest>
    <UnitTest name="AppInfraCdkV1.Tests.Unit.TrialMatchConfigurationLoaderTests.SubstituteVariables_WithValidVariables_ShouldReplaceCorrectly" storage="/users/ken/code/appinfracdkv1/appinfracdkv1.tests/bin/debug/net8.0/appinfracdkv1.tests.dll" id="ad059f7f-207f-6a7c-7be3-bd7197b7f871">
      <Execution id="279129c9-1241-4edb-a25b-f34736d4ba3e" />
      <TestMethod codeBase="/Users/ken/code/AppInfraCdkV1/AppInfraCdkV1.Tests/bin/Debug/net8.0/AppInfraCdkV1.Tests.dll" adapterTypeName="executor://xunit/VsTestRunner2/netcoreapp" className="AppInfraCdkV1.Tests.Unit.TrialMatchConfigurationLoaderTests" name="SubstituteVariables_WithValidVariables_ShouldReplaceCorrectly" />
    </UnitTest>
    <UnitTest name="AppInfraCdkV1.Tests.Integration.ShowNamesOnlyIntegrationTests.ShowNamesOnly_WithValidEnvironmentAndApp_ExecutesSuccessfully(environment: &quot;Production&quot;, application: &quot;TrialFinderV2&quot;)" storage="/users/ken/code/appinfracdkv1/appinfracdkv1.tests/bin/debug/net8.0/appinfracdkv1.tests.dll" id="67a16af1-4c17-55ee-c9f6-7f2205885c69">
      <Execution id="53fbb260-6a5f-4ed5-a035-a4cb20610165" />
      <TestMethod codeBase="/Users/ken/code/AppInfraCdkV1/AppInfraCdkV1.Tests/bin/Debug/net8.0/AppInfraCdkV1.Tests.dll" adapterTypeName="executor://xunit/VsTestRunner2/netcoreapp" className="AppInfraCdkV1.Tests.Integration.ShowNamesOnlyIntegrationTests" name="ShowNamesOnly_WithValidEnvironmentAndApp_ExecutesSuccessfully" />
    </UnitTest>
    <UnitTest name="AppInfraCdkV1.Tests.Unit.SecurityConfigTests.EnableWaf_ShouldAllowSetAndGet(enableWaf: True)" storage="/users/ken/code/appinfracdkv1/appinfracdkv1.tests/bin/debug/net8.0/appinfracdkv1.tests.dll" id="d00c998d-2318-8621-6d29-c84fe308ef69">
      <Execution id="4c6332d3-e9da-47d3-9924-1915ce70b902" />
      <TestMethod codeBase="/Users/ken/code/AppInfraCdkV1/AppInfraCdkV1.Tests/bin/Debug/net8.0/AppInfraCdkV1.Tests.dll" adapterTypeName="executor://xunit/VsTestRunner2/netcoreapp" className="AppInfraCdkV1.Tests.Unit.SecurityConfigTests" name="EnableWaf_ShouldAllowSetAndGet" />
    </UnitTest>
    <UnitTest name="AppInfraCdkV1.Tests.Unit.TrialMatchConfigTests.GetConfigEnvironmentOverridesConfiguresEnhancedMonitoring(environment: &quot;Staging&quot;, expectedAccountType: Production, expectedMonitoring: True)" storage="/users/ken/code/appinfracdkv1/appinfracdkv1.tests/bin/debug/net8.0/appinfracdkv1.tests.dll" id="7de0ecc3-6494-9b84-39ad-8950d6363b1d">
      <Execution id="c972c87a-bbc9-4484-8286-6046ea9cd310" />
      <TestMethod codeBase="/Users/ken/code/AppInfraCdkV1/AppInfraCdkV1.Tests/bin/Debug/net8.0/AppInfraCdkV1.Tests.dll" adapterTypeName="executor://xunit/VsTestRunner2/netcoreapp" className="AppInfraCdkV1.Tests.Unit.TrialMatchConfigTests" name="GetConfigEnvironmentOverridesConfiguresEnhancedMonitoring" />
    </UnitTest>
    <UnitTest name="AppInfraCdkV1.Tests.Unit.NamingConventionTests.GetEnvironmentPrefixWithInvalidEnvironmentThrowsArgumentException" storage="/users/ken/code/appinfracdkv1/appinfracdkv1.tests/bin/debug/net8.0/appinfracdkv1.tests.dll" id="f1751abb-5097-b801-19cf-f4b933015964">
      <Execution id="b0213d81-6bd2-40c7-a864-e0c46ddfa131" />
      <TestMethod codeBase="/Users/ken/code/AppInfraCdkV1/AppInfraCdkV1.Tests/bin/Debug/net8.0/AppInfraCdkV1.Tests.dll" adapterTypeName="executor://xunit/VsTestRunner2/netcoreapp" className="AppInfraCdkV1.Tests.Unit.NamingConventionTests" name="GetEnvironmentPrefixWithInvalidEnvironmentThrowsArgumentException" />
    </UnitTest>
    <UnitTest name="AppInfraCdkV1.Tests.Integration.ShowNamesOnlyIntegrationTests.ShowNamesOnly_GeneratesCorrectNamingPrefix(environment: &quot;Development&quot;, application: &quot;TrialFinderV2&quot;, expectedPrefix: &quot;dev&quot;)" storage="/users/ken/code/appinfracdkv1/appinfracdkv1.tests/bin/debug/net8.0/appinfracdkv1.tests.dll" id="fff27c6f-cfe0-151d-3062-6c85817bff9f">
      <Execution id="9f26da16-baf0-4a79-aab8-0bfde5c9a198" />
      <TestMethod codeBase="/Users/ken/code/AppInfraCdkV1/AppInfraCdkV1.Tests/bin/Debug/net8.0/AppInfraCdkV1.Tests.dll" adapterTypeName="executor://xunit/VsTestRunner2/netcoreapp" className="AppInfraCdkV1.Tests.Integration.ShowNamesOnlyIntegrationTests" name="ShowNamesOnly_GeneratesCorrectNamingPrefix" />
    </UnitTest>
    <UnitTest name="AppInfraCdkV1.Tests.Unit.DeploymentContextTests.NamerConcurrentAccessReturnsSameInstance" storage="/users/ken/code/appinfracdkv1/appinfracdkv1.tests/bin/debug/net8.0/appinfracdkv1.tests.dll" id="22b327aa-d9f7-6359-d929-cfcf0c6f2e82">
      <Execution id="5d5e8595-e6bb-4994-8dfd-96fd843c3bd0" />
      <TestMethod codeBase="/Users/ken/code/AppInfraCdkV1/AppInfraCdkV1.Tests/bin/Debug/net8.0/AppInfraCdkV1.Tests.dll" adapterTypeName="executor://xunit/VsTestRunner2/netcoreapp" className="AppInfraCdkV1.Tests.Unit.DeploymentContextTests" name="NamerConcurrentAccessReturnsSameInstance" />
    </UnitTest>
    <UnitTest name="AppInfraCdkV1.Tests.Unit.TrialMatchConfigTests.GetConfigWithProductionConfiguresProductionSettings" storage="/users/ken/code/appinfracdkv1/appinfracdkv1.tests/bin/debug/net8.0/appinfracdkv1.tests.dll" id="9ef3112e-25d1-e221-095c-024557710b7f">
      <Execution id="c0c7aea4-dced-47d3-8403-097ce18495fc" />
      <TestMethod codeBase="/Users/ken/code/AppInfraCdkV1/AppInfraCdkV1.Tests/bin/Debug/net8.0/AppInfraCdkV1.Tests.dll" adapterTypeName="executor://xunit/VsTestRunner2/netcoreapp" className="AppInfraCdkV1.Tests.Unit.TrialMatchConfigTests" name="GetConfigWithProductionConfiguresProductionSettings" />
    </UnitTest>
    <UnitTest name="AppInfraCdkV1.Tests.Unit.TrialMatchConfigTests.GetConfigWithDevelopmentEnvironmentReturnsDevelopmentConfig(environment: &quot;Integration&quot;)" storage="/users/ken/code/appinfracdkv1/appinfracdkv1.tests/bin/debug/net8.0/appinfracdkv1.tests.dll" id="157c392d-b8a8-417c-6d66-2d4f8cf432d3">
      <Execution id="43e9b6e6-80d9-416c-b256-53f219d76b4a" />
      <TestMethod codeBase="/Users/ken/code/AppInfraCdkV1/AppInfraCdkV1.Tests/bin/Debug/net8.0/AppInfraCdkV1.Tests.dll" adapterTypeName="executor://xunit/VsTestRunner2/netcoreapp" className="AppInfraCdkV1.Tests.Unit.TrialMatchConfigTests" name="GetConfigWithDevelopmentEnvironmentReturnsDevelopmentConfig" />
    </UnitTest>
    <UnitTest name="AppInfraCdkV1.Tests.Unit.TrialFinderEcrRepositoryTests.ContainerRepositoryConfig_ShouldDeserializeCorrectly" storage="/users/ken/code/appinfracdkv1/appinfracdkv1.tests/bin/debug/net8.0/appinfracdkv1.tests.dll" id="3037f748-af90-e37a-0787-52d107419ba1">
      <Execution id="88ffd8a7-7cf8-42f1-adb1-c549fc5d5f2d" />
      <TestMethod codeBase="/Users/ken/code/AppInfraCdkV1/AppInfraCdkV1.Tests/bin/Debug/net8.0/AppInfraCdkV1.Tests.dll" adapterTypeName="executor://xunit/VsTestRunner2/netcoreapp" className="AppInfraCdkV1.Tests.Unit.TrialFinderEcrRepositoryTests" name="ContainerRepositoryConfig_ShouldDeserializeCorrectly" />
    </UnitTest>
    <UnitTest name="AppInfraCdkV1.Tests.Unit.TrialMatchConfigTests.GetConfigAllEnvironmentsHaveValidApplicationName" storage="/users/ken/code/appinfracdkv1/appinfracdkv1.tests/bin/debug/net8.0/appinfracdkv1.tests.dll" id="cac78efe-6b4a-b7c3-277d-b519fb2d58aa">
      <Execution id="8989ac31-65a6-4a66-90c2-7dba7c0110b1" />
      <TestMethod codeBase="/Users/ken/code/AppInfraCdkV1/AppInfraCdkV1.Tests/bin/Debug/net8.0/AppInfraCdkV1.Tests.dll" adapterTypeName="executor://xunit/VsTestRunner2/netcoreapp" className="AppInfraCdkV1.Tests.Unit.TrialMatchConfigTests" name="GetConfigAllEnvironmentsHaveValidApplicationName" />
    </UnitTest>
    <UnitTest name="AppInfraCdkV1.Tests.Unit.NamingConventionTests.GetEnvironmentPrefixWithValidEnumReturnsCorrectPrefix(environment: Development, expectedPrefix: &quot;dev&quot;)" storage="/users/ken/code/appinfracdkv1/appinfracdkv1.tests/bin/debug/net8.0/appinfracdkv1.tests.dll" id="05c11a85-2c43-bd2a-d029-8f6f6c672e70">
      <Execution id="c99a0569-439d-446b-8949-e7750012e666" />
      <TestMethod codeBase="/Users/ken/code/AppInfraCdkV1/AppInfraCdkV1.Tests/bin/Debug/net8.0/AppInfraCdkV1.Tests.dll" adapterTypeName="executor://xunit/VsTestRunner2/netcoreapp" className="AppInfraCdkV1.Tests.Unit.NamingConventionTests" name="GetEnvironmentPrefixWithValidEnumReturnsCorrectPrefix" />
    </UnitTest>
    <UnitTest name="AppInfraCdkV1.Tests.Unit.TrialFinderV2ConfigTests.GetConfigEnvironmentOverridesConfiguresEnhancedMonitoring(environment: &quot;Development&quot;, expectedAccountType: NonProduction, expectedMonitoring: False)" storage="/users/ken/code/appinfracdkv1/appinfracdkv1.tests/bin/debug/net8.0/appinfracdkv1.tests.dll" id="77f3df85-9183-c087-6445-9975601a6edd">
      <Execution id="ed3537da-845f-4cc8-a5f9-b925b7a3fd33" />
      <TestMethod codeBase="/Users/ken/code/AppInfraCdkV1/AppInfraCdkV1.Tests/bin/Debug/net8.0/AppInfraCdkV1.Tests.dll" adapterTypeName="executor://xunit/VsTestRunner2/netcoreapp" className="AppInfraCdkV1.Tests.Unit.TrialFinderV2ConfigTests" name="GetConfigEnvironmentOverridesConfiguresEnhancedMonitoring" />
    </UnitTest>
    <UnitTest name="AppInfraCdkV1.Tests.Unit.ResourceNamerTests.IamUser_WithPurpose_ShouldGenerateCorrectName" storage="/users/ken/code/appinfracdkv1/appinfracdkv1.tests/bin/debug/net8.0/appinfracdkv1.tests.dll" id="43c32a25-5de0-32f1-35c1-785060623fd8">
      <Execution id="4e45bac3-e586-4187-ad14-826ac2a7d9dd" />
      <TestMethod codeBase="/Users/ken/code/AppInfraCdkV1/AppInfraCdkV1.Tests/bin/Debug/net8.0/AppInfraCdkV1.Tests.dll" adapterTypeName="executor://xunit/VsTestRunner2/netcoreapp" className="AppInfraCdkV1.Tests.Unit.ResourceNamerTests" name="IamUser_WithPurpose_ShouldGenerateCorrectName" />
    </UnitTest>
    <UnitTest name="AppInfraCdkV1.Tests.Unit.NamingConventionTests.GetApplicationCodeWithValidApplicationReturnsCorrectCode(application: &quot;Cdk&quot;, expectedCode: &quot;cdk&quot;)" storage="/users/ken/code/appinfracdkv1/appinfracdkv1.tests/bin/debug/net8.0/appinfracdkv1.tests.dll" id="a2d51cb0-9761-e155-fe15-2956febf9979">
      <Execution id="eb40e6f2-d283-4b0f-995f-946f479e3a57" />
      <TestMethod codeBase="/Users/ken/code/AppInfraCdkV1/AppInfraCdkV1.Tests/bin/Debug/net8.0/AppInfraCdkV1.Tests.dll" adapterTypeName="executor://xunit/VsTestRunner2/netcoreapp" className="AppInfraCdkV1.Tests.Unit.NamingConventionTests" name="GetApplicationCodeWithValidApplicationReturnsCorrectCode" />
    </UnitTest>
    <UnitTest name="AppInfraCdkV1.Tests.Unit.NamingConventionTests.GetRegionCodeWithValidRegionReturnsCorrectCode(region: &quot;us-west-2&quot;, expectedCode: &quot;uw2&quot;)" storage="/users/ken/code/appinfracdkv1/appinfracdkv1.tests/bin/debug/net8.0/appinfracdkv1.tests.dll" id="157e30f7-9b9f-3e5a-ad00-030612e79754">
      <Execution id="b2b57c78-4c6a-42fc-a2aa-c938e51e671c" />
      <TestMethod codeBase="/Users/ken/code/AppInfraCdkV1/AppInfraCdkV1.Tests/bin/Debug/net8.0/AppInfraCdkV1.Tests.dll" adapterTypeName="executor://xunit/VsTestRunner2/netcoreapp" className="AppInfraCdkV1.Tests.Unit.NamingConventionTests" name="GetRegionCodeWithValidRegionReturnsCorrectCode" />
    </UnitTest>
    <UnitTest name="AppInfraCdkV1.Tests.Integration.ShowNamesOnlyIntegrationTests.ShowNamesOnly_WithInvalidEnvironment_FailsWithError" storage="/users/ken/code/appinfracdkv1/appinfracdkv1.tests/bin/debug/net8.0/appinfracdkv1.tests.dll" id="04055d55-2e17-6ea5-1646-2b7f75f6125b">
      <Execution id="9b490b76-5804-4930-a84b-1dcf803d183e" />
      <TestMethod codeBase="/Users/ken/code/AppInfraCdkV1/AppInfraCdkV1.Tests/bin/Debug/net8.0/AppInfraCdkV1.Tests.dll" adapterTypeName="executor://xunit/VsTestRunner2/netcoreapp" className="AppInfraCdkV1.Tests.Integration.ShowNamesOnlyIntegrationTests" name="ShowNamesOnly_WithInvalidEnvironment_FailsWithError" />
    </UnitTest>
    <UnitTest name="AppInfraCdkV1.Tests.Unit.DeploymentContextTests.GetCommonTagsWithTagKeyCollisionSystemTagsOverrideEnvironmentTags" storage="/users/ken/code/appinfracdkv1/appinfracdkv1.tests/bin/debug/net8.0/appinfracdkv1.tests.dll" id="5ad043f0-11ee-d875-48f8-de7a5a9a1058">
      <Execution id="2129d003-0898-4b9c-82f0-55c76c46ad9b" />
      <TestMethod codeBase="/Users/ken/code/AppInfraCdkV1/AppInfraCdkV1.Tests/bin/Debug/net8.0/AppInfraCdkV1.Tests.dll" adapterTypeName="executor://xunit/VsTestRunner2/netcoreapp" className="AppInfraCdkV1.Tests.Unit.DeploymentContextTests" name="GetCommonTagsWithTagKeyCollisionSystemTagsOverrideEnvironmentTags" />
    </UnitTest>
    <UnitTest name="AppInfraCdkV1.Tests.Unit.EnvironmentConfigTests.EnvironmentConfig_ShouldAcceptVariousValidValues(name: &quot;Development&quot;, accountId: &quot;123456789012&quot;, region: &quot;us-east-1&quot;, accountType: NonProduction)" storage="/users/ken/code/appinfracdkv1/appinfracdkv1.tests/bin/debug/net8.0/appinfracdkv1.tests.dll" id="0df7bed1-f053-e24a-8833-1fbf20e0c2fb">
      <Execution id="29c4163e-1645-4fec-944a-dc1cfd5cf538" />
      <TestMethod codeBase="/Users/ken/code/AppInfraCdkV1/AppInfraCdkV1.Tests/bin/Debug/net8.0/AppInfraCdkV1.Tests.dll" adapterTypeName="executor://xunit/VsTestRunner2/netcoreapp" className="AppInfraCdkV1.Tests.Unit.EnvironmentConfigTests" name="EnvironmentConfig_ShouldAcceptVariousValidValues" />
    </UnitTest>
    <UnitTest name="AppInfraCdkV1.Tests.Integration.NamingValidationIntegrationTests.ValidateAwsLimits_WithValidEnvironmentAndApp_ShouldRespectLimits(environment: &quot;Production&quot;, application: &quot;TrialMatch&quot;)" storage="/users/ken/code/appinfracdkv1/appinfracdkv1.tests/bin/debug/net8.0/appinfracdkv1.tests.dll" id="e48234b7-bde5-df9d-454b-b5bdd363b116">
      <Execution id="2c53a126-756c-49eb-b6f8-779a1f8aab56" />
      <TestMethod codeBase="/Users/ken/code/AppInfraCdkV1/AppInfraCdkV1.Tests/bin/Debug/net8.0/AppInfraCdkV1.Tests.dll" adapterTypeName="executor://xunit/VsTestRunner2/netcoreapp" className="AppInfraCdkV1.Tests.Integration.NamingValidationIntegrationTests" name="ValidateAwsLimits_WithValidEnvironmentAndApp_ShouldRespectLimits" />
    </UnitTest>
    <UnitTest name="AppInfraCdkV1.Tests.Unit.DeploymentContextTests.GetCommonTagsWithValidContextReturnsAllRequiredTags" storage="/users/ken/code/appinfracdkv1/appinfracdkv1.tests/bin/debug/net8.0/appinfracdkv1.tests.dll" id="ebaaa583-48d4-2e26-aee9-c128991e45c1">
      <Execution id="8a0efd3a-2a4d-4261-bac2-3855a293e246" />
      <TestMethod codeBase="/Users/ken/code/AppInfraCdkV1/AppInfraCdkV1.Tests/bin/Debug/net8.0/AppInfraCdkV1.Tests.dll" adapterTypeName="executor://xunit/VsTestRunner2/netcoreapp" className="AppInfraCdkV1.Tests.Unit.DeploymentContextTests" name="GetCommonTagsWithValidContextReturnsAllRequiredTags" />
    </UnitTest>
    <UnitTest name="AppInfraCdkV1.Tests.Unit.DeploymentContextTests.ValidateNamingContextWithValidContextDoesNotThrow" storage="/users/ken/code/appinfracdkv1/appinfracdkv1.tests/bin/debug/net8.0/appinfracdkv1.tests.dll" id="f14783b5-ed15-823a-71ed-940928e892af">
      <Execution id="787ae9b1-ec0c-4d33-a7dc-ce8a689418af" />
      <TestMethod codeBase="/Users/ken/code/AppInfraCdkV1/AppInfraCdkV1.Tests/bin/Debug/net8.0/AppInfraCdkV1.Tests.dll" adapterTypeName="executor://xunit/VsTestRunner2/netcoreapp" className="AppInfraCdkV1.Tests.Unit.DeploymentContextTests" name="ValidateNamingContextWithValidContextDoesNotThrow" />
    </UnitTest>
    <UnitTest name="AppInfraCdkV1.Tests.Unit.EnvironmentConfigTests.AccountType_ShouldAllowSetAndGet(expectedAccountType: NonProduction)" storage="/users/ken/code/appinfracdkv1/appinfracdkv1.tests/bin/debug/net8.0/appinfracdkv1.tests.dll" id="760982e5-2898-2031-5333-1708d75b7598">
      <Execution id="5bb62605-5542-4e62-b252-2de105c6161a" />
      <TestMethod codeBase="/Users/ken/code/AppInfraCdkV1/AppInfraCdkV1.Tests/bin/Debug/net8.0/AppInfraCdkV1.Tests.dll" adapterTypeName="executor://xunit/VsTestRunner2/netcoreapp" className="AppInfraCdkV1.Tests.Unit.EnvironmentConfigTests" name="AccountType_ShouldAllowSetAndGet" />
    </UnitTest>
    <UnitTest name="AppInfraCdkV1.Tests.Integration.NamingValidationIntegrationTests.ValidateAwsLimits_WithValidEnvironmentAndApp_ShouldRespectLimits(environment: &quot;Development&quot;, application: &quot;TrialMatch&quot;)" storage="/users/ken/code/appinfracdkv1/appinfracdkv1.tests/bin/debug/net8.0/appinfracdkv1.tests.dll" id="9dea66ef-1325-d800-a20c-3f5024b0ee24">
      <Execution id="c449d9ff-8b7a-40ec-a65f-bc108e0d73a1" />
      <TestMethod codeBase="/Users/ken/code/AppInfraCdkV1/AppInfraCdkV1.Tests/bin/Debug/net8.0/AppInfraCdkV1.Tests.dll" adapterTypeName="executor://xunit/VsTestRunner2/netcoreapp" className="AppInfraCdkV1.Tests.Integration.NamingValidationIntegrationTests" name="ValidateAwsLimits_WithValidEnvironmentAndApp_ShouldRespectLimits" />
    </UnitTest>
    <UnitTest name="AppInfraCdkV1.Tests.Unit.ConfigurationLoaderTests.ValidateConfiguration_WithDuplicateContainerNames_ShouldThrow" storage="/users/ken/code/appinfracdkv1/appinfracdkv1.tests/bin/debug/net8.0/appinfracdkv1.tests.dll" id="98f20855-3a5e-5ae4-bbe6-7d151b4cea58">
      <Execution id="66a19d25-a683-41df-8606-cae79abce05c" />
      <TestMethod codeBase="/Users/ken/code/AppInfraCdkV1/AppInfraCdkV1.Tests/bin/Debug/net8.0/AppInfraCdkV1.Tests.dll" adapterTypeName="executor://xunit/VsTestRunner2/netcoreapp" className="AppInfraCdkV1.Tests.Unit.ConfigurationLoaderTests" name="ValidateConfiguration_WithDuplicateContainerNames_ShouldThrow" />
    </UnitTest>
    <UnitTest name="AppInfraCdkV1.Tests.Integration.ShowNamesOnlyIntegrationTests.ShowNamesOnly_GeneratesCorrectNamingPrefix(environment: &quot;Production&quot;, application: &quot;TrialFinderV2&quot;, expectedPrefix: &quot;prod&quot;)" storage="/users/ken/code/appinfracdkv1/appinfracdkv1.tests/bin/debug/net8.0/appinfracdkv1.tests.dll" id="a4bf2b2b-7438-1545-ee07-2a389648c312">
      <Execution id="0df1eae9-a07d-4de7-af14-090cfdc2d68d" />
      <TestMethod codeBase="/Users/ken/code/AppInfraCdkV1/AppInfraCdkV1.Tests/bin/Debug/net8.0/AppInfraCdkV1.Tests.dll" adapterTypeName="executor://xunit/VsTestRunner2/netcoreapp" className="AppInfraCdkV1.Tests.Integration.ShowNamesOnlyIntegrationTests" name="ShowNamesOnly_GeneratesCorrectNamingPrefix" />
    </UnitTest>
    <UnitTest name="AppInfraCdkV1.Tests.Unit.ResourceSizingTests.GetProductionSizing_ShouldReturnResourceSizingInstance" storage="/users/ken/code/appinfracdkv1/appinfracdkv1.tests/bin/debug/net8.0/appinfracdkv1.tests.dll" id="3dd89de4-4973-f8b1-cc53-704a729ef17e">
      <Execution id="4dbbfcc0-090e-4c86-8ac9-42c3f9ad291f" />
      <TestMethod codeBase="/Users/ken/code/AppInfraCdkV1/AppInfraCdkV1.Tests/bin/Debug/net8.0/AppInfraCdkV1.Tests.dll" adapterTypeName="executor://xunit/VsTestRunner2/netcoreapp" className="AppInfraCdkV1.Tests.Unit.ResourceSizingTests" name="GetProductionSizing_ShouldReturnResourceSizingInstance" />
    </UnitTest>
    <UnitTest name="AppInfraCdkV1.Tests.Unit.NamingConventionTests.GenerateSecurityGroupNameWithValidContextReturnsCorrectFormat" storage="/users/ken/code/appinfracdkv1/appinfracdkv1.tests/bin/debug/net8.0/appinfracdkv1.tests.dll" id="5bd962ae-8c39-e81b-8211-5b8b50a24d18">
      <Execution id="4ab5aeb0-00b9-425f-ade7-23394992caea" />
      <TestMethod codeBase="/Users/ken/code/AppInfraCdkV1/AppInfraCdkV1.Tests/bin/Debug/net8.0/AppInfraCdkV1.Tests.dll" adapterTypeName="executor://xunit/VsTestRunner2/netcoreapp" className="AppInfraCdkV1.Tests.Unit.NamingConventionTests" name="GenerateSecurityGroupNameWithValidContextReturnsCorrectFormat" />
    </UnitTest>
    <UnitTest name="AppInfraCdkV1.Tests.Unit.NamingConventionTests.GetAccountTypeWithValidEnumReturnsCorrectType(environment: Development, expectedType: NonProduction)" storage="/users/ken/code/appinfracdkv1/appinfracdkv1.tests/bin/debug/net8.0/appinfracdkv1.tests.dll" id="a2d73722-d0e6-6ac9-9be0-7255bd0b7b2b">
      <Execution id="2f389e9e-aab0-453d-be42-448245e0e1f3" />
      <TestMethod codeBase="/Users/ken/code/AppInfraCdkV1/AppInfraCdkV1.Tests/bin/Debug/net8.0/AppInfraCdkV1.Tests.dll" adapterTypeName="executor://xunit/VsTestRunner2/netcoreapp" className="AppInfraCdkV1.Tests.Unit.NamingConventionTests" name="GetAccountTypeWithValidEnumReturnsCorrectType" />
    </UnitTest>
    <UnitTest name="AppInfraCdkV1.Tests.Unit.ResourceNamerTests.EcsTaskDefinition_WithPurpose_ShouldGenerateCorrectName" storage="/users/ken/code/appinfracdkv1/appinfracdkv1.tests/bin/debug/net8.0/appinfracdkv1.tests.dll" id="94750618-4780-2779-0c78-39f8bf09cc05">
      <Execution id="9b84ca1d-a71a-4ac7-9760-699d63aab3e4" />
      <TestMethod codeBase="/Users/ken/code/AppInfraCdkV1/AppInfraCdkV1.Tests/bin/Debug/net8.0/AppInfraCdkV1.Tests.dll" adapterTypeName="executor://xunit/VsTestRunner2/netcoreapp" className="AppInfraCdkV1.Tests.Unit.ResourceNamerTests" name="EcsTaskDefinition_WithPurpose_ShouldGenerateCorrectName" />
    </UnitTest>
    <UnitTest name="AppInfraCdkV1.Tests.Integration.ShowNamesOnlyIntegrationTests.ShowNamesOnly_WithValidEnvironmentAndApp_ContainsExpectedResourceNames(environment: &quot;Production&quot;, application: &quot;TrialFinderV2&quot;)" storage="/users/ken/code/appinfracdkv1/appinfracdkv1.tests/bin/debug/net8.0/appinfracdkv1.tests.dll" id="c79a9be8-5ab1-cbc9-4aad-765504709b1e">
      <Execution id="417ef90d-fc98-4508-8c05-d31c17359a11" />
      <TestMethod codeBase="/Users/ken/code/AppInfraCdkV1/AppInfraCdkV1.Tests/bin/Debug/net8.0/AppInfraCdkV1.Tests.dll" adapterTypeName="executor://xunit/VsTestRunner2/netcoreapp" className="AppInfraCdkV1.Tests.Integration.ShowNamesOnlyIntegrationTests" name="ShowNamesOnly_WithValidEnvironmentAndApp_ContainsExpectedResourceNames" />
    </UnitTest>
    <UnitTest name="AppInfraCdkV1.Tests.Unit.NamingConventionTests.RegisterApplicationWithDuplicateApplicationThrowsInvalidOperationException" storage="/users/ken/code/appinfracdkv1/appinfracdkv1.tests/bin/debug/net8.0/appinfracdkv1.tests.dll" id="8f00163d-e523-020e-f008-385c43545d01">
      <Execution id="0b6314c2-7235-4b8f-83f8-cc5269ad65b8" />
      <TestMethod codeBase="/Users/ken/code/AppInfraCdkV1/AppInfraCdkV1.Tests/bin/Debug/net8.0/AppInfraCdkV1.Tests.dll" adapterTypeName="executor://xunit/VsTestRunner2/netcoreapp" className="AppInfraCdkV1.Tests.Unit.NamingConventionTests" name="RegisterApplicationWithDuplicateApplicationThrowsInvalidOperationException" />
    </UnitTest>
    <UnitTest name="AppInfraCdkV1.Tests.Integration.NamingValidationIntegrationTests.ValidateNamingConventions_WithValidEnvironmentAndApp_ShouldSucceed(environment: &quot;Production&quot;, application: &quot;TrialMatch&quot;)" storage="/users/ken/code/appinfracdkv1/appinfracdkv1.tests/bin/debug/net8.0/appinfracdkv1.tests.dll" id="ee266587-9819-80c2-0582-ad1fd616d814">
      <Execution id="72fbfd09-99c5-4378-a428-42780cc61d17" />
      <TestMethod codeBase="/Users/ken/code/AppInfraCdkV1/AppInfraCdkV1.Tests/bin/Debug/net8.0/AppInfraCdkV1.Tests.dll" adapterTypeName="executor://xunit/VsTestRunner2/netcoreapp" className="AppInfraCdkV1.Tests.Integration.NamingValidationIntegrationTests" name="ValidateNamingConventions_WithValidEnvironmentAndApp_ShouldSucceed" />
    </UnitTest>
    <UnitTest name="AppInfraCdkV1.Tests.Unit.NamingConventionTests.GetApplicationCodeWithValidApplicationReturnsCorrectCode(application: &quot;TrialFinderV2&quot;, expectedCode: &quot;tfv2&quot;)" storage="/users/ken/code/appinfracdkv1/appinfracdkv1.tests/bin/debug/net8.0/appinfracdkv1.tests.dll" id="79f50864-ae36-cd82-74d3-a77f8b01d5a6">
      <Execution id="da7b96a6-56ee-4091-9ade-cc9c31bfc7fd" />
      <TestMethod codeBase="/Users/ken/code/AppInfraCdkV1/AppInfraCdkV1.Tests/bin/Debug/net8.0/AppInfraCdkV1.Tests.dll" adapterTypeName="executor://xunit/VsTestRunner2/netcoreapp" className="AppInfraCdkV1.Tests.Unit.NamingConventionTests" name="GetApplicationCodeWithValidApplicationReturnsCorrectCode" />
    </UnitTest>
    <UnitTest name="AppInfraCdkV1.Tests.Unit.NamingConventionTests.GenerateVpcNameWithDefaultPurposeReturnsCorrectFormat" storage="/users/ken/code/appinfracdkv1/appinfracdkv1.tests/bin/debug/net8.0/appinfracdkv1.tests.dll" id="5b1feb91-cd9e-0848-2667-3953ff9352cf">
      <Execution id="2c2f84c4-75c2-4e0c-b440-196b479ee0ea" />
      <TestMethod codeBase="/Users/ken/code/AppInfraCdkV1/AppInfraCdkV1.Tests/bin/Debug/net8.0/AppInfraCdkV1.Tests.dll" adapterTypeName="executor://xunit/VsTestRunner2/netcoreapp" className="AppInfraCdkV1.Tests.Unit.NamingConventionTests" name="GenerateVpcNameWithDefaultPurposeReturnsCorrectFormat" />
    </UnitTest>
    <UnitTest name="AppInfraCdkV1.Tests.Unit.TrialMatchConfigTests.GetConfigWithProductionEnvironmentReturnsProductionConfig(environment: &quot;Production&quot;)" storage="/users/ken/code/appinfracdkv1/appinfracdkv1.tests/bin/debug/net8.0/appinfracdkv1.tests.dll" id="871ada24-92cf-ccb7-ca75-a645d5b5d865">
      <Execution id="830cf894-9103-458e-ad5a-da2d2d2203fb" />
      <TestMethod codeBase="/Users/ken/code/AppInfraCdkV1/AppInfraCdkV1.Tests/bin/Debug/net8.0/AppInfraCdkV1.Tests.dll" adapterTypeName="executor://xunit/VsTestRunner2/netcoreapp" className="AppInfraCdkV1.Tests.Unit.TrialMatchConfigTests" name="GetConfigWithProductionEnvironmentReturnsProductionConfig" />
    </UnitTest>
    <UnitTest name="AppInfraCdkV1.Tests.Unit.EnvironmentConfigTests.IsProd_ShouldMatchIsProductionClass" storage="/users/ken/code/appinfracdkv1/appinfracdkv1.tests/bin/debug/net8.0/appinfracdkv1.tests.dll" id="00702a5c-632e-8f8b-cd49-5d1561b7a48a">
      <Execution id="ba4a31b3-3751-4768-aa99-754db71dd79a" />
      <TestMethod codeBase="/Users/ken/code/AppInfraCdkV1/AppInfraCdkV1.Tests/bin/Debug/net8.0/AppInfraCdkV1.Tests.dll" adapterTypeName="executor://xunit/VsTestRunner2/netcoreapp" className="AppInfraCdkV1.Tests.Unit.EnvironmentConfigTests" name="IsProd_ShouldMatchIsProductionClass" />
    </UnitTest>
    <UnitTest name="AppInfraCdkV1.Tests.Integration.NamingValidationIntegrationTests.ValidateCognitoResourcePurpose_WithValidEnvironmentAndApp_ShouldHaveCorrectPurpose(environment: &quot;Development&quot;, application: &quot;TrialFinderV2&quot;)" storage="/users/ken/code/appinfracdkv1/appinfracdkv1.tests/bin/debug/net8.0/appinfracdkv1.tests.dll" id="65b6a4b0-992f-83b6-c4d7-f86505cb5564">
      <Execution id="bc74638e-f368-4fdd-84da-c1a84896c02d" />
      <TestMethod codeBase="/Users/ken/code/AppInfraCdkV1/AppInfraCdkV1.Tests/bin/Debug/net8.0/AppInfraCdkV1.Tests.dll" adapterTypeName="executor://xunit/VsTestRunner2/netcoreapp" className="AppInfraCdkV1.Tests.Integration.NamingValidationIntegrationTests" name="ValidateCognitoResourcePurpose_WithValidEnvironmentAndApp_ShouldHaveCorrectPurpose" />
    </UnitTest>
    <UnitTest name="AppInfraCdkV1.Tests.Unit.SecurityConfigTests.GetSecurityConfigForAccountType_WithNonProductionAccountType_ShouldReturnDevelopmentConfig" storage="/users/ken/code/appinfracdkv1/appinfracdkv1.tests/bin/debug/net8.0/appinfracdkv1.tests.dll" id="3dd0d884-abef-c93d-5cc5-b995b85cb5fa">
      <Execution id="f01d68f5-d8c7-4917-93e8-b71ae6e2fb60" />
      <TestMethod codeBase="/Users/ken/code/AppInfraCdkV1/AppInfraCdkV1.Tests/bin/Debug/net8.0/AppInfraCdkV1.Tests.dll" adapterTypeName="executor://xunit/VsTestRunner2/netcoreapp" className="AppInfraCdkV1.Tests.Unit.SecurityConfigTests" name="GetSecurityConfigForAccountType_WithNonProductionAccountType_ShouldReturnDevelopmentConfig" />
    </UnitTest>
    <UnitTest name="AppInfraCdkV1.Tests.Unit.ConfigurationLoaderTests.ValidateConfiguration_WithInvalidPortMapping_ShouldThrow" storage="/users/ken/code/appinfracdkv1/appinfracdkv1.tests/bin/debug/net8.0/appinfracdkv1.tests.dll" id="a870ea4b-0bcc-1dc4-c660-8a0fc4c73005">
      <Execution id="7f91db6d-ac32-43bd-a1e7-d7c56e1e5f06" />
      <TestMethod codeBase="/Users/ken/code/AppInfraCdkV1/AppInfraCdkV1.Tests/bin/Debug/net8.0/AppInfraCdkV1.Tests.dll" adapterTypeName="executor://xunit/VsTestRunner2/netcoreapp" className="AppInfraCdkV1.Tests.Unit.ConfigurationLoaderTests" name="ValidateConfiguration_WithInvalidPortMapping_ShouldThrow" />
    </UnitTest>
    <UnitTest name="AppInfraCdkV1.Tests.Integration.NamingValidationIntegrationTests.GenerateCognitoResourceNames_WithValidEnvironmentAndApp_ShouldFollowConventions(environment: &quot;Production&quot;, application: &quot;TrialFinderV2&quot;)" storage="/users/ken/code/appinfracdkv1/appinfracdkv1.tests/bin/debug/net8.0/appinfracdkv1.tests.dll" id="e885e3fb-fdaf-aba5-f190-f6d1d1c0be56">
      <Execution id="dcbf5dc9-57bc-4449-9445-d0d6db7590cc" />
      <TestMethod codeBase="/Users/ken/code/AppInfraCdkV1/AppInfraCdkV1.Tests/bin/Debug/net8.0/AppInfraCdkV1.Tests.dll" adapterTypeName="executor://xunit/VsTestRunner2/netcoreapp" className="AppInfraCdkV1.Tests.Integration.NamingValidationIntegrationTests" name="GenerateCognitoResourceNames_WithValidEnvironmentAndApp_ShouldFollowConventions" />
    </UnitTest>
    <UnitTest name="AppInfraCdkV1.Tests.Unit.TrialFinderV2ConfigTests.GetConfigAllEnvironmentsHaveNonNullSizing" storage="/users/ken/code/appinfracdkv1/appinfracdkv1.tests/bin/debug/net8.0/appinfracdkv1.tests.dll" id="d55edd33-df70-765a-402c-898f06e535b3">
      <Execution id="e33d274d-f2c2-4826-82a5-6bcee193f422" />
      <TestMethod codeBase="/Users/ken/code/AppInfraCdkV1/AppInfraCdkV1.Tests/bin/Debug/net8.0/AppInfraCdkV1.Tests.dll" adapterTypeName="executor://xunit/VsTestRunner2/netcoreapp" className="AppInfraCdkV1.Tests.Unit.TrialFinderV2ConfigTests" name="GetConfigAllEnvironmentsHaveNonNullSizing" />
    </UnitTest>
    <UnitTest name="AppInfraCdkV1.Tests.Unit.TrialFinderV2ConfigTests.GetConfigWithStagingConfiguresProductionClassSettings" storage="/users/ken/code/appinfracdkv1/appinfracdkv1.tests/bin/debug/net8.0/appinfracdkv1.tests.dll" id="b79089b4-8f49-6da6-4f08-ba4dac1c81b4">
      <Execution id="7b3210d1-c807-4d7f-a73c-3d56f75b2752" />
      <TestMethod codeBase="/Users/ken/code/AppInfraCdkV1/AppInfraCdkV1.Tests/bin/Debug/net8.0/AppInfraCdkV1.Tests.dll" adapterTypeName="executor://xunit/VsTestRunner2/netcoreapp" className="AppInfraCdkV1.Tests.Unit.TrialFinderV2ConfigTests" name="GetConfigWithStagingConfiguresProductionClassSettings" />
    </UnitTest>
    <UnitTest name="AppInfraCdkV1.Tests.Unit.NamingConventionTests.GetEnvironmentsInSameAccountWithDevelopmentReturnsNonProductionEnvironments" storage="/users/ken/code/appinfracdkv1/appinfracdkv1.tests/bin/debug/net8.0/appinfracdkv1.tests.dll" id="92e07ea9-b705-90e9-015f-94328f905200">
      <Execution id="8f2fd6df-87ef-4225-a8a5-5bdd38d46dab" />
      <TestMethod codeBase="/Users/ken/code/AppInfraCdkV1/AppInfraCdkV1.Tests/bin/Debug/net8.0/AppInfraCdkV1.Tests.dll" adapterTypeName="executor://xunit/VsTestRunner2/netcoreapp" className="AppInfraCdkV1.Tests.Unit.NamingConventionTests" name="GetEnvironmentsInSameAccountWithDevelopmentReturnsNonProductionEnvironments" />
    </UnitTest>
    <UnitTest name="AppInfraCdkV1.Tests.Integration.ShowNamesOnlyIntegrationTests.ShowNamesOnly_WithValidEnvironmentAndApp_ContainsExpectedResourceNames(environment: &quot;Development&quot;, application: &quot;TrialMatch&quot;)" storage="/users/ken/code/appinfracdkv1/appinfracdkv1.tests/bin/debug/net8.0/appinfracdkv1.tests.dll" id="860d7bb2-3463-4384-9b7f-8010a7f8904e">
      <Execution id="b886e7a0-37b7-4373-b6f8-97d8425e2d8c" />
      <TestMethod codeBase="/Users/ken/code/AppInfraCdkV1/AppInfraCdkV1.Tests/bin/Debug/net8.0/AppInfraCdkV1.Tests.dll" adapterTypeName="executor://xunit/VsTestRunner2/netcoreapp" className="AppInfraCdkV1.Tests.Integration.ShowNamesOnlyIntegrationTests" name="ShowNamesOnly_WithValidEnvironmentAndApp_ContainsExpectedResourceNames" />
    </UnitTest>
    <UnitTest name="AppInfraCdkV1.Tests.Integration.NamingValidationIntegrationTests.GenerateLogGroupNames_WithValidEnvironmentAndApp_ShouldFollowAwsConventions(environment: &quot;Development&quot;, application: &quot;TrialFinderV2&quot;)" storage="/users/ken/code/appinfracdkv1/appinfracdkv1.tests/bin/debug/net8.0/appinfracdkv1.tests.dll" id="69fa1047-0cf7-32fc-465e-f5d27df99174">
      <Execution id="3a609278-470a-4480-b0ad-ac76bb9143d1" />
      <TestMethod codeBase="/Users/ken/code/AppInfraCdkV1/AppInfraCdkV1.Tests/bin/Debug/net8.0/AppInfraCdkV1.Tests.dll" adapterTypeName="executor://xunit/VsTestRunner2/netcoreapp" className="AppInfraCdkV1.Tests.Integration.NamingValidationIntegrationTests" name="GenerateLogGroupNames_WithValidEnvironmentAndApp_ShouldFollowAwsConventions" />
    </UnitTest>
    <UnitTest name="AppInfraCdkV1.Tests.Integration.NamingValidationIntegrationTests.ValidateCognitoResourceTypes_ShouldIncludeAllTypes" storage="/users/ken/code/appinfracdkv1/appinfracdkv1.tests/bin/debug/net8.0/appinfracdkv1.tests.dll" id="04f876fc-a33e-134a-7809-c15e642cc469">
      <Execution id="4021fb75-a91b-4939-a86a-bb3e4c321c5e" />
      <TestMethod codeBase="/Users/ken/code/AppInfraCdkV1/AppInfraCdkV1.Tests/bin/Debug/net8.0/AppInfraCdkV1.Tests.dll" adapterTypeName="executor://xunit/VsTestRunner2/netcoreapp" className="AppInfraCdkV1.Tests.Integration.NamingValidationIntegrationTests" name="ValidateCognitoResourceTypes_ShouldIncludeAllTypes" />
    </UnitTest>
    <UnitTest name="AppInfraCdkV1.Tests.Integration.NamingValidationIntegrationTests.GenerateSecurityGroupNames_WithValidEnvironmentAndApp_ShouldFollowConventions(environment: &quot;Development&quot;, application: &quot;TrialMatch&quot;)" storage="/users/ken/code/appinfracdkv1/appinfracdkv1.tests/bin/debug/net8.0/appinfracdkv1.tests.dll" id="cb2b9d87-21fe-9e4c-5e8f-d5f09cfc938d">
      <Execution id="e3855f10-94c9-48fb-ac78-b8801b451335" />
      <TestMethod codeBase="/Users/ken/code/AppInfraCdkV1/AppInfraCdkV1.Tests/bin/Debug/net8.0/AppInfraCdkV1.Tests.dll" adapterTypeName="executor://xunit/VsTestRunner2/netcoreapp" className="AppInfraCdkV1.Tests.Integration.NamingValidationIntegrationTests" name="GenerateSecurityGroupNames_WithValidEnvironmentAndApp_ShouldFollowConventions" />
    </UnitTest>
    <UnitTest name="AppInfraCdkV1.Tests.Integration.NamingValidationIntegrationTests.GenerateIamRoleNames_WithValidEnvironmentAndApp_ShouldFollowConventions(environment: &quot;Development&quot;, application: &quot;TrialMatch&quot;)" storage="/users/ken/code/appinfracdkv1/appinfracdkv1.tests/bin/debug/net8.0/appinfracdkv1.tests.dll" id="4038986b-74f8-b7ec-b95c-df155c9647a6">
      <Execution id="8bb51afa-69f0-4870-8874-b8d8554cb69d" />
      <TestMethod codeBase="/Users/ken/code/AppInfraCdkV1/AppInfraCdkV1.Tests/bin/Debug/net8.0/AppInfraCdkV1.Tests.dll" adapterTypeName="executor://xunit/VsTestRunner2/netcoreapp" className="AppInfraCdkV1.Tests.Integration.NamingValidationIntegrationTests" name="GenerateIamRoleNames_WithValidEnvironmentAndApp_ShouldFollowConventions" />
    </UnitTest>
    <UnitTest name="AppInfraCdkV1.Tests.Unit.ResourceNamerTests.S3Bucket_WithPurpose_ShouldGenerateCorrectName" storage="/users/ken/code/appinfracdkv1/appinfracdkv1.tests/bin/debug/net8.0/appinfracdkv1.tests.dll" id="11953b3d-f834-fc31-fba0-40c711e9cca2">
      <Execution id="d6b5cbbf-5529-4f57-9efb-cd6c0cb672d2" />
      <TestMethod codeBase="/Users/ken/code/AppInfraCdkV1/AppInfraCdkV1.Tests/bin/Debug/net8.0/AppInfraCdkV1.Tests.dll" adapterTypeName="executor://xunit/VsTestRunner2/netcoreapp" className="AppInfraCdkV1.Tests.Unit.ResourceNamerTests" name="S3Bucket_WithPurpose_ShouldGenerateCorrectName" />
    </UnitTest>
    <UnitTest name="AppInfraCdkV1.Tests.Unit.ResourceNamerTests.SecurityGroupForBastion_WithDefaultPurpose_ShouldGenerateCorrectName" storage="/users/ken/code/appinfracdkv1/appinfracdkv1.tests/bin/debug/net8.0/appinfracdkv1.tests.dll" id="d9a78181-bdb6-de6b-ddf1-afdf792c8013">
      <Execution id="62e56a3a-3acd-429d-b70e-29617a3044b6" />
      <TestMethod codeBase="/Users/ken/code/AppInfraCdkV1/AppInfraCdkV1.Tests/bin/Debug/net8.0/AppInfraCdkV1.Tests.dll" adapterTypeName="executor://xunit/VsTestRunner2/netcoreapp" className="AppInfraCdkV1.Tests.Unit.ResourceNamerTests" name="SecurityGroupForBastion_WithDefaultPurpose_ShouldGenerateCorrectName" />
    </UnitTest>
    <UnitTest name="AppInfraCdkV1.Tests.Unit.DeploymentContextTests.ValidateNamingContextWithNullApplicationNameThrowsInvalidOperationException" storage="/users/ken/code/appinfracdkv1/appinfracdkv1.tests/bin/debug/net8.0/appinfracdkv1.tests.dll" id="1d496b7f-4d85-3442-baf6-746eab3f3ae6">
      <Execution id="77340d51-a36e-4643-b7e3-d50d58fb237e" />
      <TestMethod codeBase="/Users/ken/code/AppInfraCdkV1/AppInfraCdkV1.Tests/bin/Debug/net8.0/AppInfraCdkV1.Tests.dll" adapterTypeName="executor://xunit/VsTestRunner2/netcoreapp" className="AppInfraCdkV1.Tests.Unit.DeploymentContextTests" name="ValidateNamingContextWithNullApplicationNameThrowsInvalidOperationException" />
    </UnitTest>
    <UnitTest name="AppInfraCdkV1.Tests.Unit.TrialMatchConfigurationLoaderTests.ValidateConfiguration_WithValidConfig_ShouldNotThrow" storage="/users/ken/code/appinfracdkv1/appinfracdkv1.tests/bin/debug/net8.0/appinfracdkv1.tests.dll" id="cc7f8e41-72c7-db1a-28bc-ca4543b1768c">
      <Execution id="9335b832-8c90-447d-83bc-011d91ec9b55" />
      <TestMethod codeBase="/Users/ken/code/AppInfraCdkV1/AppInfraCdkV1.Tests/bin/Debug/net8.0/AppInfraCdkV1.Tests.dll" adapterTypeName="executor://xunit/VsTestRunner2/netcoreapp" className="AppInfraCdkV1.Tests.Unit.TrialMatchConfigurationLoaderTests" name="ValidateConfiguration_WithValidConfig_ShouldNotThrow" />
    </UnitTest>
    <UnitTest name="AppInfraCdkV1.Tests.Unit.TrialMatchConfigTests.GetConfigWithStagingEnvironmentReturnsStagingConfig(environment: &quot;Staging&quot;)" storage="/users/ken/code/appinfracdkv1/appinfracdkv1.tests/bin/debug/net8.0/appinfracdkv1.tests.dll" id="8c1748b1-ff74-4025-e335-650e3fdcdfe9">
      <Execution id="42b45295-707a-46c0-b892-0c87901ec561" />
      <TestMethod codeBase="/Users/ken/code/AppInfraCdkV1/AppInfraCdkV1.Tests/bin/Debug/net8.0/AppInfraCdkV1.Tests.dll" adapterTypeName="executor://xunit/VsTestRunner2/netcoreapp" className="AppInfraCdkV1.Tests.Unit.TrialMatchConfigTests" name="GetConfigWithStagingEnvironmentReturnsStagingConfig" />
    </UnitTest>
    <UnitTest name="AppInfraCdkV1.Tests.Unit.ConfigurationModelsTests.EcsTaskConfiguration_WithValidData_ShouldCreateInstance" storage="/users/ken/code/appinfracdkv1/appinfracdkv1.tests/bin/debug/net8.0/appinfracdkv1.tests.dll" id="3ff2fd07-e7d1-4e8b-5f3c-0b728df2a411">
      <Execution id="efd459db-1efb-45bd-bbaf-6fbb93820623" />
      <TestMethod codeBase="/Users/ken/code/AppInfraCdkV1/AppInfraCdkV1.Tests/bin/Debug/net8.0/AppInfraCdkV1.Tests.dll" adapterTypeName="executor://xunit/VsTestRunner2/netcoreapp" className="AppInfraCdkV1.Tests.Unit.ConfigurationModelsTests" name="EcsTaskConfiguration_WithValidData_ShouldCreateInstance" />
    </UnitTest>
    <UnitTest name="AppInfraCdkV1.Tests.Integration.NamingValidationIntegrationTests.ValidateAwsLimits_WithValidEnvironmentAndApp_ShouldRespectLimits(environment: &quot;Development&quot;, application: &quot;TrialFinderV2&quot;)" storage="/users/ken/code/appinfracdkv1/appinfracdkv1.tests/bin/debug/net8.0/appinfracdkv1.tests.dll" id="fd21b23e-b65a-72fa-abc9-2657d2f4a0c9">
      <Execution id="31cba622-2a8e-46dc-bb0e-69231d6c17f2" />
      <TestMethod codeBase="/Users/ken/code/AppInfraCdkV1/AppInfraCdkV1.Tests/bin/Debug/net8.0/AppInfraCdkV1.Tests.dll" adapterTypeName="executor://xunit/VsTestRunner2/netcoreapp" className="AppInfraCdkV1.Tests.Integration.NamingValidationIntegrationTests" name="ValidateAwsLimits_WithValidEnvironmentAndApp_ShouldRespectLimits" />
    </UnitTest>
    <UnitTest name="AppInfraCdkV1.Tests.Unit.TrialFinderV2ConfigTests.GetConfigAllEnvironmentsHaveValidApplicationName" storage="/users/ken/code/appinfracdkv1/appinfracdkv1.tests/bin/debug/net8.0/appinfracdkv1.tests.dll" id="bcfb7d92-52a7-36d0-7b59-d2d7512e4994">
      <Execution id="ca0ec35b-8395-4d0d-9a32-d9d12ccc1516" />
      <TestMethod codeBase="/Users/ken/code/AppInfraCdkV1/AppInfraCdkV1.Tests/bin/Debug/net8.0/AppInfraCdkV1.Tests.dll" adapterTypeName="executor://xunit/VsTestRunner2/netcoreapp" className="AppInfraCdkV1.Tests.Unit.TrialFinderV2ConfigTests" name="GetConfigAllEnvironmentsHaveValidApplicationName" />
    </UnitTest>
    <UnitTest name="AppInfraCdkV1.Tests.Unit.TrialMatchConfigurationLoaderTests.ValidateConfiguration_WithDuplicateServiceNames_ShouldThrow" storage="/users/ken/code/appinfracdkv1/appinfracdkv1.tests/bin/debug/net8.0/appinfracdkv1.tests.dll" id="c01c12ab-f245-fe40-18fc-bd11c298ebfa">
      <Execution id="536f4376-0af4-40ee-9b81-846abeffe089" />
      <TestMethod codeBase="/Users/ken/code/AppInfraCdkV1/AppInfraCdkV1.Tests/bin/Debug/net8.0/AppInfraCdkV1.Tests.dll" adapterTypeName="executor://xunit/VsTestRunner2/netcoreapp" className="AppInfraCdkV1.Tests.Unit.TrialMatchConfigurationLoaderTests" name="ValidateConfiguration_WithDuplicateServiceNames_ShouldThrow" />
    </UnitTest>
    <UnitTest name="AppInfraCdkV1.Tests.Integration.NamingValidationIntegrationTests.GenerateIamRoleNames_WithValidEnvironmentAndApp_ShouldFollowConventions(environment: &quot;Production&quot;, application: &quot;TrialMatch&quot;)" storage="/users/ken/code/appinfracdkv1/appinfracdkv1.tests/bin/debug/net8.0/appinfracdkv1.tests.dll" id="f94ef4d3-912c-98e8-d91f-a8d6438a9fc7">
      <Execution id="1cedce1a-3a8e-4297-abd4-b367f2c4334f" />
      <TestMethod codeBase="/Users/ken/code/AppInfraCdkV1/AppInfraCdkV1.Tests/bin/Debug/net8.0/AppInfraCdkV1.Tests.dll" adapterTypeName="executor://xunit/VsTestRunner2/netcoreapp" className="AppInfraCdkV1.Tests.Integration.NamingValidationIntegrationTests" name="GenerateIamRoleNames_WithValidEnvironmentAndApp_ShouldFollowConventions" />
    </UnitTest>
    <UnitTest name="AppInfraCdkV1.Tests.Unit.EnvironmentConfigTests.IsProductionClass_WithNonProductionAccountType_ShouldReturnFalse" storage="/users/ken/code/appinfracdkv1/appinfracdkv1.tests/bin/debug/net8.0/appinfracdkv1.tests.dll" id="61bfe640-3ebb-4938-3b70-2e91690f7ea2">
      <Execution id="9861e1a6-7298-4381-ae37-89c7435bb681" />
      <TestMethod codeBase="/Users/ken/code/AppInfraCdkV1/AppInfraCdkV1.Tests/bin/Debug/net8.0/AppInfraCdkV1.Tests.dll" adapterTypeName="executor://xunit/VsTestRunner2/netcoreapp" className="AppInfraCdkV1.Tests.Unit.EnvironmentConfigTests" name="IsProductionClass_WithNonProductionAccountType_ShouldReturnFalse" />
    </UnitTest>
    <UnitTest name="AppInfraCdkV1.Tests.Unit.DeploymentContextTests.DeploymentIdDefaultValueIsValidFormat" storage="/users/ken/code/appinfracdkv1/appinfracdkv1.tests/bin/debug/net8.0/appinfracdkv1.tests.dll" id="acedbd59-41d0-44dc-19a9-3cfdca0798a8">
      <Execution id="f9a0863b-63bb-4e6b-bedc-07d46c11589f" />
      <TestMethod codeBase="/Users/ken/code/AppInfraCdkV1/AppInfraCdkV1.Tests/bin/Debug/net8.0/AppInfraCdkV1.Tests.dll" adapterTypeName="executor://xunit/VsTestRunner2/netcoreapp" className="AppInfraCdkV1.Tests.Unit.DeploymentContextTests" name="DeploymentIdDefaultValueIsValidFormat" />
    </UnitTest>
    <UnitTest name="AppInfraCdkV1.Tests.Integration.ShowNamesOnlyIntegrationTests.ShowNamesOnly_WithValidEnvironmentAndApp_PassesValidation(environment: &quot;Production&quot;, application: &quot;TrialFinderV2&quot;)" storage="/users/ken/code/appinfracdkv1/appinfracdkv1.tests/bin/debug/net8.0/appinfracdkv1.tests.dll" id="d3d9d8d1-9a8a-cf92-dc48-a4791daf5f02">
      <Execution id="1f6163fc-21a9-484e-a188-243aad48c3b1" />
      <TestMethod codeBase="/Users/ken/code/AppInfraCdkV1/AppInfraCdkV1.Tests/bin/Debug/net8.0/AppInfraCdkV1.Tests.dll" adapterTypeName="executor://xunit/VsTestRunner2/netcoreapp" className="AppInfraCdkV1.Tests.Integration.ShowNamesOnlyIntegrationTests" name="ShowNamesOnly_WithValidEnvironmentAndApp_PassesValidation" />
    </UnitTest>
    <UnitTest name="AppInfraCdkV1.Tests.Unit.TrialFinderEcrRepositoryTests.ResourceNamer_ShouldGenerateCorrectEcrRepositoryNames" storage="/users/ken/code/appinfracdkv1/appinfracdkv1.tests/bin/debug/net8.0/appinfracdkv1.tests.dll" id="f99a5784-faac-9ebe-1d6d-da1d5052ce44">
      <Execution id="dca1b71b-d176-434d-afc6-c7f7dfe37cc7" />
      <TestMethod codeBase="/Users/ken/code/AppInfraCdkV1/AppInfraCdkV1.Tests/bin/Debug/net8.0/AppInfraCdkV1.Tests.dll" adapterTypeName="executor://xunit/VsTestRunner2/netcoreapp" className="AppInfraCdkV1.Tests.Unit.TrialFinderEcrRepositoryTests" name="ResourceNamer_ShouldGenerateCorrectEcrRepositoryNames" />
    </UnitTest>
    <UnitTest name="AppInfraCdkV1.Tests.Unit.TrialMatchConfigTests.GetConfigWithDevelopmentConfiguresNonProductionSettings" storage="/users/ken/code/appinfracdkv1/appinfracdkv1.tests/bin/debug/net8.0/appinfracdkv1.tests.dll" id="b273c523-45d3-7f2b-0dce-a40fa9228a55">
      <Execution id="99f7709f-2129-4c06-9df8-2eb11911a924" />
      <TestMethod codeBase="/Users/ken/code/AppInfraCdkV1/AppInfraCdkV1.Tests/bin/Debug/net8.0/AppInfraCdkV1.Tests.dll" adapterTypeName="executor://xunit/VsTestRunner2/netcoreapp" className="AppInfraCdkV1.Tests.Unit.TrialMatchConfigTests" name="GetConfigWithDevelopmentConfiguresNonProductionSettings" />
    </UnitTest>
    <UnitTest name="AppInfraCdkV1.Tests.Unit.SecurityConfigTests.SecurityConfig_ShouldHandleNullAllowedCidrBlocksAssignment" storage="/users/ken/code/appinfracdkv1/appinfracdkv1.tests/bin/debug/net8.0/appinfracdkv1.tests.dll" id="29af7ac2-2490-ac69-a8cd-d994a32a59ab">
      <Execution id="c0bdebb9-d630-48a3-b705-6287bf99a8d4" />
      <TestMethod codeBase="/Users/ken/code/AppInfraCdkV1/AppInfraCdkV1.Tests/bin/Debug/net8.0/AppInfraCdkV1.Tests.dll" adapterTypeName="executor://xunit/VsTestRunner2/netcoreapp" className="AppInfraCdkV1.Tests.Unit.SecurityConfigTests" name="SecurityConfig_ShouldHandleNullAllowedCidrBlocksAssignment" />
    </UnitTest>
    <UnitTest name="AppInfraCdkV1.Tests.Integration.ShowNamesOnlyIntegrationTests.VerifyTestSetup_SolutionAndProjectPathsExist" storage="/users/ken/code/appinfracdkv1/appinfracdkv1.tests/bin/debug/net8.0/appinfracdkv1.tests.dll" id="0a44a036-5b80-d68b-0602-0244058856a0">
      <Execution id="c7ac853b-f211-4dc4-b7a2-436cc21f841c" />
      <TestMethod codeBase="/Users/ken/code/AppInfraCdkV1/AppInfraCdkV1.Tests/bin/Debug/net8.0/AppInfraCdkV1.Tests.dll" adapterTypeName="executor://xunit/VsTestRunner2/netcoreapp" className="AppInfraCdkV1.Tests.Integration.ShowNamesOnlyIntegrationTests" name="VerifyTestSetup_SolutionAndProjectPathsExist" />
    </UnitTest>
    <UnitTest name="AppInfraCdkV1.Tests.Unit.ConfigurationLoaderTests.GetConfig_WithProductionEnvironment_ShouldSupportCognitoDeployment" storage="/users/ken/code/appinfracdkv1/appinfracdkv1.tests/bin/debug/net8.0/appinfracdkv1.tests.dll" id="e3b9be4e-fe0d-b388-9042-c64f16a61d73">
      <Execution id="a5f24450-a64c-4649-ab9a-0ec82ad203f5" />
      <TestMethod codeBase="/Users/ken/code/AppInfraCdkV1/AppInfraCdkV1.Tests/bin/Debug/net8.0/AppInfraCdkV1.Tests.dll" adapterTypeName="executor://xunit/VsTestRunner2/netcoreapp" className="AppInfraCdkV1.Tests.Unit.ConfigurationLoaderTests" name="GetConfig_WithProductionEnvironment_ShouldSupportCognitoDeployment" />
    </UnitTest>
    <UnitTest name="AppInfraCdkV1.Tests.Unit.DeploymentContextTests.EnvironmentPropertySetterAssignsValue" storage="/users/ken/code/appinfracdkv1/appinfracdkv1.tests/bin/debug/net8.0/appinfracdkv1.tests.dll" id="4bfc2f27-f671-28e1-e80d-aed397b42d89">
      <Execution id="4742d4b8-3e19-4d34-8cff-6c31629aa0e3" />
      <TestMethod codeBase="/Users/ken/code/AppInfraCdkV1/AppInfraCdkV1.Tests/bin/Debug/net8.0/AppInfraCdkV1.Tests.dll" adapterTypeName="executor://xunit/VsTestRunner2/netcoreapp" className="AppInfraCdkV1.Tests.Unit.DeploymentContextTests" name="EnvironmentPropertySetterAssignsValue" />
    </UnitTest>
    <UnitTest name="AppInfraCdkV1.Tests.Unit.NamingConventionTests.GenerateResourceNameWithProductionEnvironmentReturnsCorrectFormat" storage="/users/ken/code/appinfracdkv1/appinfracdkv1.tests/bin/debug/net8.0/appinfracdkv1.tests.dll" id="98081ce8-0cf9-6dd4-5e03-6c3daac7879e">
      <Execution id="cc9b9ea8-6873-43fe-93fd-03972eb67e9e" />
      <TestMethod codeBase="/Users/ken/code/AppInfraCdkV1/AppInfraCdkV1.Tests/bin/Debug/net8.0/AppInfraCdkV1.Tests.dll" adapterTypeName="executor://xunit/VsTestRunner2/netcoreapp" className="AppInfraCdkV1.Tests.Unit.NamingConventionTests" name="GenerateResourceNameWithProductionEnvironmentReturnsCorrectFormat" />
    </UnitTest>
    <UnitTest name="AppInfraCdkV1.Tests.Integration.NamingValidationIntegrationTests.ValidateCognitoResourcePurpose_WithValidEnvironmentAndApp_ShouldHaveCorrectPurpose(environment: &quot;Production&quot;, application: &quot;TrialFinderV2&quot;)" storage="/users/ken/code/appinfracdkv1/appinfracdkv1.tests/bin/debug/net8.0/appinfracdkv1.tests.dll" id="0af66935-b2ab-72fc-e2c7-eede6d8e757c">
      <Execution id="bfa9a18d-54ac-4398-8c00-a3fae815c7b8" />
      <TestMethod codeBase="/Users/ken/code/AppInfraCdkV1/AppInfraCdkV1.Tests/bin/Debug/net8.0/AppInfraCdkV1.Tests.dll" adapterTypeName="executor://xunit/VsTestRunner2/netcoreapp" className="AppInfraCdkV1.Tests.Integration.NamingValidationIntegrationTests" name="ValidateCognitoResourcePurpose_WithValidEnvironmentAndApp_ShouldHaveCorrectPurpose" />
    </UnitTest>
    <UnitTest name="AppInfraCdkV1.Tests.Unit.ConfigurationLoaderTests.ValidateConfiguration_WithMissingTaskDefinitionName_ShouldThrow" storage="/users/ken/code/appinfracdkv1/appinfracdkv1.tests/bin/debug/net8.0/appinfracdkv1.tests.dll" id="56eaa9d2-85dc-f84e-7f69-850d6c9f438a">
      <Execution id="bac45024-ba95-4fd8-bf37-30d6ba7739c4" />
      <TestMethod codeBase="/Users/ken/code/AppInfraCdkV1/AppInfraCdkV1.Tests/bin/Debug/net8.0/AppInfraCdkV1.Tests.dll" adapterTypeName="executor://xunit/VsTestRunner2/netcoreapp" className="AppInfraCdkV1.Tests.Unit.ConfigurationLoaderTests" name="ValidateConfiguration_WithMissingTaskDefinitionName_ShouldThrow" />
    </UnitTest>
    <UnitTest name="AppInfraCdkV1.Tests.Unit.SecurityConfigTests.CertificateArn_ShouldAllowSetAndGet" storage="/users/ken/code/appinfracdkv1/appinfracdkv1.tests/bin/debug/net8.0/appinfracdkv1.tests.dll" id="bb0cb526-10fc-2838-cb54-41a1114fb75f">
      <Execution id="84890cd0-3b59-47c7-9fb8-9c2b88418b48" />
      <TestMethod codeBase="/Users/ken/code/AppInfraCdkV1/AppInfraCdkV1.Tests/bin/Debug/net8.0/AppInfraCdkV1.Tests.dll" adapterTypeName="executor://xunit/VsTestRunner2/netcoreapp" className="AppInfraCdkV1.Tests.Unit.SecurityConfigTests" name="CertificateArn_ShouldAllowSetAndGet" />
    </UnitTest>
    <UnitTest name="AppInfraCdkV1.Tests.Unit.TrialMatchConfigTests.GetConfigWithDevelopmentConfiguresMultiEnvironmentCorrectly" storage="/users/ken/code/appinfracdkv1/appinfracdkv1.tests/bin/debug/net8.0/appinfracdkv1.tests.dll" id="75cec38b-c20e-2c0a-c5df-4fe009633be6">
      <Execution id="cd493631-5d71-4348-a8af-b3b6c4b49cf4" />
      <TestMethod codeBase="/Users/ken/code/AppInfraCdkV1/AppInfraCdkV1.Tests/bin/Debug/net8.0/AppInfraCdkV1.Tests.dll" adapterTypeName="executor://xunit/VsTestRunner2/netcoreapp" className="AppInfraCdkV1.Tests.Unit.TrialMatchConfigTests" name="GetConfigWithDevelopmentConfiguresMultiEnvironmentCorrectly" />
    </UnitTest>
    <UnitTest name="AppInfraCdkV1.Tests.Unit.EnvironmentConfigTests.EnvironmentConfig_ShouldAcceptVariousValidValues(name: &quot;Staging&quot;, accountId: &quot;555666777888&quot;, region: &quot;us-east-2&quot;, accountType: Production)" storage="/users/ken/code/appinfracdkv1/appinfracdkv1.tests/bin/debug/net8.0/appinfracdkv1.tests.dll" id="263276bf-d01d-53a8-8c21-0dc08e7a3fe9">
      <Execution id="32782dff-628f-4106-b6f1-db8c7959838e" />
      <TestMethod codeBase="/Users/ken/code/AppInfraCdkV1/AppInfraCdkV1.Tests/bin/Debug/net8.0/AppInfraCdkV1.Tests.dll" adapterTypeName="executor://xunit/VsTestRunner2/netcoreapp" className="AppInfraCdkV1.Tests.Unit.EnvironmentConfigTests" name="EnvironmentConfig_ShouldAcceptVariousValidValues" />
    </UnitTest>
    <UnitTest name="AppInfraCdkV1.Tests.Unit.NamingConventionTests.GetRegionCodeWithValidRegionReturnsCorrectCode(region: &quot;us-east-1&quot;, expectedCode: &quot;ue1&quot;)" storage="/users/ken/code/appinfracdkv1/appinfracdkv1.tests/bin/debug/net8.0/appinfracdkv1.tests.dll" id="589d78b9-d2a6-037d-8127-89ed661fed16">
      <Execution id="4b351e2c-2f57-4936-a358-d8fb5b1c8e09" />
      <TestMethod codeBase="/Users/ken/code/AppInfraCdkV1/AppInfraCdkV1.Tests/bin/Debug/net8.0/AppInfraCdkV1.Tests.dll" adapterTypeName="executor://xunit/VsTestRunner2/netcoreapp" className="AppInfraCdkV1.Tests.Unit.NamingConventionTests" name="GetRegionCodeWithValidRegionReturnsCorrectCode" />
    </UnitTest>
    <UnitTest name="AppInfraCdkV1.Tests.Unit.EnvironmentConfigTests.EnvironmentConfig_ShouldAcceptVariousValidValues(name: &quot;Production&quot;, accountId: &quot;987654321098&quot;, region: &quot;us-west-2&quot;, accountType: Production)" storage="/users/ken/code/appinfracdkv1/appinfracdkv1.tests/bin/debug/net8.0/appinfracdkv1.tests.dll" id="2d971e6e-1141-7539-a4ee-cea8b750ba0f">
      <Execution id="f078b52a-ac33-48da-8745-cd22e9591270" />
      <TestMethod codeBase="/Users/ken/code/AppInfraCdkV1/AppInfraCdkV1.Tests/bin/Debug/net8.0/AppInfraCdkV1.Tests.dll" adapterTypeName="executor://xunit/VsTestRunner2/netcoreapp" className="AppInfraCdkV1.Tests.Unit.EnvironmentConfigTests" name="EnvironmentConfig_ShouldAcceptVariousValidValues" />
    </UnitTest>
    <UnitTest name="AppInfraCdkV1.Tests.Unit.ConfigurationLoaderTests.ValidateConfiguration_WithMissingProtocol_ShouldThrow" storage="/users/ken/code/appinfracdkv1/appinfracdkv1.tests/bin/debug/net8.0/appinfracdkv1.tests.dll" id="3da11b83-b9e5-5ce4-7a37-ba8584ee11eb">
      <Execution id="f6b952fb-ef3e-4edc-83a4-ad8d0905bc59" />
      <TestMethod codeBase="/Users/ken/code/AppInfraCdkV1/AppInfraCdkV1.Tests/bin/Debug/net8.0/AppInfraCdkV1.Tests.dll" adapterTypeName="executor://xunit/VsTestRunner2/netcoreapp" className="AppInfraCdkV1.Tests.Unit.ConfigurationLoaderTests" name="ValidateConfiguration_WithMissingProtocol_ShouldThrow" />
    </UnitTest>
    <UnitTest name="AppInfraCdkV1.Tests.Unit.ResourceNamerTests.SecurityGroupForAlb_WithPurpose_ShouldGenerateCorrectName" storage="/users/ken/code/appinfracdkv1/appinfracdkv1.tests/bin/debug/net8.0/appinfracdkv1.tests.dll" id="b2a3552e-409e-d69f-c9bc-f30c9804bee9">
      <Execution id="9b3a34c2-20fe-4619-a8ee-668acde4087a" />
      <TestMethod codeBase="/Users/ken/code/AppInfraCdkV1/AppInfraCdkV1.Tests/bin/Debug/net8.0/AppInfraCdkV1.Tests.dll" adapterTypeName="executor://xunit/VsTestRunner2/netcoreapp" className="AppInfraCdkV1.Tests.Unit.ResourceNamerTests" name="SecurityGroupForAlb_WithPurpose_ShouldGenerateCorrectName" />
    </UnitTest>
    <UnitTest name="AppInfraCdkV1.Tests.Unit.TrialMatchConfigTests.GetConfigEnvironmentOverridesConfiguresEnhancedMonitoring(environment: &quot;Integration&quot;, expectedAccountType: NonProduction, expectedMonitoring: False)" storage="/users/ken/code/appinfracdkv1/appinfracdkv1.tests/bin/debug/net8.0/appinfracdkv1.tests.dll" id="b5cc78bf-b9be-b00b-a2ab-6b7d7eba6579">
      <Execution id="2f15dcc8-3704-4881-9a53-eadb84aa5e0e" />
      <TestMethod codeBase="/Users/ken/code/AppInfraCdkV1/AppInfraCdkV1.Tests/bin/Debug/net8.0/AppInfraCdkV1.Tests.dll" adapterTypeName="executor://xunit/VsTestRunner2/netcoreapp" className="AppInfraCdkV1.Tests.Unit.TrialMatchConfigTests" name="GetConfigEnvironmentOverridesConfiguresEnhancedMonitoring" />
    </UnitTest>
    <UnitTest name="AppInfraCdkV1.Tests.Unit.SecurityConfigTests.EnableWaf_ShouldAllowSetAndGet(enableWaf: False)" storage="/users/ken/code/appinfracdkv1/appinfracdkv1.tests/bin/debug/net8.0/appinfracdkv1.tests.dll" id="7bfa861d-0e3f-991f-caa1-9c00c5c4d6f9">
      <Execution id="aeea43fb-ccb8-4484-a045-66f61cfe308e" />
      <TestMethod codeBase="/Users/ken/code/AppInfraCdkV1/AppInfraCdkV1.Tests/bin/Debug/net8.0/AppInfraCdkV1.Tests.dll" adapterTypeName="executor://xunit/VsTestRunner2/netcoreapp" className="AppInfraCdkV1.Tests.Unit.SecurityConfigTests" name="EnableWaf_ShouldAllowSetAndGet" />
    </UnitTest>
    <UnitTest name="AppInfraCdkV1.Tests.Unit.SecurityConfigTests.AllowedCidrBlocks_ShouldAllowModification" storage="/users/ken/code/appinfracdkv1/appinfracdkv1.tests/bin/debug/net8.0/appinfracdkv1.tests.dll" id="e9de91da-3da9-4419-930c-5abb3aa3ecf5">
      <Execution id="3162e49f-c664-4336-8868-b6fc19cb7d00" />
      <TestMethod codeBase="/Users/ken/code/AppInfraCdkV1/AppInfraCdkV1.Tests/bin/Debug/net8.0/AppInfraCdkV1.Tests.dll" adapterTypeName="executor://xunit/VsTestRunner2/netcoreapp" className="AppInfraCdkV1.Tests.Unit.SecurityConfigTests" name="AllowedCidrBlocks_ShouldAllowModification" />
    </UnitTest>
    <UnitTest name="AppInfraCdkV1.Tests.Unit.ResourceNamerTests.SecretsManager_WithPurpose_ShouldGenerateCorrectName" storage="/users/ken/code/appinfracdkv1/appinfracdkv1.tests/bin/debug/net8.0/appinfracdkv1.tests.dll" id="1862e1ab-3383-9182-1f1a-95d4733d9461">
      <Execution id="0811ed16-f912-474b-a20c-8b82519eac44" />
      <TestMethod codeBase="/Users/ken/code/AppInfraCdkV1/AppInfraCdkV1.Tests/bin/Debug/net8.0/AppInfraCdkV1.Tests.dll" adapterTypeName="executor://xunit/VsTestRunner2/netcoreapp" className="AppInfraCdkV1.Tests.Unit.ResourceNamerTests" name="SecretsManager_WithPurpose_ShouldGenerateCorrectName" />
    </UnitTest>
    <UnitTest name="AppInfraCdkV1.Tests.Unit.DeploymentContextTests.ValidateNamingContextWithValidCombinationsDoesNotThrow(environment: &quot;Production&quot;, application: &quot;TrialFinderV2&quot;, region: &quot;us-east-1&quot;)" storage="/users/ken/code/appinfracdkv1/appinfracdkv1.tests/bin/debug/net8.0/appinfracdkv1.tests.dll" id="7fb23c69-a8a5-aa03-86be-4550dc1cc406">
      <Execution id="5e029430-2268-4558-81cb-c6c5db3b88b7" />
      <TestMethod codeBase="/Users/ken/code/AppInfraCdkV1/AppInfraCdkV1.Tests/bin/Debug/net8.0/AppInfraCdkV1.Tests.dll" adapterTypeName="executor://xunit/VsTestRunner2/netcoreapp" className="AppInfraCdkV1.Tests.Unit.DeploymentContextTests" name="ValidateNamingContextWithValidCombinationsDoesNotThrow" />
    </UnitTest>
    <UnitTest name="AppInfraCdkV1.Tests.Unit.TrialFinderV2ConfigTests.GetConfigEnvironmentOverridesConfiguresBackupRetention" storage="/users/ken/code/appinfracdkv1/appinfracdkv1.tests/bin/debug/net8.0/appinfracdkv1.tests.dll" id="2b4f7022-a5e9-a94e-1ede-8031580a8bd9">
      <Execution id="3f6d1671-6395-4f4b-bdc7-843aaa1d1063" />
      <TestMethod codeBase="/Users/ken/code/AppInfraCdkV1/AppInfraCdkV1.Tests/bin/Debug/net8.0/AppInfraCdkV1.Tests.dll" adapterTypeName="executor://xunit/VsTestRunner2/netcoreapp" className="AppInfraCdkV1.Tests.Unit.TrialFinderV2ConfigTests" name="GetConfigEnvironmentOverridesConfiguresBackupRetention" />
    </UnitTest>
    <UnitTest name="AppInfraCdkV1.Tests.Unit.ResourceNamerTests.SecurityGroupForEcs_WithPurpose_ShouldGenerateCorrectName" storage="/users/ken/code/appinfracdkv1/appinfracdkv1.tests/bin/debug/net8.0/appinfracdkv1.tests.dll" id="af918255-b647-c312-ae13-b0545178490a">
      <Execution id="06d615a9-1744-4c40-8cc6-b76af7ae4467" />
      <TestMethod codeBase="/Users/ken/code/AppInfraCdkV1/AppInfraCdkV1.Tests/bin/Debug/net8.0/AppInfraCdkV1.Tests.dll" adapterTypeName="executor://xunit/VsTestRunner2/netcoreapp" className="AppInfraCdkV1.Tests.Unit.ResourceNamerTests" name="SecurityGroupForEcs_WithPurpose_ShouldGenerateCorrectName" />
    </UnitTest>
    <UnitTest name="AppInfraCdkV1.Tests.Integration.ShowNamesOnlyIntegrationTests.ShowNamesOnly_WithValidEnvironmentAndApp_ExecutesSuccessfully(environment: &quot;Development&quot;, application: &quot;TrialMatch&quot;)" storage="/users/ken/code/appinfracdkv1/appinfracdkv1.tests/bin/debug/net8.0/appinfracdkv1.tests.dll" id="ade9a49e-e23e-6689-cf4b-5c0ebb97ec9b">
      <Execution id="4ce9108c-aedf-451a-aa71-bcbc78e0f106" />
      <TestMethod codeBase="/Users/ken/code/AppInfraCdkV1/AppInfraCdkV1.Tests/bin/Debug/net8.0/AppInfraCdkV1.Tests.dll" adapterTypeName="executor://xunit/VsTestRunner2/netcoreapp" className="AppInfraCdkV1.Tests.Integration.ShowNamesOnlyIntegrationTests" name="ShowNamesOnly_WithValidEnvironmentAndApp_ExecutesSuccessfully" />
    </UnitTest>
    <UnitTest name="AppInfraCdkV1.Tests.Unit.ResourceNamerTests.NetworkLoadBalancer_WithPurpose_ShouldGenerateCorrectName" storage="/users/ken/code/appinfracdkv1/appinfracdkv1.tests/bin/debug/net8.0/appinfracdkv1.tests.dll" id="e94c94b3-1be0-332c-5d7b-32ac6173fee5">
      <Execution id="0c46091e-4084-4df3-83b5-fdf2adfd461c" />
      <TestMethod codeBase="/Users/ken/code/AppInfraCdkV1/AppInfraCdkV1.Tests/bin/Debug/net8.0/AppInfraCdkV1.Tests.dll" adapterTypeName="executor://xunit/VsTestRunner2/netcoreapp" className="AppInfraCdkV1.Tests.Unit.ResourceNamerTests" name="NetworkLoadBalancer_WithPurpose_ShouldGenerateCorrectName" />
    </UnitTest>
    <UnitTest name="AppInfraCdkV1.Tests.Unit.ResourceNamerTests.EcsCluster_WithCustomPurpose_ShouldGenerateCorrectName" storage="/users/ken/code/appinfracdkv1/appinfracdkv1.tests/bin/debug/net8.0/appinfracdkv1.tests.dll" id="66cceddd-38a4-e63d-66f0-149789fa8fb7">
      <Execution id="4b2f38d6-f608-418e-9168-7d7891b2a3c2" />
      <TestMethod codeBase="/Users/ken/code/AppInfraCdkV1/AppInfraCdkV1.Tests/bin/Debug/net8.0/AppInfraCdkV1.Tests.dll" adapterTypeName="executor://xunit/VsTestRunner2/netcoreapp" className="AppInfraCdkV1.Tests.Unit.ResourceNamerTests" name="EcsCluster_WithCustomPurpose_ShouldGenerateCorrectName" />
    </UnitTest>
    <UnitTest name="AppInfraCdkV1.Tests.Unit.ResourceNamerTests.Custom_WithResourceTypeAndPurpose_ShouldGenerateCorrectName" storage="/users/ken/code/appinfracdkv1/appinfracdkv1.tests/bin/debug/net8.0/appinfracdkv1.tests.dll" id="1bf363a5-6313-81c8-8b99-39abe181caeb">
      <Execution id="833426d6-7f0d-49ee-94cf-2fda24922af0" />
      <TestMethod codeBase="/Users/ken/code/AppInfraCdkV1/AppInfraCdkV1.Tests/bin/Debug/net8.0/AppInfraCdkV1.Tests.dll" adapterTypeName="executor://xunit/VsTestRunner2/netcoreapp" className="AppInfraCdkV1.Tests.Unit.ResourceNamerTests" name="Custom_WithResourceTypeAndPurpose_ShouldGenerateCorrectName" />
    </UnitTest>
    <UnitTest name="AppInfraCdkV1.Tests.Unit.NamingConventionTests.RegisterEnvironmentWithDuplicateEnvironmentThrowsInvalidOperationException" storage="/users/ken/code/appinfracdkv1/appinfracdkv1.tests/bin/debug/net8.0/appinfracdkv1.tests.dll" id="d18da01c-4b7d-b825-db96-868414c2e547">
      <Execution id="0ab7a6a4-42b7-4f2d-a169-9912dbcb5b3e" />
      <TestMethod codeBase="/Users/ken/code/AppInfraCdkV1/AppInfraCdkV1.Tests/bin/Debug/net8.0/AppInfraCdkV1.Tests.dll" adapterTypeName="executor://xunit/VsTestRunner2/netcoreapp" className="AppInfraCdkV1.Tests.Unit.NamingConventionTests" name="RegisterEnvironmentWithDuplicateEnvironmentThrowsInvalidOperationException" />
    </UnitTest>
    <UnitTest name="AppInfraCdkV1.Tests.Unit.TrialMatchConfigurationLoaderTests.ValidateConfiguration_WithPortExceedingMaxValue_ShouldThrow" storage="/users/ken/code/appinfracdkv1/appinfracdkv1.tests/bin/debug/net8.0/appinfracdkv1.tests.dll" id="3a7c713b-ac80-8a94-5df1-4d7e0fbad90e">
      <Execution id="94aed83b-f6b5-4a72-882e-ef61f145cf90" />
      <TestMethod codeBase="/Users/ken/code/AppInfraCdkV1/AppInfraCdkV1.Tests/bin/Debug/net8.0/AppInfraCdkV1.Tests.dll" adapterTypeName="executor://xunit/VsTestRunner2/netcoreapp" className="AppInfraCdkV1.Tests.Unit.TrialMatchConfigurationLoaderTests" name="ValidateConfiguration_WithPortExceedingMaxValue_ShouldThrow" />
    </UnitTest>
    <UnitTest name="AppInfraCdkV1.Tests.Unit.SecurityConfigTests.AllowedCidrBlocks_ShouldAllowSetAndGet" storage="/users/ken/code/appinfracdkv1/appinfracdkv1.tests/bin/debug/net8.0/appinfracdkv1.tests.dll" id="3a5f02bb-e377-963f-cb10-b64d86a9050d">
      <Execution id="d445cf6e-5270-415e-adc2-b508f0ffc373" />
      <TestMethod codeBase="/Users/ken/code/AppInfraCdkV1/AppInfraCdkV1.Tests/bin/Debug/net8.0/AppInfraCdkV1.Tests.dll" adapterTypeName="executor://xunit/VsTestRunner2/netcoreapp" className="AppInfraCdkV1.Tests.Unit.SecurityConfigTests" name="AllowedCidrBlocks_ShouldAllowSetAndGet" />
    </UnitTest>
    <UnitTest name="AppInfraCdkV1.Tests.Integration.NamingValidationIntegrationTests.GenerateResourceNames_WithValidEnvironmentAndApp_ShouldProduceCorrectNames(environment: &quot;Production&quot;, application: &quot;TrialFinderV2&quot;)" storage="/users/ken/code/appinfracdkv1/appinfracdkv1.tests/bin/debug/net8.0/appinfracdkv1.tests.dll" id="2796d8a9-eef3-faba-1b60-d74508f3bc2a">
      <Execution id="0ce152ae-440e-4c21-b1d4-f74133d13713" />
      <TestMethod codeBase="/Users/ken/code/AppInfraCdkV1/AppInfraCdkV1.Tests/bin/Debug/net8.0/AppInfraCdkV1.Tests.dll" adapterTypeName="executor://xunit/VsTestRunner2/netcoreapp" className="AppInfraCdkV1.Tests.Integration.NamingValidationIntegrationTests" name="GenerateResourceNames_WithValidEnvironmentAndApp_ShouldProduceCorrectNames" />
    </UnitTest>
    <UnitTest name="AppInfraCdkV1.Tests.Unit.ConfigurationModelsTests.TaskDefinitionConfig_WithMultipleContainers_ShouldHandleMultipleContainers" storage="/users/ken/code/appinfracdkv1/appinfracdkv1.tests/bin/debug/net8.0/appinfracdkv1.tests.dll" id="57cd0d12-4a47-017c-53e0-7a767ffeb7e2">
      <Execution id="1bc4aec1-dfa0-4fe0-91ea-c412737d2743" />
      <TestMethod codeBase="/Users/ken/code/AppInfraCdkV1/AppInfraCdkV1.Tests/bin/Debug/net8.0/AppInfraCdkV1.Tests.dll" adapterTypeName="executor://xunit/VsTestRunner2/netcoreapp" className="AppInfraCdkV1.Tests.Unit.ConfigurationModelsTests" name="TaskDefinitionConfig_WithMultipleContainers_ShouldHandleMultipleContainers" />
    </UnitTest>
    <UnitTest name="AppInfraCdkV1.Tests.Integration.NamingValidationIntegrationTests.GenerateCognitoResourceNames_WithValidEnvironmentAndApp_ShouldFollowConventions(environment: &quot;Development&quot;, application: &quot;TrialFinderV2&quot;)" storage="/users/ken/code/appinfracdkv1/appinfracdkv1.tests/bin/debug/net8.0/appinfracdkv1.tests.dll" id="ea86ad74-b228-0552-482d-9c66a6024782">
      <Execution id="d5bcfe02-203e-4d4c-b527-3bfc064add5e" />
      <TestMethod codeBase="/Users/ken/code/AppInfraCdkV1/AppInfraCdkV1.Tests/bin/Debug/net8.0/AppInfraCdkV1.Tests.dll" adapterTypeName="executor://xunit/VsTestRunner2/netcoreapp" className="AppInfraCdkV1.Tests.Integration.NamingValidationIntegrationTests" name="GenerateCognitoResourceNames_WithValidEnvironmentAndApp_ShouldFollowConventions" />
    </UnitTest>
    <UnitTest name="AppInfraCdkV1.Tests.Unit.SecurityConfigTests.GetSecurityConfigForAccountType_ShouldReturnNewInstanceEachTime" storage="/users/ken/code/appinfracdkv1/appinfracdkv1.tests/bin/debug/net8.0/appinfracdkv1.tests.dll" id="a7c7e835-94a6-a223-3874-f54b7b5943e0">
      <Execution id="d45477cc-9efa-49f1-be50-6b413104e555" />
      <TestMethod codeBase="/Users/ken/code/AppInfraCdkV1/AppInfraCdkV1.Tests/bin/Debug/net8.0/AppInfraCdkV1.Tests.dll" adapterTypeName="executor://xunit/VsTestRunner2/netcoreapp" className="AppInfraCdkV1.Tests.Unit.SecurityConfigTests" name="GetSecurityConfigForAccountType_ShouldReturnNewInstanceEachTime" />
    </UnitTest>
    <UnitTest name="AppInfraCdkV1.Tests.Integration.NamingValidationIntegrationTests.GenerateResourceNames_WithValidEnvironmentAndApp_ShouldProduceCorrectNames(environment: &quot;Production&quot;, application: &quot;TrialMatch&quot;)" storage="/users/ken/code/appinfracdkv1/appinfracdkv1.tests/bin/debug/net8.0/appinfracdkv1.tests.dll" id="d318b249-3101-692f-3a89-12f2a1ee5d63">
      <Execution id="3fa80bcd-3ee7-468e-8752-8ff3746e05f3" />
      <TestMethod codeBase="/Users/ken/code/AppInfraCdkV1/AppInfraCdkV1.Tests/bin/Debug/net8.0/AppInfraCdkV1.Tests.dll" adapterTypeName="executor://xunit/VsTestRunner2/netcoreapp" className="AppInfraCdkV1.Tests.Integration.NamingValidationIntegrationTests" name="GenerateResourceNames_WithValidEnvironmentAndApp_ShouldProduceCorrectNames" />
    </UnitTest>
    <UnitTest name="AppInfraCdkV1.Tests.Unit.EnvironmentConfigTests.Name_ShouldAllowSetAndGet" storage="/users/ken/code/appinfracdkv1/appinfracdkv1.tests/bin/debug/net8.0/appinfracdkv1.tests.dll" id="d2754fc5-e1ad-97df-5360-703b4518ff08">
      <Execution id="6da6abfb-2edc-4b29-b22b-dde4c2de6ca9" />
      <TestMethod codeBase="/Users/ken/code/AppInfraCdkV1/AppInfraCdkV1.Tests/bin/Debug/net8.0/AppInfraCdkV1.Tests.dll" adapterTypeName="executor://xunit/VsTestRunner2/netcoreapp" className="AppInfraCdkV1.Tests.Unit.EnvironmentConfigTests" name="Name_ShouldAllowSetAndGet" />
    </UnitTest>
    <UnitTest name="AppInfraCdkV1.Tests.Unit.DeploymentContextTests.ValidateNamingContextWithInvalidEnvironmentThrowsInvalidOperationException" storage="/users/ken/code/appinfracdkv1/appinfracdkv1.tests/bin/debug/net8.0/appinfracdkv1.tests.dll" id="74262a95-9e47-7cb8-da3f-d7f71d22b6d8">
      <Execution id="924b9c0d-4e47-403b-9459-0f03df383271" />
      <TestMethod codeBase="/Users/ken/code/AppInfraCdkV1/AppInfraCdkV1.Tests/bin/Debug/net8.0/AppInfraCdkV1.Tests.dll" adapterTypeName="executor://xunit/VsTestRunner2/netcoreapp" className="AppInfraCdkV1.Tests.Unit.DeploymentContextTests" name="ValidateNamingContextWithInvalidEnvironmentThrowsInvalidOperationException" />
    </UnitTest>
    <UnitTest name="AppInfraCdkV1.Tests.Unit.ResourceNamerTests.ElastiCache_WithPurpose_ShouldGenerateCorrectName(purpose: Session, expectedString: &quot;session&quot;)" storage="/users/ken/code/appinfracdkv1/appinfracdkv1.tests/bin/debug/net8.0/appinfracdkv1.tests.dll" id="a08d4a5e-25b8-725c-18ab-5ba364015c78">
      <Execution id="cb6960ad-904a-4ceb-9eba-07ec4f5f28ea" />
      <TestMethod codeBase="/Users/ken/code/AppInfraCdkV1/AppInfraCdkV1.Tests/bin/Debug/net8.0/AppInfraCdkV1.Tests.dll" adapterTypeName="executor://xunit/VsTestRunner2/netcoreapp" className="AppInfraCdkV1.Tests.Unit.ResourceNamerTests" name="ElastiCache_WithPurpose_ShouldGenerateCorrectName" />
    </UnitTest>
    <UnitTest name="AppInfraCdkV1.Tests.Unit.ConfigurationModelsTests.ContainerDefinitionConfig_WithSecrets_ShouldIncludeSecrets" storage="/users/ken/code/appinfracdkv1/appinfracdkv1.tests/bin/debug/net8.0/appinfracdkv1.tests.dll" id="3c9e2f51-8069-cc3f-5a2c-7d91d489efb8">
      <Execution id="e8f0864c-f86d-418e-9aa7-3d9526763db0" />
      <TestMethod codeBase="/Users/ken/code/AppInfraCdkV1/AppInfraCdkV1.Tests/bin/Debug/net8.0/AppInfraCdkV1.Tests.dll" adapterTypeName="executor://xunit/VsTestRunner2/netcoreapp" className="AppInfraCdkV1.Tests.Unit.ConfigurationModelsTests" name="ContainerDefinitionConfig_WithSecrets_ShouldIncludeSecrets" />
    </UnitTest>
    <UnitTest name="AppInfraCdkV1.Tests.Integration.ShowNamesOnlyIntegrationTests.ShowNamesOnly_WithValidEnvironmentAndApp_PassesValidation(environment: &quot;Production&quot;, application: &quot;TrialMatch&quot;)" storage="/users/ken/code/appinfracdkv1/appinfracdkv1.tests/bin/debug/net8.0/appinfracdkv1.tests.dll" id="cd9f0547-96e5-3fc9-a953-9a41f4239b7e">
      <Execution id="94c96e30-cbdc-42b9-9373-af80d74cd726" />
      <TestMethod codeBase="/Users/ken/code/AppInfraCdkV1/AppInfraCdkV1.Tests/bin/Debug/net8.0/AppInfraCdkV1.Tests.dll" adapterTypeName="executor://xunit/VsTestRunner2/netcoreapp" className="AppInfraCdkV1.Tests.Integration.ShowNamesOnlyIntegrationTests" name="ShowNamesOnly_WithValidEnvironmentAndApp_PassesValidation" />
    </UnitTest>
    <UnitTest name="AppInfraCdkV1.Tests.Integration.NamingValidationIntegrationTests.GenerateLogGroupNames_WithValidEnvironmentAndApp_ShouldFollowAwsConventions(environment: &quot;Production&quot;, application: &quot;TrialMatch&quot;)" storage="/users/ken/code/appinfracdkv1/appinfracdkv1.tests/bin/debug/net8.0/appinfracdkv1.tests.dll" id="50d17cb8-9512-6be0-63b0-c3033c5be1ac">
      <Execution id="0ea9f698-80a8-48ff-818b-7b96023446b6" />
      <TestMethod codeBase="/Users/ken/code/AppInfraCdkV1/AppInfraCdkV1.Tests/bin/Debug/net8.0/AppInfraCdkV1.Tests.dll" adapterTypeName="executor://xunit/VsTestRunner2/netcoreapp" className="AppInfraCdkV1.Tests.Integration.NamingValidationIntegrationTests" name="GenerateLogGroupNames_WithValidEnvironmentAndApp_ShouldFollowAwsConventions" />
    </UnitTest>
    <UnitTest name="AppInfraCdkV1.Tests.Unit.TrialFinderEcrRepositoryTests.ConfigurationLoader_ShouldLoadRepositoryConfiguration" storage="/users/ken/code/appinfracdkv1/appinfracdkv1.tests/bin/debug/net8.0/appinfracdkv1.tests.dll" id="1ce7fe40-9607-a56a-c81f-2343ee4ccac8">
      <Execution id="7e322518-80bc-42f9-8a05-ae79dea2178d" />
      <TestMethod codeBase="/Users/ken/code/AppInfraCdkV1/AppInfraCdkV1.Tests/bin/Debug/net8.0/AppInfraCdkV1.Tests.dll" adapterTypeName="executor://xunit/VsTestRunner2/netcoreapp" className="AppInfraCdkV1.Tests.Unit.TrialFinderEcrRepositoryTests" name="ConfigurationLoader_ShouldLoadRepositoryConfiguration" />
    </UnitTest>
    <UnitTest name="AppInfraCdkV1.Tests.Unit.TrialFinderV2ConfigTests.GetConfigWithProductionEnvironmentReturnsProductionConfig(environment: &quot;Production&quot;)" storage="/users/ken/code/appinfracdkv1/appinfracdkv1.tests/bin/debug/net8.0/appinfracdkv1.tests.dll" id="65c35f0e-940e-e858-fdae-4853db06d2c0">
      <Execution id="73025290-a046-41ff-8791-58bb702c7d30" />
      <TestMethod codeBase="/Users/ken/code/AppInfraCdkV1/AppInfraCdkV1.Tests/bin/Debug/net8.0/AppInfraCdkV1.Tests.dll" adapterTypeName="executor://xunit/VsTestRunner2/netcoreapp" className="AppInfraCdkV1.Tests.Unit.TrialFinderV2ConfigTests" name="GetConfigWithProductionEnvironmentReturnsProductionConfig" />
    </UnitTest>
    <UnitTest name="AppInfraCdkV1.Tests.Unit.ConfigurationModelsTests.HealthCheckBuilder_GetStandardHealthCheck_ShouldApplyDefaultValues" storage="/users/ken/code/appinfracdkv1/appinfracdkv1.tests/bin/debug/net8.0/appinfracdkv1.tests.dll" id="0c8bb2f3-624c-739a-858c-3aa62ff71eee">
      <Execution id="d6c0fa74-19a4-4362-bef2-e164b4123ce1" />
      <TestMethod codeBase="/Users/ken/code/AppInfraCdkV1/AppInfraCdkV1.Tests/bin/Debug/net8.0/AppInfraCdkV1.Tests.dll" adapterTypeName="executor://xunit/VsTestRunner2/netcoreapp" className="AppInfraCdkV1.Tests.Unit.ConfigurationModelsTests" name="HealthCheckBuilder_GetStandardHealthCheck_ShouldApplyDefaultValues" />
    </UnitTest>
    <UnitTest name="AppInfraCdkV1.Tests.Integration.NamingValidationIntegrationTests.ValidateMultiEnvironmentSetup_WithValidEnvironment_ShouldDetectCorrectContext(environment: &quot;Development&quot;, application: &quot;TrialFinderV2&quot;)" storage="/users/ken/code/appinfracdkv1/appinfracdkv1.tests/bin/debug/net8.0/appinfracdkv1.tests.dll" id="c8e42e47-c2f6-4806-521c-3f755fc89f48">
      <Execution id="44cbf788-dc86-4261-a994-0f54df85c8fa" />
      <TestMethod codeBase="/Users/ken/code/AppInfraCdkV1/AppInfraCdkV1.Tests/bin/Debug/net8.0/AppInfraCdkV1.Tests.dll" adapterTypeName="executor://xunit/VsTestRunner2/netcoreapp" className="AppInfraCdkV1.Tests.Integration.NamingValidationIntegrationTests" name="ValidateMultiEnvironmentSetup_WithValidEnvironment_ShouldDetectCorrectContext" />
    </UnitTest>
    <UnitTest name="AppInfraCdkV1.Tests.Unit.EnvironmentConfigTests.EnvironmentConfig_ShouldHandleNullTagsAssignment" storage="/users/ken/code/appinfracdkv1/appinfracdkv1.tests/bin/debug/net8.0/appinfracdkv1.tests.dll" id="402ee0a5-87d1-572f-f418-e32d6a57200b">
      <Execution id="367edbe2-a5cf-4a08-a1eb-d0a7c4d893d1" />
      <TestMethod codeBase="/Users/ken/code/AppInfraCdkV1/AppInfraCdkV1.Tests/bin/Debug/net8.0/AppInfraCdkV1.Tests.dll" adapterTypeName="executor://xunit/VsTestRunner2/netcoreapp" className="AppInfraCdkV1.Tests.Unit.EnvironmentConfigTests" name="EnvironmentConfig_ShouldHandleNullTagsAssignment" />
    </UnitTest>
    <UnitTest name="AppInfraCdkV1.Tests.Unit.ResourceSizingTests.GetSizingForEnvironment_WithProductionAccountType_ShouldReturnProductionSizing(accountType: Production)" storage="/users/ken/code/appinfracdkv1/appinfracdkv1.tests/bin/debug/net8.0/appinfracdkv1.tests.dll" id="62cf86a1-77b2-e5ba-f6aa-085c0cd2dd1c">
      <Execution id="7d6a8d03-1531-4df1-89c5-e83d3c1279eb" />
      <TestMethod codeBase="/Users/ken/code/AppInfraCdkV1/AppInfraCdkV1.Tests/bin/Debug/net8.0/AppInfraCdkV1.Tests.dll" adapterTypeName="executor://xunit/VsTestRunner2/netcoreapp" className="AppInfraCdkV1.Tests.Unit.ResourceSizingTests" name="GetSizingForEnvironment_WithProductionAccountType_ShouldReturnProductionSizing" />
    </UnitTest>
    <UnitTest name="AppInfraCdkV1.Tests.Integration.NamingValidationIntegrationTests.ValidateMultiEnvironmentSetup_WithValidEnvironment_ShouldDetectCorrectContext(environment: &quot;Production&quot;, application: &quot;TrialFinderV2&quot;)" storage="/users/ken/code/appinfracdkv1/appinfracdkv1.tests/bin/debug/net8.0/appinfracdkv1.tests.dll" id="48ee271c-d0f3-79bf-5620-2be0c1d98479">
      <Execution id="f271b93a-9355-460d-96cd-13e142e05e67" />
      <TestMethod codeBase="/Users/ken/code/AppInfraCdkV1/AppInfraCdkV1.Tests/bin/Debug/net8.0/AppInfraCdkV1.Tests.dll" adapterTypeName="executor://xunit/VsTestRunner2/netcoreapp" className="AppInfraCdkV1.Tests.Integration.NamingValidationIntegrationTests" name="ValidateMultiEnvironmentSetup_WithValidEnvironment_ShouldDetectCorrectContext" />
    </UnitTest>
    <UnitTest name="AppInfraCdkV1.Tests.Unit.DeploymentContextTests.ValidateNamingContextWithValidCombinationsDoesNotThrow(environment: &quot;Development&quot;, application: &quot;TrialFinderV2&quot;, region: &quot;us-east-2&quot;)" storage="/users/ken/code/appinfracdkv1/appinfracdkv1.tests/bin/debug/net8.0/appinfracdkv1.tests.dll" id="f8b8bc45-b5ae-51b0-5b25-a5448e160cd6">
      <Execution id="19386edd-f42e-4803-9548-12043c982d60" />
      <TestMethod codeBase="/Users/ken/code/AppInfraCdkV1/AppInfraCdkV1.Tests/bin/Debug/net8.0/AppInfraCdkV1.Tests.dll" adapterTypeName="executor://xunit/VsTestRunner2/netcoreapp" className="AppInfraCdkV1.Tests.Unit.DeploymentContextTests" name="ValidateNamingContextWithValidCombinationsDoesNotThrow" />
    </UnitTest>
    <UnitTest name="AppInfraCdkV1.Tests.Unit.ConfigurationModelsTests.ContainerDefinitionConfig_WithPortMappings_ShouldIncludePortMappings" storage="/users/ken/code/appinfracdkv1/appinfracdkv1.tests/bin/debug/net8.0/appinfracdkv1.tests.dll" id="ad3ddcac-61d4-3d1a-5ba7-0e2a68569afa">
      <Execution id="a0540f1c-891b-464f-9ba9-cec8207de73c" />
      <TestMethod codeBase="/Users/ken/code/AppInfraCdkV1/AppInfraCdkV1.Tests/bin/Debug/net8.0/AppInfraCdkV1.Tests.dll" adapterTypeName="executor://xunit/VsTestRunner2/netcoreapp" className="AppInfraCdkV1.Tests.Unit.ConfigurationModelsTests" name="ContainerDefinitionConfig_WithPortMappings_ShouldIncludePortMappings" />
    </UnitTest>
    <UnitTest name="AppInfraCdkV1.Tests.Unit.SecurityConfigTests.Constructor_ShouldInitializeWithDefaultValues" storage="/users/ken/code/appinfracdkv1/appinfracdkv1.tests/bin/debug/net8.0/appinfracdkv1.tests.dll" id="206cf464-647e-ae84-7afb-8ff6fa1cd82e">
      <Execution id="1fabbda4-ce5c-4c6b-809e-e373f417c715" />
      <TestMethod codeBase="/Users/ken/code/AppInfraCdkV1/AppInfraCdkV1.Tests/bin/Debug/net8.0/AppInfraCdkV1.Tests.dll" adapterTypeName="executor://xunit/VsTestRunner2/netcoreapp" className="AppInfraCdkV1.Tests.Unit.SecurityConfigTests" name="Constructor_ShouldInitializeWithDefaultValues" />
    </UnitTest>
    <UnitTest name="AppInfraCdkV1.Tests.Unit.TrialMatchConfigurationLoaderTests.ValidateConfiguration_WithInvalidProtocol_ShouldThrow" storage="/users/ken/code/appinfracdkv1/appinfracdkv1.tests/bin/debug/net8.0/appinfracdkv1.tests.dll" id="60318b48-cc58-b1f1-7c6f-d0733743a554">
      <Execution id="bff76ea2-58c3-4f80-af3f-34c6a84198e9" />
      <TestMethod codeBase="/Users/ken/code/AppInfraCdkV1/AppInfraCdkV1.Tests/bin/Debug/net8.0/AppInfraCdkV1.Tests.dll" adapterTypeName="executor://xunit/VsTestRunner2/netcoreapp" className="AppInfraCdkV1.Tests.Unit.TrialMatchConfigurationLoaderTests" name="ValidateConfiguration_WithInvalidProtocol_ShouldThrow" />
    </UnitTest>
    <UnitTest name="AppInfraCdkV1.Tests.Integration.ShowNamesOnlyIntegrationTests.ShowNamesOnly_ForTrialFinderV2_ContainsTrialFinderSpecificResources(environment: &quot;Development&quot;, application: &quot;TrialFinderV2&quot;)" storage="/users/ken/code/appinfracdkv1/appinfracdkv1.tests/bin/debug/net8.0/appinfracdkv1.tests.dll" id="fba13e19-771d-552a-8eeb-394726a3ddb1">
      <Execution id="be006ba9-2a2e-4bea-9eed-b32b44decc72" />
      <TestMethod codeBase="/Users/ken/code/AppInfraCdkV1/AppInfraCdkV1.Tests/bin/Debug/net8.0/AppInfraCdkV1.Tests.dll" adapterTypeName="executor://xunit/VsTestRunner2/netcoreapp" className="AppInfraCdkV1.Tests.Integration.ShowNamesOnlyIntegrationTests" name="ShowNamesOnly_ForTrialFinderV2_ContainsTrialFinderSpecificResources" />
    </UnitTest>
    <UnitTest name="AppInfraCdkV1.Tests.Integration.ShowNamesOnlyIntegrationTests.ShowNamesOnly_WithValidEnvironmentAndApp_ContainsAccountContext(environment: &quot;Development&quot;, application: &quot;TrialFinderV2&quot;)" storage="/users/ken/code/appinfracdkv1/appinfracdkv1.tests/bin/debug/net8.0/appinfracdkv1.tests.dll" id="454340d9-e3c3-e56d-473d-e059b1d3a9ef">
      <Execution id="31e0094a-e612-48b3-bbb3-d1e37096661c" />
      <TestMethod codeBase="/Users/ken/code/AppInfraCdkV1/AppInfraCdkV1.Tests/bin/Debug/net8.0/AppInfraCdkV1.Tests.dll" adapterTypeName="executor://xunit/VsTestRunner2/netcoreapp" className="AppInfraCdkV1.Tests.Integration.ShowNamesOnlyIntegrationTests" name="ShowNamesOnly_WithValidEnvironmentAndApp_ContainsAccountContext" />
    </UnitTest>
    <UnitTest name="AppInfraCdkV1.Tests.Unit.ResourceNamerTests.SqsQueue_WithPurpose_ShouldGenerateCorrectName" storage="/users/ken/code/appinfracdkv1/appinfracdkv1.tests/bin/debug/net8.0/appinfracdkv1.tests.dll" id="45c60a14-5b7f-354d-7271-0f46d0e5819e">
      <Execution id="97ad8307-9464-411c-b20a-f9d45f8408bd" />
      <TestMethod codeBase="/Users/ken/code/AppInfraCdkV1/AppInfraCdkV1.Tests/bin/Debug/net8.0/AppInfraCdkV1.Tests.dll" adapterTypeName="executor://xunit/VsTestRunner2/netcoreapp" className="AppInfraCdkV1.Tests.Unit.ResourceNamerTests" name="SqsQueue_WithPurpose_ShouldGenerateCorrectName" />
    </UnitTest>
    <UnitTest name="AppInfraCdkV1.Tests.Unit.ResourceNamerTests.Constructor_WithNullContext_ShouldThrowArgumentNullException" storage="/users/ken/code/appinfracdkv1/appinfracdkv1.tests/bin/debug/net8.0/appinfracdkv1.tests.dll" id="5a096ea9-7528-77e6-25e0-7cae0f2ba908">
      <Execution id="7e389964-13ca-4eb1-9756-e7f03a1031ab" />
      <TestMethod codeBase="/Users/ken/code/AppInfraCdkV1/AppInfraCdkV1.Tests/bin/Debug/net8.0/AppInfraCdkV1.Tests.dll" adapterTypeName="executor://xunit/VsTestRunner2/netcoreapp" className="AppInfraCdkV1.Tests.Unit.ResourceNamerTests" name="Constructor_WithNullContext_ShouldThrowArgumentNullException" />
    </UnitTest>
    <UnitTest name="AppInfraCdkV1.Tests.Unit.ResourceNamerTests.IamRole_WithPurpose_ShouldGenerateCorrectNameAndPrintToConsole" storage="/users/ken/code/appinfracdkv1/appinfracdkv1.tests/bin/debug/net8.0/appinfracdkv1.tests.dll" id="6858eb63-5804-9396-1ad2-78381b617c72">
      <Execution id="33af8da9-8b96-409a-91d2-31042e88ad56" />
      <TestMethod codeBase="/Users/ken/code/AppInfraCdkV1/AppInfraCdkV1.Tests/bin/Debug/net8.0/AppInfraCdkV1.Tests.dll" adapterTypeName="executor://xunit/VsTestRunner2/netcoreapp" className="AppInfraCdkV1.Tests.Unit.ResourceNamerTests" name="IamRole_WithPurpose_ShouldGenerateCorrectNameAndPrintToConsole" />
    </UnitTest>
    <UnitTest name="AppInfraCdkV1.Tests.Unit.EnvironmentConfigTests.Constructor_ShouldInitializeWithDefaultValues" storage="/users/ken/code/appinfracdkv1/appinfracdkv1.tests/bin/debug/net8.0/appinfracdkv1.tests.dll" id="84fb2efc-c292-ced6-c97a-3ab7a77a072f">
      <Execution id="c29d44b1-3b11-4e96-9d60-a0f4f88fa541" />
      <TestMethod codeBase="/Users/ken/code/AppInfraCdkV1/AppInfraCdkV1.Tests/bin/Debug/net8.0/AppInfraCdkV1.Tests.dll" adapterTypeName="executor://xunit/VsTestRunner2/netcoreapp" className="AppInfraCdkV1.Tests.Unit.EnvironmentConfigTests" name="Constructor_ShouldInitializeWithDefaultValues" />
    </UnitTest>
    <UnitTest name="AppInfraCdkV1.Tests.Unit.EnvironmentConfigTests.ToAwsEnvironment_ShouldReturnCorrectCdkEnvironment" storage="/users/ken/code/appinfracdkv1/appinfracdkv1.tests/bin/debug/net8.0/appinfracdkv1.tests.dll" id="77ba3fd0-2f65-064d-333b-1f0fab113ce4">
      <Execution id="24afd801-e98c-4e9f-8026-5fd13a3ae639" />
      <TestMethod codeBase="/Users/ken/code/AppInfraCdkV1/AppInfraCdkV1.Tests/bin/Debug/net8.0/AppInfraCdkV1.Tests.dll" adapterTypeName="executor://xunit/VsTestRunner2/netcoreapp" className="AppInfraCdkV1.Tests.Unit.EnvironmentConfigTests" name="ToAwsEnvironment_ShouldReturnCorrectCdkEnvironment" />
    </UnitTest>
    <UnitTest name="AppInfraCdkV1.Tests.Unit.EnvironmentConfigTests.Tags_ShouldAllowModification" storage="/users/ken/code/appinfracdkv1/appinfracdkv1.tests/bin/debug/net8.0/appinfracdkv1.tests.dll" id="f636fd70-8b0c-af80-1b05-e9ac852ee44b">
      <Execution id="3550773f-80e6-44fb-b7a1-600f7d18f82f" />
      <TestMethod codeBase="/Users/ken/code/AppInfraCdkV1/AppInfraCdkV1.Tests/bin/Debug/net8.0/AppInfraCdkV1.Tests.dll" adapterTypeName="executor://xunit/VsTestRunner2/netcoreapp" className="AppInfraCdkV1.Tests.Unit.EnvironmentConfigTests" name="Tags_ShouldAllowModification" />
    </UnitTest>
    <UnitTest name="AppInfraCdkV1.Tests.Unit.TrialMatchConfigTests.GetConfigEnvironmentOverridesConfiguresEnhancedMonitoring(environment: &quot;Development&quot;, expectedAccountType: NonProduction, expectedMonitoring: False)" storage="/users/ken/code/appinfracdkv1/appinfracdkv1.tests/bin/debug/net8.0/appinfracdkv1.tests.dll" id="9044bee7-c48d-de00-9294-9d3883a510dd">
      <Execution id="49859057-a403-49b2-8bd1-03b9f43cb368" />
      <TestMethod codeBase="/Users/ken/code/AppInfraCdkV1/AppInfraCdkV1.Tests/bin/Debug/net8.0/AppInfraCdkV1.Tests.dll" adapterTypeName="executor://xunit/VsTestRunner2/netcoreapp" className="AppInfraCdkV1.Tests.Unit.TrialMatchConfigTests" name="GetConfigEnvironmentOverridesConfiguresEnhancedMonitoring" />
    </UnitTest>
    <UnitTest name="AppInfraCdkV1.Tests.Unit.EnvironmentConfigTests.GetAccountSiblingEnvironments_ShouldCallNamingConvention" storage="/users/ken/code/appinfracdkv1/appinfracdkv1.tests/bin/debug/net8.0/appinfracdkv1.tests.dll" id="2c066e57-11f3-e106-95c4-cea91f6b3c9d">
      <Execution id="549e7d65-5162-4c4b-95b1-140ac27e07c0" />
      <TestMethod codeBase="/Users/ken/code/AppInfraCdkV1/AppInfraCdkV1.Tests/bin/Debug/net8.0/AppInfraCdkV1.Tests.dll" adapterTypeName="executor://xunit/VsTestRunner2/netcoreapp" className="AppInfraCdkV1.Tests.Unit.EnvironmentConfigTests" name="GetAccountSiblingEnvironments_ShouldCallNamingConvention" />
    </UnitTest>
    <UnitTest name="AppInfraCdkV1.Tests.Integration.NamingValidationIntegrationTests.ValidateNamingConventions_WithValidEnvironmentAndApp_ShouldSucceed(environment: &quot;Production&quot;, application: &quot;TrialFinderV2&quot;)" storage="/users/ken/code/appinfracdkv1/appinfracdkv1.tests/bin/debug/net8.0/appinfracdkv1.tests.dll" id="38c38080-b550-349b-993c-3664be744fac">
      <Execution id="ffa9e9bb-8751-49b8-b796-1a0ebde716b1" />
      <TestMethod codeBase="/Users/ken/code/AppInfraCdkV1/AppInfraCdkV1.Tests/bin/Debug/net8.0/AppInfraCdkV1.Tests.dll" adapterTypeName="executor://xunit/VsTestRunner2/netcoreapp" className="AppInfraCdkV1.Tests.Integration.NamingValidationIntegrationTests" name="ValidateNamingConventions_WithValidEnvironmentAndApp_ShouldSucceed" />
    </UnitTest>
    <UnitTest name="AppInfraCdkV1.Tests.Integration.ShowNamesOnlyIntegrationTests.ShowNamesOnly_ForTrialFinderV2_ContainsTrialFinderSpecificResources(environment: &quot;Production&quot;, application: &quot;TrialFinderV2&quot;)" storage="/users/ken/code/appinfracdkv1/appinfracdkv1.tests/bin/debug/net8.0/appinfracdkv1.tests.dll" id="de3b71e6-36fa-acaf-e908-edbe3540305e">
      <Execution id="2be9963a-f85d-4527-8578-0634db1b3296" />
      <TestMethod codeBase="/Users/ken/code/AppInfraCdkV1/AppInfraCdkV1.Tests/bin/Debug/net8.0/AppInfraCdkV1.Tests.dll" adapterTypeName="executor://xunit/VsTestRunner2/netcoreapp" className="AppInfraCdkV1.Tests.Integration.ShowNamesOnlyIntegrationTests" name="ShowNamesOnly_ForTrialFinderV2_ContainsTrialFinderSpecificResources" />
    </UnitTest>
    <UnitTest name="AppInfraCdkV1.Tests.Integration.ShowNamesOnlyIntegrationTests.ShowNamesOnly_GeneratesCorrectNamingPrefix(environment: &quot;Production&quot;, application: &quot;TrialMatch&quot;, expectedPrefix: &quot;prod&quot;)" storage="/users/ken/code/appinfracdkv1/appinfracdkv1.tests/bin/debug/net8.0/appinfracdkv1.tests.dll" id="900d7cbb-b339-1632-4e7b-2609dc0d0b7d">
      <Execution id="a197f36a-53b8-4d52-91c0-20cfbe046871" />
      <TestMethod codeBase="/Users/ken/code/AppInfraCdkV1/AppInfraCdkV1.Tests/bin/Debug/net8.0/AppInfraCdkV1.Tests.dll" adapterTypeName="executor://xunit/VsTestRunner2/netcoreapp" className="AppInfraCdkV1.Tests.Integration.ShowNamesOnlyIntegrationTests" name="ShowNamesOnly_GeneratesCorrectNamingPrefix" />
    </UnitTest>
    <UnitTest name="AppInfraCdkV1.Tests.Unit.TrialMatchConfigurationLoaderTests.ValidateConfiguration_WithNullSecrets_ShouldNotThrow" storage="/users/ken/code/appinfracdkv1/appinfracdkv1.tests/bin/debug/net8.0/appinfracdkv1.tests.dll" id="4c9e5b11-2f51-cfc5-dbb3-086f145ee30e">
      <Execution id="c478b5bb-5686-4e97-8b50-b459b50a7fb6" />
      <TestMethod codeBase="/Users/ken/code/AppInfraCdkV1/AppInfraCdkV1.Tests/bin/Debug/net8.0/AppInfraCdkV1.Tests.dll" adapterTypeName="executor://xunit/VsTestRunner2/netcoreapp" className="AppInfraCdkV1.Tests.Unit.TrialMatchConfigurationLoaderTests" name="ValidateConfiguration_WithNullSecrets_ShouldNotThrow" />
    </UnitTest>
    <UnitTest name="AppInfraCdkV1.Tests.Unit.SecurityConfigTests.GetSecurityConfigForAccountType_WithProductionAccountType_ShouldReturnProductionConfig" storage="/users/ken/code/appinfracdkv1/appinfracdkv1.tests/bin/debug/net8.0/appinfracdkv1.tests.dll" id="7235959a-4616-f052-4985-0f0337a8cc59">
      <Execution id="6c6d7cda-8c6c-47f6-bca1-0409e8c5df42" />
      <TestMethod codeBase="/Users/ken/code/AppInfraCdkV1/AppInfraCdkV1.Tests/bin/Debug/net8.0/AppInfraCdkV1.Tests.dll" adapterTypeName="executor://xunit/VsTestRunner2/netcoreapp" className="AppInfraCdkV1.Tests.Unit.SecurityConfigTests" name="GetSecurityConfigForAccountType_WithProductionAccountType_ShouldReturnProductionConfig" />
    </UnitTest>
    <UnitTest name="AppInfraCdkV1.Tests.Unit.ConfigurationLoaderTests.ValidateConfiguration_WithSecrets_ShouldNotThrow" storage="/users/ken/code/appinfracdkv1/appinfracdkv1.tests/bin/debug/net8.0/appinfracdkv1.tests.dll" id="b79d3636-bfeb-ad69-d009-a91a1e67ffe1">
      <Execution id="81be2b73-22c9-4e86-a7a2-689204d0b8a0" />
      <TestMethod codeBase="/Users/ken/code/AppInfraCdkV1/AppInfraCdkV1.Tests/bin/Debug/net8.0/AppInfraCdkV1.Tests.dll" adapterTypeName="executor://xunit/VsTestRunner2/netcoreapp" className="AppInfraCdkV1.Tests.Unit.ConfigurationLoaderTests" name="ValidateConfiguration_WithSecrets_ShouldNotThrow" />
    </UnitTest>
    <UnitTest name="AppInfraCdkV1.Tests.Unit.TrialMatchConfigurationLoaderTests.ValidateConfiguration_WithInvalidPortMapping_ShouldThrow" storage="/users/ken/code/appinfracdkv1/appinfracdkv1.tests/bin/debug/net8.0/appinfracdkv1.tests.dll" id="dc74c56f-b7c8-34a1-f17f-007870d9857c">
      <Execution id="eb87bb08-43ee-43c2-9213-699024b36e62" />
      <TestMethod codeBase="/Users/ken/code/AppInfraCdkV1/AppInfraCdkV1.Tests/bin/Debug/net8.0/AppInfraCdkV1.Tests.dll" adapterTypeName="executor://xunit/VsTestRunner2/netcoreapp" className="AppInfraCdkV1.Tests.Unit.TrialMatchConfigurationLoaderTests" name="ValidateConfiguration_WithInvalidPortMapping_ShouldThrow" />
    </UnitTest>
    <UnitTest name="AppInfraCdkV1.Tests.Unit.ResourceNamerTests.LogGroup_WithServiceTypeAndPurpose_ShouldGenerateCorrectName" storage="/users/ken/code/appinfracdkv1/appinfracdkv1.tests/bin/debug/net8.0/appinfracdkv1.tests.dll" id="14232363-2d1a-2c87-2b86-2dc787c040a0">
      <Execution id="2893c188-6bae-4dfd-ad10-86a776c5db7d" />
      <TestMethod codeBase="/Users/ken/code/AppInfraCdkV1/AppInfraCdkV1.Tests/bin/Debug/net8.0/AppInfraCdkV1.Tests.dll" adapterTypeName="executor://xunit/VsTestRunner2/netcoreapp" className="AppInfraCdkV1.Tests.Unit.ResourceNamerTests" name="LogGroup_WithServiceTypeAndPurpose_ShouldGenerateCorrectName" />
    </UnitTest>
    <UnitTest name="AppInfraCdkV1.Tests.Unit.TrialMatchConfigTests.GetConfigWithStagingConfiguresProductionClassSettings" storage="/users/ken/code/appinfracdkv1/appinfracdkv1.tests/bin/debug/net8.0/appinfracdkv1.tests.dll" id="7fba6649-c381-010b-037f-f346e8022c8d">
      <Execution id="8e36ad11-8e17-4bad-ac05-11d5fb4f50c8" />
      <TestMethod codeBase="/Users/ken/code/AppInfraCdkV1/AppInfraCdkV1.Tests/bin/Debug/net8.0/AppInfraCdkV1.Tests.dll" adapterTypeName="executor://xunit/VsTestRunner2/netcoreapp" className="AppInfraCdkV1.Tests.Unit.TrialMatchConfigTests" name="GetConfigWithStagingConfiguresProductionClassSettings" />
    </UnitTest>
    <UnitTest name="AppInfraCdkV1.Tests.Unit.ConfigurationLoaderTests.ValidateConfiguration_WithEmptySecrets_ShouldNotThrow" storage="/users/ken/code/appinfracdkv1/appinfracdkv1.tests/bin/debug/net8.0/appinfracdkv1.tests.dll" id="0cf4d66e-472d-5d8d-7ed4-c8b76bfb0ed5">
      <Execution id="91200796-182a-415f-8c59-cff99fc76b98" />
      <TestMethod codeBase="/Users/ken/code/AppInfraCdkV1/AppInfraCdkV1.Tests/bin/Debug/net8.0/AppInfraCdkV1.Tests.dll" adapterTypeName="executor://xunit/VsTestRunner2/netcoreapp" className="AppInfraCdkV1.Tests.Unit.ConfigurationLoaderTests" name="ValidateConfiguration_WithEmptySecrets_ShouldNotThrow" />
    </UnitTest>
    <UnitTest name="AppInfraCdkV1.Tests.Integration.NamingValidationIntegrationTests.GenerateResourceNames_WithValidEnvironmentAndApp_ShouldProduceCorrectNames(environment: &quot;Development&quot;, application: &quot;TrialMatch&quot;)" storage="/users/ken/code/appinfracdkv1/appinfracdkv1.tests/bin/debug/net8.0/appinfracdkv1.tests.dll" id="9f56cca0-082c-7870-34ce-f3b95e2513b2">
      <Execution id="c71850ad-fa27-4a81-a3c1-68bbffaa46f6" />
      <TestMethod codeBase="/Users/ken/code/AppInfraCdkV1/AppInfraCdkV1.Tests/bin/Debug/net8.0/AppInfraCdkV1.Tests.dll" adapterTypeName="executor://xunit/VsTestRunner2/netcoreapp" className="AppInfraCdkV1.Tests.Integration.NamingValidationIntegrationTests" name="GenerateResourceNames_WithValidEnvironmentAndApp_ShouldProduceCorrectNames" />
    </UnitTest>
    <UnitTest name="AppInfraCdkV1.Tests.Unit.ResourceSizingTests.GetSizingForEnvironment_ShouldReturnDifferentInstancesForDifferentAccountTypes" storage="/users/ken/code/appinfracdkv1/appinfracdkv1.tests/bin/debug/net8.0/appinfracdkv1.tests.dll" id="65b927e8-217d-5930-a45f-c6fb30fffe55">
      <Execution id="080ef24f-3910-490e-84eb-a338063de8a9" />
      <TestMethod codeBase="/Users/ken/code/AppInfraCdkV1/AppInfraCdkV1.Tests/bin/Debug/net8.0/AppInfraCdkV1.Tests.dll" adapterTypeName="executor://xunit/VsTestRunner2/netcoreapp" className="AppInfraCdkV1.Tests.Unit.ResourceSizingTests" name="GetSizingForEnvironment_ShouldReturnDifferentInstancesForDifferentAccountTypes" />
    </UnitTest>
    <UnitTest name="AppInfraCdkV1.Tests.Unit.TrialFinderEcrImageTests.EcrImageUri_ShouldFollowCorrectFormat_WhenLatestImageExists" storage="/users/ken/code/appinfracdkv1/appinfracdkv1.tests/bin/debug/net8.0/appinfracdkv1.tests.dll" id="75c80a4d-b417-1625-7fdb-3e02871f7940">
      <Execution id="5e0a3557-ca3d-4df8-bd19-84c4327c6c0a" />
      <TestMethod codeBase="/Users/ken/code/AppInfraCdkV1/AppInfraCdkV1.Tests/bin/Debug/net8.0/AppInfraCdkV1.Tests.dll" adapterTypeName="executor://xunit/VsTestRunner2/netcoreapp" className="AppInfraCdkV1.Tests.Unit.TrialFinderEcrImageTests" name="EcrImageUri_ShouldFollowCorrectFormat_WhenLatestImageExists" />
    </UnitTest>
    <UnitTest name="AppInfraCdkV1.Tests.Integration.NamingValidationIntegrationTests.GenerateIamRoleNames_WithValidEnvironmentAndApp_ShouldFollowConventions(environment: &quot;Development&quot;, application: &quot;TrialFinderV2&quot;)" storage="/users/ken/code/appinfracdkv1/appinfracdkv1.tests/bin/debug/net8.0/appinfracdkv1.tests.dll" id="98285438-9029-fd47-319d-fd207276eb0f">
      <Execution id="a76120b6-2e80-4cc7-82b0-cec3dccd7141" />
      <TestMethod codeBase="/Users/ken/code/AppInfraCdkV1/AppInfraCdkV1.Tests/bin/Debug/net8.0/AppInfraCdkV1.Tests.dll" adapterTypeName="executor://xunit/VsTestRunner2/netcoreapp" className="AppInfraCdkV1.Tests.Integration.NamingValidationIntegrationTests" name="GenerateIamRoleNames_WithValidEnvironmentAndApp_ShouldFollowConventions" />
    </UnitTest>
    <UnitTest name="AppInfraCdkV1.Tests.Integration.ShowNamesOnlyIntegrationTests.ShowNamesOnly_WithValidEnvironmentAndApp_ContainsAccountContext(environment: &quot;Production&quot;, application: &quot;TrialFinderV2&quot;)" storage="/users/ken/code/appinfracdkv1/appinfracdkv1.tests/bin/debug/net8.0/appinfracdkv1.tests.dll" id="b4231fc7-6b5b-6da6-69c9-a8099c7f80a8">
      <Execution id="9c41d677-443f-42a1-bf29-32564050cb08" />
      <TestMethod codeBase="/Users/ken/code/AppInfraCdkV1/AppInfraCdkV1.Tests/bin/Debug/net8.0/AppInfraCdkV1.Tests.dll" adapterTypeName="executor://xunit/VsTestRunner2/netcoreapp" className="AppInfraCdkV1.Tests.Integration.ShowNamesOnlyIntegrationTests" name="ShowNamesOnly_WithValidEnvironmentAndApp_ContainsAccountContext" />
    </UnitTest>
    <UnitTest name="AppInfraCdkV1.Tests.Unit.DeploymentContextTests.ValidateNamingContextWithNullEnvironmentNameThrowsInvalidOperationException" storage="/users/ken/code/appinfracdkv1/appinfracdkv1.tests/bin/debug/net8.0/appinfracdkv1.tests.dll" id="7aef322d-ec15-9532-fc7f-72091b47da47">
      <Execution id="e8e3a919-9a96-410c-a4c7-6cdccc8d74e1" />
      <TestMethod codeBase="/Users/ken/code/AppInfraCdkV1/AppInfraCdkV1.Tests/bin/Debug/net8.0/AppInfraCdkV1.Tests.dll" adapterTypeName="executor://xunit/VsTestRunner2/netcoreapp" className="AppInfraCdkV1.Tests.Unit.DeploymentContextTests" name="ValidateNamingContextWithNullEnvironmentNameThrowsInvalidOperationException" />
    </UnitTest>
    <UnitTest name="AppInfraCdkV1.Tests.Unit.ConfigurationLoaderTests.ValidateConfiguration_WithValidConfig_ShouldNotThrow" storage="/users/ken/code/appinfracdkv1/appinfracdkv1.tests/bin/debug/net8.0/appinfracdkv1.tests.dll" id="a4c203ff-0bd2-270d-e5b7-d3b8c0c8583a">
      <Execution id="72c9f44c-4dee-4e97-9a71-0af9a6fa2892" />
      <TestMethod codeBase="/Users/ken/code/AppInfraCdkV1/AppInfraCdkV1.Tests/bin/Debug/net8.0/AppInfraCdkV1.Tests.dll" adapterTypeName="executor://xunit/VsTestRunner2/netcoreapp" className="AppInfraCdkV1.Tests.Unit.ConfigurationLoaderTests" name="ValidateConfiguration_WithValidConfig_ShouldNotThrow" />
    </UnitTest>
    <UnitTest name="AppInfraCdkV1.Tests.Unit.TrialFinderV2ConfigTests.GetConfigEnvironmentOverridesConfiguresEnhancedMonitoring(environment: &quot;Production&quot;, expectedAccountType: Production, expectedMonitoring: True)" storage="/users/ken/code/appinfracdkv1/appinfracdkv1.tests/bin/debug/net8.0/appinfracdkv1.tests.dll" id="cb858960-a987-c156-bdc1-757dac9aa521">
      <Execution id="2d3d8b9a-315f-4944-94b4-8960ffafacac" />
      <TestMethod codeBase="/Users/ken/code/AppInfraCdkV1/AppInfraCdkV1.Tests/bin/Debug/net8.0/AppInfraCdkV1.Tests.dll" adapterTypeName="executor://xunit/VsTestRunner2/netcoreapp" className="AppInfraCdkV1.Tests.Unit.TrialFinderV2ConfigTests" name="GetConfigEnvironmentOverridesConfiguresEnhancedMonitoring" />
    </UnitTest>
    <UnitTest name="AppInfraCdkV1.Tests.Unit.ConfigurationModelsTests.ServiceConfig_WithMultipleTaskDefinitions_ShouldHandleMultipleTaskDefinitions" storage="/users/ken/code/appinfracdkv1/appinfracdkv1.tests/bin/debug/net8.0/appinfracdkv1.tests.dll" id="9dd1772e-c9d3-9fb4-d30a-98b9c640e03b">
      <Execution id="8c0f4ee2-a76c-45ad-a0f0-1d4e733f4ca5" />
      <TestMethod codeBase="/Users/ken/code/AppInfraCdkV1/AppInfraCdkV1.Tests/bin/Debug/net8.0/AppInfraCdkV1.Tests.dll" adapterTypeName="executor://xunit/VsTestRunner2/netcoreapp" className="AppInfraCdkV1.Tests.Unit.ConfigurationModelsTests" name="ServiceConfig_WithMultipleTaskDefinitions_ShouldHandleMultipleTaskDefinitions" />
    </UnitTest>
    <UnitTest name="AppInfraCdkV1.Tests.Unit.TrialFinderEcrImageTests.EcrRepository_ShouldBeAccessible_ForImageChecking" storage="/users/ken/code/appinfracdkv1/appinfracdkv1.tests/bin/debug/net8.0/appinfracdkv1.tests.dll" id="e91af2b2-2c57-ad3c-fc36-5d5d4e055b36">
      <Execution id="91dad776-a72e-4d1e-ac26-df9caab82579" />
      <TestMethod codeBase="/Users/ken/code/AppInfraCdkV1/AppInfraCdkV1.Tests/bin/Debug/net8.0/AppInfraCdkV1.Tests.dll" adapterTypeName="executor://xunit/VsTestRunner2/netcoreapp" className="AppInfraCdkV1.Tests.Unit.TrialFinderEcrImageTests" name="EcrRepository_ShouldBeAccessible_ForImageChecking" />
    </UnitTest>
    <UnitTest name="AppInfraCdkV1.Tests.Integration.NamingValidationIntegrationTests.ValidateCognitoResourceUniqueness_WithValidEnvironmentAndApp_ShouldBeUnique(environment: &quot;Production&quot;, application: &quot;TrialFinderV2&quot;)" storage="/users/ken/code/appinfracdkv1/appinfracdkv1.tests/bin/debug/net8.0/appinfracdkv1.tests.dll" id="f08bf83b-de88-ed10-acb6-38e08f644d73">
      <Execution id="32af0387-c899-412d-807e-b2efb1e06985" />
      <TestMethod codeBase="/Users/ken/code/AppInfraCdkV1/AppInfraCdkV1.Tests/bin/Debug/net8.0/AppInfraCdkV1.Tests.dll" adapterTypeName="executor://xunit/VsTestRunner2/netcoreapp" className="AppInfraCdkV1.Tests.Integration.NamingValidationIntegrationTests" name="ValidateCognitoResourceUniqueness_WithValidEnvironmentAndApp_ShouldBeUnique" />
    </UnitTest>
    <UnitTest name="AppInfraCdkV1.Tests.Unit.DeploymentContextTests.ValidateNamingContextWithNullRegionThrowsInvalidOperationException" storage="/users/ken/code/appinfracdkv1/appinfracdkv1.tests/bin/debug/net8.0/appinfracdkv1.tests.dll" id="1ab9bf40-9adb-cf1e-6328-055735b9fd92">
      <Execution id="a8181a6f-31ce-4f71-963a-10e8dffbe8a7" />
      <TestMethod codeBase="/Users/ken/code/AppInfraCdkV1/AppInfraCdkV1.Tests/bin/Debug/net8.0/AppInfraCdkV1.Tests.dll" adapterTypeName="executor://xunit/VsTestRunner2/netcoreapp" className="AppInfraCdkV1.Tests.Unit.DeploymentContextTests" name="ValidateNamingContextWithNullRegionThrowsInvalidOperationException" />
    </UnitTest>
    <UnitTest name="AppInfraCdkV1.Tests.Unit.DeploymentContextTests.ValidateNamingContextWithInvalidApplicationThrowsInvalidOperationException" storage="/users/ken/code/appinfracdkv1/appinfracdkv1.tests/bin/debug/net8.0/appinfracdkv1.tests.dll" id="099124f7-b1f1-fa7e-52e4-9a8ae7721c93">
      <Execution id="46c5dc64-30a3-4027-900a-b32900d28283" />
      <TestMethod codeBase="/Users/ken/code/AppInfraCdkV1/AppInfraCdkV1.Tests/bin/Debug/net8.0/AppInfraCdkV1.Tests.dll" adapterTypeName="executor://xunit/VsTestRunner2/netcoreapp" className="AppInfraCdkV1.Tests.Unit.DeploymentContextTests" name="ValidateNamingContextWithInvalidApplicationThrowsInvalidOperationException" />
    </UnitTest>
    <UnitTest name="AppInfraCdkV1.Tests.Integration.ShowNamesOnlyIntegrationTests.ShowNamesOnly_WithValidEnvironmentAndApp_PassesValidation(environment: &quot;Development&quot;, application: &quot;TrialMatch&quot;)" storage="/users/ken/code/appinfracdkv1/appinfracdkv1.tests/bin/debug/net8.0/appinfracdkv1.tests.dll" id="9c073da1-f895-ee31-7b35-b3c4dc86283e">
      <Execution id="59f761c0-3c96-4e9c-9ea7-a60f3c5c4773" />
      <TestMethod codeBase="/Users/ken/code/AppInfraCdkV1/AppInfraCdkV1.Tests/bin/Debug/net8.0/AppInfraCdkV1.Tests.dll" adapterTypeName="executor://xunit/VsTestRunner2/netcoreapp" className="AppInfraCdkV1.Tests.Integration.ShowNamesOnlyIntegrationTests" name="ShowNamesOnly_WithValidEnvironmentAndApp_PassesValidation" />
    </UnitTest>
    <UnitTest name="AppInfraCdkV1.Tests.Unit.TrialMatchConfigurationLoaderTests.ValidateConfiguration_WithDuplicateContainerNames_ShouldThrow" storage="/users/ken/code/appinfracdkv1/appinfracdkv1.tests/bin/debug/net8.0/appinfracdkv1.tests.dll" id="b5350439-f92c-7842-9b0a-fc7a7f730339">
      <Execution id="4cd4fb6a-23ec-46be-9f31-923e1d790fe5" />
      <TestMethod codeBase="/Users/ken/code/AppInfraCdkV1/AppInfraCdkV1.Tests/bin/Debug/net8.0/AppInfraCdkV1.Tests.dll" adapterTypeName="executor://xunit/VsTestRunner2/netcoreapp" className="AppInfraCdkV1.Tests.Unit.TrialMatchConfigurationLoaderTests" name="ValidateConfiguration_WithDuplicateContainerNames_ShouldThrow" />
    </UnitTest>
    <UnitTest name="AppInfraCdkV1.Tests.Integration.NamingValidationIntegrationTests.GenerateResourceNames_WithValidEnvironmentAndApp_ShouldProduceCorrectNames(environment: &quot;Development&quot;, application: &quot;TrialFinderV2&quot;)" storage="/users/ken/code/appinfracdkv1/appinfracdkv1.tests/bin/debug/net8.0/appinfracdkv1.tests.dll" id="62802696-dc58-01a9-b7e3-cf8b980ba959">
      <Execution id="32618d33-b195-4e2f-9a4d-16798d5d1677" />
      <TestMethod codeBase="/Users/ken/code/AppInfraCdkV1/AppInfraCdkV1.Tests/bin/Debug/net8.0/AppInfraCdkV1.Tests.dll" adapterTypeName="executor://xunit/VsTestRunner2/netcoreapp" className="AppInfraCdkV1.Tests.Integration.NamingValidationIntegrationTests" name="GenerateResourceNames_WithValidEnvironmentAndApp_ShouldProduceCorrectNames" />
    </UnitTest>
    <UnitTest name="AppInfraCdkV1.Tests.Unit.EnvironmentConfigTests.ToAwsEnvironment_WithEmptyValues_ShouldReturnEnvironmentWithEmptyValues" storage="/users/ken/code/appinfracdkv1/appinfracdkv1.tests/bin/debug/net8.0/appinfracdkv1.tests.dll" id="4804714b-84f1-0698-5d25-a6c3e550d65b">
      <Execution id="b0fa5c0e-baac-4e3d-ae24-29f0b10a5040" />
      <TestMethod codeBase="/Users/ken/code/AppInfraCdkV1/AppInfraCdkV1.Tests/bin/Debug/net8.0/AppInfraCdkV1.Tests.dll" adapterTypeName="executor://xunit/VsTestRunner2/netcoreapp" className="AppInfraCdkV1.Tests.Unit.EnvironmentConfigTests" name="ToAwsEnvironment_WithEmptyValues_ShouldReturnEnvironmentWithEmptyValues" />
    </UnitTest>
    <UnitTest name="AppInfraCdkV1.Tests.Unit.EnvironmentConfigTests.AccountId_ShouldAllowSetAndGet" storage="/users/ken/code/appinfracdkv1/appinfracdkv1.tests/bin/debug/net8.0/appinfracdkv1.tests.dll" id="f9439033-7c01-9418-a042-51eb8cecc6c9">
      <Execution id="1eb7ccc6-738d-4725-b2c5-6be622759d78" />
      <TestMethod codeBase="/Users/ken/code/AppInfraCdkV1/AppInfraCdkV1.Tests/bin/Debug/net8.0/AppInfraCdkV1.Tests.dll" adapterTypeName="executor://xunit/VsTestRunner2/netcoreapp" className="AppInfraCdkV1.Tests.Unit.EnvironmentConfigTests" name="AccountId_ShouldAllowSetAndGet" />
    </UnitTest>
    <UnitTest name="AppInfraCdkV1.Tests.Unit.NamingConventionTests.GetEnvironmentPrefixWithValidEnvironmentReturnsCorrectPrefix(environment: &quot;Staging&quot;, expectedPrefix: &quot;stg&quot;)" storage="/users/ken/code/appinfracdkv1/appinfracdkv1.tests/bin/debug/net8.0/appinfracdkv1.tests.dll" id="e2a0e180-3d67-27b1-e52a-12a61e88dd56">
      <Execution id="d1076453-a6ad-4eac-a999-de7244169c2e" />
      <TestMethod codeBase="/Users/ken/code/AppInfraCdkV1/AppInfraCdkV1.Tests/bin/Debug/net8.0/AppInfraCdkV1.Tests.dll" adapterTypeName="executor://xunit/VsTestRunner2/netcoreapp" className="AppInfraCdkV1.Tests.Unit.NamingConventionTests" name="GetEnvironmentPrefixWithValidEnvironmentReturnsCorrectPrefix" />
    </UnitTest>
    <UnitTest name="AppInfraCdkV1.Tests.Integration.ShowNamesOnlyIntegrationTests.ShowNamesOnly_WithValidEnvironmentAndApp_ExecutesSuccessfully(environment: &quot;Development&quot;, application: &quot;TrialFinderV2&quot;)" storage="/users/ken/code/appinfracdkv1/appinfracdkv1.tests/bin/debug/net8.0/appinfracdkv1.tests.dll" id="987d1d61-aece-7194-185a-07fd8c0f2e50">
      <Execution id="34b4c2b5-2d16-4acd-b663-0efb08c0857a" />
      <TestMethod codeBase="/Users/ken/code/AppInfraCdkV1/AppInfraCdkV1.Tests/bin/Debug/net8.0/AppInfraCdkV1.Tests.dll" adapterTypeName="executor://xunit/VsTestRunner2/netcoreapp" className="AppInfraCdkV1.Tests.Integration.ShowNamesOnlyIntegrationTests" name="ShowNamesOnly_WithValidEnvironmentAndApp_ExecutesSuccessfully" />
    </UnitTest>
    <UnitTest name="AppInfraCdkV1.Tests.Unit.TrialMatchConfigTests.GetConfigWithDevelopmentEnvironmentReturnsDevelopmentConfig(environment: &quot;Development&quot;)" storage="/users/ken/code/appinfracdkv1/appinfracdkv1.tests/bin/debug/net8.0/appinfracdkv1.tests.dll" id="4aa926d0-ca88-6164-34e1-b01a33f3269a">
      <Execution id="7283b2d0-60f1-400c-85d4-63f47b385214" />
      <TestMethod codeBase="/Users/ken/code/AppInfraCdkV1/AppInfraCdkV1.Tests/bin/Debug/net8.0/AppInfraCdkV1.Tests.dll" adapterTypeName="executor://xunit/VsTestRunner2/netcoreapp" className="AppInfraCdkV1.Tests.Unit.TrialMatchConfigTests" name="GetConfigWithDevelopmentEnvironmentReturnsDevelopmentConfig" />
    </UnitTest>
    <UnitTest name="AppInfraCdkV1.Tests.Unit.TrialMatchConfigurationLoaderTests.ValidateConfiguration_WithMissingTaskDefinitionName_ShouldThrow" storage="/users/ken/code/appinfracdkv1/appinfracdkv1.tests/bin/debug/net8.0/appinfracdkv1.tests.dll" id="bcea77de-3b02-dbbd-23f4-a46a7816ee69">
      <Execution id="592bb38f-1300-4cc3-bd35-b786af129078" />
      <TestMethod codeBase="/Users/ken/code/AppInfraCdkV1/AppInfraCdkV1.Tests/bin/Debug/net8.0/AppInfraCdkV1.Tests.dll" adapterTypeName="executor://xunit/VsTestRunner2/netcoreapp" className="AppInfraCdkV1.Tests.Unit.TrialMatchConfigurationLoaderTests" name="ValidateConfiguration_WithMissingTaskDefinitionName_ShouldThrow" />
    </UnitTest>
    <UnitTest name="AppInfraCdkV1.Tests.Unit.DeploymentContextTests.NamerPropertyAccessReturnsSameInstance" storage="/users/ken/code/appinfracdkv1/appinfracdkv1.tests/bin/debug/net8.0/appinfracdkv1.tests.dll" id="26641051-f1f4-96eb-e3d4-fae5a51163b7">
      <Execution id="70bd1308-f53c-44ea-8dfd-7acc2b65b05e" />
      <TestMethod codeBase="/Users/ken/code/AppInfraCdkV1/AppInfraCdkV1.Tests/bin/Debug/net8.0/AppInfraCdkV1.Tests.dll" adapterTypeName="executor://xunit/VsTestRunner2/netcoreapp" className="AppInfraCdkV1.Tests.Unit.DeploymentContextTests" name="NamerPropertyAccessReturnsSameInstance" />
    </UnitTest>
    <UnitTest name="AppInfraCdkV1.Tests.Unit.ResourceNamerTests.ResourceNamer_WithDifferentEnvironments_ShouldUseCorrectPrefix(environment: &quot;Development&quot;, expectedPrefix: &quot;dev&quot;)" storage="/users/ken/code/appinfracdkv1/appinfracdkv1.tests/bin/debug/net8.0/appinfracdkv1.tests.dll" id="5f551f33-8bdd-f75f-9321-d8d0c0a48d97">
      <Execution id="ccd3d6dc-ccbf-47ac-88c9-1049e7a23e5e" />
      <TestMethod codeBase="/Users/ken/code/AppInfraCdkV1/AppInfraCdkV1.Tests/bin/Debug/net8.0/AppInfraCdkV1.Tests.dll" adapterTypeName="executor://xunit/VsTestRunner2/netcoreapp" className="AppInfraCdkV1.Tests.Unit.ResourceNamerTests" name="ResourceNamer_WithDifferentEnvironments_ShouldUseCorrectPrefix" />
    </UnitTest>
    <UnitTest name="AppInfraCdkV1.Tests.Unit.ResourceNamerTests.SecurityGroupForRds_WithPurpose_ShouldGenerateCorrectName" storage="/users/ken/code/appinfracdkv1/appinfracdkv1.tests/bin/debug/net8.0/appinfracdkv1.tests.dll" id="daf2a6d4-f13c-bd56-e4ff-1040263824a5">
      <Execution id="2a882ed2-9a11-4dc4-bba7-786726d96dbb" />
      <TestMethod codeBase="/Users/ken/code/AppInfraCdkV1/AppInfraCdkV1.Tests/bin/Debug/net8.0/AppInfraCdkV1.Tests.dll" adapterTypeName="executor://xunit/VsTestRunner2/netcoreapp" className="AppInfraCdkV1.Tests.Unit.ResourceNamerTests" name="SecurityGroupForRds_WithPurpose_ShouldGenerateCorrectName" />
    </UnitTest>
    <UnitTest name="AppInfraCdkV1.Tests.Unit.ResourceNamerTests.IamRole_WithPurpose_ShouldGenerateCorrectName" storage="/users/ken/code/appinfracdkv1/appinfracdkv1.tests/bin/debug/net8.0/appinfracdkv1.tests.dll" id="77e9e6b7-c520-3b5f-369c-4aea428d6576">
      <Execution id="f08640e4-d66c-4e25-a165-4e74275a0448" />
      <TestMethod codeBase="/Users/ken/code/AppInfraCdkV1/AppInfraCdkV1.Tests/bin/Debug/net8.0/AppInfraCdkV1.Tests.dll" adapterTypeName="executor://xunit/VsTestRunner2/netcoreapp" className="AppInfraCdkV1.Tests.Unit.ResourceNamerTests" name="IamRole_WithPurpose_ShouldGenerateCorrectName" />
    </UnitTest>
    <UnitTest name="AppInfraCdkV1.Tests.Integration.ShowNamesOnlyBasicTest.ShowNamesOnly_BasicExecution_ReturnsExpectedOutput(application: &quot;TrialFinderV2&quot;)" storage="/users/ken/code/appinfracdkv1/appinfracdkv1.tests/bin/debug/net8.0/appinfracdkv1.tests.dll" id="79448b31-c049-6866-5312-6ba1caf0b297">
      <Execution id="f7cb2f10-b86d-493d-b05d-7e8c24b6e278" />
      <TestMethod codeBase="/Users/ken/code/AppInfraCdkV1/AppInfraCdkV1.Tests/bin/Debug/net8.0/AppInfraCdkV1.Tests.dll" adapterTypeName="executor://xunit/VsTestRunner2/netcoreapp" className="AppInfraCdkV1.Tests.Integration.ShowNamesOnlyBasicTest" name="ShowNamesOnly_BasicExecution_ReturnsExpectedOutput" />
    </UnitTest>
    <UnitTest name="AppInfraCdkV1.Tests.Unit.TrialFinderV2ConfigTests.GetConfigWithProductionConfiguresProductionSettings" storage="/users/ken/code/appinfracdkv1/appinfracdkv1.tests/bin/debug/net8.0/appinfracdkv1.tests.dll" id="2cb036d8-796f-0387-6ff4-3a5cd293cc4f">
      <Execution id="b4866204-4dfc-4c7f-91e5-1dd82267586b" />
      <TestMethod codeBase="/Users/ken/code/AppInfraCdkV1/AppInfraCdkV1.Tests/bin/Debug/net8.0/AppInfraCdkV1.Tests.dll" adapterTypeName="executor://xunit/VsTestRunner2/netcoreapp" className="AppInfraCdkV1.Tests.Unit.TrialFinderV2ConfigTests" name="GetConfigWithProductionConfiguresProductionSettings" />
    </UnitTest>
    <UnitTest name="AppInfraCdkV1.Tests.Unit.ConfigurationModelsTests.EcsTaskConfiguration_WithMultipleServices_ShouldHandleMultipleServices" storage="/users/ken/code/appinfracdkv1/appinfracdkv1.tests/bin/debug/net8.0/appinfracdkv1.tests.dll" id="f4fef808-6382-f0a2-2016-13a8b1cb0a0a">
      <Execution id="11a4c36f-60ea-4401-b261-e76273f0f089" />
      <TestMethod codeBase="/Users/ken/code/AppInfraCdkV1/AppInfraCdkV1.Tests/bin/Debug/net8.0/AppInfraCdkV1.Tests.dll" adapterTypeName="executor://xunit/VsTestRunner2/netcoreapp" className="AppInfraCdkV1.Tests.Unit.ConfigurationModelsTests" name="EcsTaskConfiguration_WithMultipleServices_ShouldHandleMultipleServices" />
    </UnitTest>
    <UnitTest name="AppInfraCdkV1.Tests.Unit.ResourceNamerTests.ApplicationLoadBalancer_WithPurpose_ShouldGenerateCorrectName" storage="/users/ken/code/appinfracdkv1/appinfracdkv1.tests/bin/debug/net8.0/appinfracdkv1.tests.dll" id="4decabc3-01fc-fb98-3574-761c737d7717">
      <Execution id="abacaa06-ab09-4c0f-bd73-703d58d3c334" />
      <TestMethod codeBase="/Users/ken/code/AppInfraCdkV1/AppInfraCdkV1.Tests/bin/Debug/net8.0/AppInfraCdkV1.Tests.dll" adapterTypeName="executor://xunit/VsTestRunner2/netcoreapp" className="AppInfraCdkV1.Tests.Unit.ResourceNamerTests" name="ApplicationLoadBalancer_WithPurpose_ShouldGenerateCorrectName" />
    </UnitTest>
    <UnitTest name="AppInfraCdkV1.Tests.Integration.ShowNamesOnlyIntegrationTests.ShowNamesOnly_WithValidEnvironmentAndApp_ContainsAccountContext(environment: &quot;Development&quot;, application: &quot;TrialMatch&quot;)" storage="/users/ken/code/appinfracdkv1/appinfracdkv1.tests/bin/debug/net8.0/appinfracdkv1.tests.dll" id="d83f95f7-8c2b-08ad-54a3-1e72983d0562">
      <Execution id="31d2ab8f-f409-4f62-b79f-0b001dcb3fbc" />
      <TestMethod codeBase="/Users/ken/code/AppInfraCdkV1/AppInfraCdkV1.Tests/bin/Debug/net8.0/AppInfraCdkV1.Tests.dll" adapterTypeName="executor://xunit/VsTestRunner2/netcoreapp" className="AppInfraCdkV1.Tests.Integration.ShowNamesOnlyIntegrationTests" name="ShowNamesOnly_WithValidEnvironmentAndApp_ContainsAccountContext" />
    </UnitTest>
    <UnitTest name="AppInfraCdkV1.Tests.Unit.NamingConventionTests.GenerateResourceNameWithDevelopmentEnvironmentReturnsCorrectFormat" storage="/users/ken/code/appinfracdkv1/appinfracdkv1.tests/bin/debug/net8.0/appinfracdkv1.tests.dll" id="2432ccb0-5522-032e-ab71-83d4cfef709e">
      <Execution id="f3765fcf-a33f-4f89-95f8-2651ffaaf598" />
      <TestMethod codeBase="/Users/ken/code/AppInfraCdkV1/AppInfraCdkV1.Tests/bin/Debug/net8.0/AppInfraCdkV1.Tests.dll" adapterTypeName="executor://xunit/VsTestRunner2/netcoreapp" className="AppInfraCdkV1.Tests.Unit.NamingConventionTests" name="GenerateResourceNameWithDevelopmentEnvironmentReturnsCorrectFormat" />
    </UnitTest>
    <UnitTest name="AppInfraCdkV1.Tests.Unit.EnvironmentConfigTests.IsProductionClass_WithProductionAccountType_ShouldReturnTrue" storage="/users/ken/code/appinfracdkv1/appinfracdkv1.tests/bin/debug/net8.0/appinfracdkv1.tests.dll" id="7837c567-0fb0-f6bc-07e4-ddc058dbad82">
      <Execution id="b91e39b7-47e2-4652-8111-daf46557eb62" />
      <TestMethod codeBase="/Users/ken/code/AppInfraCdkV1/AppInfraCdkV1.Tests/bin/Debug/net8.0/AppInfraCdkV1.Tests.dll" adapterTypeName="executor://xunit/VsTestRunner2/netcoreapp" className="AppInfraCdkV1.Tests.Unit.EnvironmentConfigTests" name="IsProductionClass_WithProductionAccountType_ShouldReturnTrue" />
    </UnitTest>
    <UnitTest name="AppInfraCdkV1.Tests.Integration.NamingValidationIntegrationTests.ValidateNamingConventions_WithValidEnvironmentAndApp_ShouldSucceed(environment: &quot;Development&quot;, application: &quot;TrialMatch&quot;)" storage="/users/ken/code/appinfracdkv1/appinfracdkv1.tests/bin/debug/net8.0/appinfracdkv1.tests.dll" id="badd024c-2b63-31cb-6f95-52d7ee68a56b">
      <Execution id="2228edc7-bce4-4336-b39e-a2f6f4e5b09c" />
      <TestMethod codeBase="/Users/ken/code/AppInfraCdkV1/AppInfraCdkV1.Tests/bin/Debug/net8.0/AppInfraCdkV1.Tests.dll" adapterTypeName="executor://xunit/VsTestRunner2/netcoreapp" className="AppInfraCdkV1.Tests.Integration.NamingValidationIntegrationTests" name="ValidateNamingConventions_WithValidEnvironmentAndApp_ShouldSucceed" />
    </UnitTest>
    <UnitTest name="AppInfraCdkV1.Tests.Unit.TrialFinderV2ConfigTests.GetConfigWithDevelopmentConfiguresMultiEnvironmentCorrectly" storage="/users/ken/code/appinfracdkv1/appinfracdkv1.tests/bin/debug/net8.0/appinfracdkv1.tests.dll" id="00956f6a-59ce-4d66-7979-54a3218f53cc">
      <Execution id="07f69008-f786-41db-8604-2ec29bf488cf" />
      <TestMethod codeBase="/Users/ken/code/AppInfraCdkV1/AppInfraCdkV1.Tests/bin/Debug/net8.0/AppInfraCdkV1.Tests.dll" adapterTypeName="executor://xunit/VsTestRunner2/netcoreapp" className="AppInfraCdkV1.Tests.Unit.TrialFinderV2ConfigTests" name="GetConfigWithDevelopmentConfiguresMultiEnvironmentCorrectly" />
    </UnitTest>
    <UnitTest name="AppInfraCdkV1.Tests.Integration.ShowNamesOnlyIntegrationTests.ShowNamesOnly_WithoutArguments_UsesDefaultEnvironmentAndApp" storage="/users/ken/code/appinfracdkv1/appinfracdkv1.tests/bin/debug/net8.0/appinfracdkv1.tests.dll" id="8c9ac980-e404-7350-3b69-811f666e05f4">
      <Execution id="8b149e83-3955-4540-aa48-06c5e309452f" />
      <TestMethod codeBase="/Users/ken/code/AppInfraCdkV1/AppInfraCdkV1.Tests/bin/Debug/net8.0/AppInfraCdkV1.Tests.dll" adapterTypeName="executor://xunit/VsTestRunner2/netcoreapp" className="AppInfraCdkV1.Tests.Integration.ShowNamesOnlyIntegrationTests" name="ShowNamesOnly_WithoutArguments_UsesDefaultEnvironmentAndApp" />
    </UnitTest>
    <UnitTest name="AppInfraCdkV1.Tests.Integration.NamingValidationIntegrationTests.ValidateMultiEnvironmentSetup_WithValidEnvironment_ShouldDetectCorrectContext(environment: &quot;Development&quot;, application: &quot;TrialMatch&quot;)" storage="/users/ken/code/appinfracdkv1/appinfracdkv1.tests/bin/debug/net8.0/appinfracdkv1.tests.dll" id="9fc8ee1a-90b3-2b06-f318-6ddb345e1a50">
      <Execution id="5a2c20a4-a0e4-4065-a898-b90be54b9162" />
      <TestMethod codeBase="/Users/ken/code/AppInfraCdkV1/AppInfraCdkV1.Tests/bin/Debug/net8.0/AppInfraCdkV1.Tests.dll" adapterTypeName="executor://xunit/VsTestRunner2/netcoreapp" className="AppInfraCdkV1.Tests.Integration.NamingValidationIntegrationTests" name="ValidateMultiEnvironmentSetup_WithValidEnvironment_ShouldDetectCorrectContext" />
    </UnitTest>
    <UnitTest name="AppInfraCdkV1.Tests.Unit.ResourceSizingTests.Constructor_ShouldCreateInstanceSuccessfully" storage="/users/ken/code/appinfracdkv1/appinfracdkv1.tests/bin/debug/net8.0/appinfracdkv1.tests.dll" id="ef6bc487-f8ae-8e30-63bd-f5232b6588eb">
      <Execution id="2e94a0b3-6d3a-4d9d-8f88-b26e9a96e723" />
      <TestMethod codeBase="/Users/ken/code/AppInfraCdkV1/AppInfraCdkV1.Tests/bin/Debug/net8.0/AppInfraCdkV1.Tests.dll" adapterTypeName="executor://xunit/VsTestRunner2/netcoreapp" className="AppInfraCdkV1.Tests.Unit.ResourceSizingTests" name="Constructor_ShouldCreateInstanceSuccessfully" />
    </UnitTest>
    <UnitTest name="AppInfraCdkV1.Tests.Unit.NamingConventionTests.GetEnvironmentPrefixWithValidEnvironmentReturnsCorrectPrefix(environment: &quot;Development&quot;, expectedPrefix: &quot;dev&quot;)" storage="/users/ken/code/appinfracdkv1/appinfracdkv1.tests/bin/debug/net8.0/appinfracdkv1.tests.dll" id="12461229-0216-5c32-3832-1c88257cc8f9">
      <Execution id="146bc32c-6d76-46f7-97ab-d2de77838f80" />
      <TestMethod codeBase="/Users/ken/code/AppInfraCdkV1/AppInfraCdkV1.Tests/bin/Debug/net8.0/AppInfraCdkV1.Tests.dll" adapterTypeName="executor://xunit/VsTestRunner2/netcoreapp" className="AppInfraCdkV1.Tests.Unit.NamingConventionTests" name="GetEnvironmentPrefixWithValidEnvironmentReturnsCorrectPrefix" />
    </UnitTest>
    <UnitTest name="AppInfraCdkV1.Tests.Unit.NamingConventionTests.GetEnvironmentPrefixWithValidEnumReturnsCorrectPrefix(environment: Integration, expectedPrefix: &quot;int&quot;)" storage="/users/ken/code/appinfracdkv1/appinfracdkv1.tests/bin/debug/net8.0/appinfracdkv1.tests.dll" id="7044d863-9103-a865-4456-b79911109b5d">
      <Execution id="d9ea8ab1-84c7-4b51-9d6b-4c7c2da5c09b" />
      <TestMethod codeBase="/Users/ken/code/AppInfraCdkV1/AppInfraCdkV1.Tests/bin/Debug/net8.0/AppInfraCdkV1.Tests.dll" adapterTypeName="executor://xunit/VsTestRunner2/netcoreapp" className="AppInfraCdkV1.Tests.Unit.NamingConventionTests" name="GetEnvironmentPrefixWithValidEnumReturnsCorrectPrefix" />
    </UnitTest>
    <UnitTest name="AppInfraCdkV1.Tests.Integration.ShowNamesOnlyIntegrationTests.ShowNamesOnly_WithValidEnvironmentAndApp_ExecutesSuccessfully(environment: &quot;Production&quot;, application: &quot;TrialMatch&quot;)" storage="/users/ken/code/appinfracdkv1/appinfracdkv1.tests/bin/debug/net8.0/appinfracdkv1.tests.dll" id="4e363a50-e598-f515-20a1-f4eb63dd8d31">
      <Execution id="3b9c390f-b391-4483-9a32-e6724d97f3af" />
      <TestMethod codeBase="/Users/ken/code/AppInfraCdkV1/AppInfraCdkV1.Tests/bin/Debug/net8.0/AppInfraCdkV1.Tests.dll" adapterTypeName="executor://xunit/VsTestRunner2/netcoreapp" className="AppInfraCdkV1.Tests.Integration.ShowNamesOnlyIntegrationTests" name="ShowNamesOnly_WithValidEnvironmentAndApp_ExecutesSuccessfully" />
    </UnitTest>
    <UnitTest name="AppInfraCdkV1.Tests.Unit.ConfigurationModelsTests.ContainerDefinitionConfig_WithValidData_ShouldCreateInstance" storage="/users/ken/code/appinfracdkv1/appinfracdkv1.tests/bin/debug/net8.0/appinfracdkv1.tests.dll" id="9f1887ce-7fb4-69c1-87bc-39a9c872e2fc">
      <Execution id="10794dc9-9c58-43cf-8d82-5359e04c7a8a" />
      <TestMethod codeBase="/Users/ken/code/AppInfraCdkV1/AppInfraCdkV1.Tests/bin/Debug/net8.0/AppInfraCdkV1.Tests.dll" adapterTypeName="executor://xunit/VsTestRunner2/netcoreapp" className="AppInfraCdkV1.Tests.Unit.ConfigurationModelsTests" name="ContainerDefinitionConfig_WithValidData_ShouldCreateInstance" />
    </UnitTest>
    <UnitTest name="AppInfraCdkV1.Tests.Unit.DeploymentContextTests.ValidateNamingContextWithInvalidRegionThrowsInvalidOperationException" storage="/users/ken/code/appinfracdkv1/appinfracdkv1.tests/bin/debug/net8.0/appinfracdkv1.tests.dll" id="48592d01-ebe7-5e10-2849-8d21a78e9fa6">
      <Execution id="5a3be4e1-3ccc-4ae4-8f87-e309a532039e" />
      <TestMethod codeBase="/Users/ken/code/AppInfraCdkV1/AppInfraCdkV1.Tests/bin/Debug/net8.0/AppInfraCdkV1.Tests.dll" adapterTypeName="executor://xunit/VsTestRunner2/netcoreapp" className="AppInfraCdkV1.Tests.Unit.DeploymentContextTests" name="ValidateNamingContextWithInvalidRegionThrowsInvalidOperationException" />
    </UnitTest>
    <UnitTest name="AppInfraCdkV1.Tests.Unit.ResourceNamerTests.RdsInstance_WithPurpose_ShouldGenerateCorrectName" storage="/users/ken/code/appinfracdkv1/appinfracdkv1.tests/bin/debug/net8.0/appinfracdkv1.tests.dll" id="7c46aaa2-53ab-822a-d4ef-4dddb9302d06">
      <Execution id="a5164f8c-eb5e-4e94-98b5-f524f2891356" />
      <TestMethod codeBase="/Users/ken/code/AppInfraCdkV1/AppInfraCdkV1.Tests/bin/Debug/net8.0/AppInfraCdkV1.Tests.dll" adapterTypeName="executor://xunit/VsTestRunner2/netcoreapp" className="AppInfraCdkV1.Tests.Unit.ResourceNamerTests" name="RdsInstance_WithPurpose_ShouldGenerateCorrectName" />
    </UnitTest>
    <UnitTest name="AppInfraCdkV1.Tests.Integration.NamingValidationIntegrationTests.GenerateIamRoleNames_WithValidEnvironmentAndApp_ShouldFollowConventions(environment: &quot;Production&quot;, application: &quot;TrialFinderV2&quot;)" storage="/users/ken/code/appinfracdkv1/appinfracdkv1.tests/bin/debug/net8.0/appinfracdkv1.tests.dll" id="ade8c863-5c9b-3041-d40f-4841d1235e01">
      <Execution id="740e25f5-6bdb-422f-9843-3add51021e3a" />
      <TestMethod codeBase="/Users/ken/code/AppInfraCdkV1/AppInfraCdkV1.Tests/bin/Debug/net8.0/AppInfraCdkV1.Tests.dll" adapterTypeName="executor://xunit/VsTestRunner2/netcoreapp" className="AppInfraCdkV1.Tests.Integration.NamingValidationIntegrationTests" name="GenerateIamRoleNames_WithValidEnvironmentAndApp_ShouldFollowConventions" />
    </UnitTest>
    <UnitTest name="AppInfraCdkV1.Tests.Unit.DeploymentContextTests.DeploymentIdPropertySetterAssignsValue" storage="/users/ken/code/appinfracdkv1/appinfracdkv1.tests/bin/debug/net8.0/appinfracdkv1.tests.dll" id="1f9f3049-7a16-b892-3004-47fb577a36b3">
      <Execution id="10ab5f18-a089-40ce-ab39-cf4499e051e4" />
      <TestMethod codeBase="/Users/ken/code/AppInfraCdkV1/AppInfraCdkV1.Tests/bin/Debug/net8.0/AppInfraCdkV1.Tests.dll" adapterTypeName="executor://xunit/VsTestRunner2/netcoreapp" className="AppInfraCdkV1.Tests.Unit.DeploymentContextTests" name="DeploymentIdPropertySetterAssignsValue" />
    </UnitTest>
    <UnitTest name="AppInfraCdkV1.Tests.Unit.NamingConventionTests.GenerateS3BucketNameWithValidContextReturnsCorrectFormat" storage="/users/ken/code/appinfracdkv1/appinfracdkv1.tests/bin/debug/net8.0/appinfracdkv1.tests.dll" id="4080334d-d867-8958-80b6-1706c11fbd88">
      <Execution id="f90bea30-ebf3-42c6-b7cf-1507003ce24f" />
      <TestMethod codeBase="/Users/ken/code/AppInfraCdkV1/AppInfraCdkV1.Tests/bin/Debug/net8.0/AppInfraCdkV1.Tests.dll" adapterTypeName="executor://xunit/VsTestRunner2/netcoreapp" className="AppInfraCdkV1.Tests.Unit.NamingConventionTests" name="GenerateS3BucketNameWithValidContextReturnsCorrectFormat" />
    </UnitTest>
    <UnitTest name="AppInfraCdkV1.Tests.Unit.TrialFinderV2ConfigTests.GetConfigWithDevelopmentConfiguresNonProductionSettings" storage="/users/ken/code/appinfracdkv1/appinfracdkv1.tests/bin/debug/net8.0/appinfracdkv1.tests.dll" id="f6873326-47b1-9778-bd4a-b92ba025e798">
      <Execution id="26ff8674-f3c3-4776-9e7b-90de685c18e3" />
      <TestMethod codeBase="/Users/ken/code/AppInfraCdkV1/AppInfraCdkV1.Tests/bin/Debug/net8.0/AppInfraCdkV1.Tests.dll" adapterTypeName="executor://xunit/VsTestRunner2/netcoreapp" className="AppInfraCdkV1.Tests.Unit.TrialFinderV2ConfigTests" name="GetConfigWithDevelopmentConfiguresNonProductionSettings" />
    </UnitTest>
    <UnitTest name="AppInfraCdkV1.Tests.Unit.ResourceSizingTests.GetProductionSizing_ShouldReturnNewInstanceEachTime" storage="/users/ken/code/appinfracdkv1/appinfracdkv1.tests/bin/debug/net8.0/appinfracdkv1.tests.dll" id="2e55ef14-5b70-b014-46b6-8b165bbaa379">
      <Execution id="8aa4cd29-d06a-4307-96db-28cd1ced3b0f" />
      <TestMethod codeBase="/Users/ken/code/AppInfraCdkV1/AppInfraCdkV1.Tests/bin/Debug/net8.0/AppInfraCdkV1.Tests.dll" adapterTypeName="executor://xunit/VsTestRunner2/netcoreapp" className="AppInfraCdkV1.Tests.Unit.ResourceSizingTests" name="GetProductionSizing_ShouldReturnNewInstanceEachTime" />
    </UnitTest>
    <UnitTest name="AppInfraCdkV1.Tests.Unit.NamingConventionTests.GetEnvironmentsInSameAccountWithProductionReturnsProductionEnvironments" storage="/users/ken/code/appinfracdkv1/appinfracdkv1.tests/bin/debug/net8.0/appinfracdkv1.tests.dll" id="9f84caae-7acd-4d0d-dda2-2216ebdab2ac">
      <Execution id="d691b2b7-698a-46c8-8fa0-e7ed9d3be24e" />
      <TestMethod codeBase="/Users/ken/code/AppInfraCdkV1/AppInfraCdkV1.Tests/bin/Debug/net8.0/AppInfraCdkV1.Tests.dll" adapterTypeName="executor://xunit/VsTestRunner2/netcoreapp" className="AppInfraCdkV1.Tests.Unit.NamingConventionTests" name="GetEnvironmentsInSameAccountWithProductionReturnsProductionEnvironments" />
    </UnitTest>
    <UnitTest name="AppInfraCdkV1.Tests.Integration.NamingValidationIntegrationTests.ValidateCognitoResourceUniqueness_WithValidEnvironmentAndApp_ShouldBeUnique(environment: &quot;Development&quot;, application: &quot;TrialFinderV2&quot;)" storage="/users/ken/code/appinfracdkv1/appinfracdkv1.tests/bin/debug/net8.0/appinfracdkv1.tests.dll" id="3f1c3aef-9aab-6b7e-5734-fb2e727eb197">
      <Execution id="ad0e0098-d0f6-4acb-8bb3-ae9932abf01e" />
      <TestMethod codeBase="/Users/ken/code/AppInfraCdkV1/AppInfraCdkV1.Tests/bin/Debug/net8.0/AppInfraCdkV1.Tests.dll" adapterTypeName="executor://xunit/VsTestRunner2/netcoreapp" className="AppInfraCdkV1.Tests.Integration.NamingValidationIntegrationTests" name="ValidateCognitoResourceUniqueness_WithValidEnvironmentAndApp_ShouldBeUnique" />
    </UnitTest>
    <UnitTest name="AppInfraCdkV1.Tests.Integration.NamingValidationIntegrationTests.GenerateLogGroupNames_WithValidEnvironmentAndApp_ShouldFollowAwsConventions(environment: &quot;Development&quot;, application: &quot;TrialMatch&quot;)" storage="/users/ken/code/appinfracdkv1/appinfracdkv1.tests/bin/debug/net8.0/appinfracdkv1.tests.dll" id="329b7fae-508d-1708-3ba9-cd90d2c6729a">
      <Execution id="b54eea84-1aec-4b33-8896-735f24722e2d" />
      <TestMethod codeBase="/Users/ken/code/AppInfraCdkV1/AppInfraCdkV1.Tests/bin/Debug/net8.0/AppInfraCdkV1.Tests.dll" adapterTypeName="executor://xunit/VsTestRunner2/netcoreapp" className="AppInfraCdkV1.Tests.Integration.NamingValidationIntegrationTests" name="GenerateLogGroupNames_WithValidEnvironmentAndApp_ShouldFollowAwsConventions" />
    </UnitTest>
    <UnitTest name="AppInfraCdkV1.Tests.Unit.DeploymentContextTests.DeployedAtDefaultValueIsRecentUtcTime" storage="/users/ken/code/appinfracdkv1/appinfracdkv1.tests/bin/debug/net8.0/appinfracdkv1.tests.dll" id="482c10eb-0c3a-c582-0595-9e35d741fbb7">
      <Execution id="bc736930-ea2f-481a-afe3-af5d4bf1f266" />
      <TestMethod codeBase="/Users/ken/code/AppInfraCdkV1/AppInfraCdkV1.Tests/bin/Debug/net8.0/AppInfraCdkV1.Tests.dll" adapterTypeName="executor://xunit/VsTestRunner2/netcoreapp" className="AppInfraCdkV1.Tests.Unit.DeploymentContextTests" name="DeployedAtDefaultValueIsRecentUtcTime" />
    </UnitTest>
    <UnitTest name="AppInfraCdkV1.Tests.Unit.TrialFinderEcrImageTests.EnvironmentVariables_ShouldIncludeImageSource_ForEcrDeployment" storage="/users/ken/code/appinfracdkv1/appinfracdkv1.tests/bin/debug/net8.0/appinfracdkv1.tests.dll" id="1ee62d75-7f6f-f681-2bef-2abaef58e091">
      <Execution id="a151d5c4-51ed-4525-b578-136b37946c7a" />
      <TestMethod codeBase="/Users/ken/code/AppInfraCdkV1/AppInfraCdkV1.Tests/bin/Debug/net8.0/AppInfraCdkV1.Tests.dll" adapterTypeName="executor://xunit/VsTestRunner2/netcoreapp" className="AppInfraCdkV1.Tests.Unit.TrialFinderEcrImageTests" name="EnvironmentVariables_ShouldIncludeImageSource_ForEcrDeployment" />
    </UnitTest>
    <UnitTest name="AppInfraCdkV1.Tests.Unit.TrialMatchConfigTests.GetConfigWithUnknownEnvironmentThrowsArgumentException" storage="/users/ken/code/appinfracdkv1/appinfracdkv1.tests/bin/debug/net8.0/appinfracdkv1.tests.dll" id="3892c15b-a23b-04bd-ac5c-2743b5ee6604">
      <Execution id="e506ff1d-c282-4a7f-990a-fc4521ca08b4" />
      <TestMethod codeBase="/Users/ken/code/AppInfraCdkV1/AppInfraCdkV1.Tests/bin/Debug/net8.0/AppInfraCdkV1.Tests.dll" adapterTypeName="executor://xunit/VsTestRunner2/netcoreapp" className="AppInfraCdkV1.Tests.Unit.TrialMatchConfigTests" name="GetConfigWithUnknownEnvironmentThrowsArgumentException" />
    </UnitTest>
    <UnitTest name="AppInfraCdkV1.Tests.Unit.ResourceSizingTests.GetDevelopmentSizing_ShouldReturnResourceSizingInstance" storage="/users/ken/code/appinfracdkv1/appinfracdkv1.tests/bin/debug/net8.0/appinfracdkv1.tests.dll" id="f39325e9-1b54-0a99-d5c0-41f9dab04866">
      <Execution id="0db9afd0-88d1-4241-889f-f5a2bda556dd" />
      <TestMethod codeBase="/Users/ken/code/AppInfraCdkV1/AppInfraCdkV1.Tests/bin/Debug/net8.0/AppInfraCdkV1.Tests.dll" adapterTypeName="executor://xunit/VsTestRunner2/netcoreapp" className="AppInfraCdkV1.Tests.Unit.ResourceSizingTests" name="GetDevelopmentSizing_ShouldReturnResourceSizingInstance" />
    </UnitTest>
    <UnitTest name="AppInfraCdkV1.Tests.Integration.NamingValidationIntegrationTests.ValidateCognitoResourceLimits_WithValidEnvironmentAndApp_ShouldRespectAwsLimits(environment: &quot;Development&quot;, application: &quot;TrialFinderV2&quot;)" storage="/users/ken/code/appinfracdkv1/appinfracdkv1.tests/bin/debug/net8.0/appinfracdkv1.tests.dll" id="3699ed39-43b2-e909-c4c3-0ec7d2e73f55">
      <Execution id="9212e2ea-89c4-4f56-b658-50e9510f0429" />
      <TestMethod codeBase="/Users/ken/code/AppInfraCdkV1/AppInfraCdkV1.Tests/bin/Debug/net8.0/AppInfraCdkV1.Tests.dll" adapterTypeName="executor://xunit/VsTestRunner2/netcoreapp" className="AppInfraCdkV1.Tests.Integration.NamingValidationIntegrationTests" name="ValidateCognitoResourceLimits_WithValidEnvironmentAndApp_ShouldRespectAwsLimits" />
    </UnitTest>
    <UnitTest name="AppInfraCdkV1.Tests.Integration.ShowNamesOnlyIntegrationTests.ShowNamesOnly_WithInvalidApplication_FailsWithError" storage="/users/ken/code/appinfracdkv1/appinfracdkv1.tests/bin/debug/net8.0/appinfracdkv1.tests.dll" id="58675811-9b39-782b-62f3-228464b47670">
      <Execution id="e56dc465-b03b-4ab0-be10-2324efb83277" />
      <TestMethod codeBase="/Users/ken/code/AppInfraCdkV1/AppInfraCdkV1.Tests/bin/Debug/net8.0/AppInfraCdkV1.Tests.dll" adapterTypeName="executor://xunit/VsTestRunner2/netcoreapp" className="AppInfraCdkV1.Tests.Integration.ShowNamesOnlyIntegrationTests" name="ShowNamesOnly_WithInvalidApplication_FailsWithError" />
    </UnitTest>
    <UnitTest name="AppInfraCdkV1.Tests.Unit.TrialMatchConfigurationLoaderTests.ValidateConfiguration_WithMissingProtocol_ShouldThrow" storage="/users/ken/code/appinfracdkv1/appinfracdkv1.tests/bin/debug/net8.0/appinfracdkv1.tests.dll" id="38d1236d-7ba2-290d-0c41-2142ee4e3e9e">
      <Execution id="707ce08b-30f5-45fa-9fb6-e537877f0462" />
      <TestMethod codeBase="/Users/ken/code/AppInfraCdkV1/AppInfraCdkV1.Tests/bin/Debug/net8.0/AppInfraCdkV1.Tests.dll" adapterTypeName="executor://xunit/VsTestRunner2/netcoreapp" className="AppInfraCdkV1.Tests.Unit.TrialMatchConfigurationLoaderTests" name="ValidateConfiguration_WithMissingProtocol_ShouldThrow" />
    </UnitTest>
    <UnitTest name="AppInfraCdkV1.Tests.Unit.ConfigurationLoaderTests.SubstituteVariables_WithValidVariables_ShouldReplaceCorrectly" storage="/users/ken/code/appinfracdkv1/appinfracdkv1.tests/bin/debug/net8.0/appinfracdkv1.tests.dll" id="653d25fa-405a-af3a-9b44-0bbd20b78da1">
      <Execution id="2139f3c1-847e-4d59-b11f-afc872143c23" />
      <TestMethod codeBase="/Users/ken/code/AppInfraCdkV1/AppInfraCdkV1.Tests/bin/Debug/net8.0/AppInfraCdkV1.Tests.dll" adapterTypeName="executor://xunit/VsTestRunner2/netcoreapp" className="AppInfraCdkV1.Tests.Unit.ConfigurationLoaderTests" name="SubstituteVariables_WithValidVariables_ShouldReplaceCorrectly" />
    </UnitTest>
    <UnitTest name="AppInfraCdkV1.Tests.Unit.TrialMatchConfigurationLoaderTests.ValidateConfiguration_WithSecrets_ShouldNotThrow" storage="/users/ken/code/appinfracdkv1/appinfracdkv1.tests/bin/debug/net8.0/appinfracdkv1.tests.dll" id="6a37bb1e-bfb7-486b-ed4d-20ebe0d184e4">
      <Execution id="9faaea8c-425d-4709-95d0-ad5b9249fb9e" />
      <TestMethod codeBase="/Users/ken/code/AppInfraCdkV1/AppInfraCdkV1.Tests/bin/Debug/net8.0/AppInfraCdkV1.Tests.dll" adapterTypeName="executor://xunit/VsTestRunner2/netcoreapp" className="AppInfraCdkV1.Tests.Unit.TrialMatchConfigurationLoaderTests" name="ValidateConfiguration_WithSecrets_ShouldNotThrow" />
    </UnitTest>
    <UnitTest name="AppInfraCdkV1.Tests.Integration.NamingValidationIntegrationTests.ValidateCognitoUrlGeneration_WithValidEnvironmentAndApp_ShouldGenerateCorrectUrls(environment: &quot;Production&quot;, application: &quot;TrialFinderV2&quot;)" storage="/users/ken/code/appinfracdkv1/appinfracdkv1.tests/bin/debug/net8.0/appinfracdkv1.tests.dll" id="c096dda4-5a94-c8d5-2c7f-7d372fadf9cb">
      <Execution id="fcf024a4-e647-4172-bc79-a76c1fe0262f" />
      <TestMethod codeBase="/Users/ken/code/AppInfraCdkV1/AppInfraCdkV1.Tests/bin/Debug/net8.0/AppInfraCdkV1.Tests.dll" adapterTypeName="executor://xunit/VsTestRunner2/netcoreapp" className="AppInfraCdkV1.Tests.Integration.NamingValidationIntegrationTests" name="ValidateCognitoUrlGeneration_WithValidEnvironmentAndApp_ShouldGenerateCorrectUrls" />
    </UnitTest>
    <UnitTest name="AppInfraCdkV1.Tests.Unit.ResourceNamerTests.EcsCluster_WithDefaultPurpose_ShouldGenerateCorrectName" storage="/users/ken/code/appinfracdkv1/appinfracdkv1.tests/bin/debug/net8.0/appinfracdkv1.tests.dll" id="4cf3de97-d85b-e0c8-4323-d938738cf79b">
      <Execution id="7b21731f-e555-4753-b840-b2d5e171c05c" />
      <TestMethod codeBase="/Users/ken/code/AppInfraCdkV1/AppInfraCdkV1.Tests/bin/Debug/net8.0/AppInfraCdkV1.Tests.dll" adapterTypeName="executor://xunit/VsTestRunner2/netcoreapp" className="AppInfraCdkV1.Tests.Unit.ResourceNamerTests" name="EcsCluster_WithDefaultPurpose_ShouldGenerateCorrectName" />
    </UnitTest>
    <UnitTest name="AppInfraCdkV1.Tests.Unit.EnvironmentConfigTests.Tags_ShouldAllowSetAndGet" storage="/users/ken/code/appinfracdkv1/appinfracdkv1.tests/bin/debug/net8.0/appinfracdkv1.tests.dll" id="044c11b7-4783-6016-86e6-319c7f680bba">
      <Execution id="86ac52d8-076f-418d-93bd-77dbdb9509ee" />
      <TestMethod codeBase="/Users/ken/code/AppInfraCdkV1/AppInfraCdkV1.Tests/bin/Debug/net8.0/AppInfraCdkV1.Tests.dll" adapterTypeName="executor://xunit/VsTestRunner2/netcoreapp" className="AppInfraCdkV1.Tests.Unit.EnvironmentConfigTests" name="Tags_ShouldAllowSetAndGet" />
    </UnitTest>
    <UnitTest name="AppInfraCdkV1.Tests.Unit.TrialFinderV2ConfigTests.GetConfigWithUnknownEnvironmentThrowsArgumentException" storage="/users/ken/code/appinfracdkv1/appinfracdkv1.tests/bin/debug/net8.0/appinfracdkv1.tests.dll" id="82eae5c4-102e-933d-90e5-26ad07332b03">
      <Execution id="6d4d23e4-f53e-42e2-b028-5a12dec5f84c" />
      <TestMethod codeBase="/Users/ken/code/AppInfraCdkV1/AppInfraCdkV1.Tests/bin/Debug/net8.0/AppInfraCdkV1.Tests.dll" adapterTypeName="executor://xunit/VsTestRunner2/netcoreapp" className="AppInfraCdkV1.Tests.Unit.TrialFinderV2ConfigTests" name="GetConfigWithUnknownEnvironmentThrowsArgumentException" />
    </UnitTest>
    <UnitTest name="AppInfraCdkV1.Tests.Unit.NamingConventionTests.GetRegionCodeWithValidEnumReturnsCorrectCode(region: UsWest2, expectedCode: &quot;uw2&quot;)" storage="/users/ken/code/appinfracdkv1/appinfracdkv1.tests/bin/debug/net8.0/appinfracdkv1.tests.dll" id="b84845b9-3aff-e6f7-3a4f-07dfdfe37646">
      <Execution id="9476cd8d-d3a7-4997-b215-18c0d649fdde" />
      <TestMethod codeBase="/Users/ken/code/AppInfraCdkV1/AppInfraCdkV1.Tests/bin/Debug/net8.0/AppInfraCdkV1.Tests.dll" adapterTypeName="executor://xunit/VsTestRunner2/netcoreapp" className="AppInfraCdkV1.Tests.Unit.NamingConventionTests" name="GetRegionCodeWithValidEnumReturnsCorrectCode" />
    </UnitTest>
    <UnitTest name="AppInfraCdkV1.Tests.Integration.NamingValidationIntegrationTests.GenerateSecurityGroupNames_WithValidEnvironmentAndApp_ShouldFollowConventions(environment: &quot;Development&quot;, application: &quot;TrialFinderV2&quot;)" storage="/users/ken/code/appinfracdkv1/appinfracdkv1.tests/bin/debug/net8.0/appinfracdkv1.tests.dll" id="aa3750ec-02ed-6439-193c-1b03b0e8f043">
      <Execution id="d91aa9f6-64bf-45e4-a964-97387a2a8ac2" />
      <TestMethod codeBase="/Users/ken/code/AppInfraCdkV1/AppInfraCdkV1.Tests/bin/Debug/net8.0/AppInfraCdkV1.Tests.dll" adapterTypeName="executor://xunit/VsTestRunner2/netcoreapp" className="AppInfraCdkV1.Tests.Integration.NamingValidationIntegrationTests" name="GenerateSecurityGroupNames_WithValidEnvironmentAndApp_ShouldFollowConventions" />
    </UnitTest>
    <UnitTest name="AppInfraCdkV1.Tests.Unit.NamingConventionTests.GenerateLogGroupNameWithValidContextReturnsCorrectFormat" storage="/users/ken/code/appinfracdkv1/appinfracdkv1.tests/bin/debug/net8.0/appinfracdkv1.tests.dll" id="63ccfd3e-0908-6c9b-ca2a-6492c112e38d">
      <Execution id="ab6cede4-3642-4a55-adf0-03c76d5f9fe6" />
      <TestMethod codeBase="/Users/ken/code/AppInfraCdkV1/AppInfraCdkV1.Tests/bin/Debug/net8.0/AppInfraCdkV1.Tests.dll" adapterTypeName="executor://xunit/VsTestRunner2/netcoreapp" className="AppInfraCdkV1.Tests.Unit.NamingConventionTests" name="GenerateLogGroupNameWithValidContextReturnsCorrectFormat" />
    </UnitTest>
    <UnitTest name="AppInfraCdkV1.Tests.Unit.DeploymentContextTests.GetCommonTagsWithEmptyStringsHandlesEmptyValues" storage="/users/ken/code/appinfracdkv1/appinfracdkv1.tests/bin/debug/net8.0/appinfracdkv1.tests.dll" id="0593ea9d-f16a-d176-e389-17651104267d">
      <Execution id="63d036ab-77c6-4f96-aa13-e2788058001d" />
      <TestMethod codeBase="/Users/ken/code/AppInfraCdkV1/AppInfraCdkV1.Tests/bin/Debug/net8.0/AppInfraCdkV1.Tests.dll" adapterTypeName="executor://xunit/VsTestRunner2/netcoreapp" className="AppInfraCdkV1.Tests.Unit.DeploymentContextTests" name="GetCommonTagsWithEmptyStringsHandlesEmptyValues" />
    </UnitTest>
    <UnitTest name="AppInfraCdkV1.Tests.Unit.TrialMatchConfigTests.GetConfigWithIntegrationConfiguresDevelopmentClassSettings" storage="/users/ken/code/appinfracdkv1/appinfracdkv1.tests/bin/debug/net8.0/appinfracdkv1.tests.dll" id="39f67a30-2e97-e34f-ad20-b8c25c7184c5">
      <Execution id="20277dea-1d4e-4c01-bd6d-b3d623e20744" />
      <TestMethod codeBase="/Users/ken/code/AppInfraCdkV1/AppInfraCdkV1.Tests/bin/Debug/net8.0/AppInfraCdkV1.Tests.dll" adapterTypeName="executor://xunit/VsTestRunner2/netcoreapp" className="AppInfraCdkV1.Tests.Unit.TrialMatchConfigTests" name="GetConfigWithIntegrationConfiguresDevelopmentClassSettings" />
    </UnitTest>
    <UnitTest name="AppInfraCdkV1.Tests.Unit.ResourceSizingTests.GetDevelopmentSizing_ShouldReturnNewInstanceEachTime" storage="/users/ken/code/appinfracdkv1/appinfracdkv1.tests/bin/debug/net8.0/appinfracdkv1.tests.dll" id="60612c2c-347d-0e22-1119-b3d5c7e85b2b">
      <Execution id="1dc745d0-ecc7-43e3-a968-f00b9bbc4a8c" />
      <TestMethod codeBase="/Users/ken/code/AppInfraCdkV1/AppInfraCdkV1.Tests/bin/Debug/net8.0/AppInfraCdkV1.Tests.dll" adapterTypeName="executor://xunit/VsTestRunner2/netcoreapp" className="AppInfraCdkV1.Tests.Unit.ResourceSizingTests" name="GetDevelopmentSizing_ShouldReturnNewInstanceEachTime" />
    </UnitTest>
    <UnitTest name="AppInfraCdkV1.Tests.Unit.NamingConventionTests.GenerateVpcNameWithCustomPurposeReturnsCorrectFormat" storage="/users/ken/code/appinfracdkv1/appinfracdkv1.tests/bin/debug/net8.0/appinfracdkv1.tests.dll" id="ecca130a-155a-60f8-2ca3-188d6d632f3a">
      <Execution id="a113d3f2-a991-4c79-9cd4-bb151f463cad" />
      <TestMethod codeBase="/Users/ken/code/AppInfraCdkV1/AppInfraCdkV1.Tests/bin/Debug/net8.0/AppInfraCdkV1.Tests.dll" adapterTypeName="executor://xunit/VsTestRunner2/netcoreapp" className="AppInfraCdkV1.Tests.Unit.NamingConventionTests" name="GenerateVpcNameWithCustomPurposeReturnsCorrectFormat" />
    </UnitTest>
    <UnitTest name="AppInfraCdkV1.Tests.Unit.NamingConventionTests.GetEnvironmentPrefixWithValidEnvironmentReturnsCorrectPrefix(environment: &quot;Integration&quot;, expectedPrefix: &quot;int&quot;)" storage="/users/ken/code/appinfracdkv1/appinfracdkv1.tests/bin/debug/net8.0/appinfracdkv1.tests.dll" id="581f9c7e-d081-34fa-9f99-4b12fe52f802">
      <Execution id="b2ddaa0f-60b4-4c14-adaa-28e808d36460" />
      <TestMethod codeBase="/Users/ken/code/AppInfraCdkV1/AppInfraCdkV1.Tests/bin/Debug/net8.0/AppInfraCdkV1.Tests.dll" adapterTypeName="executor://xunit/VsTestRunner2/netcoreapp" className="AppInfraCdkV1.Tests.Unit.NamingConventionTests" name="GetEnvironmentPrefixWithValidEnvironmentReturnsCorrectPrefix" />
    </UnitTest>
    <UnitTest name="AppInfraCdkV1.Tests.Unit.ResourceNamerTests.ParameterStore_WithPurpose_ShouldGenerateCorrectName" storage="/users/ken/code/appinfracdkv1/appinfracdkv1.tests/bin/debug/net8.0/appinfracdkv1.tests.dll" id="3a468aa5-a7e3-7a41-2ecc-e7d9591d7e44">
      <Execution id="ec8c37a6-98b0-4f0b-9b90-dfec6525b002" />
      <TestMethod codeBase="/Users/ken/code/AppInfraCdkV1/AppInfraCdkV1.Tests/bin/Debug/net8.0/AppInfraCdkV1.Tests.dll" adapterTypeName="executor://xunit/VsTestRunner2/netcoreapp" className="AppInfraCdkV1.Tests.Unit.ResourceNamerTests" name="ParameterStore_WithPurpose_ShouldGenerateCorrectName" />
    </UnitTest>
    <UnitTest name="AppInfraCdkV1.Tests.Unit.ResourceSizingTests.GetSizingForEnvironment_WithNonProductionAccountType_ShouldReturnDevelopmentSizing(accountType: NonProduction)" storage="/users/ken/code/appinfracdkv1/appinfracdkv1.tests/bin/debug/net8.0/appinfracdkv1.tests.dll" id="b27c3d52-b9f6-5845-2327-123b82ed05a3">
      <Execution id="2ac52325-b98f-48a9-b78e-3aefc6013cc3" />
      <TestMethod codeBase="/Users/ken/code/AppInfraCdkV1/AppInfraCdkV1.Tests/bin/Debug/net8.0/AppInfraCdkV1.Tests.dll" adapterTypeName="executor://xunit/VsTestRunner2/netcoreapp" className="AppInfraCdkV1.Tests.Unit.ResourceSizingTests" name="GetSizingForEnvironment_WithNonProductionAccountType_ShouldReturnDevelopmentSizing" />
    </UnitTest>
    <UnitTest name="AppInfraCdkV1.Tests.Unit.ConfigurationModelsTests.TaskDefinitionConfig_WithValidData_ShouldCreateInstance" storage="/users/ken/code/appinfracdkv1/appinfracdkv1.tests/bin/debug/net8.0/appinfracdkv1.tests.dll" id="dd8ae47e-6c50-3331-bf7d-d37fc9b93a41">
      <Execution id="56fbd242-66ae-4cf1-b458-1cc7d7141ba8" />
      <TestMethod codeBase="/Users/ken/code/AppInfraCdkV1/AppInfraCdkV1.Tests/bin/Debug/net8.0/AppInfraCdkV1.Tests.dll" adapterTypeName="executor://xunit/VsTestRunner2/netcoreapp" className="AppInfraCdkV1.Tests.Unit.ConfigurationModelsTests" name="TaskDefinitionConfig_WithValidData_ShouldCreateInstance" />
    </UnitTest>
    <UnitTest name="AppInfraCdkV1.Tests.Unit.NamingConventionTests.GetEnvironmentPrefixWithValidEnvironmentReturnsCorrectPrefix(environment: &quot;Production&quot;, expectedPrefix: &quot;prod&quot;)" storage="/users/ken/code/appinfracdkv1/appinfracdkv1.tests/bin/debug/net8.0/appinfracdkv1.tests.dll" id="538daea4-b62e-c511-9611-cda03ff71c04">
      <Execution id="1ec4b5cb-8a2c-454c-bb36-0a553b602e44" />
      <TestMethod codeBase="/Users/ken/code/AppInfraCdkV1/AppInfraCdkV1.Tests/bin/Debug/net8.0/AppInfraCdkV1.Tests.dll" adapterTypeName="executor://xunit/VsTestRunner2/netcoreapp" className="AppInfraCdkV1.Tests.Unit.NamingConventionTests" name="GetEnvironmentPrefixWithValidEnvironmentReturnsCorrectPrefix" />
    </UnitTest>
  </TestDefinitions>
  <TestEntries>
    <TestEntry testId="65b927e8-217d-5930-a45f-c6fb30fffe55" executionId="080ef24f-3910-490e-84eb-a338063de8a9" testListId="8c84fa94-04c1-424b-9868-57a2d4851a1d" />
    <TestEntry testId="3a5f02bb-e377-963f-cb10-b64d86a9050d" executionId="d445cf6e-5270-415e-adc2-b508f0ffc373" testListId="8c84fa94-04c1-424b-9868-57a2d4851a1d" />
    <TestEntry testId="faed1658-2622-ac88-a928-7d9babff97b9" executionId="65189d4f-eb07-4ebe-85eb-63a5dc8614b6" testListId="8c84fa94-04c1-424b-9868-57a2d4851a1d" />
    <TestEntry testId="0df7bed1-f053-e24a-8833-1fbf20e0c2fb" executionId="29c4163e-1645-4fec-944a-dc1cfd5cf538" testListId="8c84fa94-04c1-424b-9868-57a2d4851a1d" />
    <TestEntry testId="8c1748b1-ff74-4025-e335-650e3fdcdfe9" executionId="42b45295-707a-46c0-b892-0c87901ec561" testListId="8c84fa94-04c1-424b-9868-57a2d4851a1d" />
    <TestEntry testId="2432ccb0-5522-032e-ab71-83d4cfef709e" executionId="f3765fcf-a33f-4f89-95f8-2651ffaaf598" testListId="8c84fa94-04c1-424b-9868-57a2d4851a1d" />
    <TestEntry testId="04055d55-2e17-6ea5-1646-2b7f75f6125b" executionId="9b490b76-5804-4930-a84b-1dcf803d183e" testListId="8c84fa94-04c1-424b-9868-57a2d4851a1d" />
    <TestEntry testId="67a16af1-4c17-55ee-c9f6-7f2205885c69" executionId="53fbb260-6a5f-4ed5-a035-a4cb20610165" testListId="8c84fa94-04c1-424b-9868-57a2d4851a1d" />
    <TestEntry testId="729fedc1-be3c-314c-b08c-5ee361ff7230" executionId="0babd63e-1efd-4e8a-8e5c-3b3c3161bb49" testListId="8c84fa94-04c1-424b-9868-57a2d4851a1d" />
    <TestEntry testId="82eae5c4-102e-933d-90e5-26ad07332b03" executionId="6d4d23e4-f53e-42e2-b028-5a12dec5f84c" testListId="8c84fa94-04c1-424b-9868-57a2d4851a1d" />
    <TestEntry testId="cb858960-a987-c156-bdc1-757dac9aa521" executionId="2d3d8b9a-315f-4944-94b4-8960ffafacac" testListId="8c84fa94-04c1-424b-9868-57a2d4851a1d" />
    <TestEntry testId="98081ce8-0cf9-6dd4-5e03-6c3daac7879e" executionId="cc9b9ea8-6873-43fe-93fd-03972eb67e9e" testListId="8c84fa94-04c1-424b-9868-57a2d4851a1d" />
    <TestEntry testId="157c392d-b8a8-417c-6d66-2d4f8cf432d3" executionId="43e9b6e6-80d9-416c-b256-53f219d76b4a" testListId="8c84fa94-04c1-424b-9868-57a2d4851a1d" />
    <TestEntry testId="206cf464-647e-ae84-7afb-8ff6fa1cd82e" executionId="1fabbda4-ce5c-4c6b-809e-e373f417c715" testListId="8c84fa94-04c1-424b-9868-57a2d4851a1d" />
    <TestEntry testId="ddc1d960-c078-a060-10a1-0a884ac521d5" executionId="12043864-380f-4526-b56d-577d3f0cc53e" testListId="8c84fa94-04c1-424b-9868-57a2d4851a1d" />
    <TestEntry testId="39f67a30-2e97-e34f-ad20-b8c25c7184c5" executionId="20277dea-1d4e-4c01-bd6d-b3d623e20744" testListId="8c84fa94-04c1-424b-9868-57a2d4851a1d" />
    <TestEntry testId="a7c7e835-94a6-a223-3874-f54b7b5943e0" executionId="d45477cc-9efa-49f1-be50-6b413104e555" testListId="8c84fa94-04c1-424b-9868-57a2d4851a1d" />
    <TestEntry testId="fff27c6f-cfe0-151d-3062-6c85817bff9f" executionId="9f26da16-baf0-4a79-aab8-0bfde5c9a198" testListId="8c84fa94-04c1-424b-9868-57a2d4851a1d" />
    <TestEntry testId="bcea77de-3b02-dbbd-23f4-a46a7816ee69" executionId="592bb38f-1300-4cc3-bd35-b786af129078" testListId="8c84fa94-04c1-424b-9868-57a2d4851a1d" />
    <TestEntry testId="af918255-b647-c312-ae13-b0545178490a" executionId="06d615a9-1744-4c40-8cc6-b76af7ae4467" testListId="8c84fa94-04c1-424b-9868-57a2d4851a1d" />
    <TestEntry testId="3c9e2f51-8069-cc3f-5a2c-7d91d489efb8" executionId="e8f0864c-f86d-418e-9aa7-3d9526763db0" testListId="8c84fa94-04c1-424b-9868-57a2d4851a1d" />
    <TestEntry testId="c01c12ab-f245-fe40-18fc-bd11c298ebfa" executionId="536f4376-0af4-40ee-9b81-846abeffe089" testListId="8c84fa94-04c1-424b-9868-57a2d4851a1d" />
    <TestEntry testId="ade8c863-5c9b-3041-d40f-4841d1235e01" executionId="740e25f5-6bdb-422f-9843-3add51021e3a" testListId="8c84fa94-04c1-424b-9868-57a2d4851a1d" />
    <TestEntry testId="b4231fc7-6b5b-6da6-69c9-a8099c7f80a8" executionId="9c41d677-443f-42a1-bf29-32564050cb08" testListId="8c84fa94-04c1-424b-9868-57a2d4851a1d" />
    <TestEntry testId="538daea4-b62e-c511-9611-cda03ff71c04" executionId="1ec4b5cb-8a2c-454c-bb36-0a553b602e44" testListId="8c84fa94-04c1-424b-9868-57a2d4851a1d" />
    <TestEntry testId="279c57c8-bf8c-6114-4546-dcdc79a30c7a" executionId="ecd4b086-9b49-4576-b9f4-f4a3eebe2796" testListId="8c84fa94-04c1-424b-9868-57a2d4851a1d" />
    <TestEntry testId="cc7f8e41-72c7-db1a-28bc-ca4543b1768c" executionId="9335b832-8c90-447d-83bc-011d91ec9b55" testListId="8c84fa94-04c1-424b-9868-57a2d4851a1d" />
    <TestEntry testId="48ee271c-d0f3-79bf-5620-2be0c1d98479" executionId="f271b93a-9355-460d-96cd-13e142e05e67" testListId="8c84fa94-04c1-424b-9868-57a2d4851a1d" />
    <TestEntry testId="9fc8ee1a-90b3-2b06-f318-6ddb345e1a50" executionId="5a2c20a4-a0e4-4065-a898-b90be54b9162" testListId="8c84fa94-04c1-424b-9868-57a2d4851a1d" />
    <TestEntry testId="82824d7e-3c1b-fa52-a6eb-4ba428eefd04" executionId="ccf4bfb2-027b-454e-90c1-3e45e49a8007" testListId="8c84fa94-04c1-424b-9868-57a2d4851a1d" />
    <TestEntry testId="1862e1ab-3383-9182-1f1a-95d4733d9461" executionId="0811ed16-f912-474b-a20c-8b82519eac44" testListId="8c84fa94-04c1-424b-9868-57a2d4851a1d" />
    <TestEntry testId="b2d12299-a39f-a3bc-8547-e2f0bfa50130" executionId="e91a1609-d33a-42a5-b72b-4d0eee73cb44" testListId="8c84fa94-04c1-424b-9868-57a2d4851a1d" />
    <TestEntry testId="dc74c56f-b7c8-34a1-f17f-007870d9857c" executionId="eb87bb08-43ee-43c2-9213-699024b36e62" testListId="8c84fa94-04c1-424b-9868-57a2d4851a1d" />
    <TestEntry testId="60318b48-cc58-b1f1-7c6f-d0733743a554" executionId="bff76ea2-58c3-4f80-af3f-34c6a84198e9" testListId="8c84fa94-04c1-424b-9868-57a2d4851a1d" />
    <TestEntry testId="fba13e19-771d-552a-8eeb-394726a3ddb1" executionId="be006ba9-2a2e-4bea-9eed-b32b44decc72" testListId="8c84fa94-04c1-424b-9868-57a2d4851a1d" />
    <TestEntry testId="e3b9be4e-fe0d-b388-9042-c64f16a61d73" executionId="a5f24450-a64c-4649-ab9a-0ec82ad203f5" testListId="8c84fa94-04c1-424b-9868-57a2d4851a1d" />
    <TestEntry testId="1ce7fe40-9607-a56a-c81f-2343ee4ccac8" executionId="7e322518-80bc-42f9-8a05-ae79dea2178d" testListId="8c84fa94-04c1-424b-9868-57a2d4851a1d" />
    <TestEntry testId="2a08cda5-e096-b62f-3665-b41b1f2c900c" executionId="9d013e46-8f8a-4a47-9361-2439f590fb06" testListId="8c84fa94-04c1-424b-9868-57a2d4851a1d" />
    <TestEntry testId="04add20c-d0df-6095-e8d4-f2dd8233b009" executionId="f671f86e-6f87-4da3-8a63-48ce87ecd02a" testListId="8c84fa94-04c1-424b-9868-57a2d4851a1d" />
    <TestEntry testId="94750618-4780-2779-0c78-39f8bf09cc05" executionId="9b84ca1d-a71a-4ac7-9760-699d63aab3e4" testListId="8c84fa94-04c1-424b-9868-57a2d4851a1d" />
    <TestEntry testId="c523c322-bd3b-3c6a-8a51-2e60524390d4" executionId="940614a7-2683-45df-85f0-3515aa3a6ce2" testListId="8c84fa94-04c1-424b-9868-57a2d4851a1d" />
    <TestEntry testId="a08d4a5e-25b8-725c-18ab-5ba364015c78" executionId="cb6960ad-904a-4ceb-9eba-07ec4f5f28ea" testListId="8c84fa94-04c1-424b-9868-57a2d4851a1d" />
    <TestEntry testId="9c073da1-f895-ee31-7b35-b3c4dc86283e" executionId="59f761c0-3c96-4e9c-9ea7-a60f3c5c4773" testListId="8c84fa94-04c1-424b-9868-57a2d4851a1d" />
    <TestEntry testId="87095920-2130-f1f2-efd9-ac22f2305353" executionId="33e025c1-8aa3-4461-8cda-dd7050658423" testListId="8c84fa94-04c1-424b-9868-57a2d4851a1d" />
    <TestEntry testId="a4c203ff-0bd2-270d-e5b7-d3b8c0c8583a" executionId="72c9f44c-4dee-4e97-9a71-0af9a6fa2892" testListId="8c84fa94-04c1-424b-9868-57a2d4851a1d" />
    <TestEntry testId="1880baaf-3855-c23d-a241-252b918c799a" executionId="0512e7a7-fba1-4a59-9f7f-2782b8e5970b" testListId="8c84fa94-04c1-424b-9868-57a2d4851a1d" />
    <TestEntry testId="1f9f3049-7a16-b892-3004-47fb577a36b3" executionId="10ab5f18-a089-40ce-ab39-cf4499e051e4" testListId="8c84fa94-04c1-424b-9868-57a2d4851a1d" />
    <TestEntry testId="91821697-5231-6763-a77d-f1779a0c6fee" executionId="5fa391f8-0dae-428e-af21-70602f0301f5" testListId="8c84fa94-04c1-424b-9868-57a2d4851a1d" />
    <TestEntry testId="6d62222d-7c8e-46f3-fe88-a19d2f4c2e88" executionId="8d34d2de-c0fd-404f-a98a-57a60f1a9c1e" testListId="8c84fa94-04c1-424b-9868-57a2d4851a1d" />
    <TestEntry testId="cb16c258-e211-2373-097f-665a4b21e361" executionId="2a773260-2745-48ae-be91-525f0d008664" testListId="8c84fa94-04c1-424b-9868-57a2d4851a1d" />
    <TestEntry testId="1b3068bf-5b90-318f-bba7-617033879179" executionId="bb972ad4-7d27-4692-8329-eef8983ce893" testListId="8c84fa94-04c1-424b-9868-57a2d4851a1d" />
    <TestEntry testId="c096dda4-5a94-c8d5-2c7f-7d372fadf9cb" executionId="fcf024a4-e647-4172-bc79-a76c1fe0262f" testListId="8c84fa94-04c1-424b-9868-57a2d4851a1d" />
    <TestEntry testId="d00c998d-2318-8621-6d29-c84fe308ef69" executionId="4c6332d3-e9da-47d3-9924-1915ce70b902" testListId="8c84fa94-04c1-424b-9868-57a2d4851a1d" />
    <TestEntry testId="05c11a85-2c43-bd2a-d029-8f6f6c672e70" executionId="c99a0569-439d-446b-8949-e7750012e666" testListId="8c84fa94-04c1-424b-9868-57a2d4851a1d" />
    <TestEntry testId="3892c15b-a23b-04bd-ac5c-2743b5ee6604" executionId="e506ff1d-c282-4a7f-990a-fc4521ca08b4" testListId="8c84fa94-04c1-424b-9868-57a2d4851a1d" />
    <TestEntry testId="ecca130a-155a-60f8-2ca3-188d6d632f3a" executionId="a113d3f2-a991-4c79-9cd4-bb151f463cad" testListId="8c84fa94-04c1-424b-9868-57a2d4851a1d" />
    <TestEntry testId="1bf363a5-6313-81c8-8b99-39abe181caeb" executionId="833426d6-7f0d-49ee-94cf-2fda24922af0" testListId="8c84fa94-04c1-424b-9868-57a2d4851a1d" />
    <TestEntry testId="a82f74f5-4cd4-e6e9-0719-f0e0561b708b" executionId="7eba49d4-d8da-4bfb-ab74-3029d558172f" testListId="8c84fa94-04c1-424b-9868-57a2d4851a1d" />
    <TestEntry testId="454340d9-e3c3-e56d-473d-e059b1d3a9ef" executionId="31e0094a-e612-48b3-bbb3-d1e37096661c" testListId="8c84fa94-04c1-424b-9868-57a2d4851a1d" />
    <TestEntry testId="e45aec2b-3c4d-a9d7-00ac-fa1e3db4a33c" executionId="d26fc094-3421-47f5-af79-01e336dc5cf7" testListId="8c84fa94-04c1-424b-9868-57a2d4851a1d" />
    <TestEntry testId="df2c6e81-727c-bfbd-9d6f-bad82a8ef8ee" executionId="4ae4f765-e343-4238-90c9-558b5cdff4b6" testListId="8c84fa94-04c1-424b-9868-57a2d4851a1d" />
    <TestEntry testId="dd8ae47e-6c50-3331-bf7d-d37fc9b93a41" executionId="56fbd242-66ae-4cf1-b458-1cc7d7141ba8" testListId="8c84fa94-04c1-424b-9868-57a2d4851a1d" />
    <TestEntry testId="ad059f7f-207f-6a7c-7be3-bd7197b7f871" executionId="279129c9-1241-4edb-a25b-f34736d4ba3e" testListId="8c84fa94-04c1-424b-9868-57a2d4851a1d" />
    <TestEntry testId="e9d2b691-8bce-87bb-07b5-e0165eadd757" executionId="0757f162-edc8-4a22-904c-5b6b71d71c54" testListId="8c84fa94-04c1-424b-9868-57a2d4851a1d" />
    <TestEntry testId="65b6a4b0-992f-83b6-c4d7-f86505cb5564" executionId="bc74638e-f368-4fdd-84da-c1a84896c02d" testListId="8c84fa94-04c1-424b-9868-57a2d4851a1d" />
    <TestEntry testId="65c35f0e-940e-e858-fdae-4853db06d2c0" executionId="73025290-a046-41ff-8791-58bb702c7d30" testListId="8c84fa94-04c1-424b-9868-57a2d4851a1d" />
    <TestEntry testId="9bccf0b6-f522-b0d2-2c35-ece3fab4c8f8" executionId="a6d1ab7c-d71d-4c28-8dc3-e35e6044d95f" testListId="8c84fa94-04c1-424b-9868-57a2d4851a1d" />
    <TestEntry testId="a2d51cb0-9761-e155-fe15-2956febf9979" executionId="eb40e6f2-d283-4b0f-995f-946f479e3a57" testListId="8c84fa94-04c1-424b-9868-57a2d4851a1d" />
    <TestEntry testId="75cec38b-c20e-2c0a-c5df-4fe009633be6" executionId="cd493631-5d71-4348-a8af-b3b6c4b49cf4" testListId="8c84fa94-04c1-424b-9868-57a2d4851a1d" />
    <TestEntry testId="4080334d-d867-8958-80b6-1706c11fbd88" executionId="f90bea30-ebf3-42c6-b7cf-1507003ce24f" testListId="8c84fa94-04c1-424b-9868-57a2d4851a1d" />
    <TestEntry testId="f4fef808-6382-f0a2-2016-13a8b1cb0a0a" executionId="11a4c36f-60ea-4401-b261-e76273f0f089" testListId="8c84fa94-04c1-424b-9868-57a2d4851a1d" />
    <TestEntry testId="9f84caae-7acd-4d0d-dda2-2216ebdab2ac" executionId="d691b2b7-698a-46c8-8fa0-e7ed9d3be24e" testListId="8c84fa94-04c1-424b-9868-57a2d4851a1d" />
    <TestEntry testId="29a9493e-51eb-94f1-d233-3c73f914b9a7" executionId="c637a5f2-89d8-4818-bb56-e694787accff" testListId="8c84fa94-04c1-424b-9868-57a2d4851a1d" />
    <TestEntry testId="57cd0d12-4a47-017c-53e0-7a767ffeb7e2" executionId="1bc4aec1-dfa0-4fe0-91ea-c412737d2743" testListId="8c84fa94-04c1-424b-9868-57a2d4851a1d" />
    <TestEntry testId="9a4c07cb-16ad-3b07-8c90-026095b6e7dc" executionId="73730cd9-3f6d-4c2c-9796-98d84148e322" testListId="8c84fa94-04c1-424b-9868-57a2d4851a1d" />
    <TestEntry testId="a97676de-c59c-85ab-4413-21c071390b9e" executionId="1229d738-64ac-47e0-8a33-29f8f1bcaff8" testListId="8c84fa94-04c1-424b-9868-57a2d4851a1d" />
    <TestEntry testId="26641051-f1f4-96eb-e3d4-fae5a51163b7" executionId="70bd1308-f53c-44ea-8dfd-7acc2b65b05e" testListId="8c84fa94-04c1-424b-9868-57a2d4851a1d" />
    <TestEntry testId="269b88e2-58d3-53c4-161c-e248e203dccd" executionId="1f8679e6-9aee-4ff4-b679-3d95e75444dd" testListId="8c84fa94-04c1-424b-9868-57a2d4851a1d" />
    <TestEntry testId="871ada24-92cf-ccb7-ca75-a645d5b5d865" executionId="830cf894-9103-458e-ad5a-da2d2d2203fb" testListId="8c84fa94-04c1-424b-9868-57a2d4851a1d" />
    <TestEntry testId="d318b249-3101-692f-3a89-12f2a1ee5d63" executionId="3fa80bcd-3ee7-468e-8752-8ff3746e05f3" testListId="8c84fa94-04c1-424b-9868-57a2d4851a1d" />
    <TestEntry testId="3dd0d884-abef-c93d-5cc5-b995b85cb5fa" executionId="f01d68f5-d8c7-4917-93e8-b71ae6e2fb60" testListId="8c84fa94-04c1-424b-9868-57a2d4851a1d" />
    <TestEntry testId="1ee62d75-7f6f-f681-2bef-2abaef58e091" executionId="a151d5c4-51ed-4525-b578-136b37946c7a" testListId="8c84fa94-04c1-424b-9868-57a2d4851a1d" />
    <TestEntry testId="b273c523-45d3-7f2b-0dce-a40fa9228a55" executionId="99f7709f-2129-4c06-9df8-2eb11911a924" testListId="8c84fa94-04c1-424b-9868-57a2d4851a1d" />
    <TestEntry testId="84fb2efc-c292-ced6-c97a-3ab7a77a072f" executionId="c29d44b1-3b11-4e96-9d60-a0f4f88fa541" testListId="8c84fa94-04c1-424b-9868-57a2d4851a1d" />
    <TestEntry testId="c79a9be8-5ab1-cbc9-4aad-765504709b1e" executionId="417ef90d-fc98-4508-8c05-d31c17359a11" testListId="8c84fa94-04c1-424b-9868-57a2d4851a1d" />
    <TestEntry testId="38d1236d-7ba2-290d-0c41-2142ee4e3e9e" executionId="707ce08b-30f5-45fa-9fb6-e537877f0462" testListId="8c84fa94-04c1-424b-9868-57a2d4851a1d" />
    <TestEntry testId="482afe8e-5709-4825-ef53-67791dfe61f8" executionId="9cc4cd05-af7b-4945-8096-06abd3a31f81" testListId="8c84fa94-04c1-424b-9868-57a2d4851a1d" />
    <TestEntry testId="9f56cca0-082c-7870-34ce-f3b95e2513b2" executionId="c71850ad-fa27-4a81-a3c1-68bbffaa46f6" testListId="8c84fa94-04c1-424b-9868-57a2d4851a1d" />
    <TestEntry testId="63ccfd3e-0908-6c9b-ca2a-6492c112e38d" executionId="ab6cede4-3642-4a55-adf0-03c76d5f9fe6" testListId="8c84fa94-04c1-424b-9868-57a2d4851a1d" />
    <TestEntry testId="7c46aaa2-53ab-822a-d4ef-4dddb9302d06" executionId="a5164f8c-eb5e-4e94-98b5-f524f2891356" testListId="8c84fa94-04c1-424b-9868-57a2d4851a1d" />
    <TestEntry testId="a4a28a05-176b-45f9-8edb-44c286242df0" executionId="98b59cc6-4251-49d0-9e09-bd9a144ae55d" testListId="8c84fa94-04c1-424b-9868-57a2d4851a1d" />
    <TestEntry testId="4b9a4dd6-d1bd-0939-3508-8c0c99501a0a" executionId="c9bef6cc-d6d6-4366-8173-0e17144fde7e" testListId="8c84fa94-04c1-424b-9868-57a2d4851a1d" />
    <TestEntry testId="3effb325-2340-5453-a684-5d133c11bf45" executionId="cd3bf516-46cc-4c9e-91bb-684b3b8f0378" testListId="8c84fa94-04c1-424b-9868-57a2d4851a1d" />
    <TestEntry testId="04481468-df9c-ab27-ec4f-e6161c59edf6" executionId="aa869303-c208-4099-82e1-75955218f783" testListId="8c84fa94-04c1-424b-9868-57a2d4851a1d" />
    <TestEntry testId="b79089b4-8f49-6da6-4f08-ba4dac1c81b4" executionId="7b3210d1-c807-4d7f-a73c-3d56f75b2752" testListId="8c84fa94-04c1-424b-9868-57a2d4851a1d" />
    <TestEntry testId="f880f0fd-3563-7b23-7d78-99d4495af0bf" executionId="eeeddc3a-941d-418f-ae86-07e66b969e9b" testListId="8c84fa94-04c1-424b-9868-57a2d4851a1d" />
    <TestEntry testId="f99a5784-faac-9ebe-1d6d-da1d5052ce44" executionId="dca1b71b-d176-434d-afc6-c7f7dfe37cc7" testListId="8c84fa94-04c1-424b-9868-57a2d4851a1d" />
    <TestEntry testId="8bc4d3e5-43b7-d203-b89d-f08e18e8b3a9" executionId="d5c7eb2e-1740-4b9d-9384-8cc16b9fe094" testListId="8c84fa94-04c1-424b-9868-57a2d4851a1d" />
    <TestEntry testId="d3df8c98-e18d-b2e4-8707-34ca0fd3df29" executionId="bd7150a6-4147-44d2-86c4-64d532f5fab8" testListId="8c84fa94-04c1-424b-9868-57a2d4851a1d" />
    <TestEntry testId="b84845b9-3aff-e6f7-3a4f-07dfdfe37646" executionId="9476cd8d-d3a7-4997-b215-18c0d649fdde" testListId="8c84fa94-04c1-424b-9868-57a2d4851a1d" />
    <TestEntry testId="9634e898-010e-5db8-7a0e-4ef1560e8d19" executionId="070313a8-45a4-4ac9-b000-801e93d26786" testListId="8c84fa94-04c1-424b-9868-57a2d4851a1d" />
    <TestEntry testId="58675811-9b39-782b-62f3-228464b47670" executionId="e56dc465-b03b-4ab0-be10-2324efb83277" testListId="8c84fa94-04c1-424b-9868-57a2d4851a1d" />
    <TestEntry testId="66cceddd-38a4-e63d-66f0-149789fa8fb7" executionId="4b2f38d6-f608-418e-9168-7d7891b2a3c2" testListId="8c84fa94-04c1-424b-9868-57a2d4851a1d" />
    <TestEntry testId="a2d73722-d0e6-6ac9-9be0-7255bd0b7b2b" executionId="2f389e9e-aab0-453d-be42-448245e0e1f3" testListId="8c84fa94-04c1-424b-9868-57a2d4851a1d" />
    <TestEntry testId="b5cc78bf-b9be-b00b-a2ab-6b7d7eba6579" executionId="2f15dcc8-3704-4881-9a53-eadb84aa5e0e" testListId="8c84fa94-04c1-424b-9868-57a2d4851a1d" />
    <TestEntry testId="f6873326-47b1-9778-bd4a-b92ba025e798" executionId="26ff8674-f3c3-4776-9e7b-90de685c18e3" testListId="8c84fa94-04c1-424b-9868-57a2d4851a1d" />
    <TestEntry testId="0cf4d66e-472d-5d8d-7ed4-c8b76bfb0ed5" executionId="91200796-182a-415f-8c59-cff99fc76b98" testListId="8c84fa94-04c1-424b-9868-57a2d4851a1d" />
    <TestEntry testId="3699ed39-43b2-e909-c4c3-0ec7d2e73f55" executionId="9212e2ea-89c4-4f56-b658-50e9510f0429" testListId="8c84fa94-04c1-424b-9868-57a2d4851a1d" />
    <TestEntry testId="402ee0a5-87d1-572f-f418-e32d6a57200b" executionId="367edbe2-a5cf-4a08-a1eb-d0a7c4d893d1" testListId="8c84fa94-04c1-424b-9868-57a2d4851a1d" />
    <TestEntry testId="269d3612-0cdd-8798-1ac9-169562731369" executionId="17a157b8-3064-45f2-83d0-d01de957c018" testListId="8c84fa94-04c1-424b-9868-57a2d4851a1d" />
    <TestEntry testId="75e94279-821b-7a3d-06c9-6671288a3165" executionId="4cfd2bdf-3047-4062-b0dc-42298e09794d" testListId="8c84fa94-04c1-424b-9868-57a2d4851a1d" />
    <TestEntry testId="3f1c3aef-9aab-6b7e-5734-fb2e727eb197" executionId="ad0e0098-d0f6-4acb-8bb3-ae9932abf01e" testListId="8c84fa94-04c1-424b-9868-57a2d4851a1d" />
    <TestEntry testId="7044d863-9103-a865-4456-b79911109b5d" executionId="d9ea8ab1-84c7-4b51-9d6b-4c7c2da5c09b" testListId="8c84fa94-04c1-424b-9868-57a2d4851a1d" />
    <TestEntry testId="7837c567-0fb0-f6bc-07e4-ddc058dbad82" executionId="b91e39b7-47e2-4652-8111-daf46557eb62" testListId="8c84fa94-04c1-424b-9868-57a2d4851a1d" />
    <TestEntry testId="4cf3de97-d85b-e0c8-4323-d938738cf79b" executionId="7b21731f-e555-4753-b840-b2d5e171c05c" testListId="8c84fa94-04c1-424b-9868-57a2d4851a1d" />
    <TestEntry testId="0af66935-b2ab-72fc-e2c7-eede6d8e757c" executionId="bfa9a18d-54ac-4398-8c00-a3fae815c7b8" testListId="8c84fa94-04c1-424b-9868-57a2d4851a1d" />
    <TestEntry testId="482c10eb-0c3a-c582-0595-9e35d741fbb7" executionId="bc736930-ea2f-481a-afe3-af5d4bf1f266" testListId="8c84fa94-04c1-424b-9868-57a2d4851a1d" />
    <TestEntry testId="61bfe640-3ebb-4938-3b70-2e91690f7ea2" executionId="9861e1a6-7298-4381-ae37-89c7435bb681" testListId="8c84fa94-04c1-424b-9868-57a2d4851a1d" />
    <TestEntry testId="ee266587-9819-80c2-0582-ad1fd616d814" executionId="72fbfd09-99c5-4378-a428-42780cc61d17" testListId="8c84fa94-04c1-424b-9868-57a2d4851a1d" />
    <TestEntry testId="0c8bb2f3-624c-739a-858c-3aa62ff71eee" executionId="d6c0fa74-19a4-4362-bef2-e164b4123ce1" testListId="8c84fa94-04c1-424b-9868-57a2d4851a1d" />
    <TestEntry testId="74262a95-9e47-7cb8-da3f-d7f71d22b6d8" executionId="924b9c0d-4e47-403b-9459-0f03df383271" testListId="8c84fa94-04c1-424b-9868-57a2d4851a1d" />
    <TestEntry testId="92e07ea9-b705-90e9-015f-94328f905200" executionId="8f2fd6df-87ef-4225-a8a5-5bdd38d46dab" testListId="8c84fa94-04c1-424b-9868-57a2d4851a1d" />
    <TestEntry testId="3037f748-af90-e37a-0787-52d107419ba1" executionId="88ffd8a7-7cf8-42f1-adb1-c549fc5d5f2d" testListId="8c84fa94-04c1-424b-9868-57a2d4851a1d" />
    <TestEntry testId="8c9ac980-e404-7350-3b69-811f666e05f4" executionId="8b149e83-3955-4540-aa48-06c5e309452f" testListId="8c84fa94-04c1-424b-9868-57a2d4851a1d" />
    <TestEntry testId="e16de9e3-b46e-c720-3061-ea50d506853b" executionId="bfb3ebb7-21a2-46b6-b57e-912d3b74538e" testListId="8c84fa94-04c1-424b-9868-57a2d4851a1d" />
    <TestEntry testId="e94c94b3-1be0-332c-5d7b-32ac6173fee5" executionId="0c46091e-4084-4df3-83b5-fdf2adfd461c" testListId="8c84fa94-04c1-424b-9868-57a2d4851a1d" />
    <TestEntry testId="08698740-5df6-c85e-0d83-5f9c8485658e" executionId="9c1a4022-0415-4c16-af82-34b227352b1a" testListId="8c84fa94-04c1-424b-9868-57a2d4851a1d" />
    <TestEntry testId="11953b3d-f834-fc31-fba0-40c711e9cca2" executionId="d6b5cbbf-5529-4f57-9efb-cd6c0cb672d2" testListId="8c84fa94-04c1-424b-9868-57a2d4851a1d" />
    <TestEntry testId="5f551f33-8bdd-f75f-9321-d8d0c0a48d97" executionId="ccd3d6dc-ccbf-47ac-88c9-1049e7a23e5e" testListId="8c84fa94-04c1-424b-9868-57a2d4851a1d" />
    <TestEntry testId="1ab9bf40-9adb-cf1e-6328-055735b9fd92" executionId="a8181a6f-31ce-4f71-963a-10e8dffbe8a7" testListId="8c84fa94-04c1-424b-9868-57a2d4851a1d" />
    <TestEntry testId="ade9a49e-e23e-6689-cf4b-5c0ebb97ec9b" executionId="4ce9108c-aedf-451a-aa71-bcbc78e0f106" testListId="8c84fa94-04c1-424b-9868-57a2d4851a1d" />
    <TestEntry testId="d2754fc5-e1ad-97df-5360-703b4518ff08" executionId="6da6abfb-2edc-4b29-b22b-dde4c2de6ca9" testListId="8c84fa94-04c1-424b-9868-57a2d4851a1d" />
    <TestEntry testId="62cf86a1-77b2-e5ba-f6aa-085c0cd2dd1c" executionId="7d6a8d03-1531-4df1-89c5-e83d3c1279eb" testListId="8c84fa94-04c1-424b-9868-57a2d4851a1d" />
    <TestEntry testId="7fb23c69-a8a5-aa03-86be-4550dc1cc406" executionId="5e029430-2268-4558-81cb-c6c5db3b88b7" testListId="8c84fa94-04c1-424b-9868-57a2d4851a1d" />
    <TestEntry testId="7235959a-4616-f052-4985-0f0337a8cc59" executionId="6c6d7cda-8c6c-47f6-bca1-0409e8c5df42" testListId="8c84fa94-04c1-424b-9868-57a2d4851a1d" />
    <TestEntry testId="d83f95f7-8c2b-08ad-54a3-1e72983d0562" executionId="31d2ab8f-f409-4f62-b79f-0b001dcb3fbc" testListId="8c84fa94-04c1-424b-9868-57a2d4851a1d" />
    <TestEntry testId="db468e18-8d05-a243-ee25-a7cdf64e56cd" executionId="a8a6a154-e99d-4ece-afdd-68c950fd096c" testListId="8c84fa94-04c1-424b-9868-57a2d4851a1d" />
    <TestEntry testId="acedbd59-41d0-44dc-19a9-3cfdca0798a8" executionId="f9a0863b-63bb-4e6b-bedc-07d46c11589f" testListId="8c84fa94-04c1-424b-9868-57a2d4851a1d" />
    <TestEntry testId="cac78efe-6b4a-b7c3-277d-b519fb2d58aa" executionId="8989ac31-65a6-4a66-90c2-7dba7c0110b1" testListId="8c84fa94-04c1-424b-9868-57a2d4851a1d" />
    <TestEntry testId="60612c2c-347d-0e22-1119-b3d5c7e85b2b" executionId="1dc745d0-ecc7-43e3-a968-f00b9bbc4a8c" testListId="8c84fa94-04c1-424b-9868-57a2d4851a1d" />
    <TestEntry testId="64bc228b-92b2-6337-d58f-f8b6547dd745" executionId="790d23cb-b893-48ce-af84-32e495d2df6d" testListId="8c84fa94-04c1-424b-9868-57a2d4851a1d" />
    <TestEntry testId="bb0cb526-10fc-2838-cb54-41a1114fb75f" executionId="84890cd0-3b59-47c7-9fb8-9c2b88418b48" testListId="8c84fa94-04c1-424b-9868-57a2d4851a1d" />
    <TestEntry testId="b86fad5b-eca6-b621-778f-3f611cc63715" executionId="854cd11c-e66c-4353-8d78-006759ca8170" testListId="8c84fa94-04c1-424b-9868-57a2d4851a1d" />
    <TestEntry testId="56eaa9d2-85dc-f84e-7f69-850d6c9f438a" executionId="bac45024-ba95-4fd8-bf37-30d6ba7739c4" testListId="8c84fa94-04c1-424b-9868-57a2d4851a1d" />
    <TestEntry testId="45c60a14-5b7f-354d-7271-0f46d0e5819e" executionId="97ad8307-9464-411c-b20a-f9d45f8408bd" testListId="8c84fa94-04c1-424b-9868-57a2d4851a1d" />
    <TestEntry testId="d18da01c-4b7d-b825-db96-868414c2e547" executionId="0ab7a6a4-42b7-4f2d-a169-9912dbcb5b3e" testListId="8c84fa94-04c1-424b-9868-57a2d4851a1d" />
    <TestEntry testId="9f1887ce-7fb4-69c1-87bc-39a9c872e2fc" executionId="10794dc9-9c58-43cf-8d82-5359e04c7a8a" testListId="8c84fa94-04c1-424b-9868-57a2d4851a1d" />
    <TestEntry testId="4aa926d0-ca88-6164-34e1-b01a33f3269a" executionId="7283b2d0-60f1-400c-85d4-63f47b385214" testListId="8c84fa94-04c1-424b-9868-57a2d4851a1d" />
    <TestEntry testId="ad3ddcac-61d4-3d1a-5ba7-0e2a68569afa" executionId="a0540f1c-891b-464f-9ba9-cec8207de73c" testListId="8c84fa94-04c1-424b-9868-57a2d4851a1d" />
    <TestEntry testId="e2a0e180-3d67-27b1-e52a-12a61e88dd56" executionId="d1076453-a6ad-4eac-a999-de7244169c2e" testListId="8c84fa94-04c1-424b-9868-57a2d4851a1d" />
    <TestEntry testId="2cb036d8-796f-0387-6ff4-3a5cd293cc4f" executionId="b4866204-4dfc-4c7f-91e5-1dd82267586b" testListId="8c84fa94-04c1-424b-9868-57a2d4851a1d" />
    <TestEntry testId="98f20855-3a5e-5ae4-bbe6-7d151b4cea58" executionId="66a19d25-a683-41df-8606-cae79abce05c" testListId="8c84fa94-04c1-424b-9868-57a2d4851a1d" />
    <TestEntry testId="4038986b-74f8-b7ec-b95c-df155c9647a6" executionId="8bb51afa-69f0-4870-8874-b8d8554cb69d" testListId="8c84fa94-04c1-424b-9868-57a2d4851a1d" />
    <TestEntry testId="ef6bc487-f8ae-8e30-63bd-f5232b6588eb" executionId="2e94a0b3-6d3a-4d9d-8f88-b26e9a96e723" testListId="8c84fa94-04c1-424b-9868-57a2d4851a1d" />
    <TestEntry testId="3a468aa5-a7e3-7a41-2ecc-e7d9591d7e44" executionId="ec8c37a6-98b0-4f0b-9b90-dfec6525b002" testListId="8c84fa94-04c1-424b-9868-57a2d4851a1d" />
    <TestEntry testId="5b1feb91-cd9e-0848-2667-3953ff9352cf" executionId="2c2f84c4-75c2-4e0c-b440-196b479ee0ea" testListId="8c84fa94-04c1-424b-9868-57a2d4851a1d" />
    <TestEntry testId="77e9e6b7-c520-3b5f-369c-4aea428d6576" executionId="f08640e4-d66c-4e25-a165-4e74275a0448" testListId="8c84fa94-04c1-424b-9868-57a2d4851a1d" />
    <TestEntry testId="a4bf2b2b-7438-1545-ee07-2a389648c312" executionId="0df1eae9-a07d-4de7-af14-090cfdc2d68d" testListId="8c84fa94-04c1-424b-9868-57a2d4851a1d" />
    <TestEntry testId="157e30f7-9b9f-3e5a-ad00-030612e79754" executionId="b2b57c78-4c6a-42fc-a2aa-c938e51e671c" testListId="8c84fa94-04c1-424b-9868-57a2d4851a1d" />
    <TestEntry testId="bbf8ecf0-fce8-ad05-8ade-7aa98fcac370" executionId="44e050d2-9a19-45e0-b5de-a00c022e002e" testListId="8c84fa94-04c1-424b-9868-57a2d4851a1d" />
    <TestEntry testId="e91af2b2-2c57-ad3c-fc36-5d5d4e055b36" executionId="91dad776-a72e-4d1e-ac26-df9caab82579" testListId="8c84fa94-04c1-424b-9868-57a2d4851a1d" />
    <TestEntry testId="3a7c713b-ac80-8a94-5df1-4d7e0fbad90e" executionId="94aed83b-f6b5-4a72-882e-ef61f145cf90" testListId="8c84fa94-04c1-424b-9868-57a2d4851a1d" />
    <TestEntry testId="8f00163d-e523-020e-f008-385c43545d01" executionId="0b6314c2-7235-4b8f-83f8-cc5269ad65b8" testListId="8c84fa94-04c1-424b-9868-57a2d4851a1d" />
    <TestEntry testId="22b327aa-d9f7-6359-d929-cfcf0c6f2e82" executionId="5d5e8595-e6bb-4994-8dfd-96fd843c3bd0" testListId="8c84fa94-04c1-424b-9868-57a2d4851a1d" />
    <TestEntry testId="fd21b23e-b65a-72fa-abc9-2657d2f4a0c9" executionId="31cba622-2a8e-46dc-bb0e-69231d6c17f2" testListId="8c84fa94-04c1-424b-9868-57a2d4851a1d" />
    <TestEntry testId="b79d3636-bfeb-ad69-d009-a91a1e67ffe1" executionId="81be2b73-22c9-4e86-a7a2-689204d0b8a0" testListId="8c84fa94-04c1-424b-9868-57a2d4851a1d" />
    <TestEntry testId="263276bf-d01d-53a8-8c21-0dc08e7a3fe9" executionId="32782dff-628f-4106-b6f1-db8c7959838e" testListId="8c84fa94-04c1-424b-9868-57a2d4851a1d" />
    <TestEntry testId="4bfc2f27-f671-28e1-e80d-aed397b42d89" executionId="4742d4b8-3e19-4d34-8cff-6c31629aa0e3" testListId="8c84fa94-04c1-424b-9868-57a2d4851a1d" />
    <TestEntry testId="14232363-2d1a-2c87-2b86-2dc787c040a0" executionId="2893c188-6bae-4dfd-ad10-86a776c5db7d" testListId="8c84fa94-04c1-424b-9868-57a2d4851a1d" />
    <TestEntry testId="7de0ecc3-6494-9b84-39ad-8950d6363b1d" executionId="c972c87a-bbc9-4484-8286-6046ea9cd310" testListId="8c84fa94-04c1-424b-9868-57a2d4851a1d" />
    <TestEntry testId="1d496b7f-4d85-3442-baf6-746eab3f3ae6" executionId="77340d51-a36e-4643-b7e3-d50d58fb237e" testListId="8c84fa94-04c1-424b-9868-57a2d4851a1d" />
    <TestEntry testId="2e55ef14-5b70-b014-46b6-8b165bbaa379" executionId="8aa4cd29-d06a-4307-96db-28cd1ced3b0f" testListId="8c84fa94-04c1-424b-9868-57a2d4851a1d" />
    <TestEntry testId="29af7ac2-2490-ac69-a8cd-d994a32a59ab" executionId="c0bdebb9-d630-48a3-b705-6287bf99a8d4" testListId="8c84fa94-04c1-424b-9868-57a2d4851a1d" />
    <TestEntry testId="51c94613-48c1-18e9-52e3-e737394a365a" executionId="e6d87ab6-8877-4608-bde0-ce5f21e83460" testListId="8c84fa94-04c1-424b-9868-57a2d4851a1d" />
    <TestEntry testId="7cef259f-84a2-33c2-3755-0729e8348c11" executionId="c0bb5a1e-3b0b-45ac-9528-d1ff761f394c" testListId="8c84fa94-04c1-424b-9868-57a2d4851a1d" />
    <TestEntry testId="b5350439-f92c-7842-9b0a-fc7a7f730339" executionId="4cd4fb6a-23ec-46be-9f31-923e1d790fe5" testListId="8c84fa94-04c1-424b-9868-57a2d4851a1d" />
    <TestEntry testId="2c066e57-11f3-e106-95c4-cea91f6b3c9d" executionId="549e7d65-5162-4c4b-95b1-140ac27e07c0" testListId="8c84fa94-04c1-424b-9868-57a2d4851a1d" />
    <TestEntry testId="904da68a-0ee6-0965-ae91-0b0a49902b4c" executionId="4962a0ad-fdac-471b-8b91-6c003617e9af" testListId="8c84fa94-04c1-424b-9868-57a2d4851a1d" />
    <TestEntry testId="36c72acc-3940-d399-93ee-a018b640f8ae" executionId="bb5e04a7-caa9-4149-b917-3fe6a5d6de33" testListId="8c84fa94-04c1-424b-9868-57a2d4851a1d" />
    <TestEntry testId="6a37bb1e-bfb7-486b-ed4d-20ebe0d184e4" executionId="9faaea8c-425d-4709-95d0-ad5b9249fb9e" testListId="8c84fa94-04c1-424b-9868-57a2d4851a1d" />
    <TestEntry testId="badd024c-2b63-31cb-6f95-52d7ee68a56b" executionId="2228edc7-bce4-4336-b39e-a2f6f4e5b09c" testListId="8c84fa94-04c1-424b-9868-57a2d4851a1d" />
    <TestEntry testId="00702a5c-632e-8f8b-cd49-5d1561b7a48a" executionId="ba4a31b3-3751-4768-aa99-754db71dd79a" testListId="8c84fa94-04c1-424b-9868-57a2d4851a1d" />
    <TestEntry testId="77ba3fd0-2f65-064d-333b-1f0fab113ce4" executionId="24afd801-e98c-4e9f-8026-5fd13a3ae639" testListId="8c84fa94-04c1-424b-9868-57a2d4851a1d" />
    <TestEntry testId="f39325e9-1b54-0a99-d5c0-41f9dab04866" executionId="0db9afd0-88d1-4241-889f-f5a2bda556dd" testListId="8c84fa94-04c1-424b-9868-57a2d4851a1d" />
    <TestEntry testId="4c9e5b11-2f51-cfc5-dbb3-086f145ee30e" executionId="c478b5bb-5686-4e97-8b50-b459b50a7fb6" testListId="8c84fa94-04c1-424b-9868-57a2d4851a1d" />
    <TestEntry testId="c8e42e47-c2f6-4806-521c-3f755fc89f48" executionId="44cbf788-dc86-4261-a994-0f54df85c8fa" testListId="8c84fa94-04c1-424b-9868-57a2d4851a1d" />
    <TestEntry testId="860d7bb2-3463-4384-9b7f-8010a7f8904e" executionId="b886e7a0-37b7-4373-b6f8-97d8425e2d8c" testListId="8c84fa94-04c1-424b-9868-57a2d4851a1d" />
    <TestEntry testId="d82668d0-5b5c-ae20-02c7-7a9f766908bf" executionId="d21fdb50-d885-4cf2-92e7-b3e362d3e7da" testListId="8c84fa94-04c1-424b-9868-57a2d4851a1d" />
    <TestEntry testId="5ad043f0-11ee-d875-48f8-de7a5a9a1058" executionId="2129d003-0898-4b9c-82f0-55c76c46ad9b" testListId="8c84fa94-04c1-424b-9868-57a2d4851a1d" />
    <TestEntry testId="ea86ad74-b228-0552-482d-9c66a6024782" executionId="d5bcfe02-203e-4d4c-b527-3bfc064add5e" testListId="8c84fa94-04c1-424b-9868-57a2d4851a1d" />
    <TestEntry testId="d9a78181-bdb6-de6b-ddf1-afdf792c8013" executionId="62e56a3a-3acd-429d-b70e-29617a3044b6" testListId="8c84fa94-04c1-424b-9868-57a2d4851a1d" />
    <TestEntry testId="d69d243e-a6f7-0762-bce7-7c73fa82e6bd" executionId="6e2a41f9-b839-4e3b-a42a-7d107952f1c0" testListId="8c84fa94-04c1-424b-9868-57a2d4851a1d" />
    <TestEntry testId="ab5cd572-4c7a-a976-f99f-fd145e0c16f9" executionId="b2c3be5a-ddac-4398-8186-8a63409b7719" testListId="8c84fa94-04c1-424b-9868-57a2d4851a1d" />
    <TestEntry testId="5bd962ae-8c39-e81b-8211-5b8b50a24d18" executionId="4ab5aeb0-00b9-425f-ade7-23394992caea" testListId="8c84fa94-04c1-424b-9868-57a2d4851a1d" />
    <TestEntry testId="04f876fc-a33e-134a-7809-c15e642cc469" executionId="4021fb75-a91b-4939-a86a-bb3e4c321c5e" testListId="8c84fa94-04c1-424b-9868-57a2d4851a1d" />
    <TestEntry testId="f1751abb-5097-b801-19cf-f4b933015964" executionId="b0213d81-6bd2-40c7-a864-e0c46ddfa131" testListId="8c84fa94-04c1-424b-9868-57a2d4851a1d" />
    <TestEntry testId="d3d9d8d1-9a8a-cf92-dc48-a4791daf5f02" executionId="1f6163fc-21a9-484e-a188-243aad48c3b1" testListId="8c84fa94-04c1-424b-9868-57a2d4851a1d" />
    <TestEntry testId="4804714b-84f1-0698-5d25-a6c3e550d65b" executionId="b0fa5c0e-baac-4e3d-ae24-29f0b10a5040" testListId="8c84fa94-04c1-424b-9868-57a2d4851a1d" />
    <TestEntry testId="48592d01-ebe7-5e10-2849-8d21a78e9fa6" executionId="5a3be4e1-3ccc-4ae4-8f87-e309a532039e" testListId="8c84fa94-04c1-424b-9868-57a2d4851a1d" />
    <TestEntry testId="553c89a0-2c87-6214-ce26-bd694a129ade" executionId="9e7f273d-03f3-4f6f-9a64-36ac111349ad" testListId="8c84fa94-04c1-424b-9868-57a2d4851a1d" />
    <TestEntry testId="099124f7-b1f1-fa7e-52e4-9a8ae7721c93" executionId="46c5dc64-30a3-4027-900a-b32900d28283" testListId="8c84fa94-04c1-424b-9868-57a2d4851a1d" />
    <TestEntry testId="98285438-9029-fd47-319d-fd207276eb0f" executionId="a76120b6-2e80-4cc7-82b0-cec3dccd7141" testListId="8c84fa94-04c1-424b-9868-57a2d4851a1d" />
    <TestEntry testId="3ff2fd07-e7d1-4e8b-5f3c-0b728df2a411" executionId="efd459db-1efb-45bd-bbaf-6fbb93820623" testListId="8c84fa94-04c1-424b-9868-57a2d4851a1d" />
    <TestEntry testId="0c517bae-10da-6d3d-0822-29e9eec25459" executionId="118e3a19-7ba8-4ed6-86eb-c8477b21fbd0" testListId="8c84fa94-04c1-424b-9868-57a2d4851a1d" />
    <TestEntry testId="79f50864-ae36-cd82-74d3-a77f8b01d5a6" executionId="da7b96a6-56ee-4091-9ade-cc9c31bfc7fd" testListId="8c84fa94-04c1-424b-9868-57a2d4851a1d" />
    <TestEntry testId="0a44a036-5b80-d68b-0602-0244058856a0" executionId="c7ac853b-f211-4dc4-b7a2-436cc21f841c" testListId="8c84fa94-04c1-424b-9868-57a2d4851a1d" />
    <TestEntry testId="77f3df85-9183-c087-6445-9975601a6edd" executionId="ed3537da-845f-4cc8-a5f9-b925b7a3fd33" testListId="8c84fa94-04c1-424b-9868-57a2d4851a1d" />
    <TestEntry testId="43c32a25-5de0-32f1-35c1-785060623fd8" executionId="4e45bac3-e586-4187-ad14-826ac2a7d9dd" testListId="8c84fa94-04c1-424b-9868-57a2d4851a1d" />
    <TestEntry testId="3dd89de4-4973-f8b1-cc53-704a729ef17e" executionId="4dbbfcc0-090e-4c86-8ac9-42c3f9ad291f" testListId="8c84fa94-04c1-424b-9868-57a2d4851a1d" />
    <TestEntry testId="28d1a968-d97b-6474-e01e-3e15573aadb2" executionId="67468ef6-6984-4490-ae5e-08b1f505393b" testListId="8c84fa94-04c1-424b-9868-57a2d4851a1d" />
    <TestEntry testId="900d7cbb-b339-1632-4e7b-2609dc0d0b7d" executionId="a197f36a-53b8-4d52-91c0-20cfbe046871" testListId="8c84fa94-04c1-424b-9868-57a2d4851a1d" />
    <TestEntry testId="987d1d61-aece-7194-185a-07fd8c0f2e50" executionId="34b4c2b5-2d16-4acd-b663-0efb08c0857a" testListId="8c84fa94-04c1-424b-9868-57a2d4851a1d" />
    <TestEntry testId="f9439033-7c01-9418-a042-51eb8cecc6c9" executionId="1eb7ccc6-738d-4725-b2c5-6be622759d78" testListId="8c84fa94-04c1-424b-9868-57a2d4851a1d" />
    <TestEntry testId="6858eb63-5804-9396-1ad2-78381b617c72" executionId="33af8da9-8b96-409a-91d2-31042e88ad56" testListId="8c84fa94-04c1-424b-9868-57a2d4851a1d" />
    <TestEntry testId="5a096ea9-7528-77e6-25e0-7cae0f2ba908" executionId="7e389964-13ca-4eb1-9756-e7f03a1031ab" testListId="8c84fa94-04c1-424b-9868-57a2d4851a1d" />
    <TestEntry testId="f37eea7e-5edf-8c64-2686-d391a982c7a7" executionId="f0a07fe6-7f66-47e4-9c84-a1878abee462" testListId="8c84fa94-04c1-424b-9868-57a2d4851a1d" />
    <TestEntry testId="589d78b9-d2a6-037d-8127-89ed661fed16" executionId="4b351e2c-2f57-4936-a358-d8fb5b1c8e09" testListId="8c84fa94-04c1-424b-9868-57a2d4851a1d" />
    <TestEntry testId="b27c3d52-b9f6-5845-2327-123b82ed05a3" executionId="2ac52325-b98f-48a9-b78e-3aefc6013cc3" testListId="8c84fa94-04c1-424b-9868-57a2d4851a1d" />
    <TestEntry testId="50d17cb8-9512-6be0-63b0-c3033c5be1ac" executionId="0ea9f698-80a8-48ff-818b-7b96023446b6" testListId="8c84fa94-04c1-424b-9868-57a2d4851a1d" />
    <TestEntry testId="b2a3552e-409e-d69f-c9bc-f30c9804bee9" executionId="9b3a34c2-20fe-4619-a8ee-668acde4087a" testListId="8c84fa94-04c1-424b-9868-57a2d4851a1d" />
    <TestEntry testId="a244f1fa-f2d4-0f7c-d11a-fe8d31db0ba9" executionId="0d98d315-b01b-4818-ae2d-c3edc21f10ea" testListId="8c84fa94-04c1-424b-9868-57a2d4851a1d" />
    <TestEntry testId="4decabc3-01fc-fb98-3574-761c737d7717" executionId="abacaa06-ab09-4c0f-bd73-703d58d3c334" testListId="8c84fa94-04c1-424b-9868-57a2d4851a1d" />
    <TestEntry testId="680d59a9-b13c-e7f6-5a4e-d015462e1744" executionId="f88a54bd-7e95-40bb-8072-25fd32f485fc" testListId="8c84fa94-04c1-424b-9868-57a2d4851a1d" />
    <TestEntry testId="760982e5-2898-2031-5333-1708d75b7598" executionId="5bb62605-5542-4e62-b252-2de105c6161a" testListId="8c84fa94-04c1-424b-9868-57a2d4851a1d" />
    <TestEntry testId="ebaaa583-48d4-2e26-aee9-c128991e45c1" executionId="8a0efd3a-2a4d-4261-bac2-3855a293e246" testListId="8c84fa94-04c1-424b-9868-57a2d4851a1d" />
    <TestEntry testId="838ec2c3-dd4c-857d-8ea2-451004edd07b" executionId="53719561-806c-4a11-a3ec-250c59094ca0" testListId="8c84fa94-04c1-424b-9868-57a2d4851a1d" />
    <TestEntry testId="7fba6649-c381-010b-037f-f346e8022c8d" executionId="8e36ad11-8e17-4bad-ac05-11d5fb4f50c8" testListId="8c84fa94-04c1-424b-9868-57a2d4851a1d" />
    <TestEntry testId="8b825928-c1c9-a70c-9ad5-443b8b96d8ee" executionId="181680ce-9b39-4db8-b87e-871bc2675cd6" testListId="8c84fa94-04c1-424b-9868-57a2d4851a1d" />
    <TestEntry testId="e48234b7-bde5-df9d-454b-b5bdd363b116" executionId="2c53a126-756c-49eb-b6f8-779a1f8aab56" testListId="8c84fa94-04c1-424b-9868-57a2d4851a1d" />
    <TestEntry testId="9dea66ef-1325-d800-a20c-3f5024b0ee24" executionId="c449d9ff-8b7a-40ec-a65f-bc108e0d73a1" testListId="8c84fa94-04c1-424b-9868-57a2d4851a1d" />
    <TestEntry testId="12461229-0216-5c32-3832-1c88257cc8f9" executionId="146bc32c-6d76-46f7-97ab-d2de77838f80" testListId="8c84fa94-04c1-424b-9868-57a2d4851a1d" />
    <TestEntry testId="3da11b83-b9e5-5ce4-7a37-ba8584ee11eb" executionId="f6b952fb-ef3e-4edc-83a4-ad8d0905bc59" testListId="8c84fa94-04c1-424b-9868-57a2d4851a1d" />
    <TestEntry testId="de3b71e6-36fa-acaf-e908-edbe3540305e" executionId="2be9963a-f85d-4527-8578-0634db1b3296" testListId="8c84fa94-04c1-424b-9868-57a2d4851a1d" />
    <TestEntry testId="761e6684-2b88-4e0a-f485-2dc8a1aafc81" executionId="d992805b-4898-45fd-a068-5d9208ded2cb" testListId="8c84fa94-04c1-424b-9868-57a2d4851a1d" />
    <TestEntry testId="aa3750ec-02ed-6439-193c-1b03b0e8f043" executionId="d91aa9f6-64bf-45e4-a964-97387a2a8ac2" testListId="8c84fa94-04c1-424b-9868-57a2d4851a1d" />
    <TestEntry testId="1f3bc677-d9cd-b457-ba8c-ba80eeaf9ec8" executionId="542fa23f-d406-430e-93bb-d5e07d85f924" testListId="8c84fa94-04c1-424b-9868-57a2d4851a1d" />
    <TestEntry testId="38c38080-b550-349b-993c-3664be744fac" executionId="ffa9e9bb-8751-49b8-b796-1a0ebde716b1" testListId="8c84fa94-04c1-424b-9868-57a2d4851a1d" />
    <TestEntry testId="329b7fae-508d-1708-3ba9-cd90d2c6729a" executionId="b54eea84-1aec-4b33-8896-735f24722e2d" testListId="8c84fa94-04c1-424b-9868-57a2d4851a1d" />
    <TestEntry testId="d55edd33-df70-765a-402c-898f06e535b3" executionId="e33d274d-f2c2-4826-82a5-6bcee193f422" testListId="8c84fa94-04c1-424b-9868-57a2d4851a1d" />
    <TestEntry testId="9044bee7-c48d-de00-9294-9d3883a510dd" executionId="49859057-a403-49b2-8bd1-03b9f43cb368" testListId="8c84fa94-04c1-424b-9868-57a2d4851a1d" />
    <TestEntry testId="75c80a4d-b417-1625-7fdb-3e02871f7940" executionId="5e0a3557-ca3d-4df8-bd19-84c4327c6c0a" testListId="8c84fa94-04c1-424b-9868-57a2d4851a1d" />
    <TestEntry testId="7bfa861d-0e3f-991f-caa1-9c00c5c4d6f9" executionId="aeea43fb-ccb8-4484-a045-66f61cfe308e" testListId="8c84fa94-04c1-424b-9868-57a2d4851a1d" />
    <TestEntry testId="595ec452-9910-b54d-fe5d-056b15944d7d" executionId="66d2f1df-eca2-4fbf-b3d4-da42a63e1570" testListId="8c84fa94-04c1-424b-9868-57a2d4851a1d" />
    <TestEntry testId="4e7c13bc-5bad-4091-a766-ac5b9042eddf" executionId="5f0b367b-0da1-4ec6-a66e-140aec82565d" testListId="8c84fa94-04c1-424b-9868-57a2d4851a1d" />
    <TestEntry testId="0593ea9d-f16a-d176-e389-17651104267d" executionId="63d036ab-77c6-4f96-aa13-e2788058001d" testListId="8c84fa94-04c1-424b-9868-57a2d4851a1d" />
    <TestEntry testId="4636cdc1-1790-4fcd-567b-29a184c65a4f" executionId="c57f859e-dfb3-44fd-9c92-d40487817efb" testListId="8c84fa94-04c1-424b-9868-57a2d4851a1d" />
    <TestEntry testId="648ec507-3e40-65ae-7b08-82cd8a2d213d" executionId="e2711398-0ada-4951-bdd0-dca0252974e5" testListId="8c84fa94-04c1-424b-9868-57a2d4851a1d" />
    <TestEntry testId="053dfdd6-4008-cb96-42d3-f693f0342966" executionId="c76addc2-e171-4893-824f-bb23f68b8568" testListId="8c84fa94-04c1-424b-9868-57a2d4851a1d" />
    <TestEntry testId="daf2a6d4-f13c-bd56-e4ff-1040263824a5" executionId="2a882ed2-9a11-4dc4-bba7-786726d96dbb" testListId="8c84fa94-04c1-424b-9868-57a2d4851a1d" />
    <TestEntry testId="2b4f7022-a5e9-a94e-1ede-8031580a8bd9" executionId="3f6d1671-6395-4f4b-bdc7-843aaa1d1063" testListId="8c84fa94-04c1-424b-9868-57a2d4851a1d" />
    <TestEntry testId="f636fd70-8b0c-af80-1b05-e9ac852ee44b" executionId="3550773f-80e6-44fb-b7a1-600f7d18f82f" testListId="8c84fa94-04c1-424b-9868-57a2d4851a1d" />
    <TestEntry testId="cb2b9d87-21fe-9e4c-5e8f-d5f09cfc938d" executionId="e3855f10-94c9-48fb-ac78-b8801b451335" testListId="8c84fa94-04c1-424b-9868-57a2d4851a1d" />
    <TestEntry testId="cd9f0547-96e5-3fc9-a953-9a41f4239b7e" executionId="94c96e30-cbdc-42b9-9373-af80d74cd726" testListId="8c84fa94-04c1-424b-9868-57a2d4851a1d" />
    <TestEntry testId="a870ea4b-0bcc-1dc4-c660-8a0fc4c73005" executionId="7f91db6d-ac32-43bd-a1e7-d7c56e1e5f06" testListId="8c84fa94-04c1-424b-9868-57a2d4851a1d" />
    <TestEntry testId="044c11b7-4783-6016-86e6-319c7f680bba" executionId="86ac52d8-076f-418d-93bd-77dbdb9509ee" testListId="8c84fa94-04c1-424b-9868-57a2d4851a1d" />
    <TestEntry testId="69fa1047-0cf7-32fc-465e-f5d27df99174" executionId="3a609278-470a-4480-b0ad-ac76bb9143d1" testListId="8c84fa94-04c1-424b-9868-57a2d4851a1d" />
    <TestEntry testId="e885e3fb-fdaf-aba5-f190-f6d1d1c0be56" executionId="dcbf5dc9-57bc-4449-9445-d0d6db7590cc" testListId="8c84fa94-04c1-424b-9868-57a2d4851a1d" />
    <TestEntry testId="78834b78-ba09-85a3-9b43-a59bf2d13bb8" executionId="7014c128-827b-4413-b261-ede525d314f1" testListId="8c84fa94-04c1-424b-9868-57a2d4851a1d" />
    <TestEntry testId="f8b8bc45-b5ae-51b0-5b25-a5448e160cd6" executionId="19386edd-f42e-4803-9548-12043c982d60" testListId="8c84fa94-04c1-424b-9868-57a2d4851a1d" />
    <TestEntry testId="00956f6a-59ce-4d66-7979-54a3218f53cc" executionId="07f69008-f786-41db-8604-2ec29bf488cf" testListId="8c84fa94-04c1-424b-9868-57a2d4851a1d" />
    <TestEntry testId="581f9c7e-d081-34fa-9f99-4b12fe52f802" executionId="b2ddaa0f-60b4-4c14-adaa-28e808d36460" testListId="8c84fa94-04c1-424b-9868-57a2d4851a1d" />
    <TestEntry testId="653d25fa-405a-af3a-9b44-0bbd20b78da1" executionId="2139f3c1-847e-4d59-b11f-afc872143c23" testListId="8c84fa94-04c1-424b-9868-57a2d4851a1d" />
    <TestEntry testId="2d971e6e-1141-7539-a4ee-cea8b750ba0f" executionId="f078b52a-ac33-48da-8745-cd22e9591270" testListId="8c84fa94-04c1-424b-9868-57a2d4851a1d" />
    <TestEntry testId="f08bf83b-de88-ed10-acb6-38e08f644d73" executionId="32af0387-c899-412d-807e-b2efb1e06985" testListId="8c84fa94-04c1-424b-9868-57a2d4851a1d" />
    <TestEntry testId="7aef322d-ec15-9532-fc7f-72091b47da47" executionId="e8e3a919-9a96-410c-a4c7-6cdccc8d74e1" testListId="8c84fa94-04c1-424b-9868-57a2d4851a1d" />
    <TestEntry testId="f94ef4d3-912c-98e8-d91f-a8d6438a9fc7" executionId="1cedce1a-3a8e-4297-abd4-b367f2c4334f" testListId="8c84fa94-04c1-424b-9868-57a2d4851a1d" />
    <TestEntry testId="f14783b5-ed15-823a-71ed-940928e892af" executionId="787ae9b1-ec0c-4d33-a7dc-ce8a689418af" testListId="8c84fa94-04c1-424b-9868-57a2d4851a1d" />
    <TestEntry testId="2796d8a9-eef3-faba-1b60-d74508f3bc2a" executionId="0ce152ae-440e-4c21-b1d4-f74133d13713" testListId="8c84fa94-04c1-424b-9868-57a2d4851a1d" />
    <TestEntry testId="e9de91da-3da9-4419-930c-5abb3aa3ecf5" executionId="3162e49f-c664-4336-8868-b6fc19cb7d00" testListId="8c84fa94-04c1-424b-9868-57a2d4851a1d" />
    <TestEntry testId="79448b31-c049-6866-5312-6ba1caf0b297" executionId="f7cb2f10-b86d-493d-b05d-7e8c24b6e278" testListId="8c84fa94-04c1-424b-9868-57a2d4851a1d" />
    <TestEntry testId="62802696-dc58-01a9-b7e3-cf8b980ba959" executionId="32618d33-b195-4e2f-9a4d-16798d5d1677" testListId="8c84fa94-04c1-424b-9868-57a2d4851a1d" />
    <TestEntry testId="9ef3112e-25d1-e221-095c-024557710b7f" executionId="c0c7aea4-dced-47d3-8403-097ce18495fc" testListId="8c84fa94-04c1-424b-9868-57a2d4851a1d" />
    <TestEntry testId="4e363a50-e598-f515-20a1-f4eb63dd8d31" executionId="3b9c390f-b391-4483-9a32-e6724d97f3af" testListId="8c84fa94-04c1-424b-9868-57a2d4851a1d" />
    <TestEntry testId="bcfb7d92-52a7-36d0-7b59-d2d7512e4994" executionId="ca0ec35b-8395-4d0d-9a32-d9d12ccc1516" testListId="8c84fa94-04c1-424b-9868-57a2d4851a1d" />
    <TestEntry testId="9dd1772e-c9d3-9fb4-d30a-98b9c640e03b" executionId="8c0f4ee2-a76c-45ad-a0f0-1d4e733f4ca5" testListId="8c84fa94-04c1-424b-9868-57a2d4851a1d" />
    <TestEntry testId="d08af2b3-ffd9-5196-7ce0-2b4d5efeb421" executionId="c7b07d7e-f12d-4313-99fd-a9904aa6347c" testListId="8c84fa94-04c1-424b-9868-57a2d4851a1d" />
  </TestEntries>
  <TestLists>
    <TestList name="Results Not in a List" id="8c84fa94-04c1-424b-9868-57a2d4851a1d" />
    <TestList name="All Loaded Results" id="19431567-8539-422a-85d7-44ee4e166bda" />
  </TestLists>
  <ResultSummary outcome="Failed">
    <Counters total="276" executed="276" passed="262" failed="14" error="0" timeout="0" aborted="0" inconclusive="0" passedButRunAborted="0" notRunnable="0" notExecuted="0" disconnected="0" warning="0" completed="0" inProgress="0" pending="0" />
    <Output>
      <StdOut>[xUnit.net 00:00:00.00] xUnit.net VSTest Adapter v2.8.2+699d445a1a (64-bit .NET 8.0.14)
[xUnit.net 00:00:00.04]   Discovering: AppInfraCdkV1.Tests
[xUnit.net 00:00:00.08]   Discovered:  AppInfraCdkV1.Tests
[xUnit.net 00:00:00.08]   Starting:    AppInfraCdkV1.Tests
\ud83e\uddea Testing IAM Role creation with purpose: EcsExecution
✅ Generated IAM Role name: dev-tfv2-role-ue2-ecs-exec
\ud83d\udd0d Environment: Development
\ud83c\udff7️  Application: TrialFinderV2
\ud83c\udf0d Region: us-east-2
✅ IAM Role name validation passed: dev-tfv2-role-ue2-ecs-exec
[xUnit.net 00:00:00.33]       Shouldly.ShouldAssertException : result.StandardOutput&#xD;
[xUnit.net 00:00:00.33]           should contain (case insensitive comparison)&#xD;
[xUnit.net 00:00:00.33]       "Account-level uniqueness validated"&#xD;
[xUnit.net 00:00:00.33]           but was actually&#xD;
[xUnit.net 00:00:00.33]       "\ud83d\ude80 Starting CDK deployment for TrialFinderV2 in Development
[xUnit.net 00:00:00.33]       \ud83d\udd0d Validating naming conventions...
[xUnit.net 00:00:00.33]       ✅ Na..."
[xUnit.net 00:00:00.33]       Stack Trace:
[xUnit.net 00:00:00.33]         /Users/ken/code/AppInfraCdkV1/AppInfraCdkV1.Tests/Integration/ShowNamesOnlyIntegrationTests.cs(169,0): at AppInfraCdkV1.Tests.Integration.ShowNamesOnlyIntegrationTests.ShowNamesOnly_WithValidEnvironmentAndApp_PassesValidation(String environment, String application)
[xUnit.net 00:00:00.33]            at System.Runtime.ExceptionServices.ExceptionDispatchInfo.Throw()
[xUnit.net 00:00:00.33]            at System.Runtime.CompilerServices.TaskAwaiter.ThrowForNonSuccess(Task task)
[xUnit.net 00:00:00.33]            at System.Runtime.CompilerServices.TaskAwaiter.HandleNonSuccessAndDebuggerNotification(Task task, ConfigureAwaitOptions options)
[xUnit.net 00:00:00.33]         --- End of stack trace from previous location ---
[xUnit.net 00:00:00.33]            at System.Runtime.ExceptionServices.ExceptionDispatchInfo.Throw()
[xUnit.net 00:00:00.33]            at System.Runtime.CompilerServices.TaskAwaiter.ThrowForNonSuccess(Task task)
[xUnit.net 00:00:00.33]            at System.Runtime.CompilerServices.TaskAwaiter.HandleNonSuccessAndDebuggerNotification(Task task, ConfigureAwaitOptions options)
[xUnit.net 00:00:00.33]            at System.Runtime.ExceptionServices.ExceptionDispatchInfo.Throw()
[xUnit.net 00:00:00.33]            at System.Runtime.CompilerServices.TaskAwaiter.ThrowForNonSuccess(Task task)
[xUnit.net 00:00:00.33]            at System.Runtime.CompilerServices.TaskAwaiter.HandleNonSuccessAndDebuggerNotification(Task task, ConfigureAwaitOptions options)
[xUnit.net 00:00:00.33]       Shouldly.ShouldAssertException : output&#xD;
[xUnit.net 00:00:00.33]           should contain (case insensitive comparison)&#xD;
[xUnit.net 00:00:00.33]       "Starting CDK deployment for TrialMatch in Development"&#xD;
[xUnit.net 00:00:00.33]           but was actually&#xD;
[xUnit.net 00:00:00.33]       "\ud83d\ude80 Starting CDK deployment for TrialFinderV2 in Development
[xUnit.net 00:00:00.33]       \ud83d\udd0d Validating naming conventions...
[xUnit.net 00:00:00.33]       ✅ Na..."
[xUnit.net 00:00:00.33]       Stack Trace:
[xUnit.net 00:00:00.33]         /Users/ken/code/AppInfraCdkV1/AppInfraCdkV1.Tests/Integration/ShowNamesOnlyBasicTest.cs(48,0): at AppInfraCdkV1.Tests.Integration.ShowNamesOnlyBasicTest.ShowNamesOnly_BasicExecution_ReturnsExpectedOutput(String application)
[xUnit.net 00:00:00.33]            at System.Runtime.ExceptionServices.ExceptionDispatchInfo.Throw()
[xUnit.net 00:00:00.33]            at System.Runtime.CompilerServices.TaskAwaiter.ThrowForNonSuccess(Task task)
[xUnit.net 00:00:00.33]            at System.Runtime.CompilerServices.TaskAwaiter.HandleNonSuccessAndDebuggerNotification(Task task, ConfigureAwaitOptions options)
[xUnit.net 00:00:00.33]         --- End of stack trace from previous location ---
[xUnit.net 00:00:00.33]            at System.Runtime.ExceptionServices.ExceptionDispatchInfo.Throw()
[xUnit.net 00:00:00.33]            at System.Runtime.CompilerServices.TaskAwaiter.ThrowForNonSuccess(Task task)
[xUnit.net 00:00:00.33]            at System.Runtime.CompilerServices.TaskAwaiter.HandleNonSuccessAndDebuggerNotification(Task task, ConfigureAwaitOptions options)
[xUnit.net 00:00:00.33]            at System.Runtime.ExceptionServices.ExceptionDispatchInfo.Throw()
[xUnit.net 00:00:00.33]            at System.Runtime.CompilerServices.TaskAwaiter.ThrowForNonSuccess(Task task)
[xUnit.net 00:00:00.33]            at System.Runtime.CompilerServices.TaskAwaiter.HandleNonSuccessAndDebuggerNotification(Task task, ConfigureAwaitOptions options)
[xUnit.net 00:00:00.41]       Shouldly.ShouldAssertException : result.StandardOutput&#xD;
[xUnit.net 00:00:00.41]           should contain (case insensitive comparison)&#xD;
[xUnit.net 00:00:00.41]       "Account-level uniqueness validated"&#xD;
[xUnit.net 00:00:00.41]           but was actually&#xD;
[xUnit.net 00:00:00.41]       "\ud83d\ude80 Starting CDK deployment for TrialFinderV2 in Development
[xUnit.net 00:00:00.41]       \ud83d\udd0d Validating naming conventions...
[xUnit.net 00:00:00.41]       ✅ Na..."
[xUnit.net 00:00:00.41]       Stack Trace:
[xUnit.net 00:00:00.41]         /Users/ken/code/AppInfraCdkV1/AppInfraCdkV1.Tests/Integration/ShowNamesOnlyIntegrationTests.cs(169,0): at AppInfraCdkV1.Tests.Integration.ShowNamesOnlyIntegrationTests.ShowNamesOnly_WithValidEnvironmentAndApp_PassesValidation(String environment, String application)
[xUnit.net 00:00:00.41]            at System.Runtime.ExceptionServices.ExceptionDispatchInfo.Throw()
[xUnit.net 00:00:00.41]            at System.Runtime.CompilerServices.TaskAwaiter.ThrowForNonSuccess(Task task)
[xUnit.net 00:00:00.41]            at System.Runtime.CompilerServices.TaskAwaiter.HandleNonSuccessAndDebuggerNotification(Task task, ConfigureAwaitOptions options)
[xUnit.net 00:00:00.41]         --- End of stack trace from previous location ---
[xUnit.net 00:00:00.41]            at System.Runtime.ExceptionServices.ExceptionDispatchInfo.Throw()
[xUnit.net 00:00:00.41]            at System.Runtime.CompilerServices.TaskAwaiter.ThrowForNonSuccess(Task task)
[xUnit.net 00:00:00.41]            at System.Runtime.CompilerServices.TaskAwaiter.HandleNonSuccessAndDebuggerNotification(Task task, ConfigureAwaitOptions options)
[xUnit.net 00:00:00.41]            at System.Runtime.ExceptionServices.ExceptionDispatchInfo.Throw()
[xUnit.net 00:00:00.41]            at System.Runtime.CompilerServices.TaskAwaiter.ThrowForNonSuccess(Task task)
[xUnit.net 00:00:00.41]            at System.Runtime.CompilerServices.TaskAwaiter.HandleNonSuccessAndDebuggerNotification(Task task, ConfigureAwaitOptions options)
[xUnit.net 00:00:00.54]       Shouldly.ShouldAssertException : result.StandardOutput&#xD;
[xUnit.net 00:00:00.54]           should contain (case insensitive comparison)&#xD;
[xUnit.net 00:00:00.54]       "Account-level uniqueness validated"&#xD;
[xUnit.net 00:00:00.54]           but was actually&#xD;
[xUnit.net 00:00:00.54]       "\ud83d\ude80 Starting CDK deployment for TrialFinderV2 in Development
[xUnit.net 00:00:00.54]       \ud83d\udd0d Validating naming conventions...
[xUnit.net 00:00:00.54]       ✅ Na..."
[xUnit.net 00:00:00.54]       Stack Trace:
[xUnit.net 00:00:00.54]         /Users/ken/code/AppInfraCdkV1/AppInfraCdkV1.Tests/Integration/ShowNamesOnlyIntegrationTests.cs(169,0): at AppInfraCdkV1.Tests.Integration.ShowNamesOnlyIntegrationTests.ShowNamesOnly_WithValidEnvironmentAndApp_PassesValidation(String environment, String application)
[xUnit.net 00:00:00.54]            at System.Runtime.ExceptionServices.ExceptionDispatchInfo.Throw()
[xUnit.net 00:00:00.54]            at System.Runtime.CompilerServices.TaskAwaiter.ThrowForNonSuccess(Task task)
[xUnit.net 00:00:00.54]            at System.Runtime.CompilerServices.TaskAwaiter.HandleNonSuccessAndDebuggerNotification(Task task, ConfigureAwaitOptions options)
[xUnit.net 00:00:00.54]         --- End of stack trace from previous location ---
[xUnit.net 00:00:00.54]            at System.Runtime.ExceptionServices.ExceptionDispatchInfo.Throw()
[xUnit.net 00:00:00.54]            at System.Runtime.CompilerServices.TaskAwaiter.ThrowForNonSuccess(Task task)
[xUnit.net 00:00:00.54]            at System.Runtime.CompilerServices.TaskAwaiter.HandleNonSuccessAndDebuggerNotification(Task task, ConfigureAwaitOptions options)
[xUnit.net 00:00:00.54]            at System.Runtime.ExceptionServices.ExceptionDispatchInfo.Throw()
[xUnit.net 00:00:00.54]            at System.Runtime.CompilerServices.TaskAwaiter.ThrowForNonSuccess(Task task)
[xUnit.net 00:00:00.54]            at System.Runtime.CompilerServices.TaskAwaiter.HandleNonSuccessAndDebuggerNotification(Task task, ConfigureAwaitOptions options)
[xUnit.net 00:00:00.65]       Shouldly.ShouldAssertException : result.StandardOutput&#xD;
[xUnit.net 00:00:00.65]           should contain (case insensitive comparison)&#xD;
[xUnit.net 00:00:00.65]       "Account-level uniqueness validated"&#xD;
[xUnit.net 00:00:00.65]           but was actually&#xD;
[xUnit.net 00:00:00.69]       "\ud83d\ude80 Starting CDK deployment for TrialFinderV2 in Development
[xUnit.net 00:00:00.69]       \ud83d\udd0d Validating naming conventions...
[xUnit.net 00:00:00.69]       ✅ Na..."
[xUnit.net 00:00:00.69]       Stack Trace:
[xUnit.net 00:00:00.69]         /Users/ken/code/AppInfraCdkV1/AppInfraCdkV1.Tests/Integration/ShowNamesOnlyIntegrationTests.cs(169,0): at AppInfraCdkV1.Tests.Integration.ShowNamesOnlyIntegrationTests.ShowNamesOnly_WithValidEnvironmentAndApp_PassesValidation(String environment, String application)
[xUnit.net 00:00:00.69]            at System.Runtime.ExceptionServices.ExceptionDispatchInfo.Throw()
[xUnit.net 00:00:00.69]            at System.Runtime.CompilerServices.TaskAwaiter.ThrowForNonSuccess(Task task)
[xUnit.net 00:00:00.69]            at System.Runtime.CompilerServices.TaskAwaiter.HandleNonSuccessAndDebuggerNotification(Task task, ConfigureAwaitOptions options)
[xUnit.net 00:00:00.69]         --- End of stack trace from previous location ---
[xUnit.net 00:00:00.69]            at System.Runtime.ExceptionServices.ExceptionDispatchInfo.Throw()
[xUnit.net 00:00:00.69]            at System.Runtime.CompilerServices.TaskAwaiter.ThrowForNonSuccess(Task task)
[xUnit.net 00:00:00.69]            at System.Runtime.CompilerServices.TaskAwaiter.HandleNonSuccessAndDebuggerNotification(Task task, ConfigureAwaitOptions options)
[xUnit.net 00:00:00.69]            at System.Runtime.ExceptionServices.ExceptionDispatchInfo.Throw()
[xUnit.net 00:00:00.69]            at System.Runtime.CompilerServices.TaskAwaiter.ThrowForNonSuccess(Task task)
[xUnit.net 00:00:00.69]            at System.Runtime.CompilerServices.TaskAwaiter.HandleNonSuccessAndDebuggerNotification(Task task, ConfigureAwaitOptions options)
[xUnit.net 00:00:01.43]       Shouldly.ShouldAssertException : result.StandardOutput&#xD;
[xUnit.net 00:00:01.43]           should contain (case insensitive comparison)&#xD;
[xUnit.net 00:00:01.43]       "Environment: Production"&#xD;
[xUnit.net 00:00:01.43]           but was actually&#xD;
[xUnit.net 00:00:01.43]       "\ud83d\ude80 Starting CDK deployment for TrialFinderV2 in Development
[xUnit.net 00:00:01.43]       \ud83d\udd0d Validating naming conventions...
[xUnit.net 00:00:01.43]       ✅ Na..."
[xUnit.net 00:00:01.43]       Stack Trace:
[xUnit.net 00:00:01.43]         /Users/ken/code/AppInfraCdkV1/AppInfraCdkV1.Tests/Integration/ShowNamesOnlyIntegrationTests.cs(141,0): at AppInfraCdkV1.Tests.Integration.ShowNamesOnlyIntegrationTests.ShowNamesOnly_WithValidEnvironmentAndApp_ContainsAccountContext(String environment, String application)
[xUnit.net 00:00:01.43]            at System.Runtime.ExceptionServices.ExceptionDispatchInfo.Throw()
[xUnit.net 00:00:01.43]            at System.Runtime.CompilerServices.TaskAwaiter.ThrowForNonSuccess(Task task)
[xUnit.net 00:00:01.43]            at System.Runtime.CompilerServices.TaskAwaiter.HandleNonSuccessAndDebuggerNotification(Task task, ConfigureAwaitOptions options)
[xUnit.net 00:00:01.43]         --- End of stack trace from previous location ---
[xUnit.net 00:00:01.43]            at System.Runtime.ExceptionServices.ExceptionDispatchInfo.Throw()
[xUnit.net 00:00:01.43]            at System.Runtime.CompilerServices.TaskAwaiter.ThrowForNonSuccess(Task task)
[xUnit.net 00:00:01.43]            at System.Runtime.CompilerServices.TaskAwaiter.HandleNonSuccessAndDebuggerNotification(Task task, ConfigureAwaitOptions options)
[xUnit.net 00:00:01.43]            at System.Runtime.ExceptionServices.ExceptionDispatchInfo.Throw()
[xUnit.net 00:00:01.43]            at System.Runtime.CompilerServices.TaskAwaiter.ThrowForNonSuccess(Task task)
[xUnit.net 00:00:01.43]            at System.Runtime.CompilerServices.TaskAwaiter.HandleNonSuccessAndDebuggerNotification(Task task, ConfigureAwaitOptions options)
[xUnit.net 00:00:01.53]       Shouldly.ShouldAssertException : result.StandardOutput&#xD;
[xUnit.net 00:00:01.53]           should contain (case insensitive comparison)&#xD;
[xUnit.net 00:00:01.53]       "Environment: Production"&#xD;
[xUnit.net 00:00:01.53]           but was actually&#xD;
[xUnit.net 00:00:01.53]       "\ud83d\ude80 Starting CDK deployment for TrialFinderV2 in Development
[xUnit.net 00:00:01.53]       \ud83d\udd0d Validating naming conventions...
[xUnit.net 00:00:01.53]       ✅ Na..."
[xUnit.net 00:00:01.53]       Stack Trace:
[xUnit.net 00:00:01.53]         /Users/ken/code/AppInfraCdkV1/AppInfraCdkV1.Tests/Integration/ShowNamesOnlyIntegrationTests.cs(141,0): at AppInfraCdkV1.Tests.Integration.ShowNamesOnlyIntegrationTests.ShowNamesOnly_WithValidEnvironmentAndApp_ContainsAccountContext(String environment, String application)
[xUnit.net 00:00:01.53]            at System.Runtime.ExceptionServices.ExceptionDispatchInfo.Throw()
[xUnit.net 00:00:01.53]            at System.Runtime.CompilerServices.TaskAwaiter.ThrowForNonSuccess(Task task)
[xUnit.net 00:00:01.53]            at System.Runtime.CompilerServices.TaskAwaiter.HandleNonSuccessAndDebuggerNotification(Task task, ConfigureAwaitOptions options)
[xUnit.net 00:00:01.53]         --- End of stack trace from previous location ---
[xUnit.net 00:00:01.53]            at System.Runtime.ExceptionServices.ExceptionDispatchInfo.Throw()
[xUnit.net 00:00:01.53]            at System.Runtime.CompilerServices.TaskAwaiter.ThrowForNonSuccess(Task task)
[xUnit.net 00:00:01.53]            at System.Runtime.CompilerServices.TaskAwaiter.HandleNonSuccessAndDebuggerNotification(Task task, ConfigureAwaitOptions options)
[xUnit.net 00:00:01.53]            at System.Runtime.ExceptionServices.ExceptionDispatchInfo.Throw()
[xUnit.net 00:00:01.53]            at System.Runtime.CompilerServices.TaskAwaiter.ThrowForNonSuccess(Task task)
[xUnit.net 00:00:01.53]            at System.Runtime.CompilerServices.TaskAwaiter.HandleNonSuccessAndDebuggerNotification(Task task, ConfigureAwaitOptions options)
[xUnit.net 00:00:01.91]       Shouldly.ShouldAssertException : result.ExitCode&#xD;
[xUnit.net 00:00:01.91]           should not be&#xD;
[xUnit.net 00:00:01.91]       0&#xD;
[xUnit.net 00:00:01.91]           but was&#xD;
[xUnit.net 00:00:01.91]       &#xD;
[xUnit.net 00:00:01.91]       Additional Info:&#xD;
[xUnit.net 00:00:01.91]           Command should fail with invalid environment
[xUnit.net 00:00:01.91]       Stack Trace:
[xUnit.net 00:00:01.91]         /Users/ken/code/AppInfraCdkV1/AppInfraCdkV1.Tests/Integration/ShowNamesOnlyIntegrationTests.cs(182,0): at AppInfraCdkV1.Tests.Integration.ShowNamesOnlyIntegrationTests.ShowNamesOnly_WithInvalidEnvironment_FailsWithError()
[xUnit.net 00:00:01.91]            at System.Runtime.ExceptionServices.ExceptionDispatchInfo.Throw()
[xUnit.net 00:00:01.91]            at System.Runtime.CompilerServices.TaskAwaiter.ThrowForNonSuccess(Task task)
[xUnit.net 00:00:01.91]            at System.Runtime.CompilerServices.TaskAwaiter.HandleNonSuccessAndDebuggerNotification(Task task, ConfigureAwaitOptions options)
[xUnit.net 00:00:01.91]         --- End of stack trace from previous location ---
[xUnit.net 00:00:01.91]            at System.Runtime.ExceptionServices.ExceptionDispatchInfo.Throw()
[xUnit.net 00:00:01.91]            at System.Runtime.CompilerServices.TaskAwaiter.ThrowForNonSuccess(Task task)
[xUnit.net 00:00:01.91]            at System.Runtime.CompilerServices.TaskAwaiter.HandleNonSuccessAndDebuggerNotification(Task task, ConfigureAwaitOptions options)
[xUnit.net 00:00:01.91]            at System.Runtime.ExceptionServices.ExceptionDispatchInfo.Throw()
[xUnit.net 00:00:01.91]            at System.Runtime.CompilerServices.TaskAwaiter.ThrowForNonSuccess(Task task)
[xUnit.net 00:00:01.91]            at System.Runtime.CompilerServices.TaskAwaiter.HandleNonSuccessAndDebuggerNotification(Task task, ConfigureAwaitOptions options)
[xUnit.net 00:00:02.17]       Shouldly.ShouldAssertException : result.StandardOutput&#xD;
[xUnit.net 00:00:02.17]           should contain (case insensitive comparison)&#xD;
[xUnit.net 00:00:02.17]       "API Service:"&#xD;
[xUnit.net 00:00:02.17]           but was actually&#xD;
[xUnit.net 00:00:02.17]       "\ud83d\ude80 Starting CDK deployment for TrialFinderV2 in Development
[xUnit.net 00:00:02.17]       \ud83d\udd0d Validating naming conventions...
[xUnit.net 00:00:02.17]       ✅ Na..."
[xUnit.net 00:00:02.17]       Stack Trace:
[xUnit.net 00:00:02.17]         /Users/ken/code/AppInfraCdkV1/AppInfraCdkV1.Tests/Integration/ShowNamesOnlyIntegrationTests.cs(93,0): at AppInfraCdkV1.Tests.Integration.ShowNamesOnlyIntegrationTests.ShowNamesOnly_WithValidEnvironmentAndApp_ContainsExpectedResourceNames(String environment, String application)
[xUnit.net 00:00:02.17]            at System.Runtime.ExceptionServices.ExceptionDispatchInfo.Throw()
[xUnit.net 00:00:02.17]            at System.Runtime.CompilerServices.TaskAwaiter.ThrowForNonSuccess(Task task)
[xUnit.net 00:00:02.17]            at System.Runtime.CompilerServices.TaskAwaiter.HandleNonSuccessAndDebuggerNotification(Task task, ConfigureAwaitOptions options)
[xUnit.net 00:00:02.17]         --- End of stack trace from previous location ---
[xUnit.net 00:00:02.17]            at System.Runtime.ExceptionServices.ExceptionDispatchInfo.Throw()
[xUnit.net 00:00:02.17]            at System.Runtime.CompilerServices.TaskAwaiter.ThrowForNonSuccess(Task task)
[xUnit.net 00:00:02.17]            at System.Runtime.CompilerServices.TaskAwaiter.HandleNonSuccessAndDebuggerNotification(Task task, ConfigureAwaitOptions options)
[xUnit.net 00:00:02.17]            at System.Runtime.ExceptionServices.ExceptionDispatchInfo.Throw()
[xUnit.net 00:00:02.17]            at System.Runtime.CompilerServices.TaskAwaiter.ThrowForNonSuccess(Task task)
[xUnit.net 00:00:02.17]            at System.Runtime.CompilerServices.TaskAwaiter.HandleNonSuccessAndDebuggerNotification(Task task, ConfigureAwaitOptions options)
[xUnit.net 00:00:02.26]       Shouldly.ShouldAssertException : result.StandardOutput&#xD;
[xUnit.net 00:00:02.26]           should contain (case insensitive comparison)&#xD;
[xUnit.net 00:00:02.26]       "API Service:"&#xD;
[xUnit.net 00:00:02.26]           but was actually&#xD;
[xUnit.net 00:00:02.26]       "\ud83d\ude80 Starting CDK deployment for TrialFinderV2 in Development
[xUnit.net 00:00:02.26]       \ud83d\udd0d Validating naming conventions...
[xUnit.net 00:00:02.26]       ✅ Na..."
[xUnit.net 00:00:02.26]       Stack Trace:
[xUnit.net 00:00:02.26]         /Users/ken/code/AppInfraCdkV1/AppInfraCdkV1.Tests/Integration/ShowNamesOnlyIntegrationTests.cs(93,0): at AppInfraCdkV1.Tests.Integration.ShowNamesOnlyIntegrationTests.ShowNamesOnly_WithValidEnvironmentAndApp_ContainsExpectedResourceNames(String environment, String application)
[xUnit.net 00:00:02.26]            at System.Runtime.ExceptionServices.ExceptionDispatchInfo.Throw()
[xUnit.net 00:00:02.26]            at System.Runtime.CompilerServices.TaskAwaiter.ThrowForNonSuccess(Task task)
[xUnit.net 00:00:02.26]            at System.Runtime.CompilerServices.TaskAwaiter.HandleNonSuccessAndDebuggerNotification(Task task, ConfigureAwaitOptions options)
[xUnit.net 00:00:02.26]         --- End of stack trace from previous location ---
[xUnit.net 00:00:02.26]            at System.Runtime.ExceptionServices.ExceptionDispatchInfo.Throw()
[xUnit.net 00:00:02.26]            at System.Runtime.CompilerServices.TaskAwaiter.ThrowForNonSuccess(Task task)
[xUnit.net 00:00:02.26]            at System.Runtime.CompilerServices.TaskAwaiter.HandleNonSuccessAndDebuggerNotification(Task task, ConfigureAwaitOptions options)
[xUnit.net 00:00:02.26]            at System.Runtime.ExceptionServices.ExceptionDispatchInfo.Throw()
[xUnit.net 00:00:02.26]            at System.Runtime.CompilerServices.TaskAwaiter.ThrowForNonSuccess(Task task)
[xUnit.net 00:00:02.26]            at System.Runtime.CompilerServices.TaskAwaiter.HandleNonSuccessAndDebuggerNotification(Task task, ConfigureAwaitOptions options)
[xUnit.net 00:00:02.35]       Shouldly.ShouldAssertException : result.StandardOutput&#xD;
[xUnit.net 00:00:02.35]           should contain (case insensitive comparison)&#xD;
[xUnit.net 00:00:02.35]       "prod-tm-"&#xD;
[xUnit.net 00:00:02.35]           but was actually&#xD;
[xUnit.net 00:00:02.35]       "\ud83d\ude80 Starting CDK deployment for TrialFinderV2 in Development
[xUnit.net 00:00:02.35]       \ud83d\udd0d Validating naming conventions...
[xUnit.net 00:00:02.35]       ✅ Na..."
[xUnit.net 00:00:02.35]       Stack Trace:
[xUnit.net 00:00:02.35]         /Users/ken/code/AppInfraCdkV1/AppInfraCdkV1.Tests/Integration/ShowNamesOnlyIntegrationTests.cs(218,0): at AppInfraCdkV1.Tests.Integration.ShowNamesOnlyIntegrationTests.ShowNamesOnly_GeneratesCorrectNamingPrefix(String environment, String application, String expectedPrefix)
[xUnit.net 00:00:02.35]            at System.Runtime.ExceptionServices.ExceptionDispatchInfo.Throw()
[xUnit.net 00:00:02.35]            at System.Runtime.CompilerServices.TaskAwaiter.ThrowForNonSuccess(Task task)
[xUnit.net 00:00:02.35]            at System.Runtime.CompilerServices.TaskAwaiter.HandleNonSuccessAndDebuggerNotification(Task task, ConfigureAwaitOptions options)
[xUnit.net 00:00:02.35]         --- End of stack trace from previous location ---
[xUnit.net 00:00:02.35]            at System.Runtime.ExceptionServices.ExceptionDispatchInfo.Throw()
[xUnit.net 00:00:02.35]            at System.Runtime.CompilerServices.TaskAwaiter.ThrowForNonSuccess(Task task)
[xUnit.net 00:00:02.35]            at System.Runtime.CompilerServices.TaskAwaiter.HandleNonSuccessAndDebuggerNotification(Task task, ConfigureAwaitOptions options)
[xUnit.net 00:00:02.35]            at System.Runtime.ExceptionServices.ExceptionDispatchInfo.Throw()
[xUnit.net 00:00:02.35]            at System.Runtime.CompilerServices.TaskAwaiter.ThrowForNonSuccess(Task task)
[xUnit.net 00:00:02.35]            at System.Runtime.CompilerServices.TaskAwaiter.HandleNonSuccessAndDebuggerNotification(Task task, ConfigureAwaitOptions options)
[xUnit.net 00:00:02.44]       Shouldly.ShouldAssertException : result.StandardOutput&#xD;
[xUnit.net 00:00:02.44]           should contain (case insensitive comparison)&#xD;
[xUnit.net 00:00:02.44]       "dev-tm-"&#xD;
[xUnit.net 00:00:02.44]           but was actually&#xD;
[xUnit.net 00:00:02.44]       "\ud83d\ude80 Starting CDK deployment for TrialFinderV2 in Development
[xUnit.net 00:00:02.44]       \ud83d\udd0d Validating naming conventions...
[xUnit.net 00:00:02.44]       ✅ Na..."
[xUnit.net 00:00:02.44]       Stack Trace:
[xUnit.net 00:00:02.44]         /Users/ken/code/AppInfraCdkV1/AppInfraCdkV1.Tests/Integration/ShowNamesOnlyIntegrationTests.cs(218,0): at AppInfraCdkV1.Tests.Integration.ShowNamesOnlyIntegrationTests.ShowNamesOnly_GeneratesCorrectNamingPrefix(String environment, String application, String expectedPrefix)
[xUnit.net 00:00:02.44]            at System.Runtime.ExceptionServices.ExceptionDispatchInfo.Throw()
[xUnit.net 00:00:02.44]            at System.Runtime.CompilerServices.TaskAwaiter.ThrowForNonSuccess(Task task)
[xUnit.net 00:00:02.44]            at System.Runtime.CompilerServices.TaskAwaiter.HandleNonSuccessAndDebuggerNotification(Task task, ConfigureAwaitOptions options)
[xUnit.net 00:00:02.44]         --- End of stack trace from previous location ---
[xUnit.net 00:00:02.44]            at System.Runtime.ExceptionServices.ExceptionDispatchInfo.Throw()
[xUnit.net 00:00:02.44]            at System.Runtime.CompilerServices.TaskAwaiter.ThrowForNonSuccess(Task task)
[xUnit.net 00:00:02.44]            at System.Runtime.CompilerServices.TaskAwaiter.HandleNonSuccessAndDebuggerNotification(Task task, ConfigureAwaitOptions options)
[xUnit.net 00:00:02.44]            at System.Runtime.ExceptionServices.ExceptionDispatchInfo.Throw()
[xUnit.net 00:00:02.44]            at System.Runtime.CompilerServices.TaskAwaiter.ThrowForNonSuccess(Task task)
[xUnit.net 00:00:02.44]            at System.Runtime.CompilerServices.TaskAwaiter.HandleNonSuccessAndDebuggerNotification(Task task, ConfigureAwaitOptions options)
[xUnit.net 00:00:02.65]       Shouldly.ShouldAssertException : result.StandardOutput&#xD;
[xUnit.net 00:00:02.65]           should contain (case insensitive comparison)&#xD;
[xUnit.net 00:00:02.65]       "prod-tfv2-"&#xD;
[xUnit.net 00:00:02.65]           but was actually&#xD;
[xUnit.net 00:00:02.65]       "\ud83d\ude80 Starting CDK deployment for TrialFinderV2 in Development
[xUnit.net 00:00:02.65]       \ud83d\udd0d Validating naming conventions...
[xUnit.net 00:00:02.65]       ✅ Na..."
[xUnit.net 00:00:02.65]       Stack Trace:
[xUnit.net 00:00:02.65]         /Users/ken/code/AppInfraCdkV1/AppInfraCdkV1.Tests/Integration/ShowNamesOnlyIntegrationTests.cs(218,0): at AppInfraCdkV1.Tests.Integration.ShowNamesOnlyIntegrationTests.ShowNamesOnly_GeneratesCorrectNamingPrefix(String environment, String application, String expectedPrefix)
[xUnit.net 00:00:02.65]            at System.Runtime.ExceptionServices.ExceptionDispatchInfo.Throw()
[xUnit.net 00:00:02.65]            at System.Runtime.CompilerServices.TaskAwaiter.ThrowForNonSuccess(Task task)
[xUnit.net 00:00:02.65]            at System.Runtime.CompilerServices.TaskAwaiter.HandleNonSuccessAndDebuggerNotification(Task task, ConfigureAwaitOptions options)
[xUnit.net 00:00:02.65]         --- End of stack trace from previous location ---
[xUnit.net 00:00:02.65]            at System.Runtime.ExceptionServices.ExceptionDispatchInfo.Throw()
[xUnit.net 00:00:02.65]            at System.Runtime.CompilerServices.TaskAwaiter.ThrowForNonSuccess(Task task)
[xUnit.net 00:00:02.65]            at System.Runtime.CompilerServices.TaskAwaiter.HandleNonSuccessAndDebuggerNotification(Task task, ConfigureAwaitOptions options)
[xUnit.net 00:00:02.65]            at System.Runtime.ExceptionServices.ExceptionDispatchInfo.Throw()
[xUnit.net 00:00:02.65]            at System.Runtime.CompilerServices.TaskAwaiter.ThrowForNonSuccess(Task task)
[xUnit.net 00:00:02.65]            at System.Runtime.CompilerServices.TaskAwaiter.HandleNonSuccessAndDebuggerNotification(Task task, ConfigureAwaitOptions options)
[xUnit.net 00:00:02.85]       Shouldly.ShouldAssertException : result.ExitCode&#xD;
[xUnit.net 00:00:02.85]           should not be&#xD;
[xUnit.net 00:00:02.85]       0&#xD;
[xUnit.net 00:00:02.85]           but was&#xD;
[xUnit.net 00:00:02.85]       &#xD;
[xUnit.net 00:00:02.85]       Additional Info:&#xD;
[xUnit.net 00:00:02.85]           Command should fail with invalid application
[xUnit.net 00:00:02.85]       Stack Trace:
[xUnit.net 00:00:02.85]         /Users/ken/code/AppInfraCdkV1/AppInfraCdkV1.Tests/Integration/ShowNamesOnlyIntegrationTests.cs(196,0): at AppInfraCdkV1.Tests.Integration.ShowNamesOnlyIntegrationTests.ShowNamesOnly_WithInvalidApplication_FailsWithError()
[xUnit.net 00:00:02.85]            at System.Runtime.ExceptionServices.ExceptionDispatchInfo.Throw()
[xUnit.net 00:00:02.85]            at System.Runtime.CompilerServices.TaskAwaiter.ThrowForNonSuccess(Task task)
[xUnit.net 00:00:02.85]            at System.Runtime.CompilerServices.TaskAwaiter.HandleNonSuccessAndDebuggerNotification(Task task, ConfigureAwaitOptions options)
[xUnit.net 00:00:02.85]         --- End of stack trace from previous location ---
[xUnit.net 00:00:02.85]            at System.Runtime.ExceptionServices.ExceptionDispatchInfo.Throw()
[xUnit.net 00:00:02.85]            at System.Runtime.CompilerServices.TaskAwaiter.ThrowForNonSuccess(Task task)
[xUnit.net 00:00:02.85]            at System.Runtime.CompilerServices.TaskAwaiter.HandleNonSuccessAndDebuggerNotification(Task task, ConfigureAwaitOptions options)
[xUnit.net 00:00:02.85]            at System.Runtime.ExceptionServices.ExceptionDispatchInfo.Throw()
[xUnit.net 00:00:02.85]            at System.Runtime.CompilerServices.TaskAwaiter.ThrowForNonSuccess(Task task)
[xUnit.net 00:00:02.85]            at System.Runtime.CompilerServices.TaskAwaiter.HandleNonSuccessAndDebuggerNotification(Task task, ConfigureAwaitOptions options)
[xUnit.net 00:00:02.85]   Finished:    AppInfraCdkV1.Tests
</StdOut>
    </Output>
    <RunInfos>
      <RunInfo computerName="kens" outcome="Error" timestamp="2025-08-16T15:26:47.8986560-07:00">
        <Text>[xUnit.net 00:00:00.33]     AppInfraCdkV1.Tests.Integration.ShowNamesOnlyIntegrationTests.ShowNamesOnly_WithValidEnvironmentAndApp_PassesValidation(environment: "Development", application: "TrialMatch") [FAIL]</Text>
      </RunInfo>
      <RunInfo computerName="kens" outcome="Error" timestamp="2025-08-16T15:26:47.9007470-07:00">
        <Text>[xUnit.net 00:00:00.33]     AppInfraCdkV1.Tests.Integration.ShowNamesOnlyBasicTest.ShowNamesOnly_BasicExecution_ReturnsExpectedOutput(application: "TrialMatch") [FAIL]</Text>
      </RunInfo>
      <RunInfo computerName="kens" outcome="Error" timestamp="2025-08-16T15:26:47.9733970-07:00">
        <Text>[xUnit.net 00:00:00.41]     AppInfraCdkV1.Tests.Integration.ShowNamesOnlyIntegrationTests.ShowNamesOnly_WithValidEnvironmentAndApp_PassesValidation(environment: "Production", application: "TrialMatch") [FAIL]</Text>
      </RunInfo>
      <RunInfo computerName="kens" outcome="Error" timestamp="2025-08-16T15:26:48.1061050-07:00">
        <Text>[xUnit.net 00:00:00.54]     AppInfraCdkV1.Tests.Integration.ShowNamesOnlyIntegrationTests.ShowNamesOnly_WithValidEnvironmentAndApp_PassesValidation(environment: "Production", application: "TrialFinderV2") [FAIL]</Text>
      </RunInfo>
      <RunInfo computerName="kens" outcome="Error" timestamp="2025-08-16T15:26:48.2235440-07:00">
        <Text>[xUnit.net 00:00:00.65]     AppInfraCdkV1.Tests.Integration.ShowNamesOnlyIntegrationTests.ShowNamesOnly_WithValidEnvironmentAndApp_PassesValidation(environment: "Development", application: "TrialFinderV2") [FAIL]</Text>
      </RunInfo>
      <RunInfo computerName="kens" outcome="Error" timestamp="2025-08-16T15:26:48.9958850-07:00">
        <Text>[xUnit.net 00:00:01.43]     AppInfraCdkV1.Tests.Integration.ShowNamesOnlyIntegrationTests.ShowNamesOnly_WithValidEnvironmentAndApp_ContainsAccountContext(environment: "Production", application: "TrialMatch") [FAIL]</Text>
      </RunInfo>
      <RunInfo computerName="kens" outcome="Error" timestamp="2025-08-16T15:26:49.1005280-07:00">
        <Text>[xUnit.net 00:00:01.53]     AppInfraCdkV1.Tests.Integration.ShowNamesOnlyIntegrationTests.ShowNamesOnly_WithValidEnvironmentAndApp_ContainsAccountContext(environment: "Production", application: "TrialFinderV2") [FAIL]</Text>
      </RunInfo>
      <RunInfo computerName="kens" outcome="Error" timestamp="2025-08-16T15:26:49.4766400-07:00">
        <Text>[xUnit.net 00:00:01.91]     AppInfraCdkV1.Tests.Integration.ShowNamesOnlyIntegrationTests.ShowNamesOnly_WithInvalidEnvironment_FailsWithError [FAIL]</Text>
      </RunInfo>
      <RunInfo computerName="kens" outcome="Error" timestamp="2025-08-16T15:26:49.7414720-07:00">
        <Text>[xUnit.net 00:00:02.17]     AppInfraCdkV1.Tests.Integration.ShowNamesOnlyIntegrationTests.ShowNamesOnly_WithValidEnvironmentAndApp_ContainsExpectedResourceNames(environment: "Production", application: "TrialMatch") [FAIL]</Text>
      </RunInfo>
      <RunInfo computerName="kens" outcome="Error" timestamp="2025-08-16T15:26:49.8290800-07:00">
        <Text>[xUnit.net 00:00:02.26]     AppInfraCdkV1.Tests.Integration.ShowNamesOnlyIntegrationTests.ShowNamesOnly_WithValidEnvironmentAndApp_ContainsExpectedResourceNames(environment: "Development", application: "TrialMatch") [FAIL]</Text>
      </RunInfo>
      <RunInfo computerName="kens" outcome="Error" timestamp="2025-08-16T15:26:49.9193090-07:00">
        <Text>[xUnit.net 00:00:02.35]     AppInfraCdkV1.Tests.Integration.ShowNamesOnlyIntegrationTests.ShowNamesOnly_GeneratesCorrectNamingPrefix(environment: "Production", application: "TrialMatch", expectedPrefix: "prod") [FAIL]</Text>
      </RunInfo>
      <RunInfo computerName="kens" outcome="Error" timestamp="2025-08-16T15:26:50.0087390-07:00">
        <Text>[xUnit.net 00:00:02.44]     AppInfraCdkV1.Tests.Integration.ShowNamesOnlyIntegrationTests.ShowNamesOnly_GeneratesCorrectNamingPrefix(environment: "Development", application: "TrialMatch", expectedPrefix: "dev") [FAIL]</Text>
      </RunInfo>
      <RunInfo computerName="kens" outcome="Error" timestamp="2025-08-16T15:26:50.2203620-07:00">
        <Text>[xUnit.net 00:00:02.65]     AppInfraCdkV1.Tests.Integration.ShowNamesOnlyIntegrationTests.ShowNamesOnly_GeneratesCorrectNamingPrefix(environment: "Production", application: "TrialFinderV2", expectedPrefix: "prod") [FAIL]</Text>
      </RunInfo>
      <RunInfo computerName="kens" outcome="Error" timestamp="2025-08-16T15:26:50.4194720-07:00">
        <Text>[xUnit.net 00:00:02.85]     AppInfraCdkV1.Tests.Integration.ShowNamesOnlyIntegrationTests.ShowNamesOnly_WithInvalidApplication_FailsWithError [FAIL]</Text>
      </RunInfo>
    </RunInfos>
  </ResultSummary>
</TestRun>